[0.362s] DEBUG:colcon:Command line arguments: ['/usr/bin/colcon', 'build']
[0.362s] DEBUG:colcon:Parsed command line arguments: Namespace(log_base=None, log_level=None, verb_name='build', build_base='build', install_base='install', merge_install=False, symlink_install=False, test_result_base=None, continue_on_error=False, executor='parallel', parallel_workers=16, event_handlers=None, ignore_user_meta=False, metas=['./colcon.meta'], base_paths=['.'], packages_ignore=None, packages_ignore_regex=None, paths=None, packages_up_to=None, packages_up_to_regex=None, packages_above=None, packages_above_and_dependencies=None, packages_above_depth=None, packages_select_by_dep=None, packages_skip_by_dep=None, packages_skip_up_to=None, packages_select_build_failed=False, packages_skip_build_finished=False, packages_select_test_failures=False, packages_skip_test_passed=False, packages_select=None, packages_skip=None, packages_select_regex=None, packages_skip_regex=None, packages_start=None, packages_end=None, allow_overriding=[], cmake_args=None, cmake_target=None, cmake_target_skip_unavailable=False, cmake_clean_cache=False, cmake_clean_first=False, cmake_force_configure=False, ament_cmake_args=None, catkin_cmake_args=None, catkin_skip_building_tests=False, verb_parser=<colcon_defaults.argument_parser.defaults.DefaultArgumentsDecorator object at 0x7fac70ae1600>, verb_extension=<colcon_core.verb.build.BuildVerb object at 0x7fac70cd6ec0>, main=<bound method BuildVerb.main of <colcon_core.verb.build.BuildVerb object at 0x7fac70cd6ec0>>)
[0.653s] Level 1:colcon.colcon_core.package_discovery:discover_packages(colcon_meta) check parameters
[0.653s] Level 1:colcon.colcon_core.package_discovery:discover_packages(recursive) check parameters
[0.653s] Level 1:colcon.colcon_core.package_discovery:discover_packages(ignore) check parameters
[0.653s] Level 1:colcon.colcon_core.package_discovery:discover_packages(path) check parameters
[0.653s] Level 1:colcon.colcon_core.package_discovery:discover_packages(colcon_meta) discover
[0.653s] Level 1:colcon.colcon_core.package_discovery:discover_packages(recursive) discover
[0.653s] INFO:colcon.colcon_core.package_discovery:Crawling recursively for packages in '/home/gurupranav/Programming/ros2_tut/igvc'
[0.653s] Level 1:colcon.colcon_core.package_identification:_identify(.) by extensions ['ignore', 'ignore_ament_install']
[0.654s] Level 1:colcon.colcon_core.package_identification:_identify(.) by extension 'ignore'
[0.654s] Level 1:colcon.colcon_core.package_identification:_identify(.) by extension 'ignore_ament_install'
[0.654s] Level 1:colcon.colcon_core.package_identification:_identify(.) by extensions ['colcon_pkg']
[0.654s] Level 1:colcon.colcon_core.package_identification:_identify(.) by extension 'colcon_pkg'
[0.654s] Level 1:colcon.colcon_core.package_identification:_identify(.) by extensions ['colcon_meta']
[0.654s] Level 1:colcon.colcon_core.package_identification:_identify(.) by extension 'colcon_meta'
[0.654s] Level 1:colcon.colcon_core.package_identification:_identify(.) by extensions ['ros']
[0.654s] Level 1:colcon.colcon_core.package_identification:_identify(.) by extension 'ros'
[0.669s] Level 1:colcon.colcon_core.package_identification:_identify(.) by extensions ['cmake', 'python']
[0.669s] Level 1:colcon.colcon_core.package_identification:_identify(.) by extension 'cmake'
[0.669s] Level 1:colcon.colcon_core.package_identification:_identify(.) by extension 'python'
[0.669s] Level 1:colcon.colcon_core.package_identification:_identify(.) by extensions ['python_setup_py']
[0.669s] Level 1:colcon.colcon_core.package_identification:_identify(.) by extension 'python_setup_py'
[0.669s] Level 1:colcon.colcon_core.package_identification:_identify(build) by extensions ['ignore', 'ignore_ament_install']
[0.670s] Level 1:colcon.colcon_core.package_identification:_identify(build) by extension 'ignore'
[0.670s] Level 1:colcon.colcon_core.package_identification:_identify(build) ignored
[0.670s] Level 1:colcon.colcon_core.package_identification:_identify(install) by extensions ['ignore', 'ignore_ament_install']
[0.670s] Level 1:colcon.colcon_core.package_identification:_identify(install) by extension 'ignore'
[0.670s] Level 1:colcon.colcon_core.package_identification:_identify(install) ignored
[0.670s] Level 1:colcon.colcon_core.package_identification:_identify(log) by extensions ['ignore', 'ignore_ament_install']
[0.671s] Level 1:colcon.colcon_core.package_identification:_identify(log) by extension 'ignore'
[0.671s] Level 1:colcon.colcon_core.package_identification:_identify(log) ignored
[0.671s] Level 1:colcon.colcon_core.package_identification:_identify(src) by extensions ['ignore', 'ignore_ament_install']
[0.671s] Level 1:colcon.colcon_core.package_identification:_identify(src) by extension 'ignore'
[0.671s] Level 1:colcon.colcon_core.package_identification:_identify(src) by extension 'ignore_ament_install'
[0.671s] Level 1:colcon.colcon_core.package_identification:_identify(src) by extensions ['colcon_pkg']
[0.671s] Level 1:colcon.colcon_core.package_identification:_identify(src) by extension 'colcon_pkg'
[0.671s] Level 1:colcon.colcon_core.package_identification:_identify(src) by extensions ['colcon_meta']
[0.671s] Level 1:colcon.colcon_core.package_identification:_identify(src) by extension 'colcon_meta'
[0.671s] Level 1:colcon.colcon_core.package_identification:_identify(src) by extensions ['ros']
[0.671s] Level 1:colcon.colcon_core.package_identification:_identify(src) by extension 'ros'
[0.671s] Level 1:colcon.colcon_core.package_identification:_identify(src) by extensions ['cmake', 'python']
[0.672s] Level 1:colcon.colcon_core.package_identification:_identify(src) by extension 'cmake'
[0.672s] Level 1:colcon.colcon_core.package_identification:_identify(src) by extension 'python'
[0.672s] Level 1:colcon.colcon_core.package_identification:_identify(src) by extensions ['python_setup_py']
[0.672s] Level 1:colcon.colcon_core.package_identification:_identify(src) by extension 'python_setup_py'
[0.672s] Level 1:colcon.colcon_core.package_identification:_identify(src/ros2-ublox-zedf9p) by extensions ['ignore', 'ignore_ament_install']
[0.672s] Level 1:colcon.colcon_core.package_identification:_identify(src/ros2-ublox-zedf9p) by extension 'ignore'
[0.672s] Level 1:colcon.colcon_core.package_identification:_identify(src/ros2-ublox-zedf9p) by extension 'ignore_ament_install'
[0.672s] Level 1:colcon.colcon_core.package_identification:_identify(src/ros2-ublox-zedf9p) by extensions ['colcon_pkg']
[0.672s] Level 1:colcon.colcon_core.package_identification:_identify(src/ros2-ublox-zedf9p) by extension 'colcon_pkg'
[0.672s] Level 1:colcon.colcon_core.package_identification:_identify(src/ros2-ublox-zedf9p) by extensions ['colcon_meta']
[0.672s] Level 1:colcon.colcon_core.package_identification:_identify(src/ros2-ublox-zedf9p) by extension 'colcon_meta'
[0.672s] Level 1:colcon.colcon_core.package_identification:_identify(src/ros2-ublox-zedf9p) by extensions ['ros']
[0.673s] Level 1:colcon.colcon_core.package_identification:_identify(src/ros2-ublox-zedf9p) by extension 'ros'
[0.673s] Level 1:colcon.colcon_core.package_identification:_identify(src/ros2-ublox-zedf9p) by extensions ['cmake', 'python']
[0.673s] Level 1:colcon.colcon_core.package_identification:_identify(src/ros2-ublox-zedf9p) by extension 'cmake'
[0.673s] Level 1:colcon.colcon_core.package_identification:_identify(src/ros2-ublox-zedf9p) by extension 'python'
[0.673s] Level 1:colcon.colcon_core.package_identification:_identify(src/ros2-ublox-zedf9p) by extensions ['python_setup_py']
[0.673s] Level 1:colcon.colcon_core.package_identification:_identify(src/ros2-ublox-zedf9p) by extension 'python_setup_py'
[0.673s] Level 1:colcon.colcon_core.package_identification:_identify(src/ros2-ublox-zedf9p/pics) by extensions ['ignore', 'ignore_ament_install']
[0.673s] Level 1:colcon.colcon_core.package_identification:_identify(src/ros2-ublox-zedf9p/pics) by extension 'ignore'
[0.673s] Level 1:colcon.colcon_core.package_identification:_identify(src/ros2-ublox-zedf9p/pics) by extension 'ignore_ament_install'
[0.673s] Level 1:colcon.colcon_core.package_identification:_identify(src/ros2-ublox-zedf9p/pics) by extensions ['colcon_pkg']
[0.673s] Level 1:colcon.colcon_core.package_identification:_identify(src/ros2-ublox-zedf9p/pics) by extension 'colcon_pkg'
[0.674s] Level 1:colcon.colcon_core.package_identification:_identify(src/ros2-ublox-zedf9p/pics) by extensions ['colcon_meta']
[0.674s] Level 1:colcon.colcon_core.package_identification:_identify(src/ros2-ublox-zedf9p/pics) by extension 'colcon_meta'
[0.674s] Level 1:colcon.colcon_core.package_identification:_identify(src/ros2-ublox-zedf9p/pics) by extensions ['ros']
[0.674s] Level 1:colcon.colcon_core.package_identification:_identify(src/ros2-ublox-zedf9p/pics) by extension 'ros'
[0.674s] Level 1:colcon.colcon_core.package_identification:_identify(src/ros2-ublox-zedf9p/pics) by extensions ['cmake', 'python']
[0.674s] Level 1:colcon.colcon_core.package_identification:_identify(src/ros2-ublox-zedf9p/pics) by extension 'cmake'
[0.674s] Level 1:colcon.colcon_core.package_identification:_identify(src/ros2-ublox-zedf9p/pics) by extension 'python'
[0.674s] Level 1:colcon.colcon_core.package_identification:_identify(src/ros2-ublox-zedf9p/pics) by extensions ['python_setup_py']
[0.675s] Level 1:colcon.colcon_core.package_identification:_identify(src/ros2-ublox-zedf9p/pics) by extension 'python_setup_py'
[0.675s] Level 1:colcon.colcon_core.package_identification:_identify(src/ros2-ublox-zedf9p/ublox) by extensions ['ignore', 'ignore_ament_install']
[0.675s] Level 1:colcon.colcon_core.package_identification:_identify(src/ros2-ublox-zedf9p/ublox) by extension 'ignore'
[0.675s] Level 1:colcon.colcon_core.package_identification:_identify(src/ros2-ublox-zedf9p/ublox) by extension 'ignore_ament_install'
[0.675s] Level 1:colcon.colcon_core.package_identification:_identify(src/ros2-ublox-zedf9p/ublox) by extensions ['colcon_pkg']
[0.675s] Level 1:colcon.colcon_core.package_identification:_identify(src/ros2-ublox-zedf9p/ublox) by extension 'colcon_pkg'
[0.675s] Level 1:colcon.colcon_core.package_identification:_identify(src/ros2-ublox-zedf9p/ublox) by extensions ['colcon_meta']
[0.676s] Level 1:colcon.colcon_core.package_identification:_identify(src/ros2-ublox-zedf9p/ublox) by extension 'colcon_meta'
[0.676s] Level 1:colcon.colcon_core.package_identification:_identify(src/ros2-ublox-zedf9p/ublox) by extensions ['ros']
[0.676s] Level 1:colcon.colcon_core.package_identification:_identify(src/ros2-ublox-zedf9p/ublox) by extension 'ros'
[0.679s] DEBUG:colcon.colcon_core.package_identification:Package 'src/ros2-ublox-zedf9p/ublox' with type 'ros.ament_cmake' and name 'ublox'
[0.679s] Level 1:colcon.colcon_core.package_identification:_identify(src/ros2-ublox-zedf9p/ublox_gps) by extensions ['ignore', 'ignore_ament_install']
[0.680s] Level 1:colcon.colcon_core.package_identification:_identify(src/ros2-ublox-zedf9p/ublox_gps) by extension 'ignore'
[0.680s] Level 1:colcon.colcon_core.package_identification:_identify(src/ros2-ublox-zedf9p/ublox_gps) by extension 'ignore_ament_install'
[0.680s] Level 1:colcon.colcon_core.package_identification:_identify(src/ros2-ublox-zedf9p/ublox_gps) by extensions ['colcon_pkg']
[0.680s] Level 1:colcon.colcon_core.package_identification:_identify(src/ros2-ublox-zedf9p/ublox_gps) by extension 'colcon_pkg'
[0.680s] Level 1:colcon.colcon_core.package_identification:_identify(src/ros2-ublox-zedf9p/ublox_gps) by extensions ['colcon_meta']
[0.680s] Level 1:colcon.colcon_core.package_identification:_identify(src/ros2-ublox-zedf9p/ublox_gps) by extension 'colcon_meta'
[0.680s] Level 1:colcon.colcon_core.package_identification:_identify(src/ros2-ublox-zedf9p/ublox_gps) by extensions ['ros']
[0.680s] Level 1:colcon.colcon_core.package_identification:_identify(src/ros2-ublox-zedf9p/ublox_gps) by extension 'ros'
[0.682s] DEBUG:colcon.colcon_core.package_identification:Package 'src/ros2-ublox-zedf9p/ublox_gps' with type 'ros.ament_cmake' and name 'ublox_gps'
[0.682s] Level 1:colcon.colcon_core.package_identification:_identify(src/ros2-ublox-zedf9p/ublox_msgs) by extensions ['ignore', 'ignore_ament_install']
[0.682s] Level 1:colcon.colcon_core.package_identification:_identify(src/ros2-ublox-zedf9p/ublox_msgs) by extension 'ignore'
[0.682s] Level 1:colcon.colcon_core.package_identification:_identify(src/ros2-ublox-zedf9p/ublox_msgs) by extension 'ignore_ament_install'
[0.682s] Level 1:colcon.colcon_core.package_identification:_identify(src/ros2-ublox-zedf9p/ublox_msgs) by extensions ['colcon_pkg']
[0.682s] Level 1:colcon.colcon_core.package_identification:_identify(src/ros2-ublox-zedf9p/ublox_msgs) by extension 'colcon_pkg'
[0.682s] Level 1:colcon.colcon_core.package_identification:_identify(src/ros2-ublox-zedf9p/ublox_msgs) by extensions ['colcon_meta']
[0.683s] Level 1:colcon.colcon_core.package_identification:_identify(src/ros2-ublox-zedf9p/ublox_msgs) by extension 'colcon_meta'
[0.683s] Level 1:colcon.colcon_core.package_identification:_identify(src/ros2-ublox-zedf9p/ublox_msgs) by extensions ['ros']
[0.683s] Level 1:colcon.colcon_core.package_identification:_identify(src/ros2-ublox-zedf9p/ublox_msgs) by extension 'ros'
[0.684s] DEBUG:colcon.colcon_core.package_identification:Package 'src/ros2-ublox-zedf9p/ublox_msgs' with type 'ros.ament_cmake' and name 'ublox_msgs'
[0.684s] Level 1:colcon.colcon_core.package_identification:_identify(src/ros2-ublox-zedf9p/ublox_serialization) by extensions ['ignore', 'ignore_ament_install']
[0.684s] Level 1:colcon.colcon_core.package_identification:_identify(src/ros2-ublox-zedf9p/ublox_serialization) by extension 'ignore'
[0.684s] Level 1:colcon.colcon_core.package_identification:_identify(src/ros2-ublox-zedf9p/ublox_serialization) by extension 'ignore_ament_install'
[0.684s] Level 1:colcon.colcon_core.package_identification:_identify(src/ros2-ublox-zedf9p/ublox_serialization) by extensions ['colcon_pkg']
[0.684s] Level 1:colcon.colcon_core.package_identification:_identify(src/ros2-ublox-zedf9p/ublox_serialization) by extension 'colcon_pkg'
[0.684s] Level 1:colcon.colcon_core.package_identification:_identify(src/ros2-ublox-zedf9p/ublox_serialization) by extensions ['colcon_meta']
[0.684s] Level 1:colcon.colcon_core.package_identification:_identify(src/ros2-ublox-zedf9p/ublox_serialization) by extension 'colcon_meta'
[0.684s] Level 1:colcon.colcon_core.package_identification:_identify(src/ros2-ublox-zedf9p/ublox_serialization) by extensions ['ros']
[0.684s] Level 1:colcon.colcon_core.package_identification:_identify(src/ros2-ublox-zedf9p/ublox_serialization) by extension 'ros'
[0.685s] DEBUG:colcon.colcon_core.package_identification:Package 'src/ros2-ublox-zedf9p/ublox_serialization' with type 'ros.ament_cmake' and name 'ublox_serialization'
[0.685s] Level 1:colcon.colcon_core.package_identification:_identify(src/rplidar_ros) by extensions ['ignore', 'ignore_ament_install']
[0.685s] Level 1:colcon.colcon_core.package_identification:_identify(src/rplidar_ros) by extension 'ignore'
[0.686s] Level 1:colcon.colcon_core.package_identification:_identify(src/rplidar_ros) by extension 'ignore_ament_install'
[0.686s] Level 1:colcon.colcon_core.package_identification:_identify(src/rplidar_ros) by extensions ['colcon_pkg']
[0.686s] Level 1:colcon.colcon_core.package_identification:_identify(src/rplidar_ros) by extension 'colcon_pkg'
[0.686s] Level 1:colcon.colcon_core.package_identification:_identify(src/rplidar_ros) by extensions ['colcon_meta']
[0.686s] Level 1:colcon.colcon_core.package_identification:_identify(src/rplidar_ros) by extension 'colcon_meta'
[0.686s] Level 1:colcon.colcon_core.package_identification:_identify(src/rplidar_ros) by extensions ['ros']
[0.686s] Level 1:colcon.colcon_core.package_identification:_identify(src/rplidar_ros) by extension 'ros'
[0.688s] DEBUG:colcon.colcon_core.package_identification:Package 'src/rplidar_ros' with type 'ros.ament_cmake' and name 'rplidar_ros'
[0.688s] Level 1:colcon.colcon_core.package_discovery:discover_packages(recursive) using defaults
[0.688s] Level 1:colcon.colcon_core.package_discovery:discover_packages(ignore) discover
[0.688s] Level 1:colcon.colcon_core.package_discovery:discover_packages(ignore) using defaults
[0.688s] Level 1:colcon.colcon_core.package_discovery:discover_packages(path) discover
[0.688s] Level 1:colcon.colcon_core.package_discovery:discover_packages(path) using defaults
[0.716s] Level 1:colcon.colcon_core.package_discovery:discover_packages(prefix_path) check parameters
[0.716s] Level 1:colcon.colcon_core.package_discovery:discover_packages(prefix_path) discover
[0.718s] DEBUG:colcon.colcon_installed_package_information.package_discovery:Found 5 installed packages in /home/gurupranav/Programming/ros2_tut/igvc/install
[0.720s] DEBUG:colcon.colcon_installed_package_information.package_discovery:Found 296 installed packages in /opt/ros/humble
[0.736s] Level 1:colcon.colcon_core.package_discovery:discover_packages(prefix_path) using defaults
[0.802s] Level 5:colcon.colcon_core.verb:set package 'rplidar_ros' build argument 'cmake_args' from command line to 'None'
[0.803s] Level 5:colcon.colcon_core.verb:set package 'rplidar_ros' build argument 'cmake_target' from command line to 'None'
[0.803s] Level 5:colcon.colcon_core.verb:set package 'rplidar_ros' build argument 'cmake_target_skip_unavailable' from command line to 'False'
[0.803s] Level 5:colcon.colcon_core.verb:set package 'rplidar_ros' build argument 'cmake_clean_cache' from command line to 'False'
[0.803s] Level 5:colcon.colcon_core.verb:set package 'rplidar_ros' build argument 'cmake_clean_first' from command line to 'False'
[0.803s] Level 5:colcon.colcon_core.verb:set package 'rplidar_ros' build argument 'cmake_force_configure' from command line to 'False'
[0.803s] Level 5:colcon.colcon_core.verb:set package 'rplidar_ros' build argument 'ament_cmake_args' from command line to 'None'
[0.803s] Level 5:colcon.colcon_core.verb:set package 'rplidar_ros' build argument 'catkin_cmake_args' from command line to 'None'
[0.803s] Level 5:colcon.colcon_core.verb:set package 'rplidar_ros' build argument 'catkin_skip_building_tests' from command line to 'False'
[0.803s] DEBUG:colcon.colcon_core.verb:Building package 'rplidar_ros' with the following arguments: {'ament_cmake_args': None, 'build_base': '/home/gurupranav/Programming/ros2_tut/igvc/build/rplidar_ros', 'catkin_cmake_args': None, 'catkin_skip_building_tests': False, 'cmake_args': None, 'cmake_clean_cache': False, 'cmake_clean_first': False, 'cmake_force_configure': False, 'cmake_target': None, 'cmake_target_skip_unavailable': False, 'install_base': '/home/gurupranav/Programming/ros2_tut/igvc/install/rplidar_ros', 'merge_install': False, 'path': '/home/gurupranav/Programming/ros2_tut/igvc/src/rplidar_ros', 'symlink_install': False, 'test_result_base': None}
[0.804s] Level 5:colcon.colcon_core.verb:set package 'ublox_serialization' build argument 'cmake_args' from command line to 'None'
[0.804s] Level 5:colcon.colcon_core.verb:set package 'ublox_serialization' build argument 'cmake_target' from command line to 'None'
[0.804s] Level 5:colcon.colcon_core.verb:set package 'ublox_serialization' build argument 'cmake_target_skip_unavailable' from command line to 'False'
[0.804s] Level 5:colcon.colcon_core.verb:set package 'ublox_serialization' build argument 'cmake_clean_cache' from command line to 'False'
[0.804s] Level 5:colcon.colcon_core.verb:set package 'ublox_serialization' build argument 'cmake_clean_first' from command line to 'False'
[0.804s] Level 5:colcon.colcon_core.verb:set package 'ublox_serialization' build argument 'cmake_force_configure' from command line to 'False'
[0.804s] Level 5:colcon.colcon_core.verb:set package 'ublox_serialization' build argument 'ament_cmake_args' from command line to 'None'
[0.804s] Level 5:colcon.colcon_core.verb:set package 'ublox_serialization' build argument 'catkin_cmake_args' from command line to 'None'
[0.804s] Level 5:colcon.colcon_core.verb:set package 'ublox_serialization' build argument 'catkin_skip_building_tests' from command line to 'False'
[0.804s] DEBUG:colcon.colcon_core.verb:Building package 'ublox_serialization' with the following arguments: {'ament_cmake_args': None, 'build_base': '/home/gurupranav/Programming/ros2_tut/igvc/build/ublox_serialization', 'catkin_cmake_args': None, 'catkin_skip_building_tests': False, 'cmake_args': None, 'cmake_clean_cache': False, 'cmake_clean_first': False, 'cmake_force_configure': False, 'cmake_target': None, 'cmake_target_skip_unavailable': False, 'install_base': '/home/gurupranav/Programming/ros2_tut/igvc/install/ublox_serialization', 'merge_install': False, 'path': '/home/gurupranav/Programming/ros2_tut/igvc/src/ros2-ublox-zedf9p/ublox_serialization', 'symlink_install': False, 'test_result_base': None}
[0.805s] Level 5:colcon.colcon_core.verb:set package 'ublox_msgs' build argument 'cmake_args' from command line to 'None'
[0.805s] Level 5:colcon.colcon_core.verb:set package 'ublox_msgs' build argument 'cmake_target' from command line to 'None'
[0.805s] Level 5:colcon.colcon_core.verb:set package 'ublox_msgs' build argument 'cmake_target_skip_unavailable' from command line to 'False'
[0.805s] Level 5:colcon.colcon_core.verb:set package 'ublox_msgs' build argument 'cmake_clean_cache' from command line to 'False'
[0.805s] Level 5:colcon.colcon_core.verb:set package 'ublox_msgs' build argument 'cmake_clean_first' from command line to 'False'
[0.805s] Level 5:colcon.colcon_core.verb:set package 'ublox_msgs' build argument 'cmake_force_configure' from command line to 'False'
[0.805s] Level 5:colcon.colcon_core.verb:set package 'ublox_msgs' build argument 'ament_cmake_args' from command line to 'None'
[0.805s] Level 5:colcon.colcon_core.verb:set package 'ublox_msgs' build argument 'catkin_cmake_args' from command line to 'None'
[0.805s] Level 5:colcon.colcon_core.verb:set package 'ublox_msgs' build argument 'catkin_skip_building_tests' from command line to 'False'
[0.805s] DEBUG:colcon.colcon_core.verb:Building package 'ublox_msgs' with the following arguments: {'ament_cmake_args': None, 'build_base': '/home/gurupranav/Programming/ros2_tut/igvc/build/ublox_msgs', 'catkin_cmake_args': None, 'catkin_skip_building_tests': False, 'cmake_args': None, 'cmake_clean_cache': False, 'cmake_clean_first': False, 'cmake_force_configure': False, 'cmake_target': None, 'cmake_target_skip_unavailable': False, 'install_base': '/home/gurupranav/Programming/ros2_tut/igvc/install/ublox_msgs', 'merge_install': False, 'path': '/home/gurupranav/Programming/ros2_tut/igvc/src/ros2-ublox-zedf9p/ublox_msgs', 'symlink_install': False, 'test_result_base': None}
[0.806s] Level 5:colcon.colcon_core.verb:set package 'ublox_gps' build argument 'cmake_args' from command line to 'None'
[0.806s] Level 5:colcon.colcon_core.verb:set package 'ublox_gps' build argument 'cmake_target' from command line to 'None'
[0.806s] Level 5:colcon.colcon_core.verb:set package 'ublox_gps' build argument 'cmake_target_skip_unavailable' from command line to 'False'
[0.806s] Level 5:colcon.colcon_core.verb:set package 'ublox_gps' build argument 'cmake_clean_cache' from command line to 'False'
[0.806s] Level 5:colcon.colcon_core.verb:set package 'ublox_gps' build argument 'cmake_clean_first' from command line to 'False'
[0.806s] Level 5:colcon.colcon_core.verb:set package 'ublox_gps' build argument 'cmake_force_configure' from command line to 'False'
[0.806s] Level 5:colcon.colcon_core.verb:set package 'ublox_gps' build argument 'ament_cmake_args' from command line to 'None'
[0.806s] Level 5:colcon.colcon_core.verb:set package 'ublox_gps' build argument 'catkin_cmake_args' from command line to 'None'
[0.806s] Level 5:colcon.colcon_core.verb:set package 'ublox_gps' build argument 'catkin_skip_building_tests' from command line to 'False'
[0.806s] DEBUG:colcon.colcon_core.verb:Building package 'ublox_gps' with the following arguments: {'ament_cmake_args': None, 'build_base': '/home/gurupranav/Programming/ros2_tut/igvc/build/ublox_gps', 'catkin_cmake_args': None, 'catkin_skip_building_tests': False, 'cmake_args': None, 'cmake_clean_cache': False, 'cmake_clean_first': False, 'cmake_force_configure': False, 'cmake_target': None, 'cmake_target_skip_unavailable': False, 'install_base': '/home/gurupranav/Programming/ros2_tut/igvc/install/ublox_gps', 'merge_install': False, 'path': '/home/gurupranav/Programming/ros2_tut/igvc/src/ros2-ublox-zedf9p/ublox_gps', 'symlink_install': False, 'test_result_base': None}
[0.807s] Level 5:colcon.colcon_core.verb:set package 'ublox' build argument 'cmake_args' from command line to 'None'
[0.807s] Level 5:colcon.colcon_core.verb:set package 'ublox' build argument 'cmake_target' from command line to 'None'
[0.807s] Level 5:colcon.colcon_core.verb:set package 'ublox' build argument 'cmake_target_skip_unavailable' from command line to 'False'
[0.807s] Level 5:colcon.colcon_core.verb:set package 'ublox' build argument 'cmake_clean_cache' from command line to 'False'
[0.807s] Level 5:colcon.colcon_core.verb:set package 'ublox' build argument 'cmake_clean_first' from command line to 'False'
[0.807s] Level 5:colcon.colcon_core.verb:set package 'ublox' build argument 'cmake_force_configure' from command line to 'False'
[0.807s] Level 5:colcon.colcon_core.verb:set package 'ublox' build argument 'ament_cmake_args' from command line to 'None'
[0.807s] Level 5:colcon.colcon_core.verb:set package 'ublox' build argument 'catkin_cmake_args' from command line to 'None'
[0.807s] Level 5:colcon.colcon_core.verb:set package 'ublox' build argument 'catkin_skip_building_tests' from command line to 'False'
[0.807s] DEBUG:colcon.colcon_core.verb:Building package 'ublox' with the following arguments: {'ament_cmake_args': None, 'build_base': '/home/gurupranav/Programming/ros2_tut/igvc/build/ublox', 'catkin_cmake_args': None, 'catkin_skip_building_tests': False, 'cmake_args': None, 'cmake_clean_cache': False, 'cmake_clean_first': False, 'cmake_force_configure': False, 'cmake_target': None, 'cmake_target_skip_unavailable': False, 'install_base': '/home/gurupranav/Programming/ros2_tut/igvc/install/ublox', 'merge_install': False, 'path': '/home/gurupranav/Programming/ros2_tut/igvc/src/ros2-ublox-zedf9p/ublox', 'symlink_install': False, 'test_result_base': None}
[0.807s] INFO:colcon.colcon_core.executor:Executing jobs using 'parallel' executor
[0.809s] DEBUG:colcon.colcon_parallel_executor.executor.parallel:run_until_complete
[0.810s] INFO:colcon.colcon_ros.task.ament_cmake.build:Building ROS package in '/home/gurupranav/Programming/ros2_tut/igvc/src/ros2-ublox-zedf9p/ublox_serialization' with build type 'ament_cmake'
[0.811s] INFO:colcon.colcon_cmake.task.cmake.build:Building CMake package in '/home/gurupranav/Programming/ros2_tut/igvc/src/ros2-ublox-zedf9p/ublox_serialization'
[0.815s] INFO:colcon.colcon_core.plugin_system:Skipping extension 'colcon_core.shell.bat': Not used on non-Windows systems
[0.816s] INFO:colcon.colcon_core.shell:Skip shell extension 'powershell' for command environment: Not usable outside of PowerShell
[0.816s] DEBUG:colcon.colcon_core.shell:Skip shell extension 'dsv' for command environment
[0.821s] INFO:colcon.colcon_ros.task.ament_cmake.build:Building ROS package in '/home/gurupranav/Programming/ros2_tut/igvc/src/rplidar_ros' with build type 'ament_cmake'
[0.822s] INFO:colcon.colcon_cmake.task.cmake.build:Building CMake package in '/home/gurupranav/Programming/ros2_tut/igvc/src/rplidar_ros'
[0.822s] INFO:colcon.colcon_core.shell:Skip shell extension 'powershell' for command environment: Not usable outside of PowerShell
[0.822s] DEBUG:colcon.colcon_core.shell:Skip shell extension 'dsv' for command environment
[0.837s] DEBUG:colcon.colcon_core.event_handler.log_command:Invoking command in '/home/gurupranav/Programming/ros2_tut/igvc/build/ublox_serialization': CMAKE_PREFIX_PATH=${CMAKE_PREFIX_PATH}:/opt/ros/humble /usr/bin/cmake --build /home/gurupranav/Programming/ros2_tut/igvc/build/ublox_serialization -- -j16 -l16
[0.846s] DEBUG:colcon.colcon_core.event_handler.log_command:Invoking command in '/home/gurupranav/Programming/ros2_tut/igvc/build/rplidar_ros': CMAKE_PREFIX_PATH=${CMAKE_PREFIX_PATH}:/opt/ros/humble /usr/bin/cmake --build /home/gurupranav/Programming/ros2_tut/igvc/build/rplidar_ros -- -j16 -l16
[0.901s] DEBUG:colcon.colcon_core.event_handler.log_command:Invoked command in '/home/gurupranav/Programming/ros2_tut/igvc/build/ublox_serialization' returned '0': CMAKE_PREFIX_PATH=${CMAKE_PREFIX_PATH}:/opt/ros/humble /usr/bin/cmake --build /home/gurupranav/Programming/ros2_tut/igvc/build/ublox_serialization -- -j16 -l16
[0.957s] DEBUG:colcon.colcon_core.event_handler.log_command:Invoking command in '/home/gurupranav/Programming/ros2_tut/igvc/build/ublox_serialization': CMAKE_PREFIX_PATH=${CMAKE_PREFIX_PATH}:/opt/ros/humble /usr/bin/cmake --install /home/gurupranav/Programming/ros2_tut/igvc/build/ublox_serialization
[0.989s] Level 1:colcon.colcon_core.environment:create_environment_scripts_only(ublox_serialization)
[0.990s] DEBUG:colcon.colcon_core.event_handler.log_command:Invoked command in '/home/gurupranav/Programming/ros2_tut/igvc/build/ublox_serialization' returned '0': CMAKE_PREFIX_PATH=${CMAKE_PREFIX_PATH}:/opt/ros/humble /usr/bin/cmake --install /home/gurupranav/Programming/ros2_tut/igvc/build/ublox_serialization
[0.993s] Level 1:colcon.colcon_core.environment:checking '/home/gurupranav/Programming/ros2_tut/igvc/install/ublox_serialization' for CMake module files
[0.994s] Level 1:colcon.colcon_core.environment:checking '/home/gurupranav/Programming/ros2_tut/igvc/install/ublox_serialization' for CMake config files
[0.995s] Level 1:colcon.colcon_core.shell:create_environment_hook('ublox_serialization', 'cmake_prefix_path')
[0.995s] INFO:colcon.colcon_core.shell:Creating environment hook '/home/gurupranav/Programming/ros2_tut/igvc/install/ublox_serialization/share/ublox_serialization/hook/cmake_prefix_path.ps1'
[0.996s] INFO:colcon.colcon_core.shell:Creating environment descriptor '/home/gurupranav/Programming/ros2_tut/igvc/install/ublox_serialization/share/ublox_serialization/hook/cmake_prefix_path.dsv'
[0.997s] INFO:colcon.colcon_core.shell:Creating environment hook '/home/gurupranav/Programming/ros2_tut/igvc/install/ublox_serialization/share/ublox_serialization/hook/cmake_prefix_path.sh'
[0.998s] Level 1:colcon.colcon_core.environment:checking '/home/gurupranav/Programming/ros2_tut/igvc/install/ublox_serialization/bin'
[0.998s] Level 1:colcon.colcon_core.environment:checking '/home/gurupranav/Programming/ros2_tut/igvc/install/ublox_serialization/lib/pkgconfig/ublox_serialization.pc'
[0.999s] Level 1:colcon.colcon_core.environment:checking '/home/gurupranav/Programming/ros2_tut/igvc/install/ublox_serialization/lib/python3.10/site-packages'
[0.999s] Level 1:colcon.colcon_core.environment:checking '/home/gurupranav/Programming/ros2_tut/igvc/install/ublox_serialization/bin'
[1.000s] INFO:colcon.colcon_core.shell:Creating package script '/home/gurupranav/Programming/ros2_tut/igvc/install/ublox_serialization/share/ublox_serialization/package.ps1'
[1.001s] INFO:colcon.colcon_core.shell:Creating package descriptor '/home/gurupranav/Programming/ros2_tut/igvc/install/ublox_serialization/share/ublox_serialization/package.dsv'
[1.002s] INFO:colcon.colcon_core.shell:Creating package script '/home/gurupranav/Programming/ros2_tut/igvc/install/ublox_serialization/share/ublox_serialization/package.sh'
[1.003s] INFO:colcon.colcon_core.shell:Creating package script '/home/gurupranav/Programming/ros2_tut/igvc/install/ublox_serialization/share/ublox_serialization/package.bash'
[1.004s] INFO:colcon.colcon_core.shell:Creating package script '/home/gurupranav/Programming/ros2_tut/igvc/install/ublox_serialization/share/ublox_serialization/package.zsh'
[1.005s] Level 1:colcon.colcon_core.environment:create_file_with_runtime_dependencies(/home/gurupranav/Programming/ros2_tut/igvc/install/ublox_serialization/share/colcon-core/packages/ublox_serialization)
[1.040s] Level 1:colcon.colcon_core.environment:create_environment_scripts_only(ublox_serialization)
[1.041s] Level 1:colcon.colcon_core.environment:checking '/home/gurupranav/Programming/ros2_tut/igvc/install/ublox_serialization' for CMake module files
[1.042s] Level 1:colcon.colcon_core.environment:checking '/home/gurupranav/Programming/ros2_tut/igvc/install/ublox_serialization' for CMake config files
[1.042s] Level 1:colcon.colcon_core.shell:create_environment_hook('ublox_serialization', 'cmake_prefix_path')
[1.042s] INFO:colcon.colcon_core.shell:Creating environment hook '/home/gurupranav/Programming/ros2_tut/igvc/install/ublox_serialization/share/ublox_serialization/hook/cmake_prefix_path.ps1'
[1.043s] INFO:colcon.colcon_core.shell:Creating environment descriptor '/home/gurupranav/Programming/ros2_tut/igvc/install/ublox_serialization/share/ublox_serialization/hook/cmake_prefix_path.dsv'
[1.044s] INFO:colcon.colcon_core.shell:Creating environment hook '/home/gurupranav/Programming/ros2_tut/igvc/install/ublox_serialization/share/ublox_serialization/hook/cmake_prefix_path.sh'
[1.045s] Level 1:colcon.colcon_core.environment:checking '/home/gurupranav/Programming/ros2_tut/igvc/install/ublox_serialization/bin'
[1.045s] Level 1:colcon.colcon_core.environment:checking '/home/gurupranav/Programming/ros2_tut/igvc/install/ublox_serialization/lib/pkgconfig/ublox_serialization.pc'
[1.045s] Level 1:colcon.colcon_core.environment:checking '/home/gurupranav/Programming/ros2_tut/igvc/install/ublox_serialization/lib/python3.10/site-packages'
[1.045s] Level 1:colcon.colcon_core.environment:checking '/home/gurupranav/Programming/ros2_tut/igvc/install/ublox_serialization/bin'
[1.046s] INFO:colcon.colcon_core.shell:Creating package script '/home/gurupranav/Programming/ros2_tut/igvc/install/ublox_serialization/share/ublox_serialization/package.ps1'
[1.047s] INFO:colcon.colcon_core.shell:Creating package descriptor '/home/gurupranav/Programming/ros2_tut/igvc/install/ublox_serialization/share/ublox_serialization/package.dsv'
[1.048s] INFO:colcon.colcon_core.shell:Creating package script '/home/gurupranav/Programming/ros2_tut/igvc/install/ublox_serialization/share/ublox_serialization/package.sh'
[1.048s] INFO:colcon.colcon_core.shell:Creating package script '/home/gurupranav/Programming/ros2_tut/igvc/install/ublox_serialization/share/ublox_serialization/package.bash'
[1.049s] INFO:colcon.colcon_core.shell:Creating package script '/home/gurupranav/Programming/ros2_tut/igvc/install/ublox_serialization/share/ublox_serialization/package.zsh'
[1.050s] Level 1:colcon.colcon_core.environment:create_file_with_runtime_dependencies(/home/gurupranav/Programming/ros2_tut/igvc/install/ublox_serialization/share/colcon-core/packages/ublox_serialization)
[1.050s] INFO:colcon.colcon_ros.task.ament_cmake.build:Building ROS package in '/home/gurupranav/Programming/ros2_tut/igvc/src/ros2-ublox-zedf9p/ublox_msgs' with build type 'ament_cmake'
[1.051s] INFO:colcon.colcon_cmake.task.cmake.build:Building CMake package in '/home/gurupranav/Programming/ros2_tut/igvc/src/ros2-ublox-zedf9p/ublox_msgs'
[1.052s] INFO:colcon.colcon_core.shell:Skip shell extension 'powershell' for command environment: Not usable outside of PowerShell
[1.052s] DEBUG:colcon.colcon_core.shell:Skip shell extension 'dsv' for command environment
[1.163s] DEBUG:colcon.colcon_core.event_handler.log_command:Invoking command in '/home/gurupranav/Programming/ros2_tut/igvc/build/ublox_msgs': CMAKE_PREFIX_PATH=/home/gurupranav/Programming/ros2_tut/igvc/install/ublox_serialization:/home/gurupranav/Programming/ros2_tut/igvc/install/ublox:/home/gurupranav/Programming/ros2_tut/igvc/install/ublox_gps:/home/gurupranav/Programming/ros2_tut/igvc/install/ublox_msgs:/home/gurupranav/Programming/ros2_tut/igvc/install/rplidar_ros:/opt/ros/humble /usr/bin/cmake --build /home/gurupranav/Programming/ros2_tut/igvc/build/ublox_msgs -- -j16 -l16
[1.508s] DEBUG:colcon.colcon_core.event_handler.log_command:Invoked command in '/home/gurupranav/Programming/ros2_tut/igvc/build/rplidar_ros' returned '0': CMAKE_PREFIX_PATH=${CMAKE_PREFIX_PATH}:/opt/ros/humble /usr/bin/cmake --build /home/gurupranav/Programming/ros2_tut/igvc/build/rplidar_ros -- -j16 -l16
[1.631s] DEBUG:colcon.colcon_core.event_handler.log_command:Invoking command in '/home/gurupranav/Programming/ros2_tut/igvc/build/rplidar_ros': CMAKE_PREFIX_PATH=${CMAKE_PREFIX_PATH}:/opt/ros/humble /usr/bin/cmake --install /home/gurupranav/Programming/ros2_tut/igvc/build/rplidar_ros
[1.716s] Level 1:colcon.colcon_core.environment:create_environment_scripts_only(rplidar_ros)
[1.717s] Level 1:colcon.colcon_core.environment:checking '/home/gurupranav/Programming/ros2_tut/igvc/install/rplidar_ros' for CMake module files
[1.722s] DEBUG:colcon.colcon_core.event_handler.log_command:Invoked command in '/home/gurupranav/Programming/ros2_tut/igvc/build/rplidar_ros' returned '0': CMAKE_PREFIX_PATH=${CMAKE_PREFIX_PATH}:/opt/ros/humble /usr/bin/cmake --install /home/gurupranav/Programming/ros2_tut/igvc/build/rplidar_ros
[1.723s] Level 1:colcon.colcon_core.environment:checking '/home/gurupranav/Programming/ros2_tut/igvc/install/rplidar_ros' for CMake config files
[1.724s] Level 1:colcon.colcon_core.shell:create_environment_hook('rplidar_ros', 'cmake_prefix_path')
[1.724s] INFO:colcon.colcon_core.shell:Creating environment hook '/home/gurupranav/Programming/ros2_tut/igvc/install/rplidar_ros/share/rplidar_ros/hook/cmake_prefix_path.ps1'
[1.725s] INFO:colcon.colcon_core.shell:Creating environment descriptor '/home/gurupranav/Programming/ros2_tut/igvc/install/rplidar_ros/share/rplidar_ros/hook/cmake_prefix_path.dsv'
[1.726s] INFO:colcon.colcon_core.shell:Creating environment hook '/home/gurupranav/Programming/ros2_tut/igvc/install/rplidar_ros/share/rplidar_ros/hook/cmake_prefix_path.sh'
[1.727s] Level 1:colcon.colcon_core.environment:checking '/home/gurupranav/Programming/ros2_tut/igvc/install/rplidar_ros/lib'
[1.728s] Level 1:colcon.colcon_core.environment:checking '/home/gurupranav/Programming/ros2_tut/igvc/install/rplidar_ros/bin'
[1.728s] Level 1:colcon.colcon_core.environment:checking '/home/gurupranav/Programming/ros2_tut/igvc/install/rplidar_ros/lib/pkgconfig/rplidar_ros.pc'
[1.729s] Level 1:colcon.colcon_core.environment:checking '/home/gurupranav/Programming/ros2_tut/igvc/install/rplidar_ros/lib/python3.10/site-packages'
[1.730s] Level 1:colcon.colcon_core.environment:checking '/home/gurupranav/Programming/ros2_tut/igvc/install/rplidar_ros/bin'
[1.730s] INFO:colcon.colcon_core.shell:Creating package script '/home/gurupranav/Programming/ros2_tut/igvc/install/rplidar_ros/share/rplidar_ros/package.ps1'
[1.731s] INFO:colcon.colcon_core.shell:Creating package descriptor '/home/gurupranav/Programming/ros2_tut/igvc/install/rplidar_ros/share/rplidar_ros/package.dsv'
[1.732s] INFO:colcon.colcon_core.shell:Creating package script '/home/gurupranav/Programming/ros2_tut/igvc/install/rplidar_ros/share/rplidar_ros/package.sh'
[1.733s] INFO:colcon.colcon_core.shell:Creating package script '/home/gurupranav/Programming/ros2_tut/igvc/install/rplidar_ros/share/rplidar_ros/package.bash'
[1.734s] INFO:colcon.colcon_core.shell:Creating package script '/home/gurupranav/Programming/ros2_tut/igvc/install/rplidar_ros/share/rplidar_ros/package.zsh'
[1.735s] Level 1:colcon.colcon_core.environment:create_file_with_runtime_dependencies(/home/gurupranav/Programming/ros2_tut/igvc/install/rplidar_ros/share/colcon-core/packages/rplidar_ros)
[1.874s] Level 1:colcon.colcon_core.environment:create_environment_scripts_only(rplidar_ros)
[1.875s] Level 1:colcon.colcon_core.environment:checking '/home/gurupranav/Programming/ros2_tut/igvc/install/rplidar_ros' for CMake module files
[1.876s] Level 1:colcon.colcon_core.environment:checking '/home/gurupranav/Programming/ros2_tut/igvc/install/rplidar_ros' for CMake config files
[1.876s] Level 1:colcon.colcon_core.shell:create_environment_hook('rplidar_ros', 'cmake_prefix_path')
[1.877s] INFO:colcon.colcon_core.shell:Creating environment hook '/home/gurupranav/Programming/ros2_tut/igvc/install/rplidar_ros/share/rplidar_ros/hook/cmake_prefix_path.ps1'
[1.877s] INFO:colcon.colcon_core.shell:Creating environment descriptor '/home/gurupranav/Programming/ros2_tut/igvc/install/rplidar_ros/share/rplidar_ros/hook/cmake_prefix_path.dsv'
[1.878s] INFO:colcon.colcon_core.shell:Creating environment hook '/home/gurupranav/Programming/ros2_tut/igvc/install/rplidar_ros/share/rplidar_ros/hook/cmake_prefix_path.sh'
[1.879s] Level 1:colcon.colcon_core.environment:checking '/home/gurupranav/Programming/ros2_tut/igvc/install/rplidar_ros/lib'
[1.880s] Level 1:colcon.colcon_core.environment:checking '/home/gurupranav/Programming/ros2_tut/igvc/install/rplidar_ros/bin'
[1.880s] Level 1:colcon.colcon_core.environment:checking '/home/gurupranav/Programming/ros2_tut/igvc/install/rplidar_ros/lib/pkgconfig/rplidar_ros.pc'
[1.880s] Level 1:colcon.colcon_core.environment:checking '/home/gurupranav/Programming/ros2_tut/igvc/install/rplidar_ros/lib/python3.10/site-packages'
[1.880s] Level 1:colcon.colcon_core.environment:checking '/home/gurupranav/Programming/ros2_tut/igvc/install/rplidar_ros/bin'
[1.881s] INFO:colcon.colcon_core.shell:Creating package script '/home/gurupranav/Programming/ros2_tut/igvc/install/rplidar_ros/share/rplidar_ros/package.ps1'
[1.882s] INFO:colcon.colcon_core.shell:Creating package descriptor '/home/gurupranav/Programming/ros2_tut/igvc/install/rplidar_ros/share/rplidar_ros/package.dsv'
[1.882s] INFO:colcon.colcon_core.shell:Creating package script '/home/gurupranav/Programming/ros2_tut/igvc/install/rplidar_ros/share/rplidar_ros/package.sh'
[1.883s] INFO:colcon.colcon_core.shell:Creating package script '/home/gurupranav/Programming/ros2_tut/igvc/install/rplidar_ros/share/rplidar_ros/package.bash'
[1.884s] INFO:colcon.colcon_core.shell:Creating package script '/home/gurupranav/Programming/ros2_tut/igvc/install/rplidar_ros/share/rplidar_ros/package.zsh'
[1.885s] Level 1:colcon.colcon_core.environment:create_file_with_runtime_dependencies(/home/gurupranav/Programming/ros2_tut/igvc/install/rplidar_ros/share/colcon-core/packages/rplidar_ros)
[1.984s] DEBUG:colcon.colcon_core.event_handler.log_command:Invoked command in '/home/gurupranav/Programming/ros2_tut/igvc/build/ublox_msgs' returned '0': CMAKE_PREFIX_PATH=/home/gurupranav/Programming/ros2_tut/igvc/install/ublox_serialization:/home/gurupranav/Programming/ros2_tut/igvc/install/ublox:/home/gurupranav/Programming/ros2_tut/igvc/install/ublox_gps:/home/gurupranav/Programming/ros2_tut/igvc/install/ublox_msgs:/home/gurupranav/Programming/ros2_tut/igvc/install/rplidar_ros:/opt/ros/humble /usr/bin/cmake --build /home/gurupranav/Programming/ros2_tut/igvc/build/ublox_msgs -- -j16 -l16
[4.506s] DEBUG:colcon.colcon_core.event_handler.log_command:Invoking command in '/home/gurupranav/Programming/ros2_tut/igvc/build/ublox_msgs': CMAKE_PREFIX_PATH=/home/gurupranav/Programming/ros2_tut/igvc/install/ublox_serialization:/home/gurupranav/Programming/ros2_tut/igvc/install/ublox:/home/gurupranav/Programming/ros2_tut/igvc/install/ublox_gps:/home/gurupranav/Programming/ros2_tut/igvc/install/ublox_msgs:/home/gurupranav/Programming/ros2_tut/igvc/install/rplidar_ros:/opt/ros/humble /usr/bin/cmake --install /home/gurupranav/Programming/ros2_tut/igvc/build/ublox_msgs
[4.809s] Level 1:colcon.colcon_core.environment:create_environment_scripts_only(ublox_msgs)
[4.809s] Level 1:colcon.colcon_core.environment:checking '/home/gurupranav/Programming/ros2_tut/igvc/install/ublox_msgs' for CMake module files
[4.819s] Level 1:colcon.colcon_core.environment:checking '/home/gurupranav/Programming/ros2_tut/igvc/install/ublox_msgs' for CMake config files
[4.888s] Level 1:colcon.colcon_core.shell:create_environment_hook('ublox_msgs', 'cmake_prefix_path')
[4.889s] INFO:colcon.colcon_core.shell:Creating environment hook '/home/gurupranav/Programming/ros2_tut/igvc/install/ublox_msgs/share/ublox_msgs/hook/cmake_prefix_path.ps1'
[4.894s] INFO:colcon.colcon_core.shell:Creating environment descriptor '/home/gurupranav/Programming/ros2_tut/igvc/install/ublox_msgs/share/ublox_msgs/hook/cmake_prefix_path.dsv'
[4.901s] INFO:colcon.colcon_core.shell:Creating environment hook '/home/gurupranav/Programming/ros2_tut/igvc/install/ublox_msgs/share/ublox_msgs/hook/cmake_prefix_path.sh'
[4.908s] Level 1:colcon.colcon_core.environment:checking '/home/gurupranav/Programming/ros2_tut/igvc/install/ublox_msgs/lib'
[4.909s] Level 1:colcon.colcon_core.shell:create_environment_hook('ublox_msgs', 'ld_library_path_lib')
[4.909s] INFO:colcon.colcon_core.shell:Creating environment hook '/home/gurupranav/Programming/ros2_tut/igvc/install/ublox_msgs/share/ublox_msgs/hook/ld_library_path_lib.ps1'
[4.912s] INFO:colcon.colcon_core.shell:Creating environment descriptor '/home/gurupranav/Programming/ros2_tut/igvc/install/ublox_msgs/share/ublox_msgs/hook/ld_library_path_lib.dsv'
[4.915s] INFO:colcon.colcon_core.shell:Creating environment hook '/home/gurupranav/Programming/ros2_tut/igvc/install/ublox_msgs/share/ublox_msgs/hook/ld_library_path_lib.sh'
[4.919s] Level 1:colcon.colcon_core.environment:checking '/home/gurupranav/Programming/ros2_tut/igvc/install/ublox_msgs/bin'
[4.919s] Level 1:colcon.colcon_core.environment:checking '/home/gurupranav/Programming/ros2_tut/igvc/install/ublox_msgs/lib/pkgconfig/ublox_msgs.pc'
[4.921s] Level 1:colcon.colcon_core.environment:checking '/home/gurupranav/Programming/ros2_tut/igvc/install/ublox_msgs/lib/python3.10/site-packages'
[4.922s] Level 1:colcon.colcon_core.environment:checking '/home/gurupranav/Programming/ros2_tut/igvc/install/ublox_msgs/bin'
[4.922s] INFO:colcon.colcon_core.shell:Creating package script '/home/gurupranav/Programming/ros2_tut/igvc/install/ublox_msgs/share/ublox_msgs/package.ps1'
[4.932s] INFO:colcon.colcon_core.shell:Creating package descriptor '/home/gurupranav/Programming/ros2_tut/igvc/install/ublox_msgs/share/ublox_msgs/package.dsv'
[4.937s] INFO:colcon.colcon_core.shell:Creating package script '/home/gurupranav/Programming/ros2_tut/igvc/install/ublox_msgs/share/ublox_msgs/package.sh'
[4.938s] INFO:colcon.colcon_core.shell:Creating package script '/home/gurupranav/Programming/ros2_tut/igvc/install/ublox_msgs/share/ublox_msgs/package.bash'
[4.939s] INFO:colcon.colcon_core.shell:Creating package script '/home/gurupranav/Programming/ros2_tut/igvc/install/ublox_msgs/share/ublox_msgs/package.zsh'
[4.940s] Level 1:colcon.colcon_core.environment:create_file_with_runtime_dependencies(/home/gurupranav/Programming/ros2_tut/igvc/install/ublox_msgs/share/colcon-core/packages/ublox_msgs)
[4.964s] DEBUG:colcon.colcon_core.event_handler.log_command:Invoked command in '/home/gurupranav/Programming/ros2_tut/igvc/build/ublox_msgs' returned '0': CMAKE_PREFIX_PATH=/home/gurupranav/Programming/ros2_tut/igvc/install/ublox_serialization:/home/gurupranav/Programming/ros2_tut/igvc/install/ublox:/home/gurupranav/Programming/ros2_tut/igvc/install/ublox_gps:/home/gurupranav/Programming/ros2_tut/igvc/install/ublox_msgs:/home/gurupranav/Programming/ros2_tut/igvc/install/rplidar_ros:/opt/ros/humble /usr/bin/cmake --install /home/gurupranav/Programming/ros2_tut/igvc/build/ublox_msgs
[7.654s] Level 1:colcon.colcon_core.environment:create_environment_scripts_only(ublox_msgs)
[7.654s] Level 1:colcon.colcon_core.environment:checking '/home/gurupranav/Programming/ros2_tut/igvc/install/ublox_msgs' for CMake module files
[7.655s] Level 1:colcon.colcon_core.environment:checking '/home/gurupranav/Programming/ros2_tut/igvc/install/ublox_msgs' for CMake config files
[7.658s] Level 1:colcon.colcon_core.shell:create_environment_hook('ublox_msgs', 'cmake_prefix_path')
[7.658s] INFO:colcon.colcon_core.shell:Creating environment hook '/home/gurupranav/Programming/ros2_tut/igvc/install/ublox_msgs/share/ublox_msgs/hook/cmake_prefix_path.ps1'
[7.659s] INFO:colcon.colcon_core.shell:Creating environment descriptor '/home/gurupranav/Programming/ros2_tut/igvc/install/ublox_msgs/share/ublox_msgs/hook/cmake_prefix_path.dsv'
[7.660s] INFO:colcon.colcon_core.shell:Creating environment hook '/home/gurupranav/Programming/ros2_tut/igvc/install/ublox_msgs/share/ublox_msgs/hook/cmake_prefix_path.sh'
[7.661s] Level 1:colcon.colcon_core.environment:checking '/home/gurupranav/Programming/ros2_tut/igvc/install/ublox_msgs/lib'
[7.662s] Level 1:colcon.colcon_core.shell:create_environment_hook('ublox_msgs', 'ld_library_path_lib')
[7.662s] INFO:colcon.colcon_core.shell:Creating environment hook '/home/gurupranav/Programming/ros2_tut/igvc/install/ublox_msgs/share/ublox_msgs/hook/ld_library_path_lib.ps1'
[7.663s] INFO:colcon.colcon_core.shell:Creating environment descriptor '/home/gurupranav/Programming/ros2_tut/igvc/install/ublox_msgs/share/ublox_msgs/hook/ld_library_path_lib.dsv'
[7.664s] INFO:colcon.colcon_core.shell:Creating environment hook '/home/gurupranav/Programming/ros2_tut/igvc/install/ublox_msgs/share/ublox_msgs/hook/ld_library_path_lib.sh'
[7.665s] Level 1:colcon.colcon_core.environment:checking '/home/gurupranav/Programming/ros2_tut/igvc/install/ublox_msgs/bin'
[7.665s] Level 1:colcon.colcon_core.environment:checking '/home/gurupranav/Programming/ros2_tut/igvc/install/ublox_msgs/lib/pkgconfig/ublox_msgs.pc'
[7.666s] Level 1:colcon.colcon_core.environment:checking '/home/gurupranav/Programming/ros2_tut/igvc/install/ublox_msgs/lib/python3.10/site-packages'
[7.666s] Level 1:colcon.colcon_core.environment:checking '/home/gurupranav/Programming/ros2_tut/igvc/install/ublox_msgs/bin'
[7.667s] INFO:colcon.colcon_core.shell:Creating package script '/home/gurupranav/Programming/ros2_tut/igvc/install/ublox_msgs/share/ublox_msgs/package.ps1'
[7.669s] INFO:colcon.colcon_core.shell:Creating package descriptor '/home/gurupranav/Programming/ros2_tut/igvc/install/ublox_msgs/share/ublox_msgs/package.dsv'
[7.670s] INFO:colcon.colcon_core.shell:Creating package script '/home/gurupranav/Programming/ros2_tut/igvc/install/ublox_msgs/share/ublox_msgs/package.sh'
[7.670s] INFO:colcon.colcon_core.shell:Creating package script '/home/gurupranav/Programming/ros2_tut/igvc/install/ublox_msgs/share/ublox_msgs/package.bash'
[7.671s] INFO:colcon.colcon_core.shell:Creating package script '/home/gurupranav/Programming/ros2_tut/igvc/install/ublox_msgs/share/ublox_msgs/package.zsh'
[7.672s] Level 1:colcon.colcon_core.environment:create_file_with_runtime_dependencies(/home/gurupranav/Programming/ros2_tut/igvc/install/ublox_msgs/share/colcon-core/packages/ublox_msgs)
[7.673s] INFO:colcon.colcon_ros.task.ament_cmake.build:Building ROS package in '/home/gurupranav/Programming/ros2_tut/igvc/src/ros2-ublox-zedf9p/ublox_gps' with build type 'ament_cmake'
[7.673s] INFO:colcon.colcon_cmake.task.cmake.build:Building CMake package in '/home/gurupranav/Programming/ros2_tut/igvc/src/ros2-ublox-zedf9p/ublox_gps'
[7.674s] INFO:colcon.colcon_core.shell:Skip shell extension 'powershell' for command environment: Not usable outside of PowerShell
[7.674s] DEBUG:colcon.colcon_core.shell:Skip shell extension 'dsv' for command environment
[8.007s] DEBUG:colcon.colcon_core.event_handler.log_command:Invoking command in '/home/gurupranav/Programming/ros2_tut/igvc/build/ublox_gps': CMAKE_PREFIX_PATH=/home/gurupranav/Programming/ros2_tut/igvc/install/ublox_msgs:/home/gurupranav/Programming/ros2_tut/igvc/install/ublox_serialization:/home/gurupranav/Programming/ros2_tut/igvc/install/ublox:/home/gurupranav/Programming/ros2_tut/igvc/install/ublox_gps:/home/gurupranav/Programming/ros2_tut/igvc/install/rplidar_ros:/opt/ros/humble LD_LIBRARY_PATH=/home/gurupranav/Programming/ros2_tut/igvc/install/ublox_msgs/lib:/home/gurupranav/Programming/ros2_tut/igvc/install/ublox_gps/lib:/opt/ros/humble/opt/rviz_ogre_vendor/lib:/opt/ros/humble/lib/x86_64-linux-gnu:/opt/ros/humble/lib /usr/bin/cmake --build /home/gurupranav/Programming/ros2_tut/igvc/build/ublox_gps -- -j16 -l16
[8.381s] DEBUG:colcon.colcon_core.event_handler.log_command:Invoked command in '/home/gurupranav/Programming/ros2_tut/igvc/build/ublox_gps' returned '0': CMAKE_PREFIX_PATH=/home/gurupranav/Programming/ros2_tut/igvc/install/ublox_msgs:/home/gurupranav/Programming/ros2_tut/igvc/install/ublox_serialization:/home/gurupranav/Programming/ros2_tut/igvc/install/ublox:/home/gurupranav/Programming/ros2_tut/igvc/install/ublox_gps:/home/gurupranav/Programming/ros2_tut/igvc/install/rplidar_ros:/opt/ros/humble LD_LIBRARY_PATH=/home/gurupranav/Programming/ros2_tut/igvc/install/ublox_msgs/lib:/home/gurupranav/Programming/ros2_tut/igvc/install/ublox_gps/lib:/opt/ros/humble/opt/rviz_ogre_vendor/lib:/opt/ros/humble/lib/x86_64-linux-gnu:/opt/ros/humble/lib /usr/bin/cmake --build /home/gurupranav/Programming/ros2_tut/igvc/build/ublox_gps -- -j16 -l16
[8.496s] DEBUG:colcon.colcon_core.event_handler.log_command:Invoking command in '/home/gurupranav/Programming/ros2_tut/igvc/build/ublox_gps': CMAKE_PREFIX_PATH=/home/gurupranav/Programming/ros2_tut/igvc/install/ublox_msgs:/home/gurupranav/Programming/ros2_tut/igvc/install/ublox_serialization:/home/gurupranav/Programming/ros2_tut/igvc/install/ublox:/home/gurupranav/Programming/ros2_tut/igvc/install/ublox_gps:/home/gurupranav/Programming/ros2_tut/igvc/install/rplidar_ros:/opt/ros/humble LD_LIBRARY_PATH=/home/gurupranav/Programming/ros2_tut/igvc/install/ublox_msgs/lib:/home/gurupranav/Programming/ros2_tut/igvc/install/ublox_gps/lib:/opt/ros/humble/opt/rviz_ogre_vendor/lib:/opt/ros/humble/lib/x86_64-linux-gnu:/opt/ros/humble/lib /usr/bin/cmake --install /home/gurupranav/Programming/ros2_tut/igvc/build/ublox_gps
[8.518s] Level 1:colcon.colcon_core.environment:create_environment_scripts_only(ublox_gps)
[8.520s] Level 1:colcon.colcon_core.environment:checking '/home/gurupranav/Programming/ros2_tut/igvc/install/ublox_gps' for CMake module files
[8.526s] Level 1:colcon.colcon_core.environment:checking '/home/gurupranav/Programming/ros2_tut/igvc/install/ublox_gps' for CMake config files
[8.530s] Level 1:colcon.colcon_core.shell:create_environment_hook('ublox_gps', 'cmake_prefix_path')
[8.531s] INFO:colcon.colcon_core.shell:Creating environment hook '/home/gurupranav/Programming/ros2_tut/igvc/install/ublox_gps/share/ublox_gps/hook/cmake_prefix_path.ps1'
[8.532s] DEBUG:colcon.colcon_core.event_handler.log_command:Invoked command in '/home/gurupranav/Programming/ros2_tut/igvc/build/ublox_gps' returned '0': CMAKE_PREFIX_PATH=/home/gurupranav/Programming/ros2_tut/igvc/install/ublox_msgs:/home/gurupranav/Programming/ros2_tut/igvc/install/ublox_serialization:/home/gurupranav/Programming/ros2_tut/igvc/install/ublox:/home/gurupranav/Programming/ros2_tut/igvc/install/ublox_gps:/home/gurupranav/Programming/ros2_tut/igvc/install/rplidar_ros:/opt/ros/humble LD_LIBRARY_PATH=/home/gurupranav/Programming/ros2_tut/igvc/install/ublox_msgs/lib:/home/gurupranav/Programming/ros2_tut/igvc/install/ublox_gps/lib:/opt/ros/humble/opt/rviz_ogre_vendor/lib:/opt/ros/humble/lib/x86_64-linux-gnu:/opt/ros/humble/lib /usr/bin/cmake --install /home/gurupranav/Programming/ros2_tut/igvc/build/ublox_gps
[8.533s] INFO:colcon.colcon_core.shell:Creating environment descriptor '/home/gurupranav/Programming/ros2_tut/igvc/install/ublox_gps/share/ublox_gps/hook/cmake_prefix_path.dsv'
[8.533s] INFO:colcon.colcon_core.shell:Creating environment hook '/home/gurupranav/Programming/ros2_tut/igvc/install/ublox_gps/share/ublox_gps/hook/cmake_prefix_path.sh'
[8.534s] Level 1:colcon.colcon_core.environment:checking '/home/gurupranav/Programming/ros2_tut/igvc/install/ublox_gps/lib'
[8.534s] Level 1:colcon.colcon_core.shell:create_environment_hook('ublox_gps', 'ld_library_path_lib')
[8.535s] INFO:colcon.colcon_core.shell:Creating environment hook '/home/gurupranav/Programming/ros2_tut/igvc/install/ublox_gps/share/ublox_gps/hook/ld_library_path_lib.ps1'
[8.535s] INFO:colcon.colcon_core.shell:Creating environment descriptor '/home/gurupranav/Programming/ros2_tut/igvc/install/ublox_gps/share/ublox_gps/hook/ld_library_path_lib.dsv'
[8.536s] INFO:colcon.colcon_core.shell:Creating environment hook '/home/gurupranav/Programming/ros2_tut/igvc/install/ublox_gps/share/ublox_gps/hook/ld_library_path_lib.sh'
[8.536s] Level 1:colcon.colcon_core.environment:checking '/home/gurupranav/Programming/ros2_tut/igvc/install/ublox_gps/bin'
[8.536s] Level 1:colcon.colcon_core.environment:checking '/home/gurupranav/Programming/ros2_tut/igvc/install/ublox_gps/lib/pkgconfig/ublox_gps.pc'
[8.537s] Level 1:colcon.colcon_core.environment:checking '/home/gurupranav/Programming/ros2_tut/igvc/install/ublox_gps/lib/python3.10/site-packages'
[8.537s] Level 1:colcon.colcon_core.environment:checking '/home/gurupranav/Programming/ros2_tut/igvc/install/ublox_gps/bin'
[8.538s] INFO:colcon.colcon_core.shell:Creating package script '/home/gurupranav/Programming/ros2_tut/igvc/install/ublox_gps/share/ublox_gps/package.ps1'
[8.538s] INFO:colcon.colcon_core.shell:Creating package descriptor '/home/gurupranav/Programming/ros2_tut/igvc/install/ublox_gps/share/ublox_gps/package.dsv'
[8.539s] INFO:colcon.colcon_core.shell:Creating package script '/home/gurupranav/Programming/ros2_tut/igvc/install/ublox_gps/share/ublox_gps/package.sh'
[8.540s] INFO:colcon.colcon_core.shell:Creating package script '/home/gurupranav/Programming/ros2_tut/igvc/install/ublox_gps/share/ublox_gps/package.bash'
[8.540s] INFO:colcon.colcon_core.shell:Creating package script '/home/gurupranav/Programming/ros2_tut/igvc/install/ublox_gps/share/ublox_gps/package.zsh'
[8.541s] Level 1:colcon.colcon_core.environment:create_file_with_runtime_dependencies(/home/gurupranav/Programming/ros2_tut/igvc/install/ublox_gps/share/colcon-core/packages/ublox_gps)
[8.643s] Level 1:colcon.colcon_core.environment:create_environment_scripts_only(ublox_gps)
[8.643s] Level 1:colcon.colcon_core.environment:checking '/home/gurupranav/Programming/ros2_tut/igvc/install/ublox_gps' for CMake module files
[8.644s] Level 1:colcon.colcon_core.environment:checking '/home/gurupranav/Programming/ros2_tut/igvc/install/ublox_gps' for CMake config files
[8.645s] Level 1:colcon.colcon_core.shell:create_environment_hook('ublox_gps', 'cmake_prefix_path')
[8.645s] INFO:colcon.colcon_core.shell:Creating environment hook '/home/gurupranav/Programming/ros2_tut/igvc/install/ublox_gps/share/ublox_gps/hook/cmake_prefix_path.ps1'
[8.646s] INFO:colcon.colcon_core.shell:Creating environment descriptor '/home/gurupranav/Programming/ros2_tut/igvc/install/ublox_gps/share/ublox_gps/hook/cmake_prefix_path.dsv'
[8.646s] INFO:colcon.colcon_core.shell:Creating environment hook '/home/gurupranav/Programming/ros2_tut/igvc/install/ublox_gps/share/ublox_gps/hook/cmake_prefix_path.sh'
[8.647s] Level 1:colcon.colcon_core.environment:checking '/home/gurupranav/Programming/ros2_tut/igvc/install/ublox_gps/lib'
[8.647s] Level 1:colcon.colcon_core.shell:create_environment_hook('ublox_gps', 'ld_library_path_lib')
[8.648s] INFO:colcon.colcon_core.shell:Creating environment hook '/home/gurupranav/Programming/ros2_tut/igvc/install/ublox_gps/share/ublox_gps/hook/ld_library_path_lib.ps1'
[8.648s] INFO:colcon.colcon_core.shell:Creating environment descriptor '/home/gurupranav/Programming/ros2_tut/igvc/install/ublox_gps/share/ublox_gps/hook/ld_library_path_lib.dsv'
[8.649s] INFO:colcon.colcon_core.shell:Creating environment hook '/home/gurupranav/Programming/ros2_tut/igvc/install/ublox_gps/share/ublox_gps/hook/ld_library_path_lib.sh'
[8.650s] Level 1:colcon.colcon_core.environment:checking '/home/gurupranav/Programming/ros2_tut/igvc/install/ublox_gps/bin'
[8.650s] Level 1:colcon.colcon_core.environment:checking '/home/gurupranav/Programming/ros2_tut/igvc/install/ublox_gps/lib/pkgconfig/ublox_gps.pc'
[8.650s] Level 1:colcon.colcon_core.environment:checking '/home/gurupranav/Programming/ros2_tut/igvc/install/ublox_gps/lib/python3.10/site-packages'
[8.650s] Level 1:colcon.colcon_core.environment:checking '/home/gurupranav/Programming/ros2_tut/igvc/install/ublox_gps/bin'
[8.651s] INFO:colcon.colcon_core.shell:Creating package script '/home/gurupranav/Programming/ros2_tut/igvc/install/ublox_gps/share/ublox_gps/package.ps1'
[8.652s] INFO:colcon.colcon_core.shell:Creating package descriptor '/home/gurupranav/Programming/ros2_tut/igvc/install/ublox_gps/share/ublox_gps/package.dsv'
[8.652s] INFO:colcon.colcon_core.shell:Creating package script '/home/gurupranav/Programming/ros2_tut/igvc/install/ublox_gps/share/ublox_gps/package.sh'
[8.653s] INFO:colcon.colcon_core.shell:Creating package script '/home/gurupranav/Programming/ros2_tut/igvc/install/ublox_gps/share/ublox_gps/package.bash'
[8.654s] INFO:colcon.colcon_core.shell:Creating package script '/home/gurupranav/Programming/ros2_tut/igvc/install/ublox_gps/share/ublox_gps/package.zsh'
[8.654s] Level 1:colcon.colcon_core.environment:create_file_with_runtime_dependencies(/home/gurupranav/Programming/ros2_tut/igvc/install/ublox_gps/share/colcon-core/packages/ublox_gps)
[8.655s] INFO:colcon.colcon_ros.task.ament_cmake.build:Building ROS package in '/home/gurupranav/Programming/ros2_tut/igvc/src/ros2-ublox-zedf9p/ublox' with build type 'ament_cmake'
[8.655s] INFO:colcon.colcon_cmake.task.cmake.build:Building CMake package in '/home/gurupranav/Programming/ros2_tut/igvc/src/ros2-ublox-zedf9p/ublox'
[8.656s] INFO:colcon.colcon_core.shell:Skip shell extension 'powershell' for command environment: Not usable outside of PowerShell
[8.656s] DEBUG:colcon.colcon_core.shell:Skip shell extension 'dsv' for command environment
[9.130s] DEBUG:colcon.colcon_core.event_handler.log_command:Invoking command in '/home/gurupranav/Programming/ros2_tut/igvc/build/ublox': CMAKE_PREFIX_PATH=/home/gurupranav/Programming/ros2_tut/igvc/install/ublox_gps:/home/gurupranav/Programming/ros2_tut/igvc/install/ublox_msgs:/home/gurupranav/Programming/ros2_tut/igvc/install/ublox_serialization:/home/gurupranav/Programming/ros2_tut/igvc/install/ublox:/home/gurupranav/Programming/ros2_tut/igvc/install/rplidar_ros:/opt/ros/humble /usr/bin/cmake --build /home/gurupranav/Programming/ros2_tut/igvc/build/ublox -- -j16 -l16
[9.179s] DEBUG:colcon.colcon_core.event_handler.log_command:Invoked command in '/home/gurupranav/Programming/ros2_tut/igvc/build/ublox' returned '0': CMAKE_PREFIX_PATH=/home/gurupranav/Programming/ros2_tut/igvc/install/ublox_gps:/home/gurupranav/Programming/ros2_tut/igvc/install/ublox_msgs:/home/gurupranav/Programming/ros2_tut/igvc/install/ublox_serialization:/home/gurupranav/Programming/ros2_tut/igvc/install/ublox:/home/gurupranav/Programming/ros2_tut/igvc/install/rplidar_ros:/opt/ros/humble /usr/bin/cmake --build /home/gurupranav/Programming/ros2_tut/igvc/build/ublox -- -j16 -l16
[9.219s] DEBUG:colcon.colcon_core.event_handler.log_command:Invoking command in '/home/gurupranav/Programming/ros2_tut/igvc/build/ublox': CMAKE_PREFIX_PATH=/home/gurupranav/Programming/ros2_tut/igvc/install/ublox_gps:/home/gurupranav/Programming/ros2_tut/igvc/install/ublox_msgs:/home/gurupranav/Programming/ros2_tut/igvc/install/ublox_serialization:/home/gurupranav/Programming/ros2_tut/igvc/install/ublox:/home/gurupranav/Programming/ros2_tut/igvc/install/rplidar_ros:/opt/ros/humble /usr/bin/cmake --install /home/gurupranav/Programming/ros2_tut/igvc/build/ublox
[9.236s] Level 1:colcon.colcon_core.environment:create_environment_scripts_only(ublox)
[9.237s] Level 1:colcon.colcon_core.environment:checking '/home/gurupranav/Programming/ros2_tut/igvc/install/ublox' for CMake module files
[9.238s] DEBUG:colcon.colcon_core.event_handler.log_command:Invoked command in '/home/gurupranav/Programming/ros2_tut/igvc/build/ublox' returned '0': CMAKE_PREFIX_PATH=/home/gurupranav/Programming/ros2_tut/igvc/install/ublox_gps:/home/gurupranav/Programming/ros2_tut/igvc/install/ublox_msgs:/home/gurupranav/Programming/ros2_tut/igvc/install/ublox_serialization:/home/gurupranav/Programming/ros2_tut/igvc/install/ublox:/home/gurupranav/Programming/ros2_tut/igvc/install/rplidar_ros:/opt/ros/humble /usr/bin/cmake --install /home/gurupranav/Programming/ros2_tut/igvc/build/ublox
[9.240s] Level 1:colcon.colcon_core.environment:checking '/home/gurupranav/Programming/ros2_tut/igvc/install/ublox' for CMake config files
[9.240s] Level 1:colcon.colcon_core.shell:create_environment_hook('ublox', 'cmake_prefix_path')
[9.240s] INFO:colcon.colcon_core.shell:Creating environment hook '/home/gurupranav/Programming/ros2_tut/igvc/install/ublox/share/ublox/hook/cmake_prefix_path.ps1'
[9.241s] INFO:colcon.colcon_core.shell:Creating environment descriptor '/home/gurupranav/Programming/ros2_tut/igvc/install/ublox/share/ublox/hook/cmake_prefix_path.dsv'
[9.242s] INFO:colcon.colcon_core.shell:Creating environment hook '/home/gurupranav/Programming/ros2_tut/igvc/install/ublox/share/ublox/hook/cmake_prefix_path.sh'
[9.243s] Level 1:colcon.colcon_core.environment:checking '/home/gurupranav/Programming/ros2_tut/igvc/install/ublox/bin'
[9.243s] Level 1:colcon.colcon_core.environment:checking '/home/gurupranav/Programming/ros2_tut/igvc/install/ublox/lib/pkgconfig/ublox.pc'
[9.244s] Level 1:colcon.colcon_core.environment:checking '/home/gurupranav/Programming/ros2_tut/igvc/install/ublox/lib/python3.10/site-packages'
[9.244s] Level 1:colcon.colcon_core.environment:checking '/home/gurupranav/Programming/ros2_tut/igvc/install/ublox/bin'
[9.245s] INFO:colcon.colcon_core.shell:Creating package script '/home/gurupranav/Programming/ros2_tut/igvc/install/ublox/share/ublox/package.ps1'
[9.246s] INFO:colcon.colcon_core.shell:Creating package descriptor '/home/gurupranav/Programming/ros2_tut/igvc/install/ublox/share/ublox/package.dsv'
[9.247s] INFO:colcon.colcon_core.shell:Creating package script '/home/gurupranav/Programming/ros2_tut/igvc/install/ublox/share/ublox/package.sh'
[9.247s] INFO:colcon.colcon_core.shell:Creating package script '/home/gurupranav/Programming/ros2_tut/igvc/install/ublox/share/ublox/package.bash'
[9.248s] INFO:colcon.colcon_core.shell:Creating package script '/home/gurupranav/Programming/ros2_tut/igvc/install/ublox/share/ublox/package.zsh'
[9.249s] Level 1:colcon.colcon_core.environment:create_file_with_runtime_dependencies(/home/gurupranav/Programming/ros2_tut/igvc/install/ublox/share/colcon-core/packages/ublox)
[9.282s] Level 1:colcon.colcon_core.environment:create_environment_scripts_only(ublox)
[9.283s] Level 1:colcon.colcon_core.environment:checking '/home/gurupranav/Programming/ros2_tut/igvc/install/ublox' for CMake module files
[9.283s] Level 1:colcon.colcon_core.environment:checking '/home/gurupranav/Programming/ros2_tut/igvc/install/ublox' for CMake config files
[9.284s] Level 1:colcon.colcon_core.shell:create_environment_hook('ublox', 'cmake_prefix_path')
[9.284s] INFO:colcon.colcon_core.shell:Creating environment hook '/home/gurupranav/Programming/ros2_tut/igvc/install/ublox/share/ublox/hook/cmake_prefix_path.ps1'
[9.285s] INFO:colcon.colcon_core.shell:Creating environment descriptor '/home/gurupranav/Programming/ros2_tut/igvc/install/ublox/share/ublox/hook/cmake_prefix_path.dsv'
[9.285s] INFO:colcon.colcon_core.shell:Creating environment hook '/home/gurupranav/Programming/ros2_tut/igvc/install/ublox/share/ublox/hook/cmake_prefix_path.sh'
[9.286s] Level 1:colcon.colcon_core.environment:checking '/home/gurupranav/Programming/ros2_tut/igvc/install/ublox/bin'
[9.286s] Level 1:colcon.colcon_core.environment:checking '/home/gurupranav/Programming/ros2_tut/igvc/install/ublox/lib/pkgconfig/ublox.pc'
[9.287s] Level 1:colcon.colcon_core.environment:checking '/home/gurupranav/Programming/ros2_tut/igvc/install/ublox/lib/python3.10/site-packages'
[9.287s] Level 1:colcon.colcon_core.environment:checking '/home/gurupranav/Programming/ros2_tut/igvc/install/ublox/bin'
[9.288s] INFO:colcon.colcon_core.shell:Creating package script '/home/gurupranav/Programming/ros2_tut/igvc/install/ublox/share/ublox/package.ps1'
[9.289s] INFO:colcon.colcon_core.shell:Creating package descriptor '/home/gurupranav/Programming/ros2_tut/igvc/install/ublox/share/ublox/package.dsv'
[9.290s] INFO:colcon.colcon_core.shell:Creating package script '/home/gurupranav/Programming/ros2_tut/igvc/install/ublox/share/ublox/package.sh'
[9.291s] INFO:colcon.colcon_core.shell:Creating package script '/home/gurupranav/Programming/ros2_tut/igvc/install/ublox/share/ublox/package.bash'
[9.291s] INFO:colcon.colcon_core.shell:Creating package script '/home/gurupranav/Programming/ros2_tut/igvc/install/ublox/share/ublox/package.zsh'
[9.292s] Level 1:colcon.colcon_core.environment:create_file_with_runtime_dependencies(/home/gurupranav/Programming/ros2_tut/igvc/install/ublox/share/colcon-core/packages/ublox)
[9.293s] DEBUG:colcon.colcon_parallel_executor.executor.parallel:closing loop
[9.294s] DEBUG:colcon.colcon_parallel_executor.executor.parallel:loop closed
[9.294s] DEBUG:colcon.colcon_parallel_executor.executor.parallel:run_until_complete finished with '0'
[9.295s] DEBUG:colcon.colcon_core.event_reactor:joining thread
[9.383s] INFO:colcon.colcon_core.plugin_system:Skipping extension 'colcon_notification.desktop_notification.notify_send': Could not find 'notify-send'
[9.384s] INFO:colcon.colcon_core.plugin_system:Skipping extension 'colcon_notification.desktop_notification.terminal_notifier': Not used on non-Darwin systems
[9.384s] INFO:colcon.colcon_core.plugin_system:Skipping extension 'colcon_notification.desktop_notification.win32': Not used on non-Windows systems
[9.384s] INFO:colcon.colcon_notification.desktop_notification:Sending desktop notification using 'notify2'
[9.384s] DEBUG:colcon.colcon_notification.desktop_notification.notify2:Failed to initialize notify2: org.freedesktop.DBus.Error.FileNotFound: Failed to connect to socket /run/user/1000/bus: No such file or directory
[9.385s] DEBUG:colcon.colcon_core.event_reactor:joined thread
[9.385s] INFO:colcon.colcon_core.shell:Creating prefix script '/home/gurupranav/Programming/ros2_tut/igvc/install/local_setup.ps1'
[9.387s] INFO:colcon.colcon_core.shell:Creating prefix util module '/home/gurupranav/Programming/ros2_tut/igvc/install/_local_setup_util_ps1.py'
[9.389s] INFO:colcon.colcon_core.shell:Creating prefix chain script '/home/gurupranav/Programming/ros2_tut/igvc/install/setup.ps1'
[9.391s] INFO:colcon.colcon_core.shell:Creating prefix script '/home/gurupranav/Programming/ros2_tut/igvc/install/local_setup.sh'
[9.392s] INFO:colcon.colcon_core.shell:Creating prefix util module '/home/gurupranav/Programming/ros2_tut/igvc/install/_local_setup_util_sh.py'
[9.393s] INFO:colcon.colcon_core.shell:Creating prefix chain script '/home/gurupranav/Programming/ros2_tut/igvc/install/setup.sh'
[9.395s] INFO:colcon.colcon_core.shell:Creating prefix script '/home/gurupranav/Programming/ros2_tut/igvc/install/local_setup.bash'
[9.396s] INFO:colcon.colcon_core.shell:Creating prefix chain script '/home/gurupranav/Programming/ros2_tut/igvc/install/setup.bash'
[9.398s] INFO:colcon.colcon_core.shell:Creating prefix script '/home/gurupranav/Programming/ros2_tut/igvc/install/local_setup.zsh'
[9.399s] INFO:colcon.colcon_core.shell:Creating prefix chain script '/home/gurupranav/Programming/ros2_tut/igvc/install/setup.zsh'
