[0.000000] (-) TimerEvent: {}
[0.000997] (rplidar_ros) JobQueued: {'identifier': 'rplidar_ros', 'dependencies': OrderedDict()}
[0.001851] (rplidar_ros) JobStarted: {'identifier': 'rplidar_ros'}
[0.014518] (rplidar_ros) JobProgress: {'identifier': 'rplidar_ros', 'progress': 'cmake'}
[0.015632] (rplidar_ros) JobProgress: {'identifier': 'rplidar_ros', 'progress': 'build'}
[0.016859] (rplidar_ros) Command: {'cmd': ['/usr/bin/cmake', '--build', '/home/gurupranav/Programming/ros2_tut/rplidar_ros/build/rplidar_ros', '--', '-j16', '-l16'], 'cwd': '/home/gurupranav/Programming/ros2_tut/rplidar_ros/build/rplidar_ros', 'env': OrderedDict([('USER', 'gurupranav'), ('WT_PROFILE_ID', '{51855cb2-8cce-5362-8f54-464b92b32386}'), ('SHLVL', '1'), ('LD_LIBRARY_PATH', '/opt/ros/humble/opt/rviz_ogre_vendor/lib:/opt/ros/humble/lib/x86_64-linux-gnu:/opt/ros/humble/lib'), ('HOME', '/home/gurupranav'), ('OLDPWD', '/home/gurupranav/Programming/ros2_tut'), ('LESS', '-R'), ('NVM_BIN', '/home/gurupranav/.nvm/versions/node/v22.5.0/bin'), ('ZSH', '/home/gurupranav/.oh-my-zsh'), ('LSCOLORS', 'Gxfxcxdxbxegedabagacad'), ('NVM_INC', '/home/gurupranav/.nvm/versions/node/v22.5.0/include/node'), ('PAGER', 'less'), ('ROS_PYTHON_VERSION', '3'), ('DBUS_SESSION_BUS_ADDRESS', 'unix:path=/run/user/1000/bus'), ('P9K_TTY', 'old'), ('WSL_DISTRO_NAME', 'Ubuntu'), ('NVM_DIR', '/home/gurupranav/.nvm'), ('WAYLAND_DISPLAY', 'wayland-0'), ('ROS_DISTRO', 'humble'), ('COLCON_PREFIX_PATH', '/home/gurupranav/Programming/ros2_tut/rplidar_ros/install'), ('LOGNAME', 'gurupranav'), ('PULSE_SERVER', 'unix:/mnt/wslg/PulseServer'), ('WSL_INTEROP', '/run/WSL/5715_interop'), ('NAME', 'LAPTOP-D0AFMG2O'), ('_P9K_SSH_TTY', '/dev/pts/6'), ('_', '/usr/bin/colcon'), ('ROS_VERSION', '2'), ('TERM', 'xterm-256color'), ('ROS_LOCALHOST_ONLY', '0'), ('PATH', '/home/gurupranav/.local/share/pnpm:/home/gurupranav/.deno/bin:/home/gurupranav/.local/bin:/opt/ros/humble/bin:/home/gurupranav/.nvm/versions/node/v22.5.0/bin:/usr/local/sbin:/usr/local/bin:/usr/sbin:/usr/bin:/sbin:/bin:/usr/games:/usr/local/games:/usr/lib/wsl/lib:/mnt/d/Python/Scripts/:/mnt/d/Python/:/mnt/c/Program Files (x86)/Common Files/Oracle/Java/javapath:/mnt/d/c++/Libraries/vulkan/1.3/Bin:/mnt/c/Windows/system32:/mnt/c/Windows:/mnt/c/Windows/System32/Wbem:/mnt/c/Windows/System32/WindowsPowerShell/v1.0/:/mnt/c/Windows/System32/OpenSSH/:/mnt/c/Program Files (x86)/NVIDIA Corporation/PhysX/Common:/mnt/c/Program Files/NVIDIA Corporation/NVIDIA NvDLISR:/mnt/c/Program Files/Go/bin:/mnt/c/Program Files/CMake/bin:/mnt/c/Program Files/Git/cmd:/mnt/c/Program Files/GitHub CLI/:/mnt/c/Program Files/Neovim/bin:/mnt/c/ProgramData/chocolatey/bin:/mnt/c/Program Files/Docker/Docker/resources/bin:/mnt/c/Program Files/usbipd-win/:/mnt/c/Program Files/dotnet/:/mnt/c/Program Files (x86)/Windows Kits/10/Windows Performance Toolkit/:/mnt/c/Program Files/PowerShell/7/:/mnt/c/Users/GURU PRANAV PR/scoop/shims:/mnt/c/Users/GURU PRANAV PR/AppData/Local/pnpm:/mnt/c/Users/GURU PRANAV PR/AppData/Local/Programs/Python/Launcher/:/mnt/c/Users/GURU PRANAV PR/AppData/Local/Microsoft/WindowsApps:/mnt/c/Users/GURU PRANAV PR/AppData/Local/Programs/Microsoft VS Code/bin:/mnt/c/Users/GURU PRANAV PR/go/bin:/mnt/c/MinGW/bin:/mnt/c/Users/GURU PRANAV PR/AppData/Local/GitHubDesktop/bin:/mnt/d/JetBrains Pycharm/PyCharm Community Edition 2024.2.0.1/bin:/mnt/c/Users/GURU PRANAV PR/.dotnet/tools:/mnt/c/Users/GURU PRANAV PR/AppData/Local/Programs/Microsoft VS Code Insiders/bin:/mnt/c/Users/GURU PRANAV PR/AppData/Roaming/npm:/mnt/c/Users/GURU PRANAV PR/AppData/Local/Microsoft/WinGet/Packages/DenoLand.Deno_Microsoft.Winget.Source_8wekyb3d8bbwe:/mnt/c/Users/GURU PRANAV PR/AppData/Roaming/nvm:/mnt/c/Program Files/nodejs:/mnt/c/Users/GURU PRANAV PR/AppData/Local/JetBrains/Toolbox/scripts:/mnt/c/Users/GURU PRANAV PR/AppData/Local/Programs/Hyper/resources/bin:/mnt/c/Users/GURU PRANAV PR/.dotnet/tools:/home/gurupranav/.yarn/bin:/opt/nvim-linux64/bin:/home/gurupranav/.local/bin'), ('XDG_RUNTIME_DIR', '/run/user/1000/'), ('WT_SESSION', '24146b82-1fd9-4d66-a613-0776cc1b0162'), ('DISPLAY', ':0'), ('DENO_INSTALL', '/home/gurupranav/.deno'), ('LANG', 'en_US.UTF-8'), ('LS_COLORS', 'rs=0:no=00:mi=00:mh=00:ln=01;36:or=01;31:di=01;34:ow=04;01;34:st=34:tw=04;34:pi=01;33:so=01;33:do=01;33:bd=01;33:cd=01;33:su=01;35:sg=01;35:ca=01;35:ex=01;32:'), ('AMENT_PREFIX_PATH', '/home/gurupranav/Programming/ros2_tut/rplidar_ros/install/rplidar_ros:/opt/ros/humble'), ('SHELL', '/usr/bin/zsh'), ('ENVMAN_LOAD', 'loaded'), ('P9K_SSH', '0'), ('PWD', '/home/gurupranav/Programming/ros2_tut/rplidar_ros/build/rplidar_ros'), ('_P9K_TTY', '/dev/pts/6'), ('NVM_CD_FLAGS', '-q'), ('PYTHONPATH', '/home/gurupranav/Programming/ros2_tut/rplidar_ros/install/rplidar_ros/local/lib/python3.10/dist-packages:/opt/ros/humble/lib/python3.10/site-packages:/opt/ros/humble/local/lib/python3.10/dist-packages'), ('COLCON', '1'), ('HOSTTYPE', 'x86_64'), ('WSL2_GUI_APPS_ENABLED', '1'), ('PNPM_HOME', '/home/gurupranav/.local/share/pnpm'), ('WSLENV', 'WT_SESSION:WT_PROFILE_ID:'), ('CMAKE_PREFIX_PATH', '/home/gurupranav/Programming/ros2_tut/rplidar_ros/install/rplidar_ros:/opt/ros/humble')]), 'shell': False}
[0.099591] (-) TimerEvent: {}
[0.107507] (rplidar_ros) StdoutLine: {'line': b'[  1%] Built target ament_cmake_python_copy_rplidar_ros\n'}
[0.107857] (rplidar_ros) StdoutLine: {'line': b'[  3%] Built target rplidar_client\n'}
[0.126785] (rplidar_ros) StdoutLine: {'line': b'[ 35%] Built target rplidar_composition\n'}
[0.128377] (rplidar_ros) StdoutLine: {'line': b'[ 67%] Built target rplidar_node\n'}
[0.131509] (rplidar_ros) StdoutLine: {'line': b'[100%] Built target lidar_map_node\n'}
[0.199782] (-) TimerEvent: {}
[0.300382] (-) TimerEvent: {}
[0.401125] (-) TimerEvent: {}
[0.475740] (rplidar_ros) StdoutLine: {'line': b'running egg_info\n'}
[0.476598] (rplidar_ros) StdoutLine: {'line': b'writing rplidar_ros.egg-info/PKG-INFO\n'}
[0.476993] (rplidar_ros) StdoutLine: {'line': b'writing dependency_links to rplidar_ros.egg-info/dependency_links.txt\n'}
[0.477903] (rplidar_ros) StdoutLine: {'line': b'writing top-level names to rplidar_ros.egg-info/top_level.txt\n'}
[0.480135] (rplidar_ros) StdoutLine: {'line': b"reading manifest file 'rplidar_ros.egg-info/SOURCES.txt'\n"}
[0.480890] (rplidar_ros) StdoutLine: {'line': b"writing manifest file 'rplidar_ros.egg-info/SOURCES.txt'\n"}
[0.501408] (-) TimerEvent: {}
[0.517237] (rplidar_ros) StdoutLine: {'line': b'[100%] Built target ament_cmake_python_build_rplidar_ros_egg\n'}
[0.532609] (rplidar_ros) CommandEnded: {'returncode': 0}
[0.601613] (-) TimerEvent: {}
[0.641732] (rplidar_ros) JobProgress: {'identifier': 'rplidar_ros', 'progress': 'install'}
[0.652094] (rplidar_ros) Command: {'cmd': ['/usr/bin/cmake', '--install', '/home/gurupranav/Programming/ros2_tut/rplidar_ros/build/rplidar_ros'], 'cwd': '/home/gurupranav/Programming/ros2_tut/rplidar_ros/build/rplidar_ros', 'env': OrderedDict([('USER', 'gurupranav'), ('WT_PROFILE_ID', '{51855cb2-8cce-5362-8f54-464b92b32386}'), ('SHLVL', '1'), ('LD_LIBRARY_PATH', '/opt/ros/humble/opt/rviz_ogre_vendor/lib:/opt/ros/humble/lib/x86_64-linux-gnu:/opt/ros/humble/lib'), ('HOME', '/home/gurupranav'), ('OLDPWD', '/home/gurupranav/Programming/ros2_tut'), ('LESS', '-R'), ('NVM_BIN', '/home/gurupranav/.nvm/versions/node/v22.5.0/bin'), ('ZSH', '/home/gurupranav/.oh-my-zsh'), ('LSCOLORS', 'Gxfxcxdxbxegedabagacad'), ('NVM_INC', '/home/gurupranav/.nvm/versions/node/v22.5.0/include/node'), ('PAGER', 'less'), ('ROS_PYTHON_VERSION', '3'), ('DBUS_SESSION_BUS_ADDRESS', 'unix:path=/run/user/1000/bus'), ('P9K_TTY', 'old'), ('WSL_DISTRO_NAME', 'Ubuntu'), ('NVM_DIR', '/home/gurupranav/.nvm'), ('WAYLAND_DISPLAY', 'wayland-0'), ('ROS_DISTRO', 'humble'), ('COLCON_PREFIX_PATH', '/home/gurupranav/Programming/ros2_tut/rplidar_ros/install'), ('LOGNAME', 'gurupranav'), ('PULSE_SERVER', 'unix:/mnt/wslg/PulseServer'), ('WSL_INTEROP', '/run/WSL/5715_interop'), ('NAME', 'LAPTOP-D0AFMG2O'), ('_P9K_SSH_TTY', '/dev/pts/6'), ('_', '/usr/bin/colcon'), ('ROS_VERSION', '2'), ('TERM', 'xterm-256color'), ('ROS_LOCALHOST_ONLY', '0'), ('PATH', '/home/gurupranav/.local/share/pnpm:/home/gurupranav/.deno/bin:/home/gurupranav/.local/bin:/opt/ros/humble/bin:/home/gurupranav/.nvm/versions/node/v22.5.0/bin:/usr/local/sbin:/usr/local/bin:/usr/sbin:/usr/bin:/sbin:/bin:/usr/games:/usr/local/games:/usr/lib/wsl/lib:/mnt/d/Python/Scripts/:/mnt/d/Python/:/mnt/c/Program Files (x86)/Common Files/Oracle/Java/javapath:/mnt/d/c++/Libraries/vulkan/1.3/Bin:/mnt/c/Windows/system32:/mnt/c/Windows:/mnt/c/Windows/System32/Wbem:/mnt/c/Windows/System32/WindowsPowerShell/v1.0/:/mnt/c/Windows/System32/OpenSSH/:/mnt/c/Program Files (x86)/NVIDIA Corporation/PhysX/Common:/mnt/c/Program Files/NVIDIA Corporation/NVIDIA NvDLISR:/mnt/c/Program Files/Go/bin:/mnt/c/Program Files/CMake/bin:/mnt/c/Program Files/Git/cmd:/mnt/c/Program Files/GitHub CLI/:/mnt/c/Program Files/Neovim/bin:/mnt/c/ProgramData/chocolatey/bin:/mnt/c/Program Files/Docker/Docker/resources/bin:/mnt/c/Program Files/usbipd-win/:/mnt/c/Program Files/dotnet/:/mnt/c/Program Files (x86)/Windows Kits/10/Windows Performance Toolkit/:/mnt/c/Program Files/PowerShell/7/:/mnt/c/Users/GURU PRANAV PR/scoop/shims:/mnt/c/Users/GURU PRANAV PR/AppData/Local/pnpm:/mnt/c/Users/GURU PRANAV PR/AppData/Local/Programs/Python/Launcher/:/mnt/c/Users/GURU PRANAV PR/AppData/Local/Microsoft/WindowsApps:/mnt/c/Users/GURU PRANAV PR/AppData/Local/Programs/Microsoft VS Code/bin:/mnt/c/Users/GURU PRANAV PR/go/bin:/mnt/c/MinGW/bin:/mnt/c/Users/GURU PRANAV PR/AppData/Local/GitHubDesktop/bin:/mnt/d/JetBrains Pycharm/PyCharm Community Edition 2024.2.0.1/bin:/mnt/c/Users/GURU PRANAV PR/.dotnet/tools:/mnt/c/Users/GURU PRANAV PR/AppData/Local/Programs/Microsoft VS Code Insiders/bin:/mnt/c/Users/GURU PRANAV PR/AppData/Roaming/npm:/mnt/c/Users/GURU PRANAV PR/AppData/Local/Microsoft/WinGet/Packages/DenoLand.Deno_Microsoft.Winget.Source_8wekyb3d8bbwe:/mnt/c/Users/GURU PRANAV PR/AppData/Roaming/nvm:/mnt/c/Program Files/nodejs:/mnt/c/Users/GURU PRANAV PR/AppData/Local/JetBrains/Toolbox/scripts:/mnt/c/Users/GURU PRANAV PR/AppData/Local/Programs/Hyper/resources/bin:/mnt/c/Users/GURU PRANAV PR/.dotnet/tools:/home/gurupranav/.yarn/bin:/opt/nvim-linux64/bin:/home/gurupranav/.local/bin'), ('XDG_RUNTIME_DIR', '/run/user/1000/'), ('WT_SESSION', '24146b82-1fd9-4d66-a613-0776cc1b0162'), ('DISPLAY', ':0'), ('DENO_INSTALL', '/home/gurupranav/.deno'), ('LANG', 'en_US.UTF-8'), ('LS_COLORS', 'rs=0:no=00:mi=00:mh=00:ln=01;36:or=01;31:di=01;34:ow=04;01;34:st=34:tw=04;34:pi=01;33:so=01;33:do=01;33:bd=01;33:cd=01;33:su=01;35:sg=01;35:ca=01;35:ex=01;32:'), ('AMENT_PREFIX_PATH', '/home/gurupranav/Programming/ros2_tut/rplidar_ros/install/rplidar_ros:/opt/ros/humble'), ('SHELL', '/usr/bin/zsh'), ('ENVMAN_LOAD', 'loaded'), ('P9K_SSH', '0'), ('PWD', '/home/gurupranav/Programming/ros2_tut/rplidar_ros/build/rplidar_ros'), ('_P9K_TTY', '/dev/pts/6'), ('NVM_CD_FLAGS', '-q'), ('PYTHONPATH', '/home/gurupranav/Programming/ros2_tut/rplidar_ros/install/rplidar_ros/local/lib/python3.10/dist-packages:/opt/ros/humble/lib/python3.10/site-packages:/opt/ros/humble/local/lib/python3.10/dist-packages'), ('COLCON', '1'), ('HOSTTYPE', 'x86_64'), ('WSL2_GUI_APPS_ENABLED', '1'), ('PNPM_HOME', '/home/gurupranav/.local/share/pnpm'), ('WSLENV', 'WT_SESSION:WT_PROFILE_ID:'), ('CMAKE_PREFIX_PATH', '/home/gurupranav/Programming/ros2_tut/rplidar_ros/install/rplidar_ros:/opt/ros/humble')]), 'shell': False}
[0.662066] (rplidar_ros) StdoutLine: {'line': b'-- Install configuration: ""\n'}
[0.662387] (rplidar_ros) StdoutLine: {'line': b'-- Up-to-date: /home/gurupranav/Programming/ros2_tut/rplidar_ros/install/rplidar_ros/share/rplidar_ros/environment/pythonpath.sh\n'}
[0.662884] (rplidar_ros) StdoutLine: {'line': b'-- Up-to-date: /home/gurupranav/Programming/ros2_tut/rplidar_ros/install/rplidar_ros/share/rplidar_ros/environment/pythonpath.dsv\n'}
[0.665256] (rplidar_ros) StdoutLine: {'line': b'-- Up-to-date: /home/gurupranav/Programming/ros2_tut/rplidar_ros/install/rplidar_ros/local/lib/python3.10/dist-packages/rplidar_ros-2.1.4-py3.10.egg-info\n'}
[0.665455] (rplidar_ros) StdoutLine: {'line': b'-- Installing: /home/gurupranav/Programming/ros2_tut/rplidar_ros/install/rplidar_ros/local/lib/python3.10/dist-packages/rplidar_ros-2.1.4-py3.10.egg-info/SOURCES.txt\n'}
[0.665637] (rplidar_ros) StdoutLine: {'line': b'-- Installing: /home/gurupranav/Programming/ros2_tut/rplidar_ros/install/rplidar_ros/local/lib/python3.10/dist-packages/rplidar_ros-2.1.4-py3.10.egg-info/dependency_links.txt\n'}
[0.666178] (rplidar_ros) StdoutLine: {'line': b'-- Installing: /home/gurupranav/Programming/ros2_tut/rplidar_ros/install/rplidar_ros/local/lib/python3.10/dist-packages/rplidar_ros-2.1.4-py3.10.egg-info/PKG-INFO\n'}
[0.666358] (rplidar_ros) StdoutLine: {'line': b'-- Installing: /home/gurupranav/Programming/ros2_tut/rplidar_ros/install/rplidar_ros/local/lib/python3.10/dist-packages/rplidar_ros-2.1.4-py3.10.egg-info/top_level.txt\n'}
[0.669107] (rplidar_ros) StdoutLine: {'line': b'-- Up-to-date: /home/gurupranav/Programming/ros2_tut/rplidar_ros/install/rplidar_ros/local/lib/python3.10/dist-packages/rplidar_ros\n'}
[0.669377] (rplidar_ros) StdoutLine: {'line': b'-- Up-to-date: /home/gurupranav/Programming/ros2_tut/rplidar_ros/install/rplidar_ros/local/lib/python3.10/dist-packages/rplidar_ros/cv_to_map.py\n'}
[0.669523] (rplidar_ros) StdoutLine: {'line': b'-- Up-to-date: /home/gurupranav/Programming/ros2_tut/rplidar_ros/install/rplidar_ros/local/lib/python3.10/dist-packages/rplidar_ros/cv_to_map2.py\n'}
[0.669660] (rplidar_ros) StdoutLine: {'line': b'-- Up-to-date: /home/gurupranav/Programming/ros2_tut/rplidar_ros/install/rplidar_ros/local/lib/python3.10/dist-packages/rplidar_ros/rplidar_client.cpp\n'}
[0.669868] (rplidar_ros) StdoutLine: {'line': b'-- Up-to-date: /home/gurupranav/Programming/ros2_tut/rplidar_ros/install/rplidar_ros/local/lib/python3.10/dist-packages/rplidar_ros/igvc_slam_node.py\n'}
[0.670012] (rplidar_ros) StdoutLine: {'line': b'-- Up-to-date: /home/gurupranav/Programming/ros2_tut/rplidar_ros/install/rplidar_ros/local/lib/python3.10/dist-packages/rplidar_ros/rplidar_node.cpp\n'}
[0.670152] (rplidar_ros) StdoutLine: {'line': b'-- Up-to-date: /home/gurupranav/Programming/ros2_tut/rplidar_ros/install/rplidar_ros/local/lib/python3.10/dist-packages/rplidar_ros/__init__.py\n'}
[0.670336] (rplidar_ros) StdoutLine: {'line': b'-- Up-to-date: /home/gurupranav/Programming/ros2_tut/rplidar_ros/install/rplidar_ros/local/lib/python3.10/dist-packages/rplidar_ros/lidar_map_node.cpp\n'}
[0.702059] (-) TimerEvent: {}
[0.709321] (rplidar_ros) StdoutLine: {'line': b"Listing '/home/gurupranav/Programming/ros2_tut/rplidar_ros/install/rplidar_ros/local/lib/python3.10/dist-packages/rplidar_ros'...\n"}
[0.714838] (rplidar_ros) StdoutLine: {'line': b'-- Up-to-date: /home/gurupranav/Programming/ros2_tut/rplidar_ros/install/rplidar_ros/share/rplidar_ros/launch\n'}
[0.715295] (rplidar_ros) StdoutLine: {'line': b'-- Up-to-date: /home/gurupranav/Programming/ros2_tut/rplidar_ros/install/rplidar_ros/share/rplidar_ros/launch/rplidar_s3_launch.py\n'}
[0.715645] (rplidar_ros) StdoutLine: {'line': b'-- Up-to-date: /home/gurupranav/Programming/ros2_tut/rplidar_ros/install/rplidar_ros/share/rplidar_ros/launch/view_rplidar_s2_launch.py\n'}
[0.715904] (rplidar_ros) StdoutLine: {'line': b'-- Up-to-date: /home/gurupranav/Programming/ros2_tut/rplidar_ros/install/rplidar_ros/share/rplidar_ros/launch/rplidar_a2m8_launch.py\n'}
[0.716204] (rplidar_ros) StdoutLine: {'line': b'-- Up-to-date: /home/gurupranav/Programming/ros2_tut/rplidar_ros/install/rplidar_ros/share/rplidar_ros/launch/rplidar_s2_launch.py\n'}
[0.716796] (rplidar_ros) StdoutLine: {'line': b'-- Up-to-date: /home/gurupranav/Programming/ros2_tut/rplidar_ros/install/rplidar_ros/share/rplidar_ros/launch/view_rplidar_a2m7_launch.py\n'}
[0.717054] (rplidar_ros) StdoutLine: {'line': b'-- Up-to-date: /home/gurupranav/Programming/ros2_tut/rplidar_ros/install/rplidar_ros/share/rplidar_ros/launch/view_rplidar_c1_launch.py\n'}
[0.717476] (rplidar_ros) StdoutLine: {'line': b'-- Up-to-date: /home/gurupranav/Programming/ros2_tut/rplidar_ros/install/rplidar_ros/share/rplidar_ros/launch/view_rplidar_a2m12_launch.py\n'}
[0.717841] (rplidar_ros) StdoutLine: {'line': b'-- Up-to-date: /home/gurupranav/Programming/ros2_tut/rplidar_ros/install/rplidar_ros/share/rplidar_ros/launch/view_rplidar_s1_tcp_launch.py\n'}
[0.718237] (rplidar_ros) StdoutLine: {'line': b'-- Up-to-date: /home/gurupranav/Programming/ros2_tut/rplidar_ros/install/rplidar_ros/share/rplidar_ros/launch/rplidar_s1_tcp_launch.py\n'}
[0.718589] (rplidar_ros) StdoutLine: {'line': b'-- Up-to-date: /home/gurupranav/Programming/ros2_tut/rplidar_ros/install/rplidar_ros/share/rplidar_ros/launch/rplidar_c1_launch.py\n'}
[0.718937] (rplidar_ros) StdoutLine: {'line': b'-- Up-to-date: /home/gurupranav/Programming/ros2_tut/rplidar_ros/install/rplidar_ros/share/rplidar_ros/launch/view_rplidar_s3_launch.py\n'}
[0.719286] (rplidar_ros) StdoutLine: {'line': b'-- Up-to-date: /home/gurupranav/Programming/ros2_tut/rplidar_ros/install/rplidar_ros/share/rplidar_ros/launch/view_rplidar_t1_launch.py\n'}
[0.719631] (rplidar_ros) StdoutLine: {'line': b'-- Up-to-date: /home/gurupranav/Programming/ros2_tut/rplidar_ros/install/rplidar_ros/share/rplidar_ros/launch/rplidar_a2m7_launch.py\n'}
[0.719980] (rplidar_ros) StdoutLine: {'line': b'-- Up-to-date: /home/gurupranav/Programming/ros2_tut/rplidar_ros/install/rplidar_ros/share/rplidar_ros/launch/view_rplidar_a2m8_launch.py\n'}
[0.720334] (rplidar_ros) StdoutLine: {'line': b'-- Up-to-date: /home/gurupranav/Programming/ros2_tut/rplidar_ros/install/rplidar_ros/share/rplidar_ros/launch/rplidar_t1_launch.py\n'}
[0.720680] (rplidar_ros) StdoutLine: {'line': b'-- Up-to-date: /home/gurupranav/Programming/ros2_tut/rplidar_ros/install/rplidar_ros/share/rplidar_ros/launch/view_rplidar_s2e_launch.py\n'}
[0.721025] (rplidar_ros) StdoutLine: {'line': b'-- Up-to-date: /home/gurupranav/Programming/ros2_tut/rplidar_ros/install/rplidar_ros/share/rplidar_ros/launch/view_rplidar_a1_launch.py\n'}
[0.721371] (rplidar_ros) StdoutLine: {'line': b'-- Up-to-date: /home/gurupranav/Programming/ros2_tut/rplidar_ros/install/rplidar_ros/share/rplidar_ros/launch/rplidar_s2e_launch.py\n'}
[0.721719] (rplidar_ros) StdoutLine: {'line': b'-- Up-to-date: /home/gurupranav/Programming/ros2_tut/rplidar_ros/install/rplidar_ros/share/rplidar_ros/launch/rplidar_a2m12_launch.py\n'}
[0.722066] (rplidar_ros) StdoutLine: {'line': b'-- Up-to-date: /home/gurupranav/Programming/ros2_tut/rplidar_ros/install/rplidar_ros/share/rplidar_ros/launch/rplidar_s1_launch.py\n'}
[0.722412] (rplidar_ros) StdoutLine: {'line': b'-- Up-to-date: /home/gurupranav/Programming/ros2_tut/rplidar_ros/install/rplidar_ros/share/rplidar_ros/launch/rplidar_a3_launch.py\n'}
[0.722714] (rplidar_ros) StdoutLine: {'line': b'-- Installing: /home/gurupranav/Programming/ros2_tut/rplidar_ros/install/rplidar_ros/share/rplidar_ros/launch/rplidar_a1_launch.py\n'}
[0.723233] (rplidar_ros) StdoutLine: {'line': b'-- Up-to-date: /home/gurupranav/Programming/ros2_tut/rplidar_ros/install/rplidar_ros/share/rplidar_ros/launch/view_rplidar_a3_launch.py\n'}
[0.723362] (rplidar_ros) StdoutLine: {'line': b'-- Up-to-date: /home/gurupranav/Programming/ros2_tut/rplidar_ros/install/rplidar_ros/share/rplidar_ros/launch/view_rplidar_s1_launch.py\n'}
[0.723790] (rplidar_ros) StdoutLine: {'line': b'-- Up-to-date: /home/gurupranav/Programming/ros2_tut/rplidar_ros/install/rplidar_ros/share/rplidar_ros/rviz\n'}
[0.724056] (rplidar_ros) StdoutLine: {'line': b'-- Up-to-date: /home/gurupranav/Programming/ros2_tut/rplidar_ros/install/rplidar_ros/share/rplidar_ros/rviz/rplidar_ros.rviz\n'}
[0.724309] (rplidar_ros) StdoutLine: {'line': b'-- Up-to-date: /home/gurupranav/Programming/ros2_tut/rplidar_ros/install/rplidar_ros/lib/rplidar_ros/igvc_slam_node.py\n'}
[0.724606] (rplidar_ros) StdoutLine: {'line': b'-- Up-to-date: /home/gurupranav/Programming/ros2_tut/rplidar_ros/install/rplidar_ros/lib/rplidar_ros/cv_to_map2.py\n'}
[0.724902] (rplidar_ros) StdoutLine: {'line': b'-- Up-to-date: /home/gurupranav/Programming/ros2_tut/rplidar_ros/install/rplidar_ros/lib/rplidar_ros/rplidar_node\n'}
[0.725246] (rplidar_ros) StdoutLine: {'line': b'-- Up-to-date: /home/gurupranav/Programming/ros2_tut/rplidar_ros/install/rplidar_ros/lib/rplidar_ros/rplidar_composition\n'}
[0.725402] (rplidar_ros) StdoutLine: {'line': b'-- Up-to-date: /home/gurupranav/Programming/ros2_tut/rplidar_ros/install/rplidar_ros/lib/rplidar_ros/rplidar_client\n'}
[0.725510] (rplidar_ros) StdoutLine: {'line': b'-- Up-to-date: /home/gurupranav/Programming/ros2_tut/rplidar_ros/install/rplidar_ros/lib/rplidar_ros/lidar_map_node\n'}
[0.725598] (rplidar_ros) StdoutLine: {'line': b'-- Up-to-date: /home/gurupranav/Programming/ros2_tut/rplidar_ros/install/rplidar_ros/share/ament_index/resource_index/package_run_dependencies/rplidar_ros\n'}
[0.725680] (rplidar_ros) StdoutLine: {'line': b'-- Up-to-date: /home/gurupranav/Programming/ros2_tut/rplidar_ros/install/rplidar_ros/share/ament_index/resource_index/parent_prefix_path/rplidar_ros\n'}
[0.725756] (rplidar_ros) StdoutLine: {'line': b'-- Up-to-date: /home/gurupranav/Programming/ros2_tut/rplidar_ros/install/rplidar_ros/share/rplidar_ros/environment/ament_prefix_path.sh\n'}
[0.725832] (rplidar_ros) StdoutLine: {'line': b'-- Up-to-date: /home/gurupranav/Programming/ros2_tut/rplidar_ros/install/rplidar_ros/share/rplidar_ros/environment/ament_prefix_path.dsv\n'}
[0.725908] (rplidar_ros) StdoutLine: {'line': b'-- Up-to-date: /home/gurupranav/Programming/ros2_tut/rplidar_ros/install/rplidar_ros/share/rplidar_ros/environment/path.sh\n'}
[0.725983] (rplidar_ros) StdoutLine: {'line': b'-- Up-to-date: /home/gurupranav/Programming/ros2_tut/rplidar_ros/install/rplidar_ros/share/rplidar_ros/environment/path.dsv\n'}
[0.726058] (rplidar_ros) StdoutLine: {'line': b'-- Up-to-date: /home/gurupranav/Programming/ros2_tut/rplidar_ros/install/rplidar_ros/share/rplidar_ros/local_setup.bash\n'}
[0.726133] (rplidar_ros) StdoutLine: {'line': b'-- Up-to-date: /home/gurupranav/Programming/ros2_tut/rplidar_ros/install/rplidar_ros/share/rplidar_ros/local_setup.sh\n'}
[0.726220] (rplidar_ros) StdoutLine: {'line': b'-- Up-to-date: /home/gurupranav/Programming/ros2_tut/rplidar_ros/install/rplidar_ros/share/rplidar_ros/local_setup.zsh\n'}
[0.726295] (rplidar_ros) StdoutLine: {'line': b'-- Up-to-date: /home/gurupranav/Programming/ros2_tut/rplidar_ros/install/rplidar_ros/share/rplidar_ros/local_setup.dsv\n'}
[0.726604] (rplidar_ros) StdoutLine: {'line': b'-- Installing: /home/gurupranav/Programming/ros2_tut/rplidar_ros/install/rplidar_ros/share/rplidar_ros/package.dsv\n'}
[0.726902] (rplidar_ros) StdoutLine: {'line': b'-- Up-to-date: /home/gurupranav/Programming/ros2_tut/rplidar_ros/install/rplidar_ros/share/ament_index/resource_index/packages/rplidar_ros\n'}
[0.727198] (rplidar_ros) StdoutLine: {'line': b'-- Up-to-date: /home/gurupranav/Programming/ros2_tut/rplidar_ros/install/rplidar_ros/share/rplidar_ros/cmake/ament_cmake_export_dependencies-extras.cmake\n'}
[0.727799] (rplidar_ros) StdoutLine: {'line': b'-- Up-to-date: /home/gurupranav/Programming/ros2_tut/rplidar_ros/install/rplidar_ros/share/rplidar_ros/cmake/ament_cmake_export_include_directories-extras.cmake\n'}
[0.728227] (rplidar_ros) StdoutLine: {'line': b'-- Up-to-date: /home/gurupranav/Programming/ros2_tut/rplidar_ros/install/rplidar_ros/share/rplidar_ros/cmake/rplidar_rosConfig.cmake\n'}
[0.728531] (rplidar_ros) StdoutLine: {'line': b'-- Up-to-date: /home/gurupranav/Programming/ros2_tut/rplidar_ros/install/rplidar_ros/share/rplidar_ros/cmake/rplidar_rosConfig-version.cmake\n'}
[0.728906] (rplidar_ros) StdoutLine: {'line': b'-- Up-to-date: /home/gurupranav/Programming/ros2_tut/rplidar_ros/install/rplidar_ros/share/rplidar_ros/package.xml\n'}
[0.730305] (rplidar_ros) CommandEnded: {'returncode': 0}
[0.802286] (-) TimerEvent: {}
[0.852886] (rplidar_ros) JobEnded: {'identifier': 'rplidar_ros', 'rc': 0}
[0.854771] (-) EventReactorShutdown: {}
