[0.000000] (-) TimerEvent: {}
[0.001216] (rplidar_ros) JobQueued: {'identifier': 'rplidar_ros', 'dependencies': OrderedDict()}
[0.001479] (rplidar_ros) JobStarted: {'identifier': 'rplidar_ros'}
[0.014574] (rplidar_ros) JobProgress: {'identifier': 'rplidar_ros', 'progress': 'cmake'}
[0.015678] (rplidar_ros) JobProgress: {'identifier': 'rplidar_ros', 'progress': 'build'}
[0.016828] (rplidar_ros) Command: {'cmd': ['/usr/bin/cmake', '--build', '/home/gurupranav/Programming/ros2_tut/rplidar_ros/build/rplidar_ros', '--', '-j16', '-l16'], 'cwd': '/home/gurupranav/Programming/ros2_tut/rplidar_ros/build/rplidar_ros', 'env': OrderedDict([('USER', 'gurupranav'), ('WT_PROFILE_ID', '{51855cb2-8cce-5362-8f54-464b92b32386}'), ('SHLVL', '1'), ('LD_LIBRARY_PATH', '/opt/ros/humble/opt/rviz_ogre_vendor/lib:/opt/ros/humble/lib/x86_64-linux-gnu:/opt/ros/humble/lib'), ('HOME', '/home/gurupranav'), ('OLDPWD', '/home/gurupranav/Programming/ros2_tut'), ('LESS', '-R'), ('NVM_BIN', '/home/gurupranav/.nvm/versions/node/v22.5.0/bin'), ('ZSH', '/home/gurupranav/.oh-my-zsh'), ('LSCOLORS', 'Gxfxcxdxbxegedabagacad'), ('NVM_INC', '/home/gurupranav/.nvm/versions/node/v22.5.0/include/node'), ('PAGER', 'less'), ('ROS_PYTHON_VERSION', '3'), ('DBUS_SESSION_BUS_ADDRESS', 'unix:path=/run/user/1000/bus'), ('P9K_TTY', 'old'), ('WSL_DISTRO_NAME', 'Ubuntu'), ('NVM_DIR', '/home/gurupranav/.nvm'), ('WAYLAND_DISPLAY', 'wayland-0'), ('ROS_DISTRO', 'humble'), ('COLCON_PREFIX_PATH', '/home/gurupranav/Programming/ros2_tut/rplidar_ros/install'), ('LOGNAME', 'gurupranav'), ('PULSE_SERVER', 'unix:/mnt/wslg/PulseServer'), ('WSL_INTEROP', '/run/WSL/5715_interop'), ('NAME', 'LAPTOP-D0AFMG2O'), ('_P9K_SSH_TTY', '/dev/pts/6'), ('_', '/usr/bin/colcon'), ('ROS_VERSION', '2'), ('TERM', 'xterm-256color'), ('ROS_LOCALHOST_ONLY', '0'), ('PATH', '/home/gurupranav/.local/share/pnpm:/home/gurupranav/.deno/bin:/home/gurupranav/.local/bin:/opt/ros/humble/bin:/home/gurupranav/.nvm/versions/node/v22.5.0/bin:/usr/local/sbin:/usr/local/bin:/usr/sbin:/usr/bin:/sbin:/bin:/usr/games:/usr/local/games:/usr/lib/wsl/lib:/mnt/d/Python/Scripts/:/mnt/d/Python/:/mnt/c/Program Files (x86)/Common Files/Oracle/Java/javapath:/mnt/d/c++/Libraries/vulkan/1.3/Bin:/mnt/c/Windows/system32:/mnt/c/Windows:/mnt/c/Windows/System32/Wbem:/mnt/c/Windows/System32/WindowsPowerShell/v1.0/:/mnt/c/Windows/System32/OpenSSH/:/mnt/c/Program Files (x86)/NVIDIA Corporation/PhysX/Common:/mnt/c/Program Files/NVIDIA Corporation/NVIDIA NvDLISR:/mnt/c/Program Files/Go/bin:/mnt/c/Program Files/CMake/bin:/mnt/c/Program Files/Git/cmd:/mnt/c/Program Files/GitHub CLI/:/mnt/c/Program Files/Neovim/bin:/mnt/c/ProgramData/chocolatey/bin:/mnt/c/Program Files/Docker/Docker/resources/bin:/mnt/c/Program Files/usbipd-win/:/mnt/c/Program Files/dotnet/:/mnt/c/Program Files (x86)/Windows Kits/10/Windows Performance Toolkit/:/mnt/c/Program Files/PowerShell/7/:/mnt/c/Users/GURU PRANAV PR/scoop/shims:/mnt/c/Users/GURU PRANAV PR/AppData/Local/pnpm:/mnt/c/Users/GURU PRANAV PR/AppData/Local/Programs/Python/Launcher/:/mnt/c/Users/GURU PRANAV PR/AppData/Local/Microsoft/WindowsApps:/mnt/c/Users/GURU PRANAV PR/AppData/Local/Programs/Microsoft VS Code/bin:/mnt/c/Users/GURU PRANAV PR/go/bin:/mnt/c/MinGW/bin:/mnt/c/Users/GURU PRANAV PR/AppData/Local/GitHubDesktop/bin:/mnt/d/JetBrains Pycharm/PyCharm Community Edition 2024.2.0.1/bin:/mnt/c/Users/GURU PRANAV PR/.dotnet/tools:/mnt/c/Users/GURU PRANAV PR/AppData/Local/Programs/Microsoft VS Code Insiders/bin:/mnt/c/Users/GURU PRANAV PR/AppData/Roaming/npm:/mnt/c/Users/GURU PRANAV PR/AppData/Local/Microsoft/WinGet/Packages/DenoLand.Deno_Microsoft.Winget.Source_8wekyb3d8bbwe:/mnt/c/Users/GURU PRANAV PR/AppData/Roaming/nvm:/mnt/c/Program Files/nodejs:/mnt/c/Users/GURU PRANAV PR/AppData/Local/JetBrains/Toolbox/scripts:/mnt/c/Users/GURU PRANAV PR/AppData/Local/Programs/Hyper/resources/bin:/mnt/c/Users/GURU PRANAV PR/.dotnet/tools:/home/gurupranav/.yarn/bin:/opt/nvim-linux64/bin:/home/gurupranav/.local/bin'), ('XDG_RUNTIME_DIR', '/run/user/1000/'), ('WT_SESSION', '24146b82-1fd9-4d66-a613-0776cc1b0162'), ('DISPLAY', ':0'), ('DENO_INSTALL', '/home/gurupranav/.deno'), ('LANG', 'en_US.UTF-8'), ('LS_COLORS', 'rs=0:no=00:mi=00:mh=00:ln=01;36:or=01;31:di=01;34:ow=04;01;34:st=34:tw=04;34:pi=01;33:so=01;33:do=01;33:bd=01;33:cd=01;33:su=01;35:sg=01;35:ca=01;35:ex=01;32:'), ('AMENT_PREFIX_PATH', '/home/gurupranav/Programming/ros2_tut/rplidar_ros/install/rplidar_ros:/opt/ros/humble'), ('SHELL', '/usr/bin/zsh'), ('ENVMAN_LOAD', 'loaded'), ('P9K_SSH', '0'), ('PWD', '/home/gurupranav/Programming/ros2_tut/rplidar_ros/build/rplidar_ros'), ('_P9K_TTY', '/dev/pts/6'), ('NVM_CD_FLAGS', '-q'), ('PYTHONPATH', '/home/gurupranav/Programming/ros2_tut/rplidar_ros/install/rplidar_ros/local/lib/python3.10/dist-packages:/opt/ros/humble/lib/python3.10/site-packages:/opt/ros/humble/local/lib/python3.10/dist-packages'), ('COLCON', '1'), ('HOSTTYPE', 'x86_64'), ('WSL2_GUI_APPS_ENABLED', '1'), ('PNPM_HOME', '/home/gurupranav/.local/share/pnpm'), ('WSLENV', 'WT_SESSION:WT_PROFILE_ID:'), ('CMAKE_PREFIX_PATH', '/home/gurupranav/Programming/ros2_tut/rplidar_ros/install/rplidar_ros:/opt/ros/humble')]), 'shell': False}
[0.099890] (-) TimerEvent: {}
[0.117039] (rplidar_ros) StdoutLine: {'line': b'[  1%] \x1b[32mBuilding CXX object CMakeFiles/rplidar_client.dir/src/rplidar_client.cpp.o\x1b[0m\n'}
[0.136019] (rplidar_ros) StderrLine: {'line': b'\x1b[01m\x1b[Kcc1plus:\x1b[m\x1b[K \x1b[01;31m\x1b[Kfatal error: \x1b[m\x1b[K/home/gurupranav/Programming/ros2_tut/rplidar_ros/src/rplidar_client.cpp: No such file or directory\n'}
[0.136546] (rplidar_ros) StderrLine: {'line': b'compilation terminated.\n'}
[0.138551] (rplidar_ros) StderrLine: {'line': b'gmake[2]: *** [CMakeFiles/rplidar_client.dir/build.make:76: CMakeFiles/rplidar_client.dir/src/rplidar_client.cpp.o] Error 1\n'}
[0.139018] (rplidar_ros) StderrLine: {'line': b'gmake[1]: *** [CMakeFiles/Makefile2:250: CMakeFiles/rplidar_client.dir/all] Error 2\n'}
[0.139170] (rplidar_ros) StderrLine: {'line': b'gmake[1]: *** Waiting for unfinished jobs....\n'}
[0.139303] (rplidar_ros) StdoutLine: {'line': b'[  3%] \x1b[32mBuilding CXX object CMakeFiles/rplidar_node.dir/src/rplidar_node.cpp.o\x1b[0m\n'}
[0.139505] (rplidar_ros) StdoutLine: {'line': b'[  5%] \x1b[32mBuilding CXX object CMakeFiles/rplidar_composition.dir/src/rplidar_node.cpp.o\x1b[0m\n'}
[0.139733] (rplidar_ros) StdoutLine: {'line': b'[  7%] \x1b[32mBuilding CXX object CMakeFiles/lidar_map_node.dir/src/lidar_map_node.cpp.o\x1b[0m\n'}
[0.147053] (rplidar_ros) StderrLine: {'line': b'\x1b[01m\x1b[Kcc1plus:\x1b[m\x1b[K \x1b[01;31m\x1b[Kfatal error: \x1b[m\x1b[K/home/gurupranav/Programming/ros2_tut/rplidar_ros/src/rplidar_node.cpp: No such file or directory\n'}
[0.147281] (rplidar_ros) StderrLine: {'line': b'compilation terminated.\n'}
[0.147419] (rplidar_ros) StderrLine: {'line': b'\x1b[01m\x1b[Kcc1plus:\x1b[m\x1b[K \x1b[01;31m\x1b[Kfatal error: \x1b[m\x1b[K/home/gurupranav/Programming/ros2_tut/rplidar_ros/src/rplidar_node.cpp: No such file or directory\n'}
[0.147550] (rplidar_ros) StderrLine: {'line': b'compilation terminated.\n'}
[0.148037] (rplidar_ros) StderrLine: {'line': b'\x1b[01m\x1b[Kcc1plus:\x1b[m\x1b[K \x1b[01;31m\x1b[Kfatal error: \x1b[m\x1b[K/home/gurupranav/Programming/ros2_tut/rplidar_ros/src/lidar_map_node.cpp: No such file or directory\n'}
[0.148389] (rplidar_ros) StderrLine: {'line': b'compilation terminated.\n'}
[0.148788] (rplidar_ros) StderrLine: {'line': b'gmake[2]: *** [CMakeFiles/rplidar_composition.dir/build.make:76: CMakeFiles/rplidar_composition.dir/src/rplidar_node.cpp.o] Error 1\n'}
[0.149345] (rplidar_ros) StderrLine: {'line': b'gmake[2]: *** [CMakeFiles/rplidar_node.dir/build.make:76: CMakeFiles/rplidar_node.dir/src/rplidar_node.cpp.o] Error 1\n'}
[0.149762] (rplidar_ros) StderrLine: {'line': b'gmake[1]: *** [CMakeFiles/Makefile2:224: CMakeFiles/rplidar_composition.dir/all] Error 2\n'}
[0.150374] (rplidar_ros) StderrLine: {'line': b'gmake[2]: *** [CMakeFiles/lidar_map_node.dir/build.make:76: CMakeFiles/lidar_map_node.dir/src/lidar_map_node.cpp.o] Error 1\n'}
[0.150504] (rplidar_ros) StderrLine: {'line': b'gmake[1]: *** [CMakeFiles/Makefile2:198: CMakeFiles/rplidar_node.dir/all] Error 2\n'}
[0.150647] (rplidar_ros) StderrLine: {'line': b'gmake[1]: *** [CMakeFiles/Makefile2:276: CMakeFiles/lidar_map_node.dir/all] Error 2\n'}
[0.174168] (rplidar_ros) StdoutLine: {'line': b'[  7%] Built target ament_cmake_python_copy_rplidar_ros\n'}
[0.175833] (rplidar_ros) StderrLine: {'line': b'gmake: *** [Makefile:146: all] Error 2\n'}
[0.178800] (rplidar_ros) CommandEnded: {'returncode': 2}
[0.200121] (-) TimerEvent: {}
[0.300892] (-) TimerEvent: {}
[0.323074] (rplidar_ros) JobEnded: {'identifier': 'rplidar_ros', 'rc': 2}
[0.334916] (-) EventReactorShutdown: {}
