[0.375s] Invoking command in '/home/gurupranav/Programming/ros2_tut/igvc/build/ublox': CMAKE_PREFIX_PATH=/home/gurupranav/Programming/ros2_tut/igvc/install/ublox_gps:/home/gurupranav/Programming/ros2_tut/igvc/install/ublox_msgs:/home/gurupranav/Programming/ros2_tut/igvc/install/ublox_serialization:/home/gurupranav/Programming/ros2_tut/igvc/install/ublox:/home/gurupranav/Programming/ros2_tut/igvc/install/rplidar_ros:/opt/ros/humble /usr/bin/cmake --build /home/gurupranav/Programming/ros2_tut/igvc/build/ublox -- -j16 -l16
[0.417s] Invoked command in '/home/gurupranav/Programming/ros2_tut/igvc/build/ublox' returned '0': CMAKE_PREFIX_PATH=/home/gurupranav/Programming/ros2_tut/igvc/install/ublox_gps:/home/gurupranav/Programming/ros2_tut/igvc/install/ublox_msgs:/home/gurupranav/Programming/ros2_tut/igvc/install/ublox_serialization:/home/gurupranav/Programming/ros2_tut/igvc/install/ublox:/home/gurupranav/Programming/ros2_tut/igvc/install/rplidar_ros:/opt/ros/humble /usr/bin/cmake --build /home/gurupranav/Programming/ros2_tut/igvc/build/ublox -- -j16 -l16
[0.447s] Invoking command in '/home/gurupranav/Programming/ros2_tut/igvc/build/ublox': CMAKE_PREFIX_PATH=/home/gurupranav/Programming/ros2_tut/igvc/install/ublox_gps:/home/gurupranav/Programming/ros2_tut/igvc/install/ublox_msgs:/home/gurupranav/Programming/ros2_tut/igvc/install/ublox_serialization:/home/gurupranav/Programming/ros2_tut/igvc/install/ublox:/home/gurupranav/Programming/ros2_tut/igvc/install/rplidar_ros:/opt/ros/humble /usr/bin/cmake --install /home/gurupranav/Programming/ros2_tut/igvc/build/ublox
[0.455s] -- Install configuration: ""
[0.455s] -- Up-to-date: /home/gurupranav/Programming/ros2_tut/igvc/install/ublox/share/ament_index/resource_index/package_run_dependencies/ublox
[0.455s] -- Up-to-date: /home/gurupranav/Programming/ros2_tut/igvc/install/ublox/share/ament_index/resource_index/parent_prefix_path/ublox
[0.455s] -- Up-to-date: /home/gurupranav/Programming/ros2_tut/igvc/install/ublox/share/ublox/environment/ament_prefix_path.sh
[0.456s] -- Up-to-date: /home/gurupranav/Programming/ros2_tut/igvc/install/ublox/share/ublox/environment/ament_prefix_path.dsv
[0.456s] -- Up-to-date: /home/gurupranav/Programming/ros2_tut/igvc/install/ublox/share/ublox/environment/path.sh
[0.456s] -- Up-to-date: /home/gurupranav/Programming/ros2_tut/igvc/install/ublox/share/ublox/environment/path.dsv
[0.456s] -- Up-to-date: /home/gurupranav/Programming/ros2_tut/igvc/install/ublox/share/ublox/local_setup.bash
[0.456s] -- Up-to-date: /home/gurupranav/Programming/ros2_tut/igvc/install/ublox/share/ublox/local_setup.sh
[0.457s] -- Up-to-date: /home/gurupranav/Programming/ros2_tut/igvc/install/ublox/share/ublox/local_setup.zsh
[0.457s] -- Up-to-date: /home/gurupranav/Programming/ros2_tut/igvc/install/ublox/share/ublox/local_setup.dsv
[0.457s] -- Installing: /home/gurupranav/Programming/ros2_tut/igvc/install/ublox/share/ublox/package.dsv
[0.458s] -- Up-to-date: /home/gurupranav/Programming/ros2_tut/igvc/install/ublox/share/ament_index/resource_index/packages/ublox
[0.459s] -- Up-to-date: /home/gurupranav/Programming/ros2_tut/igvc/install/ublox/share/ublox/cmake/ubloxConfig.cmake
[0.459s] -- Up-to-date: /home/gurupranav/Programming/ros2_tut/igvc/install/ublox/share/ublox/cmake/ubloxConfig-version.cmake
[0.461s] -- Up-to-date: /home/gurupranav/Programming/ros2_tut/igvc/install/ublox/share/ublox/package.xml
[0.461s] Invoked command in '/home/gurupranav/Programming/ros2_tut/igvc/build/ublox' returned '0': CMAKE_PREFIX_PATH=/home/gurupranav/Programming/ros2_tut/igvc/install/ublox_gps:/home/gurupranav/Programming/ros2_tut/igvc/install/ublox_msgs:/home/gurupranav/Programming/ros2_tut/igvc/install/ublox_serialization:/home/gurupranav/Programming/ros2_tut/igvc/install/ublox:/home/gurupranav/Programming/ros2_tut/igvc/install/rplidar_ros:/opt/ros/humble /usr/bin/cmake --install /home/gurupranav/Programming/ros2_tut/igvc/build/ublox
