[0.469s] Invoking command in '/home/gurupranav/Programming/ros2_tut/igvc/build/ublox': CMAKE_PREFIX_PATH=/home/gurupranav/Programming/ros2_tut/igvc/install/ublox_gps:/home/gurupranav/Programming/ros2_tut/igvc/install/ublox_msgs:/home/gurupranav/Programming/ros2_tut/igvc/install/ublox_serialization:/home/gurupranav/Programming/ros2_tut/igvc/install/ublox:/home/gurupranav/Programming/ros2_tut/igvc/install/rplidar_ros:/opt/ros/humble /usr/bin/cmake --build /home/gurupranav/Programming/ros2_tut/igvc/build/ublox -- -j16 -l16
[0.521s] Invoked command in '/home/gurupranav/Programming/ros2_tut/igvc/build/ublox' returned '0': CMAKE_PREFIX_PATH=/home/gurupranav/Programming/ros2_tut/igvc/install/ublox_gps:/home/gurupranav/Programming/ros2_tut/igvc/install/ublox_msgs:/home/gurupranav/Programming/ros2_tut/igvc/install/ublox_serialization:/home/gurupranav/Programming/ros2_tut/igvc/install/ublox:/home/gurupranav/Programming/ros2_tut/igvc/install/rplidar_ros:/opt/ros/humble /usr/bin/cmake --build /home/gurupranav/Programming/ros2_tut/igvc/build/ublox -- -j16 -l16
[0.555s] Invoking command in '/home/gurupranav/Programming/ros2_tut/igvc/build/ublox': CMAKE_PREFIX_PATH=/home/gurupranav/Programming/ros2_tut/igvc/install/ublox_gps:/home/gurupranav/Programming/ros2_tut/igvc/install/ublox_msgs:/home/gurupranav/Programming/ros2_tut/igvc/install/ublox_serialization:/home/gurupranav/Programming/ros2_tut/igvc/install/ublox:/home/gurupranav/Programming/ros2_tut/igvc/install/rplidar_ros:/opt/ros/humble /usr/bin/cmake --install /home/gurupranav/Programming/ros2_tut/igvc/build/ublox
[0.565s] -- Install configuration: ""
[0.566s] -- Up-to-date: /home/gurupranav/Programming/ros2_tut/igvc/install/ublox/share/ament_index/resource_index/package_run_dependencies/ublox
[0.567s] -- Up-to-date: /home/gurupranav/Programming/ros2_tut/igvc/install/ublox/share/ament_index/resource_index/parent_prefix_path/ublox
[0.567s] -- Up-to-date: /home/gurupranav/Programming/ros2_tut/igvc/install/ublox/share/ublox/environment/ament_prefix_path.sh
[0.567s] -- Up-to-date: /home/gurupranav/Programming/ros2_tut/igvc/install/ublox/share/ublox/environment/ament_prefix_path.dsv
[0.568s] -- Up-to-date: /home/gurupranav/Programming/ros2_tut/igvc/install/ublox/share/ublox/environment/path.sh
[0.568s] -- Up-to-date: /home/gurupranav/Programming/ros2_tut/igvc/install/ublox/share/ublox/environment/path.dsv
[0.568s] -- Up-to-date: /home/gurupranav/Programming/ros2_tut/igvc/install/ublox/share/ublox/local_setup.bash
[0.569s] -- Up-to-date: /home/gurupranav/Programming/ros2_tut/igvc/install/ublox/share/ublox/local_setup.sh
[0.569s] -- Up-to-date: /home/gurupranav/Programming/ros2_tut/igvc/install/ublox/share/ublox/local_setup.zsh
[0.569s] -- Up-to-date: /home/gurupranav/Programming/ros2_tut/igvc/install/ublox/share/ublox/local_setup.dsv
[0.569s] -- Installing: /home/gurupranav/Programming/ros2_tut/igvc/install/ublox/share/ublox/package.dsv
[0.569s] -- Up-to-date: /home/gurupranav/Programming/ros2_tut/igvc/install/ublox/share/ament_index/resource_index/packages/ublox
[0.569s] -- Up-to-date: /home/gurupranav/Programming/ros2_tut/igvc/install/ublox/share/ublox/cmake/ubloxConfig.cmake
[0.569s] -- Up-to-date: /home/gurupranav/Programming/ros2_tut/igvc/install/ublox/share/ublox/cmake/ubloxConfig-version.cmake
[0.569s] -- Up-to-date: /home/gurupranav/Programming/ros2_tut/igvc/install/ublox/share/ublox/package.xml
[0.573s] Invoked command in '/home/gurupranav/Programming/ros2_tut/igvc/build/ublox' returned '0': CMAKE_PREFIX_PATH=/home/gurupranav/Programming/ros2_tut/igvc/install/ublox_gps:/home/gurupranav/Programming/ros2_tut/igvc/install/ublox_msgs:/home/gurupranav/Programming/ros2_tut/igvc/install/ublox_serialization:/home/gurupranav/Programming/ros2_tut/igvc/install/ublox:/home/gurupranav/Programming/ros2_tut/igvc/install/rplidar_ros:/opt/ros/humble /usr/bin/cmake --install /home/gurupranav/Programming/ros2_tut/igvc/build/ublox
