[0.000000] (-) TimerEvent: {}
[0.000708] (rplidar_ros) JobQueued: {'identifier': 'rplidar_ros', 'dependencies': OrderedDict()}
[0.000981] (rplidar_ros) JobStarted: {'identifier': 'rplidar_ros'}
[0.015169] (rplidar_ros) JobProgress: {'identifier': 'rplidar_ros', 'progress': 'cmake'}
[0.015995] (rplidar_ros) JobProgress: {'identifier': 'rplidar_ros', 'progress': 'build'}
[0.017125] (rplidar_ros) Command: {'cmd': ['/usr/bin/cmake', '--build', '/home/gurupranav/Programming/ros2_tut/rplidar_ros/build/rplidar_ros', '--', '-j16', '-l16'], 'cwd': '/home/gurupranav/Programming/ros2_tut/rplidar_ros/build/rplidar_ros', 'env': OrderedDict([('USER', 'gurupranav'), ('WT_PROFILE_ID', '{51855cb2-8cce-5362-8f54-464b92b32386}'), ('SHLVL', '1'), ('LD_LIBRARY_PATH', '/opt/ros/humble/opt/rviz_ogre_vendor/lib:/opt/ros/humble/lib/x86_64-linux-gnu:/opt/ros/humble/lib'), ('HOME', '/home/gurupranav'), ('OLDPWD', '/home/gurupranav/Programming/ros2_tut'), ('LESS', '-R'), ('NVM_BIN', '/home/gurupranav/.nvm/versions/node/v22.5.0/bin'), ('ZSH', '/home/gurupranav/.oh-my-zsh'), ('LSCOLORS', 'Gxfxcxdxbxegedabagacad'), ('NVM_INC', '/home/gurupranav/.nvm/versions/node/v22.5.0/include/node'), ('PAGER', 'less'), ('ROS_PYTHON_VERSION', '3'), ('DBUS_SESSION_BUS_ADDRESS', 'unix:path=/run/user/1000/bus'), ('P9K_TTY', 'old'), ('WSL_DISTRO_NAME', 'Ubuntu'), ('NVM_DIR', '/home/gurupranav/.nvm'), ('WAYLAND_DISPLAY', 'wayland-0'), ('ROS_DISTRO', 'humble'), ('LOGNAME', 'gurupranav'), ('PULSE_SERVER', 'unix:/mnt/wslg/PulseServer'), ('WSL_INTEROP', '/run/WSL/4892_interop'), ('NAME', 'LAPTOP-D0AFMG2O'), ('_P9K_SSH_TTY', '/dev/pts/5'), ('_', '/usr/bin/colcon'), ('ROS_VERSION', '2'), ('TERM', 'xterm-256color'), ('ROS_LOCALHOST_ONLY', '0'), ('PATH', '/home/gurupranav/.local/share/pnpm:/home/gurupranav/.deno/bin:/home/gurupranav/.local/bin:/opt/ros/humble/bin:/home/gurupranav/.nvm/versions/node/v22.5.0/bin:/usr/local/sbin:/usr/local/bin:/usr/sbin:/usr/bin:/sbin:/bin:/usr/games:/usr/local/games:/usr/lib/wsl/lib:/mnt/d/Python/Scripts/:/mnt/d/Python/:/mnt/c/Program Files (x86)/Common Files/Oracle/Java/javapath:/mnt/d/c++/Libraries/vulkan/1.3/Bin:/mnt/c/Windows/system32:/mnt/c/Windows:/mnt/c/Windows/System32/Wbem:/mnt/c/Windows/System32/WindowsPowerShell/v1.0/:/mnt/c/Windows/System32/OpenSSH/:/mnt/c/Program Files (x86)/NVIDIA Corporation/PhysX/Common:/mnt/c/Program Files/NVIDIA Corporation/NVIDIA NvDLISR:/mnt/c/Program Files/Go/bin:/mnt/c/Program Files/CMake/bin:/mnt/c/Program Files/Git/cmd:/mnt/c/Program Files/GitHub CLI/:/mnt/c/Program Files/Neovim/bin:/mnt/c/ProgramData/chocolatey/bin:/mnt/c/Program Files/Docker/Docker/resources/bin:/mnt/c/Program Files/usbipd-win/:/mnt/c/Program Files/dotnet/:/mnt/c/Program Files (x86)/Windows Kits/10/Windows Performance Toolkit/:/mnt/c/Program Files/PowerShell/7/:/mnt/c/Users/GURU PRANAV PR/scoop/shims:/mnt/c/Users/GURU PRANAV PR/AppData/Local/pnpm:/mnt/c/Users/GURU PRANAV PR/AppData/Local/Programs/Python/Launcher/:/mnt/c/Users/GURU PRANAV PR/AppData/Local/Microsoft/WindowsApps:/mnt/c/Users/GURU PRANAV PR/AppData/Local/Programs/Microsoft VS Code/bin:/mnt/c/Users/GURU PRANAV PR/go/bin:/mnt/c/MinGW/bin:/mnt/c/Users/GURU PRANAV PR/AppData/Local/GitHubDesktop/bin:/mnt/d/JetBrains Pycharm/PyCharm Community Edition 2024.2.0.1/bin:/mnt/c/Users/GURU PRANAV PR/.dotnet/tools:/mnt/c/Users/GURU PRANAV PR/AppData/Local/Programs/Microsoft VS Code Insiders/bin:/mnt/c/Users/GURU PRANAV PR/AppData/Roaming/npm:/mnt/c/Users/GURU PRANAV PR/AppData/Local/Microsoft/WinGet/Packages/DenoLand.Deno_Microsoft.Winget.Source_8wekyb3d8bbwe:/mnt/c/Users/GURU PRANAV PR/AppData/Roaming/nvm:/mnt/c/Program Files/nodejs:/mnt/c/Users/GURU PRANAV PR/AppData/Local/JetBrains/Toolbox/scripts:/mnt/c/Users/GURU PRANAV PR/AppData/Local/Programs/Hyper/resources/bin:/mnt/c/Users/GURU PRANAV PR/.dotnet/tools:/home/gurupranav/.yarn/bin:/opt/nvim-linux64/bin:/home/gurupranav/.local/bin'), ('XDG_RUNTIME_DIR', '/run/user/1000/'), ('WT_SESSION', '3cb90654-2f46-413f-8b86-c3e8c16cdef4'), ('DISPLAY', ':0'), ('DENO_INSTALL', '/home/gurupranav/.deno'), ('LANG', 'en_US.UTF-8'), ('LS_COLORS', 'rs=0:no=00:mi=00:mh=00:ln=01;36:or=01;31:di=01;34:ow=04;01;34:st=34:tw=04;34:pi=01;33:so=01;33:do=01;33:bd=01;33:cd=01;33:su=01;35:sg=01;35:ca=01;35:ex=01;32:'), ('AMENT_PREFIX_PATH', '/opt/ros/humble'), ('SHELL', '/usr/bin/zsh'), ('ENVMAN_LOAD', 'loaded'), ('P9K_SSH', '0'), ('PWD', '/home/gurupranav/Programming/ros2_tut/rplidar_ros/build/rplidar_ros'), ('_P9K_TTY', '/dev/pts/5'), ('NVM_CD_FLAGS', '-q'), ('PYTHONPATH', '/opt/ros/humble/lib/python3.10/site-packages:/opt/ros/humble/local/lib/python3.10/dist-packages'), ('COLCON', '1'), ('HOSTTYPE', 'x86_64'), ('WSL2_GUI_APPS_ENABLED', '1'), ('PNPM_HOME', '/home/gurupranav/.local/share/pnpm'), ('WSLENV', 'WT_SESSION:WT_PROFILE_ID:'), ('CMAKE_PREFIX_PATH', '/opt/ros/humble')]), 'shell': False}
[0.098263] (-) TimerEvent: {}
[0.167547] (rplidar_ros) StdoutLine: {'line': b'[  3%] Built target rplidar_client\n'}
[0.189589] (rplidar_ros) StdoutLine: {'line': b'[ 33%] Built target ament_cmake_python_copy_rplidar_ros\n'}
[0.189979] (rplidar_ros) StdoutLine: {'line': b'[ 35%] Built target lidar_map_node\n'}
[0.198479] (-) TimerEvent: {}
[0.200521] (rplidar_ros) StdoutLine: {'line': b'[ 67%] Built target rplidar_node\n'}
[0.222085] (rplidar_ros) StdoutLine: {'line': b'[100%] Built target rplidar_composition\n'}
[0.298746] (-) TimerEvent: {}
[0.399615] (-) TimerEvent: {}
[0.500152] (-) TimerEvent: {}
[0.583995] (rplidar_ros) StdoutLine: {'line': b'running egg_info\n'}
[0.584816] (rplidar_ros) StdoutLine: {'line': b'writing rplidar_ros.egg-info/PKG-INFO\n'}
[0.585244] (rplidar_ros) StdoutLine: {'line': b'writing dependency_links to rplidar_ros.egg-info/dependency_links.txt\n'}
[0.585493] (rplidar_ros) StdoutLine: {'line': b'writing top-level names to rplidar_ros.egg-info/top_level.txt\n'}
[0.588324] (rplidar_ros) StdoutLine: {'line': b"reading manifest file 'rplidar_ros.egg-info/SOURCES.txt'\n"}
[0.589229] (rplidar_ros) StdoutLine: {'line': b"writing manifest file 'rplidar_ros.egg-info/SOURCES.txt'\n"}
[0.600405] (-) TimerEvent: {}
[0.624404] (rplidar_ros) StdoutLine: {'line': b'[100%] Built target ament_cmake_python_build_rplidar_ros_egg\n'}
[0.642527] (rplidar_ros) CommandEnded: {'returncode': 0}
[0.700686] (-) TimerEvent: {}
[0.756086] (rplidar_ros) JobProgress: {'identifier': 'rplidar_ros', 'progress': 'install'}
[0.770361] (rplidar_ros) Command: {'cmd': ['/usr/bin/cmake', '--install', '/home/gurupranav/Programming/ros2_tut/rplidar_ros/build/rplidar_ros'], 'cwd': '/home/gurupranav/Programming/ros2_tut/rplidar_ros/build/rplidar_ros', 'env': OrderedDict([('USER', 'gurupranav'), ('WT_PROFILE_ID', '{51855cb2-8cce-5362-8f54-464b92b32386}'), ('SHLVL', '1'), ('LD_LIBRARY_PATH', '/opt/ros/humble/opt/rviz_ogre_vendor/lib:/opt/ros/humble/lib/x86_64-linux-gnu:/opt/ros/humble/lib'), ('HOME', '/home/gurupranav'), ('OLDPWD', '/home/gurupranav/Programming/ros2_tut'), ('LESS', '-R'), ('NVM_BIN', '/home/gurupranav/.nvm/versions/node/v22.5.0/bin'), ('ZSH', '/home/gurupranav/.oh-my-zsh'), ('LSCOLORS', 'Gxfxcxdxbxegedabagacad'), ('NVM_INC', '/home/gurupranav/.nvm/versions/node/v22.5.0/include/node'), ('PAGER', 'less'), ('ROS_PYTHON_VERSION', '3'), ('DBUS_SESSION_BUS_ADDRESS', 'unix:path=/run/user/1000/bus'), ('P9K_TTY', 'old'), ('WSL_DISTRO_NAME', 'Ubuntu'), ('NVM_DIR', '/home/gurupranav/.nvm'), ('WAYLAND_DISPLAY', 'wayland-0'), ('ROS_DISTRO', 'humble'), ('LOGNAME', 'gurupranav'), ('PULSE_SERVER', 'unix:/mnt/wslg/PulseServer'), ('WSL_INTEROP', '/run/WSL/4892_interop'), ('NAME', 'LAPTOP-D0AFMG2O'), ('_P9K_SSH_TTY', '/dev/pts/5'), ('_', '/usr/bin/colcon'), ('ROS_VERSION', '2'), ('TERM', 'xterm-256color'), ('ROS_LOCALHOST_ONLY', '0'), ('PATH', '/home/gurupranav/.local/share/pnpm:/home/gurupranav/.deno/bin:/home/gurupranav/.local/bin:/opt/ros/humble/bin:/home/gurupranav/.nvm/versions/node/v22.5.0/bin:/usr/local/sbin:/usr/local/bin:/usr/sbin:/usr/bin:/sbin:/bin:/usr/games:/usr/local/games:/usr/lib/wsl/lib:/mnt/d/Python/Scripts/:/mnt/d/Python/:/mnt/c/Program Files (x86)/Common Files/Oracle/Java/javapath:/mnt/d/c++/Libraries/vulkan/1.3/Bin:/mnt/c/Windows/system32:/mnt/c/Windows:/mnt/c/Windows/System32/Wbem:/mnt/c/Windows/System32/WindowsPowerShell/v1.0/:/mnt/c/Windows/System32/OpenSSH/:/mnt/c/Program Files (x86)/NVIDIA Corporation/PhysX/Common:/mnt/c/Program Files/NVIDIA Corporation/NVIDIA NvDLISR:/mnt/c/Program Files/Go/bin:/mnt/c/Program Files/CMake/bin:/mnt/c/Program Files/Git/cmd:/mnt/c/Program Files/GitHub CLI/:/mnt/c/Program Files/Neovim/bin:/mnt/c/ProgramData/chocolatey/bin:/mnt/c/Program Files/Docker/Docker/resources/bin:/mnt/c/Program Files/usbipd-win/:/mnt/c/Program Files/dotnet/:/mnt/c/Program Files (x86)/Windows Kits/10/Windows Performance Toolkit/:/mnt/c/Program Files/PowerShell/7/:/mnt/c/Users/GURU PRANAV PR/scoop/shims:/mnt/c/Users/GURU PRANAV PR/AppData/Local/pnpm:/mnt/c/Users/GURU PRANAV PR/AppData/Local/Programs/Python/Launcher/:/mnt/c/Users/GURU PRANAV PR/AppData/Local/Microsoft/WindowsApps:/mnt/c/Users/GURU PRANAV PR/AppData/Local/Programs/Microsoft VS Code/bin:/mnt/c/Users/GURU PRANAV PR/go/bin:/mnt/c/MinGW/bin:/mnt/c/Users/GURU PRANAV PR/AppData/Local/GitHubDesktop/bin:/mnt/d/JetBrains Pycharm/PyCharm Community Edition 2024.2.0.1/bin:/mnt/c/Users/GURU PRANAV PR/.dotnet/tools:/mnt/c/Users/GURU PRANAV PR/AppData/Local/Programs/Microsoft VS Code Insiders/bin:/mnt/c/Users/GURU PRANAV PR/AppData/Roaming/npm:/mnt/c/Users/GURU PRANAV PR/AppData/Local/Microsoft/WinGet/Packages/DenoLand.Deno_Microsoft.Winget.Source_8wekyb3d8bbwe:/mnt/c/Users/GURU PRANAV PR/AppData/Roaming/nvm:/mnt/c/Program Files/nodejs:/mnt/c/Users/GURU PRANAV PR/AppData/Local/JetBrains/Toolbox/scripts:/mnt/c/Users/GURU PRANAV PR/AppData/Local/Programs/Hyper/resources/bin:/mnt/c/Users/GURU PRANAV PR/.dotnet/tools:/home/gurupranav/.yarn/bin:/opt/nvim-linux64/bin:/home/gurupranav/.local/bin'), ('XDG_RUNTIME_DIR', '/run/user/1000/'), ('WT_SESSION', '3cb90654-2f46-413f-8b86-c3e8c16cdef4'), ('DISPLAY', ':0'), ('DENO_INSTALL', '/home/gurupranav/.deno'), ('LANG', 'en_US.UTF-8'), ('LS_COLORS', 'rs=0:no=00:mi=00:mh=00:ln=01;36:or=01;31:di=01;34:ow=04;01;34:st=34:tw=04;34:pi=01;33:so=01;33:do=01;33:bd=01;33:cd=01;33:su=01;35:sg=01;35:ca=01;35:ex=01;32:'), ('AMENT_PREFIX_PATH', '/opt/ros/humble'), ('SHELL', '/usr/bin/zsh'), ('ENVMAN_LOAD', 'loaded'), ('P9K_SSH', '0'), ('PWD', '/home/gurupranav/Programming/ros2_tut/rplidar_ros/build/rplidar_ros'), ('_P9K_TTY', '/dev/pts/5'), ('NVM_CD_FLAGS', '-q'), ('PYTHONPATH', '/opt/ros/humble/lib/python3.10/site-packages:/opt/ros/humble/local/lib/python3.10/dist-packages'), ('COLCON', '1'), ('HOSTTYPE', 'x86_64'), ('WSL2_GUI_APPS_ENABLED', '1'), ('PNPM_HOME', '/home/gurupranav/.local/share/pnpm'), ('WSLENV', 'WT_SESSION:WT_PROFILE_ID:'), ('CMAKE_PREFIX_PATH', '/opt/ros/humble')]), 'shell': False}
[0.783032] (rplidar_ros) StdoutLine: {'line': b'-- Install configuration: ""\n'}
[0.783683] (rplidar_ros) StdoutLine: {'line': b'-- Up-to-date: /home/gurupranav/Programming/ros2_tut/rplidar_ros/install/rplidar_ros/share/rplidar_ros/environment/pythonpath.sh\n'}
[0.783808] (rplidar_ros) StdoutLine: {'line': b'-- Up-to-date: /home/gurupranav/Programming/ros2_tut/rplidar_ros/install/rplidar_ros/share/rplidar_ros/environment/pythonpath.dsv\n'}
[0.784058] (rplidar_ros) StdoutLine: {'line': b'-- Up-to-date: /home/gurupranav/Programming/ros2_tut/rplidar_ros/install/rplidar_ros/local/lib/python3.10/dist-packages/rplidar_ros-2.1.4-py3.10.egg-info\n'}
[0.784186] (rplidar_ros) StdoutLine: {'line': b'-- Installing: /home/gurupranav/Programming/ros2_tut/rplidar_ros/install/rplidar_ros/local/lib/python3.10/dist-packages/rplidar_ros-2.1.4-py3.10.egg-info/SOURCES.txt\n'}
[0.784293] (rplidar_ros) StdoutLine: {'line': b'-- Installing: /home/gurupranav/Programming/ros2_tut/rplidar_ros/install/rplidar_ros/local/lib/python3.10/dist-packages/rplidar_ros-2.1.4-py3.10.egg-info/dependency_links.txt\n'}
[0.784806] (rplidar_ros) StdoutLine: {'line': b'-- Installing: /home/gurupranav/Programming/ros2_tut/rplidar_ros/install/rplidar_ros/local/lib/python3.10/dist-packages/rplidar_ros-2.1.4-py3.10.egg-info/PKG-INFO\n'}
[0.785127] (rplidar_ros) StdoutLine: {'line': b'-- Installing: /home/gurupranav/Programming/ros2_tut/rplidar_ros/install/rplidar_ros/local/lib/python3.10/dist-packages/rplidar_ros-2.1.4-py3.10.egg-info/top_level.txt\n'}
[0.785573] (rplidar_ros) StdoutLine: {'line': b'-- Up-to-date: /home/gurupranav/Programming/ros2_tut/rplidar_ros/install/rplidar_ros/local/lib/python3.10/dist-packages/rplidar_ros\n'}
[0.785895] (rplidar_ros) StdoutLine: {'line': b'-- Up-to-date: /home/gurupranav/Programming/ros2_tut/rplidar_ros/install/rplidar_ros/local/lib/python3.10/dist-packages/rplidar_ros/cv_to_map.py\n'}
[0.786273] (rplidar_ros) StdoutLine: {'line': b'-- Up-to-date: /home/gurupranav/Programming/ros2_tut/rplidar_ros/install/rplidar_ros/local/lib/python3.10/dist-packages/rplidar_ros/cv_to_map2.py\n'}
[0.786842] (rplidar_ros) StdoutLine: {'line': b'-- Up-to-date: /home/gurupranav/Programming/ros2_tut/rplidar_ros/install/rplidar_ros/local/lib/python3.10/dist-packages/rplidar_ros/rplidar_client.cpp\n'}
[0.787100] (rplidar_ros) StdoutLine: {'line': b'-- Up-to-date: /home/gurupranav/Programming/ros2_tut/rplidar_ros/install/rplidar_ros/local/lib/python3.10/dist-packages/rplidar_ros/igvc_slam_node.py\n'}
[0.787306] (rplidar_ros) StdoutLine: {'line': b'-- Up-to-date: /home/gurupranav/Programming/ros2_tut/rplidar_ros/install/rplidar_ros/local/lib/python3.10/dist-packages/rplidar_ros/rplidar_node.cpp\n'}
[0.787729] (rplidar_ros) StdoutLine: {'line': b'-- Up-to-date: /home/gurupranav/Programming/ros2_tut/rplidar_ros/install/rplidar_ros/local/lib/python3.10/dist-packages/rplidar_ros/__init__.py\n'}
[0.787925] (rplidar_ros) StdoutLine: {'line': b'-- Up-to-date: /home/gurupranav/Programming/ros2_tut/rplidar_ros/install/rplidar_ros/local/lib/python3.10/dist-packages/rplidar_ros/lidar_map_node.cpp\n'}
[0.800896] (-) TimerEvent: {}
[0.849199] (rplidar_ros) StdoutLine: {'line': b"Listing '/home/gurupranav/Programming/ros2_tut/rplidar_ros/install/rplidar_ros/local/lib/python3.10/dist-packages/rplidar_ros'...\n"}
[0.850167] (rplidar_ros) StdoutLine: {'line': b"Listing '/home/gurupranav/Programming/ros2_tut/rplidar_ros/install/rplidar_ros/local/lib/python3.10/dist-packages/rplidar_ros/ros2-ublox-zedf9p'...\n"}
[0.850357] (rplidar_ros) StdoutLine: {'line': b"Listing '/home/gurupranav/Programming/ros2_tut/rplidar_ros/install/rplidar_ros/local/lib/python3.10/dist-packages/rplidar_ros/ros2-ublox-zedf9p/.git'...\n"}
[0.850512] (rplidar_ros) StdoutLine: {'line': b"Listing '/home/gurupranav/Programming/ros2_tut/rplidar_ros/install/rplidar_ros/local/lib/python3.10/dist-packages/rplidar_ros/ros2-ublox-zedf9p/.git/branches'...\n"}
[0.850651] (rplidar_ros) StdoutLine: {'line': b"Listing '/home/gurupranav/Programming/ros2_tut/rplidar_ros/install/rplidar_ros/local/lib/python3.10/dist-packages/rplidar_ros/ros2-ublox-zedf9p/.git/hooks'...\n"}
[0.850783] (rplidar_ros) StdoutLine: {'line': b"Listing '/home/gurupranav/Programming/ros2_tut/rplidar_ros/install/rplidar_ros/local/lib/python3.10/dist-packages/rplidar_ros/ros2-ublox-zedf9p/.git/info'...\n"}
[0.850920] (rplidar_ros) StdoutLine: {'line': b"Listing '/home/gurupranav/Programming/ros2_tut/rplidar_ros/install/rplidar_ros/local/lib/python3.10/dist-packages/rplidar_ros/ros2-ublox-zedf9p/.git/logs'...\n"}
[0.851049] (rplidar_ros) StdoutLine: {'line': b"Listing '/home/gurupranav/Programming/ros2_tut/rplidar_ros/install/rplidar_ros/local/lib/python3.10/dist-packages/rplidar_ros/ros2-ublox-zedf9p/.git/logs/refs'...\n"}
[0.851179] (rplidar_ros) StdoutLine: {'line': b"Listing '/home/gurupranav/Programming/ros2_tut/rplidar_ros/install/rplidar_ros/local/lib/python3.10/dist-packages/rplidar_ros/ros2-ublox-zedf9p/.git/logs/refs/heads'...\n"}
[0.851344] (rplidar_ros) StdoutLine: {'line': b"Listing '/home/gurupranav/Programming/ros2_tut/rplidar_ros/install/rplidar_ros/local/lib/python3.10/dist-packages/rplidar_ros/ros2-ublox-zedf9p/.git/logs/refs/remotes'...\n"}
[0.851469] (rplidar_ros) StdoutLine: {'line': b"Listing '/home/gurupranav/Programming/ros2_tut/rplidar_ros/install/rplidar_ros/local/lib/python3.10/dist-packages/rplidar_ros/ros2-ublox-zedf9p/.git/logs/refs/remotes/origin'...\n"}
[0.851600] (rplidar_ros) StdoutLine: {'line': b"Listing '/home/gurupranav/Programming/ros2_tut/rplidar_ros/install/rplidar_ros/local/lib/python3.10/dist-packages/rplidar_ros/ros2-ublox-zedf9p/.git/objects'...\n"}
[0.851806] (rplidar_ros) StdoutLine: {'line': b"Listing '/home/gurupranav/Programming/ros2_tut/rplidar_ros/install/rplidar_ros/local/lib/python3.10/dist-packages/rplidar_ros/ros2-ublox-zedf9p/.git/objects/info'...\n"}
[0.851960] (rplidar_ros) StdoutLine: {'line': b"Listing '/home/gurupranav/Programming/ros2_tut/rplidar_ros/install/rplidar_ros/local/lib/python3.10/dist-packages/rplidar_ros/ros2-ublox-zedf9p/.git/objects/pack'...\n"}
[0.852103] (rplidar_ros) StdoutLine: {'line': b"Listing '/home/gurupranav/Programming/ros2_tut/rplidar_ros/install/rplidar_ros/local/lib/python3.10/dist-packages/rplidar_ros/ros2-ublox-zedf9p/.git/refs'...\n"}
[0.852243] (rplidar_ros) StdoutLine: {'line': b"Listing '/home/gurupranav/Programming/ros2_tut/rplidar_ros/install/rplidar_ros/local/lib/python3.10/dist-packages/rplidar_ros/ros2-ublox-zedf9p/.git/refs/heads'...\n"}
[0.852378] (rplidar_ros) StdoutLine: {'line': b"Listing '/home/gurupranav/Programming/ros2_tut/rplidar_ros/install/rplidar_ros/local/lib/python3.10/dist-packages/rplidar_ros/ros2-ublox-zedf9p/.git/refs/remotes'...\n"}
[0.852506] (rplidar_ros) StdoutLine: {'line': b"Listing '/home/gurupranav/Programming/ros2_tut/rplidar_ros/install/rplidar_ros/local/lib/python3.10/dist-packages/rplidar_ros/ros2-ublox-zedf9p/.git/refs/remotes/origin'...\n"}
[0.852635] (rplidar_ros) StdoutLine: {'line': b"Listing '/home/gurupranav/Programming/ros2_tut/rplidar_ros/install/rplidar_ros/local/lib/python3.10/dist-packages/rplidar_ros/ros2-ublox-zedf9p/.git/refs/tags'...\n"}
[0.852764] (rplidar_ros) StdoutLine: {'line': b"Listing '/home/gurupranav/Programming/ros2_tut/rplidar_ros/install/rplidar_ros/local/lib/python3.10/dist-packages/rplidar_ros/ros2-ublox-zedf9p/pics'...\n"}
[0.852889] (rplidar_ros) StdoutLine: {'line': b"Listing '/home/gurupranav/Programming/ros2_tut/rplidar_ros/install/rplidar_ros/local/lib/python3.10/dist-packages/rplidar_ros/ros2-ublox-zedf9p/ublox'...\n"}
[0.853021] (rplidar_ros) StdoutLine: {'line': b"Listing '/home/gurupranav/Programming/ros2_tut/rplidar_ros/install/rplidar_ros/local/lib/python3.10/dist-packages/rplidar_ros/ros2-ublox-zedf9p/ublox_gps'...\n"}
[0.853151] (rplidar_ros) StdoutLine: {'line': b"Listing '/home/gurupranav/Programming/ros2_tut/rplidar_ros/install/rplidar_ros/local/lib/python3.10/dist-packages/rplidar_ros/ros2-ublox-zedf9p/ublox_gps/cmake'...\n"}
[0.853287] (rplidar_ros) StdoutLine: {'line': b"Listing '/home/gurupranav/Programming/ros2_tut/rplidar_ros/install/rplidar_ros/local/lib/python3.10/dist-packages/rplidar_ros/ros2-ublox-zedf9p/ublox_gps/config'...\n"}
[0.853439] (rplidar_ros) StdoutLine: {'line': b"Listing '/home/gurupranav/Programming/ros2_tut/rplidar_ros/install/rplidar_ros/local/lib/python3.10/dist-packages/rplidar_ros/ros2-ublox-zedf9p/ublox_gps/include'...\n"}
[0.853612] (rplidar_ros) StdoutLine: {'line': b"Listing '/home/gurupranav/Programming/ros2_tut/rplidar_ros/install/rplidar_ros/local/lib/python3.10/dist-packages/rplidar_ros/ros2-ublox-zedf9p/ublox_gps/include/ublox_gps'...\n"}
[0.853765] (rplidar_ros) StdoutLine: {'line': b"Listing '/home/gurupranav/Programming/ros2_tut/rplidar_ros/install/rplidar_ros/local/lib/python3.10/dist-packages/rplidar_ros/ros2-ublox-zedf9p/ublox_gps/launch'...\n"}
[0.853916] (rplidar_ros) StdoutLine: {'line': b"Listing '/home/gurupranav/Programming/ros2_tut/rplidar_ros/install/rplidar_ros/local/lib/python3.10/dist-packages/rplidar_ros/ros2-ublox-zedf9p/ublox_gps/src'...\n"}
[0.854104] (rplidar_ros) StdoutLine: {'line': b"Listing '/home/gurupranav/Programming/ros2_tut/rplidar_ros/install/rplidar_ros/local/lib/python3.10/dist-packages/rplidar_ros/ros2-ublox-zedf9p/ublox_msgs'...\n"}
[0.854210] (rplidar_ros) StdoutLine: {'line': b"Listing '/home/gurupranav/Programming/ros2_tut/rplidar_ros/install/rplidar_ros/local/lib/python3.10/dist-packages/rplidar_ros/ros2-ublox-zedf9p/ublox_msgs/include'...\n"}
[0.854299] (rplidar_ros) StdoutLine: {'line': b"Listing '/home/gurupranav/Programming/ros2_tut/rplidar_ros/install/rplidar_ros/local/lib/python3.10/dist-packages/rplidar_ros/ros2-ublox-zedf9p/ublox_msgs/include/ublox_msgs'...\n"}
[0.854393] (rplidar_ros) StdoutLine: {'line': b"Listing '/home/gurupranav/Programming/ros2_tut/rplidar_ros/install/rplidar_ros/local/lib/python3.10/dist-packages/rplidar_ros/ros2-ublox-zedf9p/ublox_msgs/msg'...\n"}
[0.854475] (rplidar_ros) StdoutLine: {'line': b"Listing '/home/gurupranav/Programming/ros2_tut/rplidar_ros/install/rplidar_ros/local/lib/python3.10/dist-packages/rplidar_ros/ros2-ublox-zedf9p/ublox_msgs/src'...\n"}
[0.854576] (rplidar_ros) StdoutLine: {'line': b"Listing '/home/gurupranav/Programming/ros2_tut/rplidar_ros/install/rplidar_ros/local/lib/python3.10/dist-packages/rplidar_ros/ros2-ublox-zedf9p/ublox_serialization'...\n"}
[0.854657] (rplidar_ros) StdoutLine: {'line': b"Listing '/home/gurupranav/Programming/ros2_tut/rplidar_ros/install/rplidar_ros/local/lib/python3.10/dist-packages/rplidar_ros/ros2-ublox-zedf9p/ublox_serialization/include'...\n"}
[0.854739] (rplidar_ros) StdoutLine: {'line': b"Listing '/home/gurupranav/Programming/ros2_tut/rplidar_ros/install/rplidar_ros/local/lib/python3.10/dist-packages/rplidar_ros/ros2-ublox-zedf9p/ublox_serialization/include/ublox_serialization'...\n"}
[0.856040] (rplidar_ros) StdoutLine: {'line': b'-- Up-to-date: /home/gurupranav/Programming/ros2_tut/rplidar_ros/install/rplidar_ros/share/rplidar_ros/launch\n'}
[0.856652] (rplidar_ros) StdoutLine: {'line': b'-- Up-to-date: /home/gurupranav/Programming/ros2_tut/rplidar_ros/install/rplidar_ros/share/rplidar_ros/launch/rplidar_s3_launch.py\n'}
[0.857011] (rplidar_ros) StdoutLine: {'line': b'-- Up-to-date: /home/gurupranav/Programming/ros2_tut/rplidar_ros/install/rplidar_ros/share/rplidar_ros/launch/view_rplidar_s2_launch.py\n'}
[0.857608] (rplidar_ros) StdoutLine: {'line': b'-- Up-to-date: /home/gurupranav/Programming/ros2_tut/rplidar_ros/install/rplidar_ros/share/rplidar_ros/launch/rplidar_a2m8_launch.py\n'}
[0.857987] (rplidar_ros) StdoutLine: {'line': b'-- Up-to-date: /home/gurupranav/Programming/ros2_tut/rplidar_ros/install/rplidar_ros/share/rplidar_ros/launch/rplidar_s2_launch.py\n'}
[0.858349] (rplidar_ros) StdoutLine: {'line': b'-- Up-to-date: /home/gurupranav/Programming/ros2_tut/rplidar_ros/install/rplidar_ros/share/rplidar_ros/launch/view_rplidar_a2m7_launch.py\n'}
[0.858706] (rplidar_ros) StdoutLine: {'line': b'-- Up-to-date: /home/gurupranav/Programming/ros2_tut/rplidar_ros/install/rplidar_ros/share/rplidar_ros/launch/view_rplidar_c1_launch.py\n'}
[0.859062] (rplidar_ros) StdoutLine: {'line': b'-- Up-to-date: /home/gurupranav/Programming/ros2_tut/rplidar_ros/install/rplidar_ros/share/rplidar_ros/launch/view_rplidar_a2m12_launch.py\n'}
[0.859648] (rplidar_ros) StdoutLine: {'line': b'-- Up-to-date: /home/gurupranav/Programming/ros2_tut/rplidar_ros/install/rplidar_ros/share/rplidar_ros/launch/view_rplidar_s1_tcp_launch.py\n'}
[0.860040] (rplidar_ros) StdoutLine: {'line': b'-- Up-to-date: /home/gurupranav/Programming/ros2_tut/rplidar_ros/install/rplidar_ros/share/rplidar_ros/launch/rplidar_s1_tcp_launch.py\n'}
[0.860424] (rplidar_ros) StdoutLine: {'line': b'-- Up-to-date: /home/gurupranav/Programming/ros2_tut/rplidar_ros/install/rplidar_ros/share/rplidar_ros/launch/rplidar_c1_launch.py\n'}
[0.860817] (rplidar_ros) StdoutLine: {'line': b'-- Up-to-date: /home/gurupranav/Programming/ros2_tut/rplidar_ros/install/rplidar_ros/share/rplidar_ros/launch/view_rplidar_s3_launch.py\n'}
[0.861205] (rplidar_ros) StdoutLine: {'line': b'-- Up-to-date: /home/gurupranav/Programming/ros2_tut/rplidar_ros/install/rplidar_ros/share/rplidar_ros/launch/view_rplidar_t1_launch.py\n'}
[0.861687] (rplidar_ros) StdoutLine: {'line': b'-- Up-to-date: /home/gurupranav/Programming/ros2_tut/rplidar_ros/install/rplidar_ros/share/rplidar_ros/launch/rplidar_a2m7_launch.py\n'}
[0.862227] (rplidar_ros) StdoutLine: {'line': b'-- Up-to-date: /home/gurupranav/Programming/ros2_tut/rplidar_ros/install/rplidar_ros/share/rplidar_ros/launch/view_rplidar_a2m8_launch.py\n'}
[0.862620] (rplidar_ros) StdoutLine: {'line': b'-- Up-to-date: /home/gurupranav/Programming/ros2_tut/rplidar_ros/install/rplidar_ros/share/rplidar_ros/launch/rplidar_t1_launch.py\n'}
[0.862957] (rplidar_ros) StdoutLine: {'line': b'-- Up-to-date: /home/gurupranav/Programming/ros2_tut/rplidar_ros/install/rplidar_ros/share/rplidar_ros/launch/view_rplidar_s2e_launch.py\n'}
[0.863357] (rplidar_ros) StdoutLine: {'line': b'-- Up-to-date: /home/gurupranav/Programming/ros2_tut/rplidar_ros/install/rplidar_ros/share/rplidar_ros/launch/view_rplidar_a1_launch.py\n'}
[0.863719] (rplidar_ros) StdoutLine: {'line': b'-- Up-to-date: /home/gurupranav/Programming/ros2_tut/rplidar_ros/install/rplidar_ros/share/rplidar_ros/launch/rplidar_s2e_launch.py\n'}
[0.864076] (rplidar_ros) StdoutLine: {'line': b'-- Up-to-date: /home/gurupranav/Programming/ros2_tut/rplidar_ros/install/rplidar_ros/share/rplidar_ros/launch/rplidar_a2m12_launch.py\n'}
[0.864433] (rplidar_ros) StdoutLine: {'line': b'-- Up-to-date: /home/gurupranav/Programming/ros2_tut/rplidar_ros/install/rplidar_ros/share/rplidar_ros/launch/rplidar_s1_launch.py\n'}
[0.865040] (rplidar_ros) StdoutLine: {'line': b'-- Up-to-date: /home/gurupranav/Programming/ros2_tut/rplidar_ros/install/rplidar_ros/share/rplidar_ros/launch/rplidar_a3_launch.py\n'}
[0.865576] (rplidar_ros) StdoutLine: {'line': b'-- Installing: /home/gurupranav/Programming/ros2_tut/rplidar_ros/install/rplidar_ros/share/rplidar_ros/launch/rplidar_a1_launch.py\n'}
[0.866089] (rplidar_ros) StdoutLine: {'line': b'-- Up-to-date: /home/gurupranav/Programming/ros2_tut/rplidar_ros/install/rplidar_ros/share/rplidar_ros/launch/view_rplidar_a3_launch.py\n'}
[0.866456] (rplidar_ros) StdoutLine: {'line': b'-- Up-to-date: /home/gurupranav/Programming/ros2_tut/rplidar_ros/install/rplidar_ros/share/rplidar_ros/launch/view_rplidar_s1_launch.py\n'}
[0.866817] (rplidar_ros) StdoutLine: {'line': b'-- Up-to-date: /home/gurupranav/Programming/ros2_tut/rplidar_ros/install/rplidar_ros/share/rplidar_ros/rviz\n'}
[0.867030] (rplidar_ros) StdoutLine: {'line': b'-- Up-to-date: /home/gurupranav/Programming/ros2_tut/rplidar_ros/install/rplidar_ros/share/rplidar_ros/rviz/rplidar_ros.rviz\n'}
[0.867193] (rplidar_ros) StdoutLine: {'line': b'-- Up-to-date: /home/gurupranav/Programming/ros2_tut/rplidar_ros/install/rplidar_ros/lib/rplidar_ros/igvc_slam_node.py\n'}
[0.867340] (rplidar_ros) StdoutLine: {'line': b'-- Up-to-date: /home/gurupranav/Programming/ros2_tut/rplidar_ros/install/rplidar_ros/lib/rplidar_ros/cv_to_map2.py\n'}
[0.867570] (rplidar_ros) StdoutLine: {'line': b'-- Up-to-date: /home/gurupranav/Programming/ros2_tut/rplidar_ros/install/rplidar_ros/lib/rplidar_ros/rplidar_node\n'}
[0.867907] (rplidar_ros) StdoutLine: {'line': b'-- Up-to-date: /home/gurupranav/Programming/ros2_tut/rplidar_ros/install/rplidar_ros/lib/rplidar_ros/rplidar_composition\n'}
[0.868264] (rplidar_ros) StdoutLine: {'line': b'-- Up-to-date: /home/gurupranav/Programming/ros2_tut/rplidar_ros/install/rplidar_ros/lib/rplidar_ros/rplidar_client\n'}
[0.868618] (rplidar_ros) StdoutLine: {'line': b'-- Up-to-date: /home/gurupranav/Programming/ros2_tut/rplidar_ros/install/rplidar_ros/lib/rplidar_ros/lidar_map_node\n'}
[0.868974] (rplidar_ros) StdoutLine: {'line': b'-- Up-to-date: /home/gurupranav/Programming/ros2_tut/rplidar_ros/install/rplidar_ros/share/ament_index/resource_index/package_run_dependencies/rplidar_ros\n'}
[0.869328] (rplidar_ros) StdoutLine: {'line': b'-- Up-to-date: /home/gurupranav/Programming/ros2_tut/rplidar_ros/install/rplidar_ros/share/ament_index/resource_index/parent_prefix_path/rplidar_ros\n'}
[0.869683] (rplidar_ros) StdoutLine: {'line': b'-- Up-to-date: /home/gurupranav/Programming/ros2_tut/rplidar_ros/install/rplidar_ros/share/rplidar_ros/environment/ament_prefix_path.sh\n'}
[0.870036] (rplidar_ros) StdoutLine: {'line': b'-- Up-to-date: /home/gurupranav/Programming/ros2_tut/rplidar_ros/install/rplidar_ros/share/rplidar_ros/environment/ament_prefix_path.dsv\n'}
[0.870648] (rplidar_ros) StdoutLine: {'line': b'-- Up-to-date: /home/gurupranav/Programming/ros2_tut/rplidar_ros/install/rplidar_ros/share/rplidar_ros/environment/path.sh\n'}
[0.871145] (rplidar_ros) StdoutLine: {'line': b'-- Up-to-date: /home/gurupranav/Programming/ros2_tut/rplidar_ros/install/rplidar_ros/share/rplidar_ros/environment/path.dsv\n'}
[0.871580] (rplidar_ros) StdoutLine: {'line': b'-- Up-to-date: /home/gurupranav/Programming/ros2_tut/rplidar_ros/install/rplidar_ros/share/rplidar_ros/local_setup.bash\n'}
[0.871961] (rplidar_ros) StdoutLine: {'line': b'-- Up-to-date: /home/gurupranav/Programming/ros2_tut/rplidar_ros/install/rplidar_ros/share/rplidar_ros/local_setup.sh\n'}
[0.872408] (rplidar_ros) StdoutLine: {'line': b'-- Up-to-date: /home/gurupranav/Programming/ros2_tut/rplidar_ros/install/rplidar_ros/share/rplidar_ros/local_setup.zsh\n'}
[0.872927] (rplidar_ros) StdoutLine: {'line': b'-- Up-to-date: /home/gurupranav/Programming/ros2_tut/rplidar_ros/install/rplidar_ros/share/rplidar_ros/local_setup.dsv\n'}
[0.874455] (rplidar_ros) StdoutLine: {'line': b'-- Up-to-date: /home/gurupranav/Programming/ros2_tut/rplidar_ros/install/rplidar_ros/share/rplidar_ros/package.dsv\n'}
[0.874857] (rplidar_ros) StdoutLine: {'line': b'-- Up-to-date: /home/gurupranav/Programming/ros2_tut/rplidar_ros/install/rplidar_ros/share/ament_index/resource_index/packages/rplidar_ros\n'}
[0.875247] (rplidar_ros) StdoutLine: {'line': b'-- Up-to-date: /home/gurupranav/Programming/ros2_tut/rplidar_ros/install/rplidar_ros/share/rplidar_ros/cmake/ament_cmake_export_dependencies-extras.cmake\n'}
[0.875812] (rplidar_ros) StdoutLine: {'line': b'-- Up-to-date: /home/gurupranav/Programming/ros2_tut/rplidar_ros/install/rplidar_ros/share/rplidar_ros/cmake/ament_cmake_export_include_directories-extras.cmake\n'}
[0.876220] (rplidar_ros) StdoutLine: {'line': b'-- Up-to-date: /home/gurupranav/Programming/ros2_tut/rplidar_ros/install/rplidar_ros/share/rplidar_ros/cmake/rplidar_rosConfig.cmake\n'}
[0.876614] (rplidar_ros) StdoutLine: {'line': b'-- Up-to-date: /home/gurupranav/Programming/ros2_tut/rplidar_ros/install/rplidar_ros/share/rplidar_ros/cmake/rplidar_rosConfig-version.cmake\n'}
[0.876971] (rplidar_ros) StdoutLine: {'line': b'-- Up-to-date: /home/gurupranav/Programming/ros2_tut/rplidar_ros/install/rplidar_ros/share/rplidar_ros/package.xml\n'}
[0.878412] (rplidar_ros) CommandEnded: {'returncode': 0}
[0.901519] (-) TimerEvent: {}
[1.002077] (-) TimerEvent: {}
[1.024791] (rplidar_ros) JobEnded: {'identifier': 'rplidar_ros', 'rc': 0}
[1.026723] (-) EventReactorShutdown: {}
