[0.033s] Invoking command in '/home/gurupranav/Programming/ros2_tut/igvc/build/rplidar_ros': CMAKE_PREFIX_PATH=${CMAKE_PREFIX_PATH}:/opt/ros/humble /usr/bin/cmake --build /home/gurupranav/Programming/ros2_tut/igvc/build/rplidar_ros -- -j16 -l16
[0.195s] [  0%] Built target ament_cmake_python_copy_rplidar_ros
[0.210s] [  3%] Built target rplidar_client
[0.219s] [ 89%] Built target lidar_map_node
[0.219s] [ 89%] Built target rplidar_composition
[0.220s] [100%] Built target rplidar_node
[0.577s] running egg_info
[0.578s] writing rplidar_ros.egg-info/PKG-INFO
[0.579s] writing dependency_links to rplidar_ros.egg-info/dependency_links.txt
[0.579s] writing top-level names to rplidar_ros.egg-info/top_level.txt
[0.585s] reading manifest file 'rplidar_ros.egg-info/SOURCES.txt'
[0.587s] writing manifest file 'rplidar_ros.egg-info/SOURCES.txt'
[0.631s] [100%] Built target ament_cmake_python_build_rplidar_ros_egg
[0.651s] Invoked command in '/home/gurupranav/Programming/ros2_tut/igvc/build/rplidar_ros' returned '0': CMAKE_PREFIX_PATH=${CMAKE_PREFIX_PATH}:/opt/ros/humble /usr/bin/cmake --build /home/gurupranav/Programming/ros2_tut/igvc/build/rplidar_ros -- -j16 -l16
[0.796s] Invoking command in '/home/gurupranav/Programming/ros2_tut/igvc/build/rplidar_ros': CMAKE_PREFIX_PATH=${CMAKE_PREFIX_PATH}:/opt/ros/humble /usr/bin/cmake --install /home/gurupranav/Programming/ros2_tut/igvc/build/rplidar_ros
[0.806s] -- Install configuration: ""
[0.807s] -- Up-to-date: /home/gurupranav/Programming/ros2_tut/igvc/install/rplidar_ros/share/rplidar_ros/environment/pythonpath.sh
[0.808s] -- Up-to-date: /home/gurupranav/Programming/ros2_tut/igvc/install/rplidar_ros/share/rplidar_ros/environment/pythonpath.dsv
[0.808s] -- Up-to-date: /home/gurupranav/Programming/ros2_tut/igvc/install/rplidar_ros/local/lib/python3.10/dist-packages/rplidar_ros-2.1.4-py3.10.egg-info
[0.809s] -- Installing: /home/gurupranav/Programming/ros2_tut/igvc/install/rplidar_ros/local/lib/python3.10/dist-packages/rplidar_ros-2.1.4-py3.10.egg-info/SOURCES.txt
[0.809s] -- Installing: /home/gurupranav/Programming/ros2_tut/igvc/install/rplidar_ros/local/lib/python3.10/dist-packages/rplidar_ros-2.1.4-py3.10.egg-info/dependency_links.txt
[0.809s] -- Installing: /home/gurupranav/Programming/ros2_tut/igvc/install/rplidar_ros/local/lib/python3.10/dist-packages/rplidar_ros-2.1.4-py3.10.egg-info/PKG-INFO
[0.810s] -- Installing: /home/gurupranav/Programming/ros2_tut/igvc/install/rplidar_ros/local/lib/python3.10/dist-packages/rplidar_ros-2.1.4-py3.10.egg-info/top_level.txt
[0.810s] -- Up-to-date: /home/gurupranav/Programming/ros2_tut/igvc/install/rplidar_ros/local/lib/python3.10/dist-packages/rplidar_ros
[0.811s] -- Up-to-date: /home/gurupranav/Programming/ros2_tut/igvc/install/rplidar_ros/local/lib/python3.10/dist-packages/rplidar_ros/cv_to_map.py
[0.811s] -- Up-to-date: /home/gurupranav/Programming/ros2_tut/igvc/install/rplidar_ros/local/lib/python3.10/dist-packages/rplidar_ros/cv_to_map2.py
[0.811s] -- Up-to-date: /home/gurupranav/Programming/ros2_tut/igvc/install/rplidar_ros/local/lib/python3.10/dist-packages/rplidar_ros/rplidar_client.cpp
[0.811s] -- Up-to-date: /home/gurupranav/Programming/ros2_tut/igvc/install/rplidar_ros/local/lib/python3.10/dist-packages/rplidar_ros/igvc_slam_node.py
[0.812s] -- Up-to-date: /home/gurupranav/Programming/ros2_tut/igvc/install/rplidar_ros/local/lib/python3.10/dist-packages/rplidar_ros/rplidar_node.cpp
[0.812s] -- Up-to-date: /home/gurupranav/Programming/ros2_tut/igvc/install/rplidar_ros/local/lib/python3.10/dist-packages/rplidar_ros/__init__.py
[0.812s] -- Up-to-date: /home/gurupranav/Programming/ros2_tut/igvc/install/rplidar_ros/local/lib/python3.10/dist-packages/rplidar_ros/lidar_map_node.cpp
[0.859s] Listing '/home/gurupranav/Programming/ros2_tut/igvc/install/rplidar_ros/local/lib/python3.10/dist-packages/rplidar_ros'...
[0.864s] -- Up-to-date: /home/gurupranav/Programming/ros2_tut/igvc/install/rplidar_ros/share/rplidar_ros/launch
[0.865s] -- Up-to-date: /home/gurupranav/Programming/ros2_tut/igvc/install/rplidar_ros/share/rplidar_ros/launch/rplidar_s3_launch.py
[0.866s] -- Up-to-date: /home/gurupranav/Programming/ros2_tut/igvc/install/rplidar_ros/share/rplidar_ros/launch/view_rplidar_s2_launch.py
[0.866s] -- Up-to-date: /home/gurupranav/Programming/ros2_tut/igvc/install/rplidar_ros/share/rplidar_ros/launch/rplidar_a2m8_launch.py
[0.866s] -- Up-to-date: /home/gurupranav/Programming/ros2_tut/igvc/install/rplidar_ros/share/rplidar_ros/launch/rplidar_s2_launch.py
[0.867s] -- Up-to-date: /home/gurupranav/Programming/ros2_tut/igvc/install/rplidar_ros/share/rplidar_ros/launch/view_rplidar_a2m7_launch.py
[0.867s] -- Up-to-date: /home/gurupranav/Programming/ros2_tut/igvc/install/rplidar_ros/share/rplidar_ros/launch/view_rplidar_c1_launch.py
[0.867s] -- Up-to-date: /home/gurupranav/Programming/ros2_tut/igvc/install/rplidar_ros/share/rplidar_ros/launch/view_rplidar_a2m12_launch.py
[0.868s] -- Up-to-date: /home/gurupranav/Programming/ros2_tut/igvc/install/rplidar_ros/share/rplidar_ros/launch/view_rplidar_s1_tcp_launch.py
[0.868s] -- Up-to-date: /home/gurupranav/Programming/ros2_tut/igvc/install/rplidar_ros/share/rplidar_ros/launch/rplidar_s1_tcp_launch.py
[0.868s] -- Up-to-date: /home/gurupranav/Programming/ros2_tut/igvc/install/rplidar_ros/share/rplidar_ros/launch/rplidar_c1_launch.py
[0.868s] -- Up-to-date: /home/gurupranav/Programming/ros2_tut/igvc/install/rplidar_ros/share/rplidar_ros/launch/view_rplidar_s3_launch.py
[0.869s] -- Up-to-date: /home/gurupranav/Programming/ros2_tut/igvc/install/rplidar_ros/share/rplidar_ros/launch/view_rplidar_t1_launch.py
[0.869s] -- Up-to-date: /home/gurupranav/Programming/ros2_tut/igvc/install/rplidar_ros/share/rplidar_ros/launch/rplidar_a2m7_launch.py
[0.869s] -- Up-to-date: /home/gurupranav/Programming/ros2_tut/igvc/install/rplidar_ros/share/rplidar_ros/launch/view_rplidar_a2m8_launch.py
[0.870s] -- Up-to-date: /home/gurupranav/Programming/ros2_tut/igvc/install/rplidar_ros/share/rplidar_ros/launch/rplidar_t1_launch.py
[0.870s] -- Up-to-date: /home/gurupranav/Programming/ros2_tut/igvc/install/rplidar_ros/share/rplidar_ros/launch/view_rplidar_s2e_launch.py
[0.870s] -- Up-to-date: /home/gurupranav/Programming/ros2_tut/igvc/install/rplidar_ros/share/rplidar_ros/launch/view_rplidar_a1_launch.py
[0.870s] -- Up-to-date: /home/gurupranav/Programming/ros2_tut/igvc/install/rplidar_ros/share/rplidar_ros/launch/rplidar_s2e_launch.py
[0.870s] -- Up-to-date: /home/gurupranav/Programming/ros2_tut/igvc/install/rplidar_ros/share/rplidar_ros/launch/rplidar_a2m12_launch.py
[0.870s] -- Up-to-date: /home/gurupranav/Programming/ros2_tut/igvc/install/rplidar_ros/share/rplidar_ros/launch/rplidar_s1_launch.py
[0.870s] -- Up-to-date: /home/gurupranav/Programming/ros2_tut/igvc/install/rplidar_ros/share/rplidar_ros/launch/rplidar_a3_launch.py
[0.871s] -- Installing: /home/gurupranav/Programming/ros2_tut/igvc/install/rplidar_ros/share/rplidar_ros/launch/rplidar_a1_launch.py
[0.871s] -- Up-to-date: /home/gurupranav/Programming/ros2_tut/igvc/install/rplidar_ros/share/rplidar_ros/launch/view_rplidar_a3_launch.py
[0.871s] -- Up-to-date: /home/gurupranav/Programming/ros2_tut/igvc/install/rplidar_ros/share/rplidar_ros/launch/view_rplidar_s1_launch.py
[0.871s] -- Up-to-date: /home/gurupranav/Programming/ros2_tut/igvc/install/rplidar_ros/share/rplidar_ros/rviz
[0.871s] -- Up-to-date: /home/gurupranav/Programming/ros2_tut/igvc/install/rplidar_ros/share/rplidar_ros/rviz/rplidar_ros.rviz
[0.871s] -- Up-to-date: /home/gurupranav/Programming/ros2_tut/igvc/install/rplidar_ros/lib/rplidar_ros/igvc_slam_node.py
[0.871s] -- Up-to-date: /home/gurupranav/Programming/ros2_tut/igvc/install/rplidar_ros/lib/rplidar_ros/cv_to_map2.py
[0.872s] -- Up-to-date: /home/gurupranav/Programming/ros2_tut/igvc/install/rplidar_ros/lib/rplidar_ros/rplidar_node
[0.874s] -- Up-to-date: /home/gurupranav/Programming/ros2_tut/igvc/install/rplidar_ros/lib/rplidar_ros/rplidar_composition
[0.875s] -- Up-to-date: /home/gurupranav/Programming/ros2_tut/igvc/install/rplidar_ros/lib/rplidar_ros/rplidar_client
[0.877s] -- Up-to-date: /home/gurupranav/Programming/ros2_tut/igvc/install/rplidar_ros/lib/rplidar_ros/lidar_map_node
[0.878s] -- Up-to-date: /home/gurupranav/Programming/ros2_tut/igvc/install/rplidar_ros/share/ament_index/resource_index/package_run_dependencies/rplidar_ros
[0.878s] -- Up-to-date: /home/gurupranav/Programming/ros2_tut/igvc/install/rplidar_ros/share/ament_index/resource_index/parent_prefix_path/rplidar_ros
[0.879s] -- Up-to-date: /home/gurupranav/Programming/ros2_tut/igvc/install/rplidar_ros/share/rplidar_ros/environment/ament_prefix_path.sh
[0.879s] -- Up-to-date: /home/gurupranav/Programming/ros2_tut/igvc/install/rplidar_ros/share/rplidar_ros/environment/ament_prefix_path.dsv
[0.879s] -- Up-to-date: /home/gurupranav/Programming/ros2_tut/igvc/install/rplidar_ros/share/rplidar_ros/environment/path.sh
[0.880s] -- Up-to-date: /home/gurupranav/Programming/ros2_tut/igvc/install/rplidar_ros/share/rplidar_ros/environment/path.dsv
[0.880s] -- Up-to-date: /home/gurupranav/Programming/ros2_tut/igvc/install/rplidar_ros/share/rplidar_ros/local_setup.bash
[0.880s] -- Up-to-date: /home/gurupranav/Programming/ros2_tut/igvc/install/rplidar_ros/share/rplidar_ros/local_setup.sh
[0.880s] -- Up-to-date: /home/gurupranav/Programming/ros2_tut/igvc/install/rplidar_ros/share/rplidar_ros/local_setup.zsh
[0.880s] -- Up-to-date: /home/gurupranav/Programming/ros2_tut/igvc/install/rplidar_ros/share/rplidar_ros/local_setup.dsv
[0.880s] -- Installing: /home/gurupranav/Programming/ros2_tut/igvc/install/rplidar_ros/share/rplidar_ros/package.dsv
[0.881s] -- Up-to-date: /home/gurupranav/Programming/ros2_tut/igvc/install/rplidar_ros/share/ament_index/resource_index/packages/rplidar_ros
[0.881s] -- Up-to-date: /home/gurupranav/Programming/ros2_tut/igvc/install/rplidar_ros/share/rplidar_ros/cmake/ament_cmake_export_dependencies-extras.cmake
[0.882s] -- Up-to-date: /home/gurupranav/Programming/ros2_tut/igvc/install/rplidar_ros/share/rplidar_ros/cmake/ament_cmake_export_include_directories-extras.cmake
[0.882s] -- Up-to-date: /home/gurupranav/Programming/ros2_tut/igvc/install/rplidar_ros/share/rplidar_ros/cmake/rplidar_rosConfig.cmake
[0.882s] -- Up-to-date: /home/gurupranav/Programming/ros2_tut/igvc/install/rplidar_ros/share/rplidar_ros/cmake/rplidar_rosConfig-version.cmake
[0.882s] -- Up-to-date: /home/gurupranav/Programming/ros2_tut/igvc/install/rplidar_ros/share/rplidar_ros/package.xml
[0.887s] Invoked command in '/home/gurupranav/Programming/ros2_tut/igvc/build/rplidar_ros' returned '0': CMAKE_PREFIX_PATH=${CMAKE_PREFIX_PATH}:/opt/ros/humble /usr/bin/cmake --install /home/gurupranav/Programming/ros2_tut/igvc/build/rplidar_ros
