[0.028s] Invoking command in '/home/gurupranav/Programming/ros2_tut/rplidar_ros/build/rplidar_ros': CMAKE_PREFIX_PATH=${CMAKE_PREFIX_PATH}:/opt/ros/humble /usr/bin/cmake --build /home/gurupranav/Programming/ros2_tut/rplidar_ros/build/rplidar_ros -- -j16 -l16
[0.232s] [  0%] Built target ament_cmake_python_copy_rplidar_ros
[0.311s] [ 32%] Built target rplidar_node
[0.312s] [ 64%] Built target rplidar_composition
[0.316s] [ 67%] Built target rplidar_client
[0.322s] [100%] Built target lidar_map_node
[0.671s] running egg_info
[0.672s] writing rplidar_ros.egg-info/PKG-INFO
[0.673s] writing dependency_links to rplidar_ros.egg-info/dependency_links.txt
[0.673s] writing top-level names to rplidar_ros.egg-info/top_level.txt
[0.677s] reading manifest file 'rplidar_ros.egg-info/SOURCES.txt'
[0.679s] writing manifest file 'rplidar_ros.egg-info/SOURCES.txt'
[0.717s] [100%] Built target ament_cmake_python_build_rplidar_ros_egg
[0.734s] Invoked command in '/home/gurupranav/Programming/ros2_tut/rplidar_ros/build/rplidar_ros' returned '0': CMAKE_PREFIX_PATH=${CMAKE_PREFIX_PATH}:/opt/ros/humble /usr/bin/cmake --build /home/gurupranav/Programming/ros2_tut/rplidar_ros/build/rplidar_ros -- -j16 -l16
[0.853s] Invoking command in '/home/gurupranav/Programming/ros2_tut/rplidar_ros/build/rplidar_ros': CMAKE_PREFIX_PATH=${CMAKE_PREFIX_PATH}:/opt/ros/humble /usr/bin/cmake --install /home/gurupranav/Programming/ros2_tut/rplidar_ros/build/rplidar_ros
[0.890s] -- Install configuration: ""
[0.891s] -- Up-to-date: /home/gurupranav/Programming/ros2_tut/rplidar_ros/install/rplidar_ros/share/rplidar_ros/environment/pythonpath.sh
[0.891s] -- Up-to-date: /home/gurupranav/Programming/ros2_tut/rplidar_ros/install/rplidar_ros/share/rplidar_ros/environment/pythonpath.dsv
[0.892s] -- Up-to-date: /home/gurupranav/Programming/ros2_tut/rplidar_ros/install/rplidar_ros/local/lib/python3.10/dist-packages/rplidar_ros-2.1.4-py3.10.egg-info
[0.892s] -- Installing: /home/gurupranav/Programming/ros2_tut/rplidar_ros/install/rplidar_ros/local/lib/python3.10/dist-packages/rplidar_ros-2.1.4-py3.10.egg-info/SOURCES.txt
[0.893s] -- Installing: /home/gurupranav/Programming/ros2_tut/rplidar_ros/install/rplidar_ros/local/lib/python3.10/dist-packages/rplidar_ros-2.1.4-py3.10.egg-info/dependency_links.txt
[0.893s] -- Installing: /home/gurupranav/Programming/ros2_tut/rplidar_ros/install/rplidar_ros/local/lib/python3.10/dist-packages/rplidar_ros-2.1.4-py3.10.egg-info/PKG-INFO
[0.894s] -- Installing: /home/gurupranav/Programming/ros2_tut/rplidar_ros/install/rplidar_ros/local/lib/python3.10/dist-packages/rplidar_ros-2.1.4-py3.10.egg-info/top_level.txt
[0.894s] -- Up-to-date: /home/gurupranav/Programming/ros2_tut/rplidar_ros/install/rplidar_ros/local/lib/python3.10/dist-packages/rplidar_ros
[0.895s] -- Up-to-date: /home/gurupranav/Programming/ros2_tut/rplidar_ros/install/rplidar_ros/local/lib/python3.10/dist-packages/rplidar_ros/cv_to_map.py
[0.895s] -- Up-to-date: /home/gurupranav/Programming/ros2_tut/rplidar_ros/install/rplidar_ros/local/lib/python3.10/dist-packages/rplidar_ros/cv_to_map2.py
[0.895s] -- Up-to-date: /home/gurupranav/Programming/ros2_tut/rplidar_ros/install/rplidar_ros/local/lib/python3.10/dist-packages/rplidar_ros/rplidar_client.cpp
[0.896s] -- Up-to-date: /home/gurupranav/Programming/ros2_tut/rplidar_ros/install/rplidar_ros/local/lib/python3.10/dist-packages/rplidar_ros/igvc_slam_node.py
[0.896s] -- Up-to-date: /home/gurupranav/Programming/ros2_tut/rplidar_ros/install/rplidar_ros/local/lib/python3.10/dist-packages/rplidar_ros/rplidar_node.cpp
[0.896s] -- Up-to-date: /home/gurupranav/Programming/ros2_tut/rplidar_ros/install/rplidar_ros/local/lib/python3.10/dist-packages/rplidar_ros/__init__.py
[0.897s] -- Up-to-date: /home/gurupranav/Programming/ros2_tut/rplidar_ros/install/rplidar_ros/local/lib/python3.10/dist-packages/rplidar_ros/lidar_map_node.cpp
[0.942s] Listing '/home/gurupranav/Programming/ros2_tut/rplidar_ros/install/rplidar_ros/local/lib/python3.10/dist-packages/rplidar_ros'...
[0.948s] -- Up-to-date: /home/gurupranav/Programming/ros2_tut/rplidar_ros/install/rplidar_ros/share/rplidar_ros/launch
[0.948s] -- Up-to-date: /home/gurupranav/Programming/ros2_tut/rplidar_ros/install/rplidar_ros/share/rplidar_ros/launch/rplidar_s3_launch.py
[0.949s] -- Up-to-date: /home/gurupranav/Programming/ros2_tut/rplidar_ros/install/rplidar_ros/share/rplidar_ros/launch/view_rplidar_s2_launch.py
[0.949s] -- Up-to-date: /home/gurupranav/Programming/ros2_tut/rplidar_ros/install/rplidar_ros/share/rplidar_ros/launch/rplidar_a2m8_launch.py
[0.950s] -- Up-to-date: /home/gurupranav/Programming/ros2_tut/rplidar_ros/install/rplidar_ros/share/rplidar_ros/launch/rplidar_s2_launch.py
[0.950s] -- Up-to-date: /home/gurupranav/Programming/ros2_tut/rplidar_ros/install/rplidar_ros/share/rplidar_ros/launch/view_rplidar_a2m7_launch.py
[0.950s] -- Up-to-date: /home/gurupranav/Programming/ros2_tut/rplidar_ros/install/rplidar_ros/share/rplidar_ros/launch/view_rplidar_c1_launch.py
[0.951s] -- Up-to-date: /home/gurupranav/Programming/ros2_tut/rplidar_ros/install/rplidar_ros/share/rplidar_ros/launch/view_rplidar_a2m12_launch.py
[0.951s] -- Up-to-date: /home/gurupranav/Programming/ros2_tut/rplidar_ros/install/rplidar_ros/share/rplidar_ros/launch/view_rplidar_s1_tcp_launch.py
[0.952s] -- Up-to-date: /home/gurupranav/Programming/ros2_tut/rplidar_ros/install/rplidar_ros/share/rplidar_ros/launch/rplidar_s1_tcp_launch.py
[0.952s] -- Up-to-date: /home/gurupranav/Programming/ros2_tut/rplidar_ros/install/rplidar_ros/share/rplidar_ros/launch/rplidar_c1_launch.py
[0.952s] -- Up-to-date: /home/gurupranav/Programming/ros2_tut/rplidar_ros/install/rplidar_ros/share/rplidar_ros/launch/view_rplidar_s3_launch.py
[0.953s] -- Up-to-date: /home/gurupranav/Programming/ros2_tut/rplidar_ros/install/rplidar_ros/share/rplidar_ros/launch/view_rplidar_t1_launch.py
[0.953s] -- Up-to-date: /home/gurupranav/Programming/ros2_tut/rplidar_ros/install/rplidar_ros/share/rplidar_ros/launch/rplidar_a2m7_launch.py
[0.953s] -- Up-to-date: /home/gurupranav/Programming/ros2_tut/rplidar_ros/install/rplidar_ros/share/rplidar_ros/launch/view_rplidar_a2m8_launch.py
[0.953s] -- Up-to-date: /home/gurupranav/Programming/ros2_tut/rplidar_ros/install/rplidar_ros/share/rplidar_ros/launch/rplidar_t1_launch.py
[0.954s] -- Up-to-date: /home/gurupranav/Programming/ros2_tut/rplidar_ros/install/rplidar_ros/share/rplidar_ros/launch/view_rplidar_s2e_launch.py
[0.954s] -- Up-to-date: /home/gurupranav/Programming/ros2_tut/rplidar_ros/install/rplidar_ros/share/rplidar_ros/launch/view_rplidar_a1_launch.py
[0.954s] -- Up-to-date: /home/gurupranav/Programming/ros2_tut/rplidar_ros/install/rplidar_ros/share/rplidar_ros/launch/rplidar_s2e_launch.py
[0.954s] -- Up-to-date: /home/gurupranav/Programming/ros2_tut/rplidar_ros/install/rplidar_ros/share/rplidar_ros/launch/rplidar_a2m12_launch.py
[0.954s] -- Up-to-date: /home/gurupranav/Programming/ros2_tut/rplidar_ros/install/rplidar_ros/share/rplidar_ros/launch/rplidar_s1_launch.py
[0.955s] -- Up-to-date: /home/gurupranav/Programming/ros2_tut/rplidar_ros/install/rplidar_ros/share/rplidar_ros/launch/rplidar_a3_launch.py
[0.955s] -- Installing: /home/gurupranav/Programming/ros2_tut/rplidar_ros/install/rplidar_ros/share/rplidar_ros/launch/rplidar_a1_launch.py
[0.955s] -- Up-to-date: /home/gurupranav/Programming/ros2_tut/rplidar_ros/install/rplidar_ros/share/rplidar_ros/launch/view_rplidar_a3_launch.py
[0.955s] -- Up-to-date: /home/gurupranav/Programming/ros2_tut/rplidar_ros/install/rplidar_ros/share/rplidar_ros/launch/view_rplidar_s1_launch.py
[0.955s] -- Up-to-date: /home/gurupranav/Programming/ros2_tut/rplidar_ros/install/rplidar_ros/share/rplidar_ros/rviz
[0.955s] -- Up-to-date: /home/gurupranav/Programming/ros2_tut/rplidar_ros/install/rplidar_ros/share/rplidar_ros/rviz/rplidar_ros.rviz
[0.956s] -- Up-to-date: /home/gurupranav/Programming/ros2_tut/rplidar_ros/install/rplidar_ros/lib/rplidar_ros/igvc_slam_node.py
[0.956s] -- Up-to-date: /home/gurupranav/Programming/ros2_tut/rplidar_ros/install/rplidar_ros/lib/rplidar_ros/cv_to_map2.py
[0.956s] -- Up-to-date: /home/gurupranav/Programming/ros2_tut/rplidar_ros/install/rplidar_ros/lib/rplidar_ros/rplidar_node
[0.957s] -- Up-to-date: /home/gurupranav/Programming/ros2_tut/rplidar_ros/install/rplidar_ros/lib/rplidar_ros/rplidar_composition
[0.957s] -- Up-to-date: /home/gurupranav/Programming/ros2_tut/rplidar_ros/install/rplidar_ros/lib/rplidar_ros/rplidar_client
[0.958s] -- Up-to-date: /home/gurupranav/Programming/ros2_tut/rplidar_ros/install/rplidar_ros/lib/rplidar_ros/lidar_map_node
[0.959s] -- Up-to-date: /home/gurupranav/Programming/ros2_tut/rplidar_ros/install/rplidar_ros/share/ament_index/resource_index/package_run_dependencies/rplidar_ros
[0.960s] -- Up-to-date: /home/gurupranav/Programming/ros2_tut/rplidar_ros/install/rplidar_ros/share/ament_index/resource_index/parent_prefix_path/rplidar_ros
[0.960s] -- Up-to-date: /home/gurupranav/Programming/ros2_tut/rplidar_ros/install/rplidar_ros/share/rplidar_ros/environment/ament_prefix_path.sh
[0.961s] -- Up-to-date: /home/gurupranav/Programming/ros2_tut/rplidar_ros/install/rplidar_ros/share/rplidar_ros/environment/ament_prefix_path.dsv
[0.961s] -- Up-to-date: /home/gurupranav/Programming/ros2_tut/rplidar_ros/install/rplidar_ros/share/rplidar_ros/environment/path.sh
[0.962s] -- Up-to-date: /home/gurupranav/Programming/ros2_tut/rplidar_ros/install/rplidar_ros/share/rplidar_ros/environment/path.dsv
[0.962s] -- Up-to-date: /home/gurupranav/Programming/ros2_tut/rplidar_ros/install/rplidar_ros/share/rplidar_ros/local_setup.bash
[0.962s] -- Up-to-date: /home/gurupranav/Programming/ros2_tut/rplidar_ros/install/rplidar_ros/share/rplidar_ros/local_setup.sh
[0.963s] -- Up-to-date: /home/gurupranav/Programming/ros2_tut/rplidar_ros/install/rplidar_ros/share/rplidar_ros/local_setup.zsh
[0.963s] -- Up-to-date: /home/gurupranav/Programming/ros2_tut/rplidar_ros/install/rplidar_ros/share/rplidar_ros/local_setup.dsv
[0.963s] -- Installing: /home/gurupranav/Programming/ros2_tut/rplidar_ros/install/rplidar_ros/share/rplidar_ros/package.dsv
[0.963s] -- Up-to-date: /home/gurupranav/Programming/ros2_tut/rplidar_ros/install/rplidar_ros/share/ament_index/resource_index/packages/rplidar_ros
[0.963s] -- Up-to-date: /home/gurupranav/Programming/ros2_tut/rplidar_ros/install/rplidar_ros/share/rplidar_ros/cmake/ament_cmake_export_dependencies-extras.cmake
[0.963s] -- Up-to-date: /home/gurupranav/Programming/ros2_tut/rplidar_ros/install/rplidar_ros/share/rplidar_ros/cmake/ament_cmake_export_include_directories-extras.cmake
[0.963s] -- Up-to-date: /home/gurupranav/Programming/ros2_tut/rplidar_ros/install/rplidar_ros/share/rplidar_ros/cmake/rplidar_rosConfig.cmake
[0.963s] -- Up-to-date: /home/gurupranav/Programming/ros2_tut/rplidar_ros/install/rplidar_ros/share/rplidar_ros/cmake/rplidar_rosConfig-version.cmake
[0.963s] -- Up-to-date: /home/gurupranav/Programming/ros2_tut/rplidar_ros/install/rplidar_ros/share/rplidar_ros/package.xml
[0.966s] Invoked command in '/home/gurupranav/Programming/ros2_tut/rplidar_ros/build/rplidar_ros' returned '0': CMAKE_PREFIX_PATH=${CMAKE_PREFIX_PATH}:/opt/ros/humble /usr/bin/cmake --install /home/gurupranav/Programming/ros2_tut/rplidar_ros/build/rplidar_ros
