[0.030s] Invoking command in '/home/gurupranav/Programming/ros2_tut/igvc/build/rplidar_ros': CMAKE_PREFIX_PATH=${CMAKE_PREFIX_PATH}:/opt/ros/humble /usr/bin/cmake --build /home/gurupranav/Programming/ros2_tut/igvc/build/rplidar_ros -- -j16 -l16
[0.104s] [  3%] Built target rplidar_client
[0.108s] [  3%] Built target ament_cmake_python_copy_rplidar_ros
[0.123s] [ 35%] Built target rplidar_node
[0.124s] [ 67%] Built target lidar_map_node
[0.124s] [100%] Built target rplidar_composition
[0.398s] running egg_info
[0.399s] writing rplidar_ros.egg-info/PKG-INFO
[0.400s] writing dependency_links to rplidar_ros.egg-info/dependency_links.txt
[0.400s] writing top-level names to rplidar_ros.egg-info/top_level.txt
[0.403s] reading manifest file 'rplidar_ros.egg-info/SOURCES.txt'
[0.404s] writing manifest file 'rplidar_ros.egg-info/SOURCES.txt'
[0.444s] [100%] Built target ament_cmake_python_build_rplidar_ros_egg
[0.460s] Invoked command in '/home/gurupranav/Programming/ros2_tut/igvc/build/rplidar_ros' returned '0': CMAKE_PREFIX_PATH=${CMAKE_PREFIX_PATH}:/opt/ros/humble /usr/bin/cmake --build /home/gurupranav/Programming/ros2_tut/igvc/build/rplidar_ros -- -j16 -l16
[0.572s] Invoking command in '/home/gurupranav/Programming/ros2_tut/igvc/build/rplidar_ros': CMAKE_PREFIX_PATH=${CMAKE_PREFIX_PATH}:/opt/ros/humble /usr/bin/cmake --install /home/gurupranav/Programming/ros2_tut/igvc/build/rplidar_ros
[0.580s] -- Install configuration: ""
[0.580s] -- Up-to-date: /home/gurupranav/Programming/ros2_tut/igvc/install/rplidar_ros/share/rplidar_ros/environment/pythonpath.sh
[0.580s] -- Up-to-date: /home/gurupranav/Programming/ros2_tut/igvc/install/rplidar_ros/share/rplidar_ros/environment/pythonpath.dsv
[0.580s] -- Up-to-date: /home/gurupranav/Programming/ros2_tut/igvc/install/rplidar_ros/local/lib/python3.10/dist-packages/rplidar_ros-2.1.4-py3.10.egg-info
[0.580s] -- Installing: /home/gurupranav/Programming/ros2_tut/igvc/install/rplidar_ros/local/lib/python3.10/dist-packages/rplidar_ros-2.1.4-py3.10.egg-info/SOURCES.txt
[0.581s] -- Installing: /home/gurupranav/Programming/ros2_tut/igvc/install/rplidar_ros/local/lib/python3.10/dist-packages/rplidar_ros-2.1.4-py3.10.egg-info/dependency_links.txt
[0.581s] -- Installing: /home/gurupranav/Programming/ros2_tut/igvc/install/rplidar_ros/local/lib/python3.10/dist-packages/rplidar_ros-2.1.4-py3.10.egg-info/PKG-INFO
[0.581s] -- Installing: /home/gurupranav/Programming/ros2_tut/igvc/install/rplidar_ros/local/lib/python3.10/dist-packages/rplidar_ros-2.1.4-py3.10.egg-info/top_level.txt
[0.582s] -- Up-to-date: /home/gurupranav/Programming/ros2_tut/igvc/install/rplidar_ros/local/lib/python3.10/dist-packages/rplidar_ros
[0.582s] -- Up-to-date: /home/gurupranav/Programming/ros2_tut/igvc/install/rplidar_ros/local/lib/python3.10/dist-packages/rplidar_ros/cv_to_map.py
[0.582s] -- Up-to-date: /home/gurupranav/Programming/ros2_tut/igvc/install/rplidar_ros/local/lib/python3.10/dist-packages/rplidar_ros/cv_to_map2.py
[0.582s] -- Up-to-date: /home/gurupranav/Programming/ros2_tut/igvc/install/rplidar_ros/local/lib/python3.10/dist-packages/rplidar_ros/rplidar_client.cpp
[0.582s] -- Up-to-date: /home/gurupranav/Programming/ros2_tut/igvc/install/rplidar_ros/local/lib/python3.10/dist-packages/rplidar_ros/igvc_slam_node.py
[0.582s] -- Up-to-date: /home/gurupranav/Programming/ros2_tut/igvc/install/rplidar_ros/local/lib/python3.10/dist-packages/rplidar_ros/rplidar_node.cpp
[0.582s] -- Up-to-date: /home/gurupranav/Programming/ros2_tut/igvc/install/rplidar_ros/local/lib/python3.10/dist-packages/rplidar_ros/__init__.py
[0.582s] -- Up-to-date: /home/gurupranav/Programming/ros2_tut/igvc/install/rplidar_ros/local/lib/python3.10/dist-packages/rplidar_ros/lidar_map_node.cpp
[0.615s] Listing '/home/gurupranav/Programming/ros2_tut/igvc/install/rplidar_ros/local/lib/python3.10/dist-packages/rplidar_ros'...
[0.621s] -- Up-to-date: /home/gurupranav/Programming/ros2_tut/igvc/install/rplidar_ros/share/rplidar_ros/launch
[0.622s] -- Up-to-date: /home/gurupranav/Programming/ros2_tut/igvc/install/rplidar_ros/share/rplidar_ros/launch/rplidar_s3_launch.py
[0.622s] -- Up-to-date: /home/gurupranav/Programming/ros2_tut/igvc/install/rplidar_ros/share/rplidar_ros/launch/view_rplidar_s2_launch.py
[0.622s] -- Up-to-date: /home/gurupranav/Programming/ros2_tut/igvc/install/rplidar_ros/share/rplidar_ros/launch/rplidar_a2m8_launch.py
[0.622s] -- Up-to-date: /home/gurupranav/Programming/ros2_tut/igvc/install/rplidar_ros/share/rplidar_ros/launch/rplidar_s2_launch.py
[0.623s] -- Up-to-date: /home/gurupranav/Programming/ros2_tut/igvc/install/rplidar_ros/share/rplidar_ros/launch/view_rplidar_a2m7_launch.py
[0.623s] -- Up-to-date: /home/gurupranav/Programming/ros2_tut/igvc/install/rplidar_ros/share/rplidar_ros/launch/view_rplidar_c1_launch.py
[0.623s] -- Up-to-date: /home/gurupranav/Programming/ros2_tut/igvc/install/rplidar_ros/share/rplidar_ros/launch/view_rplidar_a2m12_launch.py
[0.623s] -- Up-to-date: /home/gurupranav/Programming/ros2_tut/igvc/install/rplidar_ros/share/rplidar_ros/launch/view_rplidar_s1_tcp_launch.py
[0.624s] -- Up-to-date: /home/gurupranav/Programming/ros2_tut/igvc/install/rplidar_ros/share/rplidar_ros/launch/rplidar_s1_tcp_launch.py
[0.624s] -- Up-to-date: /home/gurupranav/Programming/ros2_tut/igvc/install/rplidar_ros/share/rplidar_ros/launch/rplidar_c1_launch.py
[0.624s] -- Up-to-date: /home/gurupranav/Programming/ros2_tut/igvc/install/rplidar_ros/share/rplidar_ros/launch/view_rplidar_s3_launch.py
[0.624s] -- Up-to-date: /home/gurupranav/Programming/ros2_tut/igvc/install/rplidar_ros/share/rplidar_ros/launch/view_rplidar_t1_launch.py
[0.624s] -- Up-to-date: /home/gurupranav/Programming/ros2_tut/igvc/install/rplidar_ros/share/rplidar_ros/launch/rplidar_a2m7_launch.py
[0.624s] -- Up-to-date: /home/gurupranav/Programming/ros2_tut/igvc/install/rplidar_ros/share/rplidar_ros/launch/view_rplidar_a2m8_launch.py
[0.624s] -- Up-to-date: /home/gurupranav/Programming/ros2_tut/igvc/install/rplidar_ros/share/rplidar_ros/launch/rplidar_t1_launch.py
[0.625s] -- Up-to-date: /home/gurupranav/Programming/ros2_tut/igvc/install/rplidar_ros/share/rplidar_ros/launch/view_rplidar_s2e_launch.py
[0.625s] -- Up-to-date: /home/gurupranav/Programming/ros2_tut/igvc/install/rplidar_ros/share/rplidar_ros/launch/view_rplidar_a1_launch.py
[0.625s] -- Up-to-date: /home/gurupranav/Programming/ros2_tut/igvc/install/rplidar_ros/share/rplidar_ros/launch/rplidar_s2e_launch.py
[0.625s] -- Up-to-date: /home/gurupranav/Programming/ros2_tut/igvc/install/rplidar_ros/share/rplidar_ros/launch/rplidar_a2m12_launch.py
[0.626s] -- Up-to-date: /home/gurupranav/Programming/ros2_tut/igvc/install/rplidar_ros/share/rplidar_ros/launch/rplidar_s1_launch.py
[0.626s] -- Up-to-date: /home/gurupranav/Programming/ros2_tut/igvc/install/rplidar_ros/share/rplidar_ros/launch/rplidar_a3_launch.py
[0.626s] -- Up-to-date: /home/gurupranav/Programming/ros2_tut/igvc/install/rplidar_ros/share/rplidar_ros/launch/rplidar_a1_launch.py
[0.626s] -- Up-to-date: /home/gurupranav/Programming/ros2_tut/igvc/install/rplidar_ros/share/rplidar_ros/launch/view_rplidar_a3_launch.py
[0.626s] -- Up-to-date: /home/gurupranav/Programming/ros2_tut/igvc/install/rplidar_ros/share/rplidar_ros/launch/view_rplidar_s1_launch.py
[0.627s] -- Up-to-date: /home/gurupranav/Programming/ros2_tut/igvc/install/rplidar_ros/share/rplidar_ros/rviz
[0.627s] -- Up-to-date: /home/gurupranav/Programming/ros2_tut/igvc/install/rplidar_ros/share/rplidar_ros/rviz/rplidar_ros.rviz
[0.627s] -- Up-to-date: /home/gurupranav/Programming/ros2_tut/igvc/install/rplidar_ros/lib/rplidar_ros/igvc_slam_node.py
[0.627s] -- Up-to-date: /home/gurupranav/Programming/ros2_tut/igvc/install/rplidar_ros/lib/rplidar_ros/cv_to_map2.py
[0.627s] -- Up-to-date: /home/gurupranav/Programming/ros2_tut/igvc/install/rplidar_ros/lib/rplidar_ros/rplidar_node
[0.627s] -- Up-to-date: /home/gurupranav/Programming/ros2_tut/igvc/install/rplidar_ros/lib/rplidar_ros/rplidar_composition
[0.627s] -- Up-to-date: /home/gurupranav/Programming/ros2_tut/igvc/install/rplidar_ros/lib/rplidar_ros/rplidar_client
[0.628s] -- Up-to-date: /home/gurupranav/Programming/ros2_tut/igvc/install/rplidar_ros/lib/rplidar_ros/lidar_map_node
[0.628s] -- Up-to-date: /home/gurupranav/Programming/ros2_tut/igvc/install/rplidar_ros/share/ament_index/resource_index/package_run_dependencies/rplidar_ros
[0.628s] -- Up-to-date: /home/gurupranav/Programming/ros2_tut/igvc/install/rplidar_ros/share/ament_index/resource_index/parent_prefix_path/rplidar_ros
[0.628s] -- Up-to-date: /home/gurupranav/Programming/ros2_tut/igvc/install/rplidar_ros/share/rplidar_ros/environment/ament_prefix_path.sh
[0.628s] -- Up-to-date: /home/gurupranav/Programming/ros2_tut/igvc/install/rplidar_ros/share/rplidar_ros/environment/ament_prefix_path.dsv
[0.628s] -- Up-to-date: /home/gurupranav/Programming/ros2_tut/igvc/install/rplidar_ros/share/rplidar_ros/environment/path.sh
[0.628s] -- Up-to-date: /home/gurupranav/Programming/ros2_tut/igvc/install/rplidar_ros/share/rplidar_ros/environment/path.dsv
[0.628s] -- Up-to-date: /home/gurupranav/Programming/ros2_tut/igvc/install/rplidar_ros/share/rplidar_ros/local_setup.bash
[0.628s] -- Up-to-date: /home/gurupranav/Programming/ros2_tut/igvc/install/rplidar_ros/share/rplidar_ros/local_setup.sh
[0.628s] -- Up-to-date: /home/gurupranav/Programming/ros2_tut/igvc/install/rplidar_ros/share/rplidar_ros/local_setup.zsh
[0.628s] -- Up-to-date: /home/gurupranav/Programming/ros2_tut/igvc/install/rplidar_ros/share/rplidar_ros/local_setup.dsv
[0.628s] -- Installing: /home/gurupranav/Programming/ros2_tut/igvc/install/rplidar_ros/share/rplidar_ros/package.dsv
[0.628s] -- Up-to-date: /home/gurupranav/Programming/ros2_tut/igvc/install/rplidar_ros/share/ament_index/resource_index/packages/rplidar_ros
[0.629s] -- Up-to-date: /home/gurupranav/Programming/ros2_tut/igvc/install/rplidar_ros/share/rplidar_ros/cmake/ament_cmake_export_dependencies-extras.cmake
[0.629s] -- Up-to-date: /home/gurupranav/Programming/ros2_tut/igvc/install/rplidar_ros/share/rplidar_ros/cmake/ament_cmake_export_include_directories-extras.cmake
[0.629s] -- Up-to-date: /home/gurupranav/Programming/ros2_tut/igvc/install/rplidar_ros/share/rplidar_ros/cmake/rplidar_rosConfig.cmake
[0.629s] -- Up-to-date: /home/gurupranav/Programming/ros2_tut/igvc/install/rplidar_ros/share/rplidar_ros/cmake/rplidar_rosConfig-version.cmake
[0.629s] -- Up-to-date: /home/gurupranav/Programming/ros2_tut/igvc/install/rplidar_ros/share/rplidar_ros/package.xml
[0.632s] Invoked command in '/home/gurupranav/Programming/ros2_tut/igvc/build/rplidar_ros' returned '0': CMAKE_PREFIX_PATH=${CMAKE_PREFIX_PATH}:/opt/ros/humble /usr/bin/cmake --install /home/gurupranav/Programming/ros2_tut/igvc/build/rplidar_ros
