[0.038s] Invoking command in '/home/gurupranav/Programming/ros2_tut/igvc/build/micro_ros_msgs': CMAKE_PREFIX_PATH=${CMAKE_PREFIX_PATH}:/opt/ros/humble /usr/bin/cmake /home/gurupranav/Programming/ros2_tut/igvc/src/uros/micro_ros_msgs -DCMAKE_INSTALL_PREFIX=/home/gurupranav/Programming/ros2_tut/igvc/install/micro_ros_msgs
[0.307s] -- The C compiler identification is GNU 11.4.0
[1.230s] -- The CXX compiler identification is GNU 11.4.0
[1.879s] -- Detecting C compiler ABI info
[2.105s] -- Detecting C compiler ABI info - done
[2.114s] -- Check for working C compiler: /usr/bin/cc - skipped
[2.115s] -- Detecting C compile features
[2.115s] -- Detecting C compile features - done
[2.120s] -- Detecting CXX compiler ABI info
[2.386s] -- Detecting CXX compiler ABI info - done
[2.395s] -- Check for working CXX compiler: /usr/bin/c++ - skipped
[2.396s] -- Detecting CXX compile features
[2.396s] -- Detecting CXX compile features - done
[2.402s] -- Found ament_cmake: 1.3.10 (/opt/ros/humble/share/ament_cmake/cmake)
[2.564s] -- Found Python3: /usr/bin/python3 (found version "3.10.12") found components: Interpreter 
[2.692s] -- Found rosidl_default_generators: 1.2.0 (/opt/ros/humble/share/rosidl_default_generators/cmake)
[2.700s] -- Using all available rosidl_typesupport_c: rosidl_typesupport_fastrtps_c;rosidl_typesupport_introspection_c
[2.713s] -- Found rosidl_adapter: 3.1.5 (/opt/ros/humble/share/rosidl_adapter/cmake)
[3.073s] -- Using all available rosidl_typesupport_cpp: rosidl_typesupport_fastrtps_cpp;rosidl_typesupport_introspection_cpp
[3.160s] -- Found ament_lint_auto: 0.12.11 (/opt/ros/humble/share/ament_lint_auto/cmake)
[3.375s] -- Found ament_cmake_ros: 0.10.0 (/opt/ros/humble/share/ament_cmake_ros/cmake)
[3.614s] -- Using all available rosidl_typesupport_c: rosidl_typesupport_fastrtps_c;rosidl_typesupport_introspection_c
[3.937s] -- Using all available rosidl_typesupport_cpp: rosidl_typesupport_fastrtps_cpp;rosidl_typesupport_introspection_cpp
[4.194s] -- Found PythonInterp: /usr/bin/python3 (found suitable version "3.10.12", minimum required is "3.6") 
[4.200s] -- Found python_cmake_module: 0.10.0 (/opt/ros/humble/share/python_cmake_module/cmake)
[5.061s] -- Found PythonLibs: /usr/lib/x86_64-linux-gnu/libpython3.10.so (found suitable version "3.10.12", minimum required is "3.5") 
[5.062s] -- Using PYTHON_EXECUTABLE: /usr/bin/python3
[5.062s] -- Using PYTHON_INCLUDE_DIRS: /usr/include/python3.10
[5.062s] -- Using PYTHON_LIBRARIES: /usr/lib/x86_64-linux-gnu/libpython3.10.so
[5.094s] -- Found PythonExtra: .so  
[5.242s] -- Added test 'copyright' to check source files copyright and LICENSE
[5.254s] -- Added test 'lint_cmake' to check CMake code style
[5.266s] -- Added test 'xmllint' to check XML markup files
[5.288s] -- Configuring done
[5.370s] -- Generating done
[5.373s] -- Build files have been written to: /home/gurupranav/Programming/ros2_tut/igvc/build/micro_ros_msgs
[5.417s] Invoked command in '/home/gurupranav/Programming/ros2_tut/igvc/build/micro_ros_msgs' returned '0': CMAKE_PREFIX_PATH=${CMAKE_PREFIX_PATH}:/opt/ros/humble /usr/bin/cmake /home/gurupranav/Programming/ros2_tut/igvc/src/uros/micro_ros_msgs -DCMAKE_INSTALL_PREFIX=/home/gurupranav/Programming/ros2_tut/igvc/install/micro_ros_msgs
[5.419s] Invoking command in '/home/gurupranav/Programming/ros2_tut/igvc/build/micro_ros_msgs': CMAKE_PREFIX_PATH=${CMAKE_PREFIX_PATH}:/opt/ros/humble /usr/bin/cmake --build /home/gurupranav/Programming/ros2_tut/igvc/build/micro_ros_msgs -- -j16 -l16
[5.470s] [  2%] [34m[1mGenerating C code for ROS interfaces[0m
[5.480s] [  4%] [34m[1mGenerating C++ code for ROS interfaces[0m
[5.490s] [  4%] Built target ament_cmake_python_copy_micro_ros_msgs
[5.824s] running egg_info
[5.824s] creating micro_ros_msgs.egg-info
[5.825s] writing micro_ros_msgs.egg-info/PKG-INFO
[5.825s] writing dependency_links to micro_ros_msgs.egg-info/dependency_links.txt
[5.825s] writing top-level names to micro_ros_msgs.egg-info/top_level.txt
[5.826s] writing manifest file 'micro_ros_msgs.egg-info/SOURCES.txt'
[5.828s] reading manifest file 'micro_ros_msgs.egg-info/SOURCES.txt'
[5.829s] writing manifest file 'micro_ros_msgs.egg-info/SOURCES.txt'
[5.875s] [  4%] Built target ament_cmake_python_build_micro_ros_msgs_egg
[5.969s] [  4%] Built target micro_ros_msgs__cpp
[5.979s] [  8%] [34m[1mGenerating C++ type support dispatch for ROS interfaces[0m
[5.979s] [  8%] [34m[1mGenerating C++ type support for eProsima Fast-RTPS[0m
[5.981s] [ 10%] [34m[1mGenerating C++ introspection for ROS interfaces[0m
[5.996s] [ 12%] [32mBuilding C object CMakeFiles/micro_ros_msgs__rosidl_generator_c.dir/rosidl_generator_c/micro_ros_msgs/msg/detail/graph__functions.c.o[0m
[5.996s] [ 14%] [32mBuilding C object CMakeFiles/micro_ros_msgs__rosidl_generator_c.dir/rosidl_generator_c/micro_ros_msgs/msg/detail/node__functions.c.o[0m
[5.996s] [ 17%] [32mBuilding C object CMakeFiles/micro_ros_msgs__rosidl_generator_c.dir/rosidl_generator_c/micro_ros_msgs/msg/detail/entity__functions.c.o[0m
[6.075s] [ 19%] [32m[1mLinking C shared library libmicro_ros_msgs__rosidl_generator_c.so[0m
[6.288s] [ 19%] Built target micro_ros_msgs__rosidl_generator_c
[6.300s] [ 21%] [34m[1mGenerating C type support for eProsima Fast-RTPS[0m
[6.301s] [ 23%] [34m[1mGenerating C introspection for ROS interfaces[0m
[6.302s] [ 25%] [34m[1mGenerating C type support dispatch for ROS interfaces[0m
[6.399s] [ 29%] [32mBuilding CXX object CMakeFiles/micro_ros_msgs__rosidl_typesupport_cpp.dir/rosidl_typesupport_cpp/micro_ros_msgs/msg/entity__type_support.cpp.o[0m
[6.400s] [ 29%] [32mBuilding CXX object CMakeFiles/micro_ros_msgs__rosidl_typesupport_cpp.dir/rosidl_typesupport_cpp/micro_ros_msgs/msg/node__type_support.cpp.o[0m
[6.400s] [ 31%] [32mBuilding CXX object CMakeFiles/micro_ros_msgs__rosidl_typesupport_cpp.dir/rosidl_typesupport_cpp/micro_ros_msgs/msg/graph__type_support.cpp.o[0m
[6.456s] [ 36%] [32mBuilding CXX object CMakeFiles/micro_ros_msgs__rosidl_typesupport_introspection_cpp.dir/rosidl_typesupport_introspection_cpp/micro_ros_msgs/msg/detail/node__type_support.cpp.o[0m
[6.457s] [ 36%] [32mBuilding CXX object CMakeFiles/micro_ros_msgs__rosidl_typesupport_introspection_cpp.dir/rosidl_typesupport_introspection_cpp/micro_ros_msgs/msg/detail/graph__type_support.cpp.o[0m
[6.459s] [ 38%] [32mBuilding CXX object CMakeFiles/micro_ros_msgs__rosidl_typesupport_introspection_cpp.dir/rosidl_typesupport_introspection_cpp/micro_ros_msgs/msg/detail/entity__type_support.cpp.o[0m
[6.472s] [ 40%] [32mBuilding CXX object CMakeFiles/micro_ros_msgs__rosidl_typesupport_fastrtps_cpp.dir/rosidl_typesupport_fastrtps_cpp/micro_ros_msgs/msg/detail/dds_fastrtps/graph__type_support.cpp.o[0m
[6.477s] [ 44%] [32mBuilding CXX object CMakeFiles/micro_ros_msgs__rosidl_typesupport_fastrtps_cpp.dir/rosidl_typesupport_fastrtps_cpp/micro_ros_msgs/msg/detail/dds_fastrtps/entity__type_support.cpp.o[0m
[6.477s] [ 44%] [32mBuilding CXX object CMakeFiles/micro_ros_msgs__rosidl_typesupport_fastrtps_cpp.dir/rosidl_typesupport_fastrtps_cpp/micro_ros_msgs/msg/detail/dds_fastrtps/node__type_support.cpp.o[0m
[6.862s] [ 48%] [32mBuilding CXX object CMakeFiles/micro_ros_msgs__rosidl_typesupport_c.dir/rosidl_typesupport_c/micro_ros_msgs/msg/node__type_support.cpp.o[0m
[6.864s] [ 48%] [32mBuilding CXX object CMakeFiles/micro_ros_msgs__rosidl_typesupport_c.dir/rosidl_typesupport_c/micro_ros_msgs/msg/entity__type_support.cpp.o[0m
[6.879s] [ 51%] [32mBuilding CXX object CMakeFiles/micro_ros_msgs__rosidl_typesupport_c.dir/rosidl_typesupport_c/micro_ros_msgs/msg/graph__type_support.cpp.o[0m
[6.939s] [ 53%] [32m[1mLinking CXX shared library libmicro_ros_msgs__rosidl_typesupport_c.so[0m
[6.948s] [ 55%] [32m[1mLinking CXX shared library libmicro_ros_msgs__rosidl_typesupport_cpp.so[0m
[6.966s] [ 57%] [32mBuilding CXX object CMakeFiles/micro_ros_msgs__rosidl_typesupport_fastrtps_c.dir/rosidl_typesupport_fastrtps_c/micro_ros_msgs/msg/detail/graph__type_support_c.cpp.o[0m
[6.966s] [ 59%] [32mBuilding CXX object CMakeFiles/micro_ros_msgs__rosidl_typesupport_fastrtps_c.dir/rosidl_typesupport_fastrtps_c/micro_ros_msgs/msg/detail/node__type_support_c.cpp.o[0m
[6.970s] [ 61%] [32mBuilding C object CMakeFiles/micro_ros_msgs__rosidl_typesupport_introspection_c.dir/rosidl_typesupport_introspection_c/micro_ros_msgs/msg/detail/graph__type_support.c.o[0m
[6.970s] [ 63%] [32mBuilding C object CMakeFiles/micro_ros_msgs__rosidl_typesupport_introspection_c.dir/rosidl_typesupport_introspection_c/micro_ros_msgs/msg/detail/node__type_support.c.o[0m
[6.973s] [ 65%] [32mBuilding C object CMakeFiles/micro_ros_msgs__rosidl_typesupport_introspection_c.dir/rosidl_typesupport_introspection_c/micro_ros_msgs/msg/detail/entity__type_support.c.o[0m
[6.978s] [ 68%] [32mBuilding CXX object CMakeFiles/micro_ros_msgs__rosidl_typesupport_fastrtps_c.dir/rosidl_typesupport_fastrtps_c/micro_ros_msgs/msg/detail/entity__type_support_c.cpp.o[0m
[7.058s] [ 70%] [32m[1mLinking C shared library libmicro_ros_msgs__rosidl_typesupport_introspection_c.so[0m
[7.227s] [ 70%] Built target micro_ros_msgs__rosidl_typesupport_c
[7.235s] [ 70%] Built target micro_ros_msgs__rosidl_typesupport_cpp
[7.346s] [ 70%] Built target micro_ros_msgs__rosidl_typesupport_introspection_c
[7.376s] [ 72%] [32m[1mLinking CXX shared library libmicro_ros_msgs__rosidl_typesupport_fastrtps_cpp.so[0m
[7.457s] [ 74%] [32m[1mLinking CXX shared library libmicro_ros_msgs__rosidl_typesupport_introspection_cpp.so[0m
[7.554s] [ 76%] [32m[1mLinking CXX shared library libmicro_ros_msgs__rosidl_typesupport_fastrtps_c.so[0m
[7.643s] [ 76%] Built target micro_ros_msgs__rosidl_typesupport_fastrtps_cpp
[7.735s] [ 76%] Built target micro_ros_msgs__rosidl_typesupport_introspection_cpp
[7.807s] [ 76%] Built target micro_ros_msgs__rosidl_typesupport_fastrtps_c
[7.832s] [ 76%] Built target micro_ros_msgs
[7.857s] [ 78%] [34m[1mGenerating Python code for ROS interfaces[0m
[8.457s] [ 78%] Built target micro_ros_msgs__py
[8.481s] [ 82%] [32mBuilding C object CMakeFiles/micro_ros_msgs__rosidl_generator_py.dir/rosidl_generator_py/micro_ros_msgs/msg/_graph_s.c.o[0m
[8.482s] [ 82%] [32mBuilding C object CMakeFiles/micro_ros_msgs__rosidl_generator_py.dir/rosidl_generator_py/micro_ros_msgs/msg/_entity_s.c.o[0m
[8.483s] [ 85%] [32mBuilding C object CMakeFiles/micro_ros_msgs__rosidl_generator_py.dir/rosidl_generator_py/micro_ros_msgs/msg/_node_s.c.o[0m
[8.652s] [ 87%] [32m[1mLinking C shared library rosidl_generator_py/micro_ros_msgs/libmicro_ros_msgs__rosidl_generator_py.so[0m
[8.870s] [ 87%] Built target micro_ros_msgs__rosidl_generator_py
[8.892s] [ 91%] [32mBuilding C object CMakeFiles/micro_ros_msgs__rosidl_typesupport_introspection_c__pyext.dir/rosidl_generator_py/micro_ros_msgs/_micro_ros_msgs_s.ep.rosidl_typesupport_introspection_c.c.o[0m
[8.893s] [ 91%] [32mBuilding C object CMakeFiles/micro_ros_msgs__rosidl_typesupport_c__pyext.dir/rosidl_generator_py/micro_ros_msgs/_micro_ros_msgs_s.ep.rosidl_typesupport_c.c.o[0m
[8.893s] [ 93%] [32mBuilding C object CMakeFiles/micro_ros_msgs__rosidl_typesupport_fastrtps_c__pyext.dir/rosidl_generator_py/micro_ros_msgs/_micro_ros_msgs_s.ep.rosidl_typesupport_fastrtps_c.c.o[0m
[9.011s] [ 95%] [32m[1mLinking C shared library rosidl_generator_py/micro_ros_msgs/micro_ros_msgs_s__rosidl_typesupport_c.cpython-310-x86_64-linux-gnu.so[0m
[9.021s] [ 97%] [32m[1mLinking C shared library rosidl_generator_py/micro_ros_msgs/micro_ros_msgs_s__rosidl_typesupport_introspection_c.cpython-310-x86_64-linux-gnu.so[0m
[9.040s] [100%] [32m[1mLinking C shared library rosidl_generator_py/micro_ros_msgs/micro_ros_msgs_s__rosidl_typesupport_fastrtps_c.cpython-310-x86_64-linux-gnu.so[0m
[9.182s] [100%] Built target micro_ros_msgs__rosidl_typesupport_introspection_c__pyext
[9.182s] [100%] Built target micro_ros_msgs__rosidl_typesupport_c__pyext
[9.242s] [100%] Built target micro_ros_msgs__rosidl_typesupport_fastrtps_c__pyext
[9.257s] Invoked command in '/home/gurupranav/Programming/ros2_tut/igvc/build/micro_ros_msgs' returned '0': CMAKE_PREFIX_PATH=${CMAKE_PREFIX_PATH}:/opt/ros/humble /usr/bin/cmake --build /home/gurupranav/Programming/ros2_tut/igvc/build/micro_ros_msgs -- -j16 -l16
[9.379s] Invoking command in '/home/gurupranav/Programming/ros2_tut/igvc/build/micro_ros_msgs': CMAKE_PREFIX_PATH=${CMAKE_PREFIX_PATH}:/opt/ros/humble /usr/bin/cmake --install /home/gurupranav/Programming/ros2_tut/igvc/build/micro_ros_msgs
[9.386s] -- Install configuration: ""
[9.388s] -- Installing: /home/gurupranav/Programming/ros2_tut/igvc/install/micro_ros_msgs/share/ament_index/resource_index/rosidl_interfaces/micro_ros_msgs
[9.388s] -- Installing: /home/gurupranav/Programming/ros2_tut/igvc/install/micro_ros_msgs/include/micro_ros_msgs/micro_ros_msgs
[9.389s] -- Installing: /home/gurupranav/Programming/ros2_tut/igvc/install/micro_ros_msgs/include/micro_ros_msgs/micro_ros_msgs/msg
[9.389s] -- Installing: /home/gurupranav/Programming/ros2_tut/igvc/install/micro_ros_msgs/include/micro_ros_msgs/micro_ros_msgs/msg/graph.h
[9.389s] -- Installing: /home/gurupranav/Programming/ros2_tut/igvc/install/micro_ros_msgs/include/micro_ros_msgs/micro_ros_msgs/msg/rosidl_generator_c__visibility_control.h
[9.389s] -- Installing: /home/gurupranav/Programming/ros2_tut/igvc/install/micro_ros_msgs/include/micro_ros_msgs/micro_ros_msgs/msg/entity.h
[9.390s] -- Installing: /home/gurupranav/Programming/ros2_tut/igvc/install/micro_ros_msgs/include/micro_ros_msgs/micro_ros_msgs/msg/node.h
[9.390s] -- Installing: /home/gurupranav/Programming/ros2_tut/igvc/install/micro_ros_msgs/include/micro_ros_msgs/micro_ros_msgs/msg/detail
[9.390s] -- Installing: /home/gurupranav/Programming/ros2_tut/igvc/install/micro_ros_msgs/include/micro_ros_msgs/micro_ros_msgs/msg/detail/entity__functions.c
[9.390s] -- Installing: /home/gurupranav/Programming/ros2_tut/igvc/install/micro_ros_msgs/include/micro_ros_msgs/micro_ros_msgs/msg/detail/graph__struct.h
[9.391s] -- Installing: /home/gurupranav/Programming/ros2_tut/igvc/install/micro_ros_msgs/include/micro_ros_msgs/micro_ros_msgs/msg/detail/entity__functions.h
[9.391s] -- Installing: /home/gurupranav/Programming/ros2_tut/igvc/install/micro_ros_msgs/include/micro_ros_msgs/micro_ros_msgs/msg/detail/graph__functions.h
[9.391s] -- Installing: /home/gurupranav/Programming/ros2_tut/igvc/install/micro_ros_msgs/include/micro_ros_msgs/micro_ros_msgs/msg/detail/node__type_support.h
[9.391s] -- Installing: /home/gurupranav/Programming/ros2_tut/igvc/install/micro_ros_msgs/include/micro_ros_msgs/micro_ros_msgs/msg/detail/entity__type_support.h
[9.391s] -- Installing: /home/gurupranav/Programming/ros2_tut/igvc/install/micro_ros_msgs/include/micro_ros_msgs/micro_ros_msgs/msg/detail/entity__struct.h
[9.392s] -- Installing: /home/gurupranav/Programming/ros2_tut/igvc/install/micro_ros_msgs/include/micro_ros_msgs/micro_ros_msgs/msg/detail/node__struct.h
[9.392s] -- Installing: /home/gurupranav/Programming/ros2_tut/igvc/install/micro_ros_msgs/include/micro_ros_msgs/micro_ros_msgs/msg/detail/node__functions.h
[9.392s] -- Installing: /home/gurupranav/Programming/ros2_tut/igvc/install/micro_ros_msgs/include/micro_ros_msgs/micro_ros_msgs/msg/detail/graph__type_support.h
[9.392s] -- Installing: /home/gurupranav/Programming/ros2_tut/igvc/install/micro_ros_msgs/include/micro_ros_msgs/micro_ros_msgs/msg/detail/node__functions.c
[9.393s] -- Installing: /home/gurupranav/Programming/ros2_tut/igvc/install/micro_ros_msgs/include/micro_ros_msgs/micro_ros_msgs/msg/detail/graph__functions.c
[9.393s] -- Installing: /home/gurupranav/Programming/ros2_tut/igvc/install/micro_ros_msgs/share/micro_ros_msgs/environment/library_path.sh
[9.393s] -- Installing: /home/gurupranav/Programming/ros2_tut/igvc/install/micro_ros_msgs/share/micro_ros_msgs/environment/library_path.dsv
[9.394s] -- Installing: /home/gurupranav/Programming/ros2_tut/igvc/install/micro_ros_msgs/lib/libmicro_ros_msgs__rosidl_generator_c.so
[9.394s] -- Set runtime path of "/home/gurupranav/Programming/ros2_tut/igvc/install/micro_ros_msgs/lib/libmicro_ros_msgs__rosidl_generator_c.so" to ""
[9.395s] -- Up-to-date: /home/gurupranav/Programming/ros2_tut/igvc/install/micro_ros_msgs/include/micro_ros_msgs/micro_ros_msgs
[9.395s] -- Up-to-date: /home/gurupranav/Programming/ros2_tut/igvc/install/micro_ros_msgs/include/micro_ros_msgs/micro_ros_msgs/msg
[9.395s] -- Installing: /home/gurupranav/Programming/ros2_tut/igvc/install/micro_ros_msgs/include/micro_ros_msgs/micro_ros_msgs/msg/rosidl_typesupport_fastrtps_c__visibility_control.h
[9.395s] -- Up-to-date: /home/gurupranav/Programming/ros2_tut/igvc/install/micro_ros_msgs/include/micro_ros_msgs/micro_ros_msgs/msg/detail
[9.395s] -- Installing: /home/gurupranav/Programming/ros2_tut/igvc/install/micro_ros_msgs/include/micro_ros_msgs/micro_ros_msgs/msg/detail/node__rosidl_typesupport_fastrtps_c.h
[9.396s] -- Installing: /home/gurupranav/Programming/ros2_tut/igvc/install/micro_ros_msgs/include/micro_ros_msgs/micro_ros_msgs/msg/detail/graph__rosidl_typesupport_fastrtps_c.h
[9.396s] -- Installing: /home/gurupranav/Programming/ros2_tut/igvc/install/micro_ros_msgs/include/micro_ros_msgs/micro_ros_msgs/msg/detail/entity__rosidl_typesupport_fastrtps_c.h
[9.396s] -- Installing: /home/gurupranav/Programming/ros2_tut/igvc/install/micro_ros_msgs/lib/libmicro_ros_msgs__rosidl_typesupport_fastrtps_c.so
[9.396s] -- Set runtime path of "/home/gurupranav/Programming/ros2_tut/igvc/install/micro_ros_msgs/lib/libmicro_ros_msgs__rosidl_typesupport_fastrtps_c.so" to ""
[9.397s] -- Up-to-date: /home/gurupranav/Programming/ros2_tut/igvc/install/micro_ros_msgs/include/micro_ros_msgs/micro_ros_msgs
[9.397s] -- Up-to-date: /home/gurupranav/Programming/ros2_tut/igvc/install/micro_ros_msgs/include/micro_ros_msgs/micro_ros_msgs/msg
[9.397s] -- Installing: /home/gurupranav/Programming/ros2_tut/igvc/install/micro_ros_msgs/include/micro_ros_msgs/micro_ros_msgs/msg/rosidl_typesupport_introspection_c__visibility_control.h
[9.397s] -- Up-to-date: /home/gurupranav/Programming/ros2_tut/igvc/install/micro_ros_msgs/include/micro_ros_msgs/micro_ros_msgs/msg/detail
[9.397s] -- Installing: /home/gurupranav/Programming/ros2_tut/igvc/install/micro_ros_msgs/include/micro_ros_msgs/micro_ros_msgs/msg/detail/node__rosidl_typesupport_introspection_c.h
[9.398s] -- Installing: /home/gurupranav/Programming/ros2_tut/igvc/install/micro_ros_msgs/include/micro_ros_msgs/micro_ros_msgs/msg/detail/node__type_support.c
[9.398s] -- Installing: /home/gurupranav/Programming/ros2_tut/igvc/install/micro_ros_msgs/include/micro_ros_msgs/micro_ros_msgs/msg/detail/graph__rosidl_typesupport_introspection_c.h
[9.398s] -- Installing: /home/gurupranav/Programming/ros2_tut/igvc/install/micro_ros_msgs/include/micro_ros_msgs/micro_ros_msgs/msg/detail/graph__type_support.c
[9.398s] -- Installing: /home/gurupranav/Programming/ros2_tut/igvc/install/micro_ros_msgs/include/micro_ros_msgs/micro_ros_msgs/msg/detail/entity__rosidl_typesupport_introspection_c.h
[9.398s] -- Installing: /home/gurupranav/Programming/ros2_tut/igvc/install/micro_ros_msgs/include/micro_ros_msgs/micro_ros_msgs/msg/detail/entity__type_support.c
[9.399s] -- Installing: /home/gurupranav/Programming/ros2_tut/igvc/install/micro_ros_msgs/lib/libmicro_ros_msgs__rosidl_typesupport_introspection_c.so
[9.399s] -- Set runtime path of "/home/gurupranav/Programming/ros2_tut/igvc/install/micro_ros_msgs/lib/libmicro_ros_msgs__rosidl_typesupport_introspection_c.so" to ""
[9.399s] -- Installing: /home/gurupranav/Programming/ros2_tut/igvc/install/micro_ros_msgs/lib/libmicro_ros_msgs__rosidl_typesupport_c.so
[9.400s] -- Set runtime path of "/home/gurupranav/Programming/ros2_tut/igvc/install/micro_ros_msgs/lib/libmicro_ros_msgs__rosidl_typesupport_c.so" to ""
[9.400s] -- Up-to-date: /home/gurupranav/Programming/ros2_tut/igvc/install/micro_ros_msgs/include/micro_ros_msgs/micro_ros_msgs
[9.400s] -- Up-to-date: /home/gurupranav/Programming/ros2_tut/igvc/install/micro_ros_msgs/include/micro_ros_msgs/micro_ros_msgs/msg
[9.401s] -- Installing: /home/gurupranav/Programming/ros2_tut/igvc/install/micro_ros_msgs/include/micro_ros_msgs/micro_ros_msgs/msg/entity.hpp
[9.401s] -- Installing: /home/gurupranav/Programming/ros2_tut/igvc/install/micro_ros_msgs/include/micro_ros_msgs/micro_ros_msgs/msg/node.hpp
[9.401s] -- Installing: /home/gurupranav/Programming/ros2_tut/igvc/install/micro_ros_msgs/include/micro_ros_msgs/micro_ros_msgs/msg/graph.hpp
[9.401s] -- Up-to-date: /home/gurupranav/Programming/ros2_tut/igvc/install/micro_ros_msgs/include/micro_ros_msgs/micro_ros_msgs/msg/detail
[9.401s] -- Installing: /home/gurupranav/Programming/ros2_tut/igvc/install/micro_ros_msgs/include/micro_ros_msgs/micro_ros_msgs/msg/detail/entity__builder.hpp
[9.401s] -- Installing: /home/gurupranav/Programming/ros2_tut/igvc/install/micro_ros_msgs/include/micro_ros_msgs/micro_ros_msgs/msg/detail/graph__struct.hpp
[9.402s] -- Installing: /home/gurupranav/Programming/ros2_tut/igvc/install/micro_ros_msgs/include/micro_ros_msgs/micro_ros_msgs/msg/detail/graph__traits.hpp
[9.402s] -- Installing: /home/gurupranav/Programming/ros2_tut/igvc/install/micro_ros_msgs/include/micro_ros_msgs/micro_ros_msgs/msg/detail/entity__traits.hpp
[9.402s] -- Installing: /home/gurupranav/Programming/ros2_tut/igvc/install/micro_ros_msgs/include/micro_ros_msgs/micro_ros_msgs/msg/detail/node__builder.hpp
[9.402s] -- Installing: /home/gurupranav/Programming/ros2_tut/igvc/install/micro_ros_msgs/include/micro_ros_msgs/micro_ros_msgs/msg/detail/node__traits.hpp
[9.402s] -- Installing: /home/gurupranav/Programming/ros2_tut/igvc/install/micro_ros_msgs/include/micro_ros_msgs/micro_ros_msgs/msg/detail/node__struct.hpp
[9.403s] -- Installing: /home/gurupranav/Programming/ros2_tut/igvc/install/micro_ros_msgs/include/micro_ros_msgs/micro_ros_msgs/msg/detail/entity__struct.hpp
[9.403s] -- Installing: /home/gurupranav/Programming/ros2_tut/igvc/install/micro_ros_msgs/include/micro_ros_msgs/micro_ros_msgs/msg/detail/graph__builder.hpp
[9.403s] -- Up-to-date: /home/gurupranav/Programming/ros2_tut/igvc/install/micro_ros_msgs/include/micro_ros_msgs/micro_ros_msgs
[9.403s] -- Up-to-date: /home/gurupranav/Programming/ros2_tut/igvc/install/micro_ros_msgs/include/micro_ros_msgs/micro_ros_msgs/msg
[9.404s] -- Installing: /home/gurupranav/Programming/ros2_tut/igvc/install/micro_ros_msgs/include/micro_ros_msgs/micro_ros_msgs/msg/rosidl_typesupport_fastrtps_cpp__visibility_control.h
[9.404s] -- Up-to-date: /home/gurupranav/Programming/ros2_tut/igvc/install/micro_ros_msgs/include/micro_ros_msgs/micro_ros_msgs/msg/detail
[9.404s] -- Installing: /home/gurupranav/Programming/ros2_tut/igvc/install/micro_ros_msgs/include/micro_ros_msgs/micro_ros_msgs/msg/detail/dds_fastrtps
[9.405s] -- Installing: /home/gurupranav/Programming/ros2_tut/igvc/install/micro_ros_msgs/include/micro_ros_msgs/micro_ros_msgs/msg/detail/node__rosidl_typesupport_fastrtps_cpp.hpp
[9.405s] -- Installing: /home/gurupranav/Programming/ros2_tut/igvc/install/micro_ros_msgs/include/micro_ros_msgs/micro_ros_msgs/msg/detail/graph__rosidl_typesupport_fastrtps_cpp.hpp
[9.405s] -- Installing: /home/gurupranav/Programming/ros2_tut/igvc/install/micro_ros_msgs/include/micro_ros_msgs/micro_ros_msgs/msg/detail/entity__rosidl_typesupport_fastrtps_cpp.hpp
[9.406s] -- Installing: /home/gurupranav/Programming/ros2_tut/igvc/install/micro_ros_msgs/lib/libmicro_ros_msgs__rosidl_typesupport_fastrtps_cpp.so
[9.406s] -- Set runtime path of "/home/gurupranav/Programming/ros2_tut/igvc/install/micro_ros_msgs/lib/libmicro_ros_msgs__rosidl_typesupport_fastrtps_cpp.so" to ""
[9.406s] -- Up-to-date: /home/gurupranav/Programming/ros2_tut/igvc/install/micro_ros_msgs/include/micro_ros_msgs/micro_ros_msgs
[9.406s] -- Up-to-date: /home/gurupranav/Programming/ros2_tut/igvc/install/micro_ros_msgs/include/micro_ros_msgs/micro_ros_msgs/msg
[9.406s] -- Up-to-date: /home/gurupranav/Programming/ros2_tut/igvc/install/micro_ros_msgs/include/micro_ros_msgs/micro_ros_msgs/msg/detail
[9.406s] -- Installing: /home/gurupranav/Programming/ros2_tut/igvc/install/micro_ros_msgs/include/micro_ros_msgs/micro_ros_msgs/msg/detail/entity__rosidl_typesupport_introspection_cpp.hpp
[9.407s] -- Installing: /home/gurupranav/Programming/ros2_tut/igvc/install/micro_ros_msgs/include/micro_ros_msgs/micro_ros_msgs/msg/detail/graph__rosidl_typesupport_introspection_cpp.hpp
[9.407s] -- Installing: /home/gurupranav/Programming/ros2_tut/igvc/install/micro_ros_msgs/include/micro_ros_msgs/micro_ros_msgs/msg/detail/graph__type_support.cpp
[9.407s] -- Installing: /home/gurupranav/Programming/ros2_tut/igvc/install/micro_ros_msgs/include/micro_ros_msgs/micro_ros_msgs/msg/detail/entity__type_support.cpp
[9.407s] -- Installing: /home/gurupranav/Programming/ros2_tut/igvc/install/micro_ros_msgs/include/micro_ros_msgs/micro_ros_msgs/msg/detail/node__type_support.cpp
[9.407s] -- Installing: /home/gurupranav/Programming/ros2_tut/igvc/install/micro_ros_msgs/include/micro_ros_msgs/micro_ros_msgs/msg/detail/node__rosidl_typesupport_introspection_cpp.hpp
[9.407s] -- Installing: /home/gurupranav/Programming/ros2_tut/igvc/install/micro_ros_msgs/lib/libmicro_ros_msgs__rosidl_typesupport_introspection_cpp.so
[9.408s] -- Set runtime path of "/home/gurupranav/Programming/ros2_tut/igvc/install/micro_ros_msgs/lib/libmicro_ros_msgs__rosidl_typesupport_introspection_cpp.so" to ""
[9.409s] -- Installing: /home/gurupranav/Programming/ros2_tut/igvc/install/micro_ros_msgs/lib/libmicro_ros_msgs__rosidl_typesupport_cpp.so
[9.409s] -- Set runtime path of "/home/gurupranav/Programming/ros2_tut/igvc/install/micro_ros_msgs/lib/libmicro_ros_msgs__rosidl_typesupport_cpp.so" to ""
[9.409s] -- Installing: /home/gurupranav/Programming/ros2_tut/igvc/install/micro_ros_msgs/share/micro_ros_msgs/environment/pythonpath.sh
[9.409s] -- Installing: /home/gurupranav/Programming/ros2_tut/igvc/install/micro_ros_msgs/share/micro_ros_msgs/environment/pythonpath.dsv
[9.410s] -- Installing: /home/gurupranav/Programming/ros2_tut/igvc/install/micro_ros_msgs/local/lib/python3.10/dist-packages/micro_ros_msgs-3.0.1-py3.10.egg-info
[9.410s] -- Installing: /home/gurupranav/Programming/ros2_tut/igvc/install/micro_ros_msgs/local/lib/python3.10/dist-packages/micro_ros_msgs-3.0.1-py3.10.egg-info/SOURCES.txt
[9.411s] -- Installing: /home/gurupranav/Programming/ros2_tut/igvc/install/micro_ros_msgs/local/lib/python3.10/dist-packages/micro_ros_msgs-3.0.1-py3.10.egg-info/dependency_links.txt
[9.411s] -- Installing: /home/gurupranav/Programming/ros2_tut/igvc/install/micro_ros_msgs/local/lib/python3.10/dist-packages/micro_ros_msgs-3.0.1-py3.10.egg-info/PKG-INFO
[9.411s] -- Installing: /home/gurupranav/Programming/ros2_tut/igvc/install/micro_ros_msgs/local/lib/python3.10/dist-packages/micro_ros_msgs-3.0.1-py3.10.egg-info/top_level.txt
[9.411s] -- Installing: /home/gurupranav/Programming/ros2_tut/igvc/install/micro_ros_msgs/local/lib/python3.10/dist-packages/micro_ros_msgs
[9.412s] -- Installing: /home/gurupranav/Programming/ros2_tut/igvc/install/micro_ros_msgs/local/lib/python3.10/dist-packages/micro_ros_msgs/_micro_ros_msgs_s.ep.rosidl_typesupport_c.c
[9.412s] -- Installing: /home/gurupranav/Programming/ros2_tut/igvc/install/micro_ros_msgs/local/lib/python3.10/dist-packages/micro_ros_msgs/msg
[9.412s] -- Installing: /home/gurupranav/Programming/ros2_tut/igvc/install/micro_ros_msgs/local/lib/python3.10/dist-packages/micro_ros_msgs/msg/_node_s.c
[9.412s] -- Installing: /home/gurupranav/Programming/ros2_tut/igvc/install/micro_ros_msgs/local/lib/python3.10/dist-packages/micro_ros_msgs/msg/_graph.py
[9.413s] -- Installing: /home/gurupranav/Programming/ros2_tut/igvc/install/micro_ros_msgs/local/lib/python3.10/dist-packages/micro_ros_msgs/msg/_entity.py
[9.413s] -- Installing: /home/gurupranav/Programming/ros2_tut/igvc/install/micro_ros_msgs/local/lib/python3.10/dist-packages/micro_ros_msgs/msg/_entity_s.c
[9.413s] -- Installing: /home/gurupranav/Programming/ros2_tut/igvc/install/micro_ros_msgs/local/lib/python3.10/dist-packages/micro_ros_msgs/msg/_node.py
[9.413s] -- Installing: /home/gurupranav/Programming/ros2_tut/igvc/install/micro_ros_msgs/local/lib/python3.10/dist-packages/micro_ros_msgs/msg/_graph_s.c
[9.414s] -- Installing: /home/gurupranav/Programming/ros2_tut/igvc/install/micro_ros_msgs/local/lib/python3.10/dist-packages/micro_ros_msgs/msg/__init__.py
[9.414s] -- Installing: /home/gurupranav/Programming/ros2_tut/igvc/install/micro_ros_msgs/local/lib/python3.10/dist-packages/micro_ros_msgs/micro_ros_msgs_s__rosidl_typesupport_introspection_c.cpython-310-x86_64-linux-gnu.so
[9.414s] -- Installing: /home/gurupranav/Programming/ros2_tut/igvc/install/micro_ros_msgs/local/lib/python3.10/dist-packages/micro_ros_msgs/micro_ros_msgs_s__rosidl_typesupport_fastrtps_c.cpython-310-x86_64-linux-gnu.so
[9.414s] -- Installing: /home/gurupranav/Programming/ros2_tut/igvc/install/micro_ros_msgs/local/lib/python3.10/dist-packages/micro_ros_msgs/_micro_ros_msgs_s.ep.rosidl_typesupport_fastrtps_c.c
[9.415s] -- Installing: /home/gurupranav/Programming/ros2_tut/igvc/install/micro_ros_msgs/local/lib/python3.10/dist-packages/micro_ros_msgs/micro_ros_msgs_s__rosidl_typesupport_c.cpython-310-x86_64-linux-gnu.so
[9.415s] -- Installing: /home/gurupranav/Programming/ros2_tut/igvc/install/micro_ros_msgs/local/lib/python3.10/dist-packages/micro_ros_msgs/_micro_ros_msgs_s.ep.rosidl_typesupport_introspection_c.c
[9.415s] -- Installing: /home/gurupranav/Programming/ros2_tut/igvc/install/micro_ros_msgs/local/lib/python3.10/dist-packages/micro_ros_msgs/__init__.py
[9.415s] -- Installing: /home/gurupranav/Programming/ros2_tut/igvc/install/micro_ros_msgs/local/lib/python3.10/dist-packages/micro_ros_msgs/libmicro_ros_msgs__rosidl_generator_py.so
[9.457s] Listing '/home/gurupranav/Programming/ros2_tut/igvc/install/micro_ros_msgs/local/lib/python3.10/dist-packages/micro_ros_msgs'...
[9.457s] Compiling '/home/gurupranav/Programming/ros2_tut/igvc/install/micro_ros_msgs/local/lib/python3.10/dist-packages/micro_ros_msgs/__init__.py'...
[9.458s] Listing '/home/gurupranav/Programming/ros2_tut/igvc/install/micro_ros_msgs/local/lib/python3.10/dist-packages/micro_ros_msgs/msg'...
[9.458s] Compiling '/home/gurupranav/Programming/ros2_tut/igvc/install/micro_ros_msgs/local/lib/python3.10/dist-packages/micro_ros_msgs/msg/__init__.py'...
[9.458s] Compiling '/home/gurupranav/Programming/ros2_tut/igvc/install/micro_ros_msgs/local/lib/python3.10/dist-packages/micro_ros_msgs/msg/_entity.py'...
[9.458s] Compiling '/home/gurupranav/Programming/ros2_tut/igvc/install/micro_ros_msgs/local/lib/python3.10/dist-packages/micro_ros_msgs/msg/_graph.py'...
[9.458s] Compiling '/home/gurupranav/Programming/ros2_tut/igvc/install/micro_ros_msgs/local/lib/python3.10/dist-packages/micro_ros_msgs/msg/_node.py'...
[9.464s] -- Installing: /home/gurupranav/Programming/ros2_tut/igvc/install/micro_ros_msgs/local/lib/python3.10/dist-packages/micro_ros_msgs/micro_ros_msgs_s__rosidl_typesupport_fastrtps_c.cpython-310-x86_64-linux-gnu.so
[9.465s] -- Set runtime path of "/home/gurupranav/Programming/ros2_tut/igvc/install/micro_ros_msgs/local/lib/python3.10/dist-packages/micro_ros_msgs/micro_ros_msgs_s__rosidl_typesupport_fastrtps_c.cpython-310-x86_64-linux-gnu.so" to ""
[9.465s] -- Installing: /home/gurupranav/Programming/ros2_tut/igvc/install/micro_ros_msgs/local/lib/python3.10/dist-packages/micro_ros_msgs/micro_ros_msgs_s__rosidl_typesupport_introspection_c.cpython-310-x86_64-linux-gnu.so
[9.465s] -- Set runtime path of "/home/gurupranav/Programming/ros2_tut/igvc/install/micro_ros_msgs/local/lib/python3.10/dist-packages/micro_ros_msgs/micro_ros_msgs_s__rosidl_typesupport_introspection_c.cpython-310-x86_64-linux-gnu.so" to ""
[9.466s] -- Installing: /home/gurupranav/Programming/ros2_tut/igvc/install/micro_ros_msgs/local/lib/python3.10/dist-packages/micro_ros_msgs/micro_ros_msgs_s__rosidl_typesupport_c.cpython-310-x86_64-linux-gnu.so
[9.466s] -- Set runtime path of "/home/gurupranav/Programming/ros2_tut/igvc/install/micro_ros_msgs/local/lib/python3.10/dist-packages/micro_ros_msgs/micro_ros_msgs_s__rosidl_typesupport_c.cpython-310-x86_64-linux-gnu.so" to ""
[9.466s] -- Installing: /home/gurupranav/Programming/ros2_tut/igvc/install/micro_ros_msgs/lib/libmicro_ros_msgs__rosidl_generator_py.so
[9.467s] -- Set runtime path of "/home/gurupranav/Programming/ros2_tut/igvc/install/micro_ros_msgs/lib/libmicro_ros_msgs__rosidl_generator_py.so" to ""
[9.467s] -- Installing: /home/gurupranav/Programming/ros2_tut/igvc/install/micro_ros_msgs/share/micro_ros_msgs/msg/Graph.idl
[9.468s] -- Installing: /home/gurupranav/Programming/ros2_tut/igvc/install/micro_ros_msgs/share/micro_ros_msgs/msg/Node.idl
[9.468s] -- Installing: /home/gurupranav/Programming/ros2_tut/igvc/install/micro_ros_msgs/share/micro_ros_msgs/msg/Entity.idl
[9.468s] -- Installing: /home/gurupranav/Programming/ros2_tut/igvc/install/micro_ros_msgs/share/micro_ros_msgs/msg/Graph.msg
[9.468s] -- Installing: /home/gurupranav/Programming/ros2_tut/igvc/install/micro_ros_msgs/share/micro_ros_msgs/msg/Node.msg
[9.469s] -- Installing: /home/gurupranav/Programming/ros2_tut/igvc/install/micro_ros_msgs/share/micro_ros_msgs/msg/Entity.msg
[9.469s] -- Installing: /home/gurupranav/Programming/ros2_tut/igvc/install/micro_ros_msgs/share/ament_index/resource_index/package_run_dependencies/micro_ros_msgs
[9.470s] -- Installing: /home/gurupranav/Programming/ros2_tut/igvc/install/micro_ros_msgs/share/ament_index/resource_index/parent_prefix_path/micro_ros_msgs
[9.470s] -- Installing: /home/gurupranav/Programming/ros2_tut/igvc/install/micro_ros_msgs/share/micro_ros_msgs/environment/ament_prefix_path.sh
[9.470s] -- Installing: /home/gurupranav/Programming/ros2_tut/igvc/install/micro_ros_msgs/share/micro_ros_msgs/environment/ament_prefix_path.dsv
[9.471s] -- Installing: /home/gurupranav/Programming/ros2_tut/igvc/install/micro_ros_msgs/share/micro_ros_msgs/environment/path.sh
[9.471s] -- Installing: /home/gurupranav/Programming/ros2_tut/igvc/install/micro_ros_msgs/share/micro_ros_msgs/environment/path.dsv
[9.471s] -- Installing: /home/gurupranav/Programming/ros2_tut/igvc/install/micro_ros_msgs/share/micro_ros_msgs/local_setup.bash
[9.472s] -- Installing: /home/gurupranav/Programming/ros2_tut/igvc/install/micro_ros_msgs/share/micro_ros_msgs/local_setup.sh
[9.472s] -- Installing: /home/gurupranav/Programming/ros2_tut/igvc/install/micro_ros_msgs/share/micro_ros_msgs/local_setup.zsh
[9.472s] -- Installing: /home/gurupranav/Programming/ros2_tut/igvc/install/micro_ros_msgs/share/micro_ros_msgs/local_setup.dsv
[9.473s] -- Installing: /home/gurupranav/Programming/ros2_tut/igvc/install/micro_ros_msgs/share/micro_ros_msgs/package.dsv
[9.473s] -- Installing: /home/gurupranav/Programming/ros2_tut/igvc/install/micro_ros_msgs/share/ament_index/resource_index/packages/micro_ros_msgs
[9.474s] -- Installing: /home/gurupranav/Programming/ros2_tut/igvc/install/micro_ros_msgs/share/micro_ros_msgs/cmake/export_micro_ros_msgs__rosidl_generator_cExport.cmake
[9.474s] -- Installing: /home/gurupranav/Programming/ros2_tut/igvc/install/micro_ros_msgs/share/micro_ros_msgs/cmake/export_micro_ros_msgs__rosidl_generator_cExport-noconfig.cmake
[9.474s] -- Installing: /home/gurupranav/Programming/ros2_tut/igvc/install/micro_ros_msgs/share/micro_ros_msgs/cmake/export_micro_ros_msgs__rosidl_typesupport_fastrtps_cExport.cmake
[9.475s] -- Installing: /home/gurupranav/Programming/ros2_tut/igvc/install/micro_ros_msgs/share/micro_ros_msgs/cmake/export_micro_ros_msgs__rosidl_typesupport_fastrtps_cExport-noconfig.cmake
[9.475s] -- Installing: /home/gurupranav/Programming/ros2_tut/igvc/install/micro_ros_msgs/share/micro_ros_msgs/cmake/micro_ros_msgs__rosidl_typesupport_introspection_cExport.cmake
[9.475s] -- Installing: /home/gurupranav/Programming/ros2_tut/igvc/install/micro_ros_msgs/share/micro_ros_msgs/cmake/micro_ros_msgs__rosidl_typesupport_introspection_cExport-noconfig.cmake
[9.476s] -- Installing: /home/gurupranav/Programming/ros2_tut/igvc/install/micro_ros_msgs/share/micro_ros_msgs/cmake/micro_ros_msgs__rosidl_typesupport_cExport.cmake
[9.476s] -- Installing: /home/gurupranav/Programming/ros2_tut/igvc/install/micro_ros_msgs/share/micro_ros_msgs/cmake/micro_ros_msgs__rosidl_typesupport_cExport-noconfig.cmake
[9.476s] -- Installing: /home/gurupranav/Programming/ros2_tut/igvc/install/micro_ros_msgs/share/micro_ros_msgs/cmake/export_micro_ros_msgs__rosidl_generator_cppExport.cmake
[9.477s] -- Installing: /home/gurupranav/Programming/ros2_tut/igvc/install/micro_ros_msgs/share/micro_ros_msgs/cmake/export_micro_ros_msgs__rosidl_typesupport_fastrtps_cppExport.cmake
[9.477s] -- Installing: /home/gurupranav/Programming/ros2_tut/igvc/install/micro_ros_msgs/share/micro_ros_msgs/cmake/export_micro_ros_msgs__rosidl_typesupport_fastrtps_cppExport-noconfig.cmake
[9.477s] -- Installing: /home/gurupranav/Programming/ros2_tut/igvc/install/micro_ros_msgs/share/micro_ros_msgs/cmake/micro_ros_msgs__rosidl_typesupport_introspection_cppExport.cmake
[9.477s] -- Installing: /home/gurupranav/Programming/ros2_tut/igvc/install/micro_ros_msgs/share/micro_ros_msgs/cmake/micro_ros_msgs__rosidl_typesupport_introspection_cppExport-noconfig.cmake
[9.478s] -- Installing: /home/gurupranav/Programming/ros2_tut/igvc/install/micro_ros_msgs/share/micro_ros_msgs/cmake/micro_ros_msgs__rosidl_typesupport_cppExport.cmake
[9.478s] -- Installing: /home/gurupranav/Programming/ros2_tut/igvc/install/micro_ros_msgs/share/micro_ros_msgs/cmake/micro_ros_msgs__rosidl_typesupport_cppExport-noconfig.cmake
[9.478s] -- Installing: /home/gurupranav/Programming/ros2_tut/igvc/install/micro_ros_msgs/share/micro_ros_msgs/cmake/export_micro_ros_msgs__rosidl_generator_pyExport.cmake
[9.479s] -- Installing: /home/gurupranav/Programming/ros2_tut/igvc/install/micro_ros_msgs/share/micro_ros_msgs/cmake/export_micro_ros_msgs__rosidl_generator_pyExport-noconfig.cmake
[9.479s] -- Installing: /home/gurupranav/Programming/ros2_tut/igvc/install/micro_ros_msgs/share/micro_ros_msgs/cmake/rosidl_cmake-extras.cmake
[9.479s] -- Installing: /home/gurupranav/Programming/ros2_tut/igvc/install/micro_ros_msgs/share/micro_ros_msgs/cmake/ament_cmake_export_include_directories-extras.cmake
[9.479s] -- Installing: /home/gurupranav/Programming/ros2_tut/igvc/install/micro_ros_msgs/share/micro_ros_msgs/cmake/ament_cmake_export_libraries-extras.cmake
[9.480s] -- Installing: /home/gurupranav/Programming/ros2_tut/igvc/install/micro_ros_msgs/share/micro_ros_msgs/cmake/ament_cmake_export_targets-extras.cmake
[9.480s] -- Installing: /home/gurupranav/Programming/ros2_tut/igvc/install/micro_ros_msgs/share/micro_ros_msgs/cmake/rosidl_cmake_export_typesupport_targets-extras.cmake
[9.480s] -- Installing: /home/gurupranav/Programming/ros2_tut/igvc/install/micro_ros_msgs/share/micro_ros_msgs/cmake/ament_cmake_export_dependencies-extras.cmake
[9.480s] -- Installing: /home/gurupranav/Programming/ros2_tut/igvc/install/micro_ros_msgs/share/micro_ros_msgs/cmake/rosidl_cmake_export_typesupport_libraries-extras.cmake
[9.481s] -- Installing: /home/gurupranav/Programming/ros2_tut/igvc/install/micro_ros_msgs/share/micro_ros_msgs/cmake/micro_ros_msgsConfig.cmake
[9.481s] -- Installing: /home/gurupranav/Programming/ros2_tut/igvc/install/micro_ros_msgs/share/micro_ros_msgs/cmake/micro_ros_msgsConfig-version.cmake
[9.482s] -- Installing: /home/gurupranav/Programming/ros2_tut/igvc/install/micro_ros_msgs/share/micro_ros_msgs/package.xml
[9.486s] Invoked command in '/home/gurupranav/Programming/ros2_tut/igvc/build/micro_ros_msgs' returned '0': CMAKE_PREFIX_PATH=${CMAKE_PREFIX_PATH}:/opt/ros/humble /usr/bin/cmake --install /home/gurupranav/Programming/ros2_tut/igvc/build/micro_ros_msgs
