[0.033s] Invoking command in '/home/gurupranav/Programming/ros2_tut/igvc/build/micro_ros_setup': CMAKE_PREFIX_PATH=${CMAKE_PREFIX_PATH}:/opt/ros/humble /usr/bin/cmake /home/gurupranav/Programming/ros2_tut/igvc/src/micro_ros_setup -DCMAKE_INSTALL_PREFIX=/home/gurupranav/Programming/ros2_tut/igvc/install/micro_ros_setup
[0.305s] -- The C compiler identification is GNU 11.4.0
[1.218s] -- The CXX compiler identification is GNU 11.4.0
[1.858s] -- Detecting C compiler ABI info
[2.075s] -- Detecting C compiler ABI info - done
[2.085s] -- Check for working C compiler: /usr/bin/cc - skipped
[2.085s] -- Detecting C compile features
[2.086s] -- Detecting C compile features - done
[2.090s] -- Detecting CXX compiler ABI info
[2.338s] -- Detecting CXX compiler ABI info - done
[2.350s] -- Check for working CXX compiler: /usr/bin/c++ - skipped
[2.350s] -- Detecting CXX compile features
[2.351s] -- Detecting CXX compile features - done
[2.354s] -- Found ament_cmake: 1.3.10 (/opt/ros/humble/share/ament_cmake/cmake)
[2.528s] -- Found Python3: /usr/bin/python3 (found version "3.10.12") found components: Interpreter 
[2.655s] -- Found ament_lint_auto: 0.12.11 (/opt/ros/humble/share/ament_lint_auto/cmake)
[2.768s] -- Added test 'copyright' to check source files copyright and LICENSE
[2.801s] -- Added test 'flake8' to check Python code syntax and style conventions
[2.806s] -- Added test 'lint_cmake' to check CMake code style
[2.808s] -- Added test 'pep257' to check Python code against some of the docstring style conventions in PEP 257
[2.823s] -- Added test 'xmllint' to check XML markup files
[2.825s] -- Configuring done
[2.832s] -- Generating done
[2.834s] -- Build files have been written to: /home/gurupranav/Programming/ros2_tut/igvc/build/micro_ros_setup
[2.840s] Invoked command in '/home/gurupranav/Programming/ros2_tut/igvc/build/micro_ros_setup' returned '0': CMAKE_PREFIX_PATH=${CMAKE_PREFIX_PATH}:/opt/ros/humble /usr/bin/cmake /home/gurupranav/Programming/ros2_tut/igvc/src/micro_ros_setup -DCMAKE_INSTALL_PREFIX=/home/gurupranav/Programming/ros2_tut/igvc/install/micro_ros_setup
[2.843s] Invoking command in '/home/gurupranav/Programming/ros2_tut/igvc/build/micro_ros_setup': CMAKE_PREFIX_PATH=${CMAKE_PREFIX_PATH}:/opt/ros/humble /usr/bin/cmake --build /home/gurupranav/Programming/ros2_tut/igvc/build/micro_ros_setup -- -j16 -l16
[2.884s] Invoked command in '/home/gurupranav/Programming/ros2_tut/igvc/build/micro_ros_setup' returned '0': CMAKE_PREFIX_PATH=${CMAKE_PREFIX_PATH}:/opt/ros/humble /usr/bin/cmake --build /home/gurupranav/Programming/ros2_tut/igvc/build/micro_ros_setup -- -j16 -l16
[2.910s] Invoking command in '/home/gurupranav/Programming/ros2_tut/igvc/build/micro_ros_setup': CMAKE_PREFIX_PATH=${CMAKE_PREFIX_PATH}:/opt/ros/humble /usr/bin/cmake --install /home/gurupranav/Programming/ros2_tut/igvc/build/micro_ros_setup
[2.919s] -- Install configuration: ""
[2.920s] -- Installing: /home/gurupranav/Programming/ros2_tut/igvc/install/micro_ros_setup/share/ament_index/resource_index/package_run_dependencies/micro_ros_setup
[2.921s] -- Installing: /home/gurupranav/Programming/ros2_tut/igvc/install/micro_ros_setup/share/ament_index/resource_index/parent_prefix_path/micro_ros_setup
[2.921s] -- Installing: /home/gurupranav/Programming/ros2_tut/igvc/install/micro_ros_setup/share/micro_ros_setup/environment/ament_prefix_path.sh
[2.922s] -- Installing: /home/gurupranav/Programming/ros2_tut/igvc/install/micro_ros_setup/share/micro_ros_setup/environment/ament_prefix_path.dsv
[2.922s] -- Installing: /home/gurupranav/Programming/ros2_tut/igvc/install/micro_ros_setup/share/micro_ros_setup/environment/path.sh
[2.922s] -- Installing: /home/gurupranav/Programming/ros2_tut/igvc/install/micro_ros_setup/share/micro_ros_setup/environment/path.dsv
[2.923s] -- Installing: /home/gurupranav/Programming/ros2_tut/igvc/install/micro_ros_setup/share/micro_ros_setup/local_setup.bash
[2.923s] -- Installing: /home/gurupranav/Programming/ros2_tut/igvc/install/micro_ros_setup/share/micro_ros_setup/local_setup.sh
[2.924s] -- Installing: /home/gurupranav/Programming/ros2_tut/igvc/install/micro_ros_setup/share/micro_ros_setup/local_setup.zsh
[2.924s] -- Installing: /home/gurupranav/Programming/ros2_tut/igvc/install/micro_ros_setup/share/micro_ros_setup/local_setup.dsv
[2.924s] -- Installing: /home/gurupranav/Programming/ros2_tut/igvc/install/micro_ros_setup/share/micro_ros_setup/package.dsv
[2.925s] -- Installing: /home/gurupranav/Programming/ros2_tut/igvc/install/micro_ros_setup/share/ament_index/resource_index/packages/micro_ros_setup
[2.926s] -- Installing: /home/gurupranav/Programming/ros2_tut/igvc/install/micro_ros_setup/share/micro_ros_setup/cmake/micro_ros_setupConfig.cmake
[2.926s] -- Installing: /home/gurupranav/Programming/ros2_tut/igvc/install/micro_ros_setup/share/micro_ros_setup/cmake/micro_ros_setupConfig-version.cmake
[2.927s] -- Installing: /home/gurupranav/Programming/ros2_tut/igvc/install/micro_ros_setup/share/micro_ros_setup/package.xml
[2.927s] -- Installing: /home/gurupranav/Programming/ros2_tut/igvc/install/micro_ros_setup/./config
[2.928s] -- Installing: /home/gurupranav/Programming/ros2_tut/igvc/install/micro_ros_setup/./config/client_ros2_packages.txt
[2.928s] -- Installing: /home/gurupranav/Programming/ros2_tut/igvc/install/micro_ros_setup/./config/zephyr
[2.928s] -- Installing: /home/gurupranav/Programming/ros2_tut/igvc/install/micro_ros_setup/./config/zephyr/list_apps.sh
[2.928s] -- Installing: /home/gurupranav/Programming/ros2_tut/igvc/install/micro_ros_setup/./config/zephyr/dev_uros_packages.repos
[2.929s] -- Installing: /home/gurupranav/Programming/ros2_tut/igvc/install/micro_ros_setup/./config/zephyr/generic
[2.929s] -- Installing: /home/gurupranav/Programming/ros2_tut/igvc/install/micro_ros_setup/./config/zephyr/generic/package.xml
[2.930s] -- Installing: /home/gurupranav/Programming/ros2_tut/igvc/install/micro_ros_setup/./config/zephyr/generic/client-colcon.meta
[2.930s] -- Installing: /home/gurupranav/Programming/ros2_tut/igvc/install/micro_ros_setup/./config/zephyr/generic/build.sh
[2.930s] -- Installing: /home/gurupranav/Programming/ros2_tut/igvc/install/micro_ros_setup/./config/zephyr/generic/client_uros_packages.repos
[2.931s] -- Installing: /home/gurupranav/Programming/ros2_tut/igvc/install/micro_ros_setup/./config/zephyr/generic/configure.sh
[2.931s] -- Installing: /home/gurupranav/Programming/ros2_tut/igvc/install/micro_ros_setup/./config/zephyr/generic/flash.sh
[2.931s] -- Installing: /home/gurupranav/Programming/ros2_tut/igvc/install/micro_ros_setup/./config/zephyr/generic/supported_platforms
[2.931s] -- Installing: /home/gurupranav/Programming/ros2_tut/igvc/install/micro_ros_setup/./config/zephyr/generic/board.repos
[2.932s] -- Installing: /home/gurupranav/Programming/ros2_tut/igvc/install/micro_ros_setup/./config/zephyr/generic/create.sh
[2.932s] -- Installing: /home/gurupranav/Programming/ros2_tut/igvc/install/micro_ros_setup/./config/zephyr/dev_ros2_packages.txt
[2.933s] -- Installing: /home/gurupranav/Programming/ros2_tut/igvc/install/micro_ros_setup/./config/client_uros_packages.repos
[2.933s] -- Installing: /home/gurupranav/Programming/ros2_tut/igvc/install/micro_ros_setup/./config/raspbian
[2.933s] -- Installing: /home/gurupranav/Programming/ros2_tut/igvc/install/micro_ros_setup/./config/raspbian/dev_uros_packages.repos
[2.934s] -- Installing: /home/gurupranav/Programming/ros2_tut/igvc/install/micro_ros_setup/./config/raspbian/generic
[2.934s] -- Installing: /home/gurupranav/Programming/ros2_tut/igvc/install/micro_ros_setup/./config/raspbian/generic/client-colcon.meta
[2.934s] -- Installing: /home/gurupranav/Programming/ros2_tut/igvc/install/micro_ros_setup/./config/raspbian/generic/build.sh
[2.934s] -- Installing: /home/gurupranav/Programming/ros2_tut/igvc/install/micro_ros_setup/./config/raspbian/generic/client_uros_packages.repos
[2.935s] -- Installing: /home/gurupranav/Programming/ros2_tut/igvc/install/micro_ros_setup/./config/raspbian/generic/configure.sh
[2.935s] -- Installing: /home/gurupranav/Programming/ros2_tut/igvc/install/micro_ros_setup/./config/raspbian/generic/flash.sh
[2.936s] -- Installing: /home/gurupranav/Programming/ros2_tut/igvc/install/micro_ros_setup/./config/raspbian/generic/supported_platforms
[2.936s] -- Installing: /home/gurupranav/Programming/ros2_tut/igvc/install/micro_ros_setup/./config/raspbian/generic/create.sh
[2.936s] -- Installing: /home/gurupranav/Programming/ros2_tut/igvc/install/micro_ros_setup/./config/raspbian/dev_ros2_packages.txt
[2.936s] -- Installing: /home/gurupranav/Programming/ros2_tut/igvc/install/micro_ros_setup/./config/agent_ros2_packages.txt
[2.937s] -- Installing: /home/gurupranav/Programming/ros2_tut/igvc/install/micro_ros_setup/./config/renesas_ra
[2.937s] -- Installing: /home/gurupranav/Programming/ros2_tut/igvc/install/micro_ros_setup/./config/renesas_ra/list_apps.sh
[2.937s] -- Installing: /home/gurupranav/Programming/ros2_tut/igvc/install/micro_ros_setup/./config/renesas_ra/ra6m5
[2.937s] -- Installing: /home/gurupranav/Programming/ros2_tut/igvc/install/micro_ros_setup/./config/renesas_ra/ra6m5/client-colcon.meta
[2.937s] -- Installing: /home/gurupranav/Programming/ros2_tut/igvc/install/micro_ros_setup/./config/renesas_ra/ra6m5/build.sh
[2.938s] -- Installing: /home/gurupranav/Programming/ros2_tut/igvc/install/micro_ros_setup/./config/renesas_ra/ra6m5/client_uros_packages.repos
[2.938s] -- Installing: /home/gurupranav/Programming/ros2_tut/igvc/install/micro_ros_setup/./config/renesas_ra/ra6m5/configure.sh
[2.939s] -- Installing: /home/gurupranav/Programming/ros2_tut/igvc/install/micro_ros_setup/./config/renesas_ra/ra6m5/flash.sh
[2.939s] -- Installing: /home/gurupranav/Programming/ros2_tut/igvc/install/micro_ros_setup/./config/renesas_ra/ra6m5/board.repos
[2.939s] -- Installing: /home/gurupranav/Programming/ros2_tut/igvc/install/micro_ros_setup/./config/renesas_ra/ra6m5/create.sh
[2.940s] -- Installing: /home/gurupranav/Programming/ros2_tut/igvc/install/micro_ros_setup/./config/renesas_ra/dev_uros_packages.repos
[2.940s] -- Installing: /home/gurupranav/Programming/ros2_tut/igvc/install/micro_ros_setup/./config/renesas_ra/dev_ros2_packages.txt
[2.940s] -- Installing: /home/gurupranav/Programming/ros2_tut/igvc/install/micro_ros_setup/./config/android
[2.941s] -- Installing: /home/gurupranav/Programming/ros2_tut/igvc/install/micro_ros_setup/./config/android/dev_uros_packages.repos
[2.941s] -- Installing: /home/gurupranav/Programming/ros2_tut/igvc/install/micro_ros_setup/./config/android/generic
[2.941s] -- Installing: /home/gurupranav/Programming/ros2_tut/igvc/install/micro_ros_setup/./config/android/generic/package.xml
[2.942s] -- Installing: /home/gurupranav/Programming/ros2_tut/igvc/install/micro_ros_setup/./config/android/generic/client-colcon.meta
[2.942s] -- Installing: /home/gurupranav/Programming/ros2_tut/igvc/install/micro_ros_setup/./config/android/generic/build.sh
[2.942s] -- Installing: /home/gurupranav/Programming/ros2_tut/igvc/install/micro_ros_setup/./config/android/generic/client_uros_packages.repos
[2.942s] -- Installing: /home/gurupranav/Programming/ros2_tut/igvc/install/micro_ros_setup/./config/android/generic/flash.sh
[2.943s] -- Installing: /home/gurupranav/Programming/ros2_tut/igvc/install/micro_ros_setup/./config/android/generic/create.sh
[2.943s] -- Installing: /home/gurupranav/Programming/ros2_tut/igvc/install/micro_ros_setup/./config/android/dev_ros2_packages.txt
[2.943s] -- Installing: /home/gurupranav/Programming/ros2_tut/igvc/install/micro_ros_setup/./config/agent_uros_packages.repos
[2.944s] -- Installing: /home/gurupranav/Programming/ros2_tut/igvc/install/micro_ros_setup/./config/generate_lib
[2.946s] -- Installing: /home/gurupranav/Programming/ros2_tut/igvc/install/micro_ros_setup/./config/generate_lib/dev_uros_packages.repos
[2.946s] -- Installing: /home/gurupranav/Programming/ros2_tut/igvc/install/micro_ros_setup/./config/generate_lib/generic
[2.946s] -- Installing: /home/gurupranav/Programming/ros2_tut/igvc/install/micro_ros_setup/./config/generate_lib/generic/package.xml
[2.947s] -- Installing: /home/gurupranav/Programming/ros2_tut/igvc/install/micro_ros_setup/./config/generate_lib/generic/client-colcon.meta
[2.947s] -- Installing: /home/gurupranav/Programming/ros2_tut/igvc/install/micro_ros_setup/./config/generate_lib/generic/build.sh
[2.947s] -- Installing: /home/gurupranav/Programming/ros2_tut/igvc/install/micro_ros_setup/./config/generate_lib/generic/client_uros_packages.repos
[2.947s] -- Installing: /home/gurupranav/Programming/ros2_tut/igvc/install/micro_ros_setup/./config/generate_lib/generic/demo_toolchain.cmake
[2.948s] -- Installing: /home/gurupranav/Programming/ros2_tut/igvc/install/micro_ros_setup/./config/generate_lib/generic/flash.sh
[2.948s] -- Installing: /home/gurupranav/Programming/ros2_tut/igvc/install/micro_ros_setup/./config/generate_lib/generic/create.sh
[2.948s] -- Installing: /home/gurupranav/Programming/ros2_tut/igvc/install/micro_ros_setup/./config/generate_lib/dev_ros2_packages.txt
[2.948s] -- Installing: /home/gurupranav/Programming/ros2_tut/igvc/install/micro_ros_setup/./config/host
[2.949s] -- Installing: /home/gurupranav/Programming/ros2_tut/igvc/install/micro_ros_setup/./config/host/client_ros2_packages.txt
[2.949s] -- Installing: /home/gurupranav/Programming/ros2_tut/igvc/install/micro_ros_setup/./config/host/dev_uros_packages.repos
[2.950s] -- Installing: /home/gurupranav/Programming/ros2_tut/igvc/install/micro_ros_setup/./config/host/generic
[2.950s] -- Installing: /home/gurupranav/Programming/ros2_tut/igvc/install/micro_ros_setup/./config/host/generic/package.xml
[2.950s] -- Installing: /home/gurupranav/Programming/ros2_tut/igvc/install/micro_ros_setup/./config/host/generic/build.sh
[2.950s] -- Installing: /home/gurupranav/Programming/ros2_tut/igvc/install/micro_ros_setup/./config/host/generic/flash.sh
[2.951s] -- Installing: /home/gurupranav/Programming/ros2_tut/igvc/install/micro_ros_setup/./config/host/generic/client-host-colcon.meta
[2.952s] -- Installing: /home/gurupranav/Programming/ros2_tut/igvc/install/micro_ros_setup/./config/host/generic/client_host_packages.repos
[2.952s] -- Installing: /home/gurupranav/Programming/ros2_tut/igvc/install/micro_ros_setup/./config/host/generic/create.sh
[2.953s] -- Installing: /home/gurupranav/Programming/ros2_tut/igvc/install/micro_ros_setup/./config/host/dev_ros2_packages.txt
[2.953s] -- Installing: /home/gurupranav/Programming/ros2_tut/igvc/install/micro_ros_setup/./config/mbed
[2.954s] -- Installing: /home/gurupranav/Programming/ros2_tut/igvc/install/micro_ros_setup/./config/mbed/list_apps.sh
[2.955s] -- Installing: /home/gurupranav/Programming/ros2_tut/igvc/install/micro_ros_setup/./config/mbed/dev_uros_packages.repos
[2.955s] -- Installing: /home/gurupranav/Programming/ros2_tut/igvc/install/micro_ros_setup/./config/mbed/generic
[2.955s] -- Installing: /home/gurupranav/Programming/ros2_tut/igvc/install/micro_ros_setup/./config/mbed/generic/package.xml
[2.955s] -- Installing: /home/gurupranav/Programming/ros2_tut/igvc/install/micro_ros_setup/./config/mbed/generic/build.sh
[2.956s] -- Installing: /home/gurupranav/Programming/ros2_tut/igvc/install/micro_ros_setup/./config/mbed/generic/client_uros_packages.repos
[2.956s] -- Installing: /home/gurupranav/Programming/ros2_tut/igvc/install/micro_ros_setup/./config/mbed/generic/flash.sh
[2.956s] -- Installing: /home/gurupranav/Programming/ros2_tut/igvc/install/micro_ros_setup/./config/mbed/generic/supported_platforms
[2.957s] -- Installing: /home/gurupranav/Programming/ros2_tut/igvc/install/micro_ros_setup/./config/mbed/generic/board.repos
[2.957s] -- Installing: /home/gurupranav/Programming/ros2_tut/igvc/install/micro_ros_setup/./config/mbed/generic/create.sh
[2.958s] -- Installing: /home/gurupranav/Programming/ros2_tut/igvc/install/micro_ros_setup/./config/mbed/dev_ros2_packages.txt
[2.958s] -- Installing: /home/gurupranav/Programming/ros2_tut/igvc/install/micro_ros_setup/./config/utils.sh
[2.958s] -- Installing: /home/gurupranav/Programming/ros2_tut/igvc/install/micro_ros_setup/./config/freertos
[2.959s] -- Installing: /home/gurupranav/Programming/ros2_tut/igvc/install/micro_ros_setup/./config/freertos/list_apps.sh
[2.959s] -- Installing: /home/gurupranav/Programming/ros2_tut/igvc/install/micro_ros_setup/./config/freertos/nucleo_f746zg
[2.959s] -- Installing: /home/gurupranav/Programming/ros2_tut/igvc/install/micro_ros_setup/./config/freertos/nucleo_f746zg/package.xml
[2.960s] -- Installing: /home/gurupranav/Programming/ros2_tut/igvc/install/micro_ros_setup/./config/freertos/nucleo_f746zg/client-colcon.meta
[2.960s] -- Installing: /home/gurupranav/Programming/ros2_tut/igvc/install/micro_ros_setup/./config/freertos/nucleo_f746zg/build.sh
[2.960s] -- Installing: /home/gurupranav/Programming/ros2_tut/igvc/install/micro_ros_setup/./config/freertos/nucleo_f746zg/client_uros_packages.repos
[2.960s] -- Installing: /home/gurupranav/Programming/ros2_tut/igvc/install/micro_ros_setup/./config/freertos/nucleo_f746zg/configure.sh
[2.961s] -- Installing: /home/gurupranav/Programming/ros2_tut/igvc/install/micro_ros_setup/./config/freertos/nucleo_f746zg/flash.sh
[2.961s] -- Installing: /home/gurupranav/Programming/ros2_tut/igvc/install/micro_ros_setup/./config/freertos/nucleo_f746zg/board.repos
[2.962s] -- Installing: /home/gurupranav/Programming/ros2_tut/igvc/install/micro_ros_setup/./config/freertos/nucleo_f746zg/create.sh
[2.962s] -- Installing: /home/gurupranav/Programming/ros2_tut/igvc/install/micro_ros_setup/./config/freertos/nucleo_f446re
[2.962s] -- Installing: /home/gurupranav/Programming/ros2_tut/igvc/install/micro_ros_setup/./config/freertos/nucleo_f446re/package.xml
[2.962s] -- Installing: /home/gurupranav/Programming/ros2_tut/igvc/install/micro_ros_setup/./config/freertos/nucleo_f446re/client-colcon.meta
[2.963s] -- Installing: /home/gurupranav/Programming/ros2_tut/igvc/install/micro_ros_setup/./config/freertos/nucleo_f446re/build.sh
[2.963s] -- Installing: /home/gurupranav/Programming/ros2_tut/igvc/install/micro_ros_setup/./config/freertos/nucleo_f446re/client_uros_packages.repos
[2.963s] -- Installing: /home/gurupranav/Programming/ros2_tut/igvc/install/micro_ros_setup/./config/freertos/nucleo_f446re/configure.sh
[2.964s] -- Installing: /home/gurupranav/Programming/ros2_tut/igvc/install/micro_ros_setup/./config/freertos/nucleo_f446re/flash.sh
[2.964s] -- Installing: /home/gurupranav/Programming/ros2_tut/igvc/install/micro_ros_setup/./config/freertos/nucleo_f446re/board.repos
[2.965s] -- Installing: /home/gurupranav/Programming/ros2_tut/igvc/install/micro_ros_setup/./config/freertos/nucleo_f446re/create.sh
[2.965s] -- Installing: /home/gurupranav/Programming/ros2_tut/igvc/install/micro_ros_setup/./config/freertos/nucleo_f446ze
[2.965s] -- Installing: /home/gurupranav/Programming/ros2_tut/igvc/install/micro_ros_setup/./config/freertos/nucleo_f446ze/package.xml
[2.966s] -- Installing: /home/gurupranav/Programming/ros2_tut/igvc/install/micro_ros_setup/./config/freertos/nucleo_f446ze/client-colcon.meta
[2.966s] -- Installing: /home/gurupranav/Programming/ros2_tut/igvc/install/micro_ros_setup/./config/freertos/nucleo_f446ze/build.sh
[2.967s] -- Installing: /home/gurupranav/Programming/ros2_tut/igvc/install/micro_ros_setup/./config/freertos/nucleo_f446ze/client_uros_packages.repos
[2.967s] -- Installing: /home/gurupranav/Programming/ros2_tut/igvc/install/micro_ros_setup/./config/freertos/nucleo_f446ze/configure.sh
[2.968s] -- Installing: /home/gurupranav/Programming/ros2_tut/igvc/install/micro_ros_setup/./config/freertos/nucleo_f446ze/flash.sh
[2.968s] -- Installing: /home/gurupranav/Programming/ros2_tut/igvc/install/micro_ros_setup/./config/freertos/nucleo_f446ze/board.repos
[2.969s] -- Installing: /home/gurupranav/Programming/ros2_tut/igvc/install/micro_ros_setup/./config/freertos/nucleo_f446ze/create.sh
[2.969s] -- Installing: /home/gurupranav/Programming/ros2_tut/igvc/install/micro_ros_setup/./config/freertos/dev_uros_packages.repos
[2.969s] -- Installing: /home/gurupranav/Programming/ros2_tut/igvc/install/micro_ros_setup/./config/freertos/dev_ros2_packages.txt
[2.970s] -- Installing: /home/gurupranav/Programming/ros2_tut/igvc/install/micro_ros_setup/./config/freertos/olimex-stm32-e407
[2.970s] -- Installing: /home/gurupranav/Programming/ros2_tut/igvc/install/micro_ros_setup/./config/freertos/olimex-stm32-e407/package.xml
[2.970s] -- Installing: /home/gurupranav/Programming/ros2_tut/igvc/install/micro_ros_setup/./config/freertos/olimex-stm32-e407/client-colcon.meta
[2.971s] -- Installing: /home/gurupranav/Programming/ros2_tut/igvc/install/micro_ros_setup/./config/freertos/olimex-stm32-e407/build.sh
[2.971s] -- Installing: /home/gurupranav/Programming/ros2_tut/igvc/install/micro_ros_setup/./config/freertos/olimex-stm32-e407/client_uros_packages.repos
[2.971s] -- Installing: /home/gurupranav/Programming/ros2_tut/igvc/install/micro_ros_setup/./config/freertos/olimex-stm32-e407/configure.sh
[2.971s] -- Installing: /home/gurupranav/Programming/ros2_tut/igvc/install/micro_ros_setup/./config/freertos/olimex-stm32-e407/flash.sh
[2.972s] -- Installing: /home/gurupranav/Programming/ros2_tut/igvc/install/micro_ros_setup/./config/freertos/olimex-stm32-e407/board.repos
[2.972s] -- Installing: /home/gurupranav/Programming/ros2_tut/igvc/install/micro_ros_setup/./config/freertos/olimex-stm32-e407/create.sh
[2.973s] -- Installing: /home/gurupranav/Programming/ros2_tut/igvc/install/micro_ros_setup/./config/freertos/crazyflie21
[2.973s] -- Installing: /home/gurupranav/Programming/ros2_tut/igvc/install/micro_ros_setup/./config/freertos/crazyflie21/package.xml
[2.973s] -- Installing: /home/gurupranav/Programming/ros2_tut/igvc/install/micro_ros_setup/./config/freertos/crazyflie21/client-colcon.meta
[2.974s] -- Installing: /home/gurupranav/Programming/ros2_tut/igvc/install/micro_ros_setup/./config/freertos/crazyflie21/build.sh
[2.974s] -- Installing: /home/gurupranav/Programming/ros2_tut/igvc/install/micro_ros_setup/./config/freertos/crazyflie21/client_uros_packages.repos
[2.974s] -- Installing: /home/gurupranav/Programming/ros2_tut/igvc/install/micro_ros_setup/./config/freertos/crazyflie21/configure.sh
[2.974s] -- Installing: /home/gurupranav/Programming/ros2_tut/igvc/install/micro_ros_setup/./config/freertos/crazyflie21/flash.sh
[2.975s] -- Installing: /home/gurupranav/Programming/ros2_tut/igvc/install/micro_ros_setup/./config/freertos/crazyflie21/board.repos
[2.976s] -- Installing: /home/gurupranav/Programming/ros2_tut/igvc/install/micro_ros_setup/./config/freertos/crazyflie21/create.sh
[2.976s] -- Installing: /home/gurupranav/Programming/ros2_tut/igvc/install/micro_ros_setup/./config/freertos/nucleo_f767zi
[2.976s] -- Installing: /home/gurupranav/Programming/ros2_tut/igvc/install/micro_ros_setup/./config/freertos/nucleo_f767zi/package.xml
[2.976s] -- Installing: /home/gurupranav/Programming/ros2_tut/igvc/install/micro_ros_setup/./config/freertos/nucleo_f767zi/client-colcon.meta
[2.977s] -- Installing: /home/gurupranav/Programming/ros2_tut/igvc/install/micro_ros_setup/./config/freertos/nucleo_f767zi/build.sh
[2.977s] -- Installing: /home/gurupranav/Programming/ros2_tut/igvc/install/micro_ros_setup/./config/freertos/nucleo_f767zi/client_uros_packages.repos
[2.977s] -- Installing: /home/gurupranav/Programming/ros2_tut/igvc/install/micro_ros_setup/./config/freertos/nucleo_f767zi/configure.sh
[2.978s] -- Installing: /home/gurupranav/Programming/ros2_tut/igvc/install/micro_ros_setup/./config/freertos/nucleo_f767zi/flash.sh
[2.980s] -- Installing: /home/gurupranav/Programming/ros2_tut/igvc/install/micro_ros_setup/./config/freertos/nucleo_f767zi/board.repos
[2.980s] -- Installing: /home/gurupranav/Programming/ros2_tut/igvc/install/micro_ros_setup/./config/freertos/nucleo_f767zi/create.sh
[2.980s] -- Installing: /home/gurupranav/Programming/ros2_tut/igvc/install/micro_ros_setup/./config/freertos/esp32
[2.980s] -- Installing: /home/gurupranav/Programming/ros2_tut/igvc/install/micro_ros_setup/./config/freertos/esp32/package.xml
[2.981s] -- Installing: /home/gurupranav/Programming/ros2_tut/igvc/install/micro_ros_setup/./config/freertos/esp32/client-colcon.meta
[2.981s] -- Installing: /home/gurupranav/Programming/ros2_tut/igvc/install/micro_ros_setup/./config/freertos/esp32/build.sh
[2.981s] -- Installing: /home/gurupranav/Programming/ros2_tut/igvc/install/micro_ros_setup/./config/freertos/esp32/client_uros_packages.repos
[2.982s] -- Installing: /home/gurupranav/Programming/ros2_tut/igvc/install/micro_ros_setup/./config/freertos/esp32/configure.sh
[2.984s] -- Installing: /home/gurupranav/Programming/ros2_tut/igvc/install/micro_ros_setup/./config/freertos/esp32/README.md
[2.984s] -- Installing: /home/gurupranav/Programming/ros2_tut/igvc/install/micro_ros_setup/./config/freertos/esp32/flash.sh
[2.991s] -- Installing: /home/gurupranav/Programming/ros2_tut/igvc/install/micro_ros_setup/./config/freertos/esp32/board.repos
[2.991s] -- Installing: /home/gurupranav/Programming/ros2_tut/igvc/install/micro_ros_setup/./config/freertos/esp32/create.sh
[2.991s] -- Installing: /home/gurupranav/Programming/ros2_tut/igvc/install/micro_ros_setup/lib/micro_ros_setup/create_ws.sh
[2.992s] -- Installing: /home/gurupranav/Programming/ros2_tut/igvc/install/micro_ros_setup/lib/micro_ros_setup/create_agent_ws.sh
[2.993s] -- Installing: /home/gurupranav/Programming/ros2_tut/igvc/install/micro_ros_setup/lib/micro_ros_setup/create_firmware_ws.sh
[2.993s] -- Installing: /home/gurupranav/Programming/ros2_tut/igvc/install/micro_ros_setup/lib/micro_ros_setup/configure_firmware.sh
[3.010s] -- Installing: /home/gurupranav/Programming/ros2_tut/igvc/install/micro_ros_setup/lib/micro_ros_setup/flash_firmware.sh
[3.013s] -- Installing: /home/gurupranav/Programming/ros2_tut/igvc/install/micro_ros_setup/lib/micro_ros_setup/build_firmware.sh
[3.014s] -- Installing: /home/gurupranav/Programming/ros2_tut/igvc/install/micro_ros_setup/lib/micro_ros_setup/build_agent.sh
[3.014s] -- Installing: /home/gurupranav/Programming/ros2_tut/igvc/install/micro_ros_setup/lib/micro_ros_setup/yaml_filter.py
[3.015s] -- Installing: /home/gurupranav/Programming/ros2_tut/igvc/install/micro_ros_setup/lib/micro_ros_setup/clean_env.sh
[3.019s] -- Installing: /home/gurupranav/Programming/ros2_tut/igvc/install/micro_ros_setup/lib/micro_ros_setup/component
[3.087s] Invoked command in '/home/gurupranav/Programming/ros2_tut/igvc/build/micro_ros_setup' returned '0': CMAKE_PREFIX_PATH=${CMAKE_PREFIX_PATH}:/opt/ros/humble /usr/bin/cmake --install /home/gurupranav/Programming/ros2_tut/igvc/build/micro_ros_setup
