[0.000000] (-) TimerEvent: {}
[0.000490] (-) JobUnselected: {'identifier': 'global_launcher'}
[0.000587] (-) JobUnselected: {'identifier': 'micro_ros_setup'}
[0.000668] (-) JobUnselected: {'identifier': 'rplidar_ros'}
[0.001832] (-) JobUnselected: {'identifier': 'ublox'}
[0.002003] (-) JobUnselected: {'identifier': 'ublox_gps'}
[0.002091] (-) JobUnselected: {'identifier': 'ublox_msgs'}
[0.002182] (-) JobUnselected: {'identifier': 'ublox_serialization'}
[0.002340] (micro_ros_msgs) JobQueued: {'identifier': 'micro_ros_msgs', 'dependencies': OrderedDict()}
[0.002468] (micro_ros_agent) JobQueued: {'identifier': 'micro_ros_agent', 'dependencies': OrderedDict([('micro_ros_msgs', '/home/gurupranav/Programming/ros2_tut/igvc/install/micro_ros_msgs')])}
[0.002557] (micro_ros_msgs) JobStarted: {'identifier': 'micro_ros_msgs'}
[0.018406] (micro_ros_msgs) JobProgress: {'identifier': 'micro_ros_msgs', 'progress': 'cmake'}
[0.020751] (micro_ros_msgs) Command: {'cmd': ['/usr/bin/cmake', '/home/gurupranav/Programming/ros2_tut/igvc/src/uros/micro_ros_msgs', '-DUAGENT_BUILD_EXECUTABLE=OFF', '-DUAGENT_P2P_PROFILE=OFF', '--no-warn-unused-cli', '-DCMAKE_INSTALL_PREFIX=/home/gurupranav/Programming/ros2_tut/igvc/install/micro_ros_msgs'], 'cwd': '/home/gurupranav/Programming/ros2_tut/igvc/build/micro_ros_msgs', 'env': OrderedDict([('USER', 'gurupranav'), ('SHLVL', '2'), ('LD_LIBRARY_PATH', '/home/gurupranav/Programming/ros2_tut/igvc/install/ublox_gps/lib:/home/gurupranav/Programming/ros2_tut/igvc/install/ublox_msgs/lib:/opt/ros/humble/opt/rviz_ogre_vendor/lib:/opt/ros/humble/lib/x86_64-linux-gnu:/opt/ros/humble/lib'), ('WT_PROFILE_ID', '{51855cb2-8cce-5362-8f54-464b92b32386}'), ('LESS', '-R'), ('HOME', '/home/gurupranav'), ('OLDPWD', '/home/gurupranav/Programming/ros2_tut'), ('NVM_BIN', '/home/gurupranav/.nvm/versions/node/v22.5.0/bin'), ('LSCOLORS', 'Gxfxcxdxbxegedabagacad'), ('NVM_INC', '/home/gurupranav/.nvm/versions/node/v22.5.0/include/node'), ('ZSH', '/home/gurupranav/.oh-my-zsh'), ('ROS_PYTHON_VERSION', '3'), ('PAGER', 'less'), ('P9K_TTY', 'old'), ('DBUS_SESSION_BUS_ADDRESS', 'unix:path=/run/user/1000/bus'), ('WSL_DISTRO_NAME', 'Ubuntu'), ('NVM_DIR', '/home/gurupranav/.nvm'), ('WAYLAND_DISPLAY', 'wayland-0'), ('COLCON_PREFIX_PATH', '/home/gurupranav/Programming/ros2_tut/igvc/install'), ('ROS_DISTRO', 'humble'), ('LOGNAME', 'gurupranav'), ('NAME', 'LAPTOP-D0AFMG2O'), ('WSL_INTEROP', '/run/WSL/4044_interop'), ('_P9K_SSH_TTY', '/dev/pts/3'), ('PULSE_SERVER', 'unix:/mnt/wslg/PulseServer'), ('_', '/usr/bin/colcon'), ('ROS_VERSION', '2'), ('TERM', 'xterm-256color'), ('ROS_LOCALHOST_ONLY', '0'), ('PATH', '/home/gurupranav/.local/share/pnpm:/home/gurupranav/.deno/bin:/home/gurupranav/.local/bin:/opt/ros/humble/bin:/home/gurupranav/.nvm/versions/node/v22.5.0/bin:/usr/local/sbin:/usr/local/bin:/usr/sbin:/usr/bin:/sbin:/bin:/usr/games:/usr/local/games:/usr/lib/wsl/lib:/mnt/d/Python/Scripts/:/mnt/d/Python/:/mnt/c/Program Files (x86)/Common Files/Oracle/Java/javapath:/mnt/d/c++/Libraries/vulkan/1.3/Bin:/mnt/c/Windows/system32:/mnt/c/Windows:/mnt/c/Windows/System32/Wbem:/mnt/c/Windows/System32/WindowsPowerShell/v1.0/:/mnt/c/Windows/System32/OpenSSH/:/mnt/c/Program Files (x86)/NVIDIA Corporation/PhysX/Common:/mnt/c/Program Files/NVIDIA Corporation/NVIDIA NvDLISR:/mnt/c/Program Files/Go/bin:/mnt/c/Program Files/CMake/bin:/mnt/c/Program Files/Git/cmd:/mnt/c/Program Files/GitHub CLI/:/mnt/c/Program Files/Neovim/bin:/mnt/c/ProgramData/chocolatey/bin:/mnt/c/Program Files/Docker/Docker/resources/bin:/mnt/c/Program Files/usbipd-win/:/mnt/c/Program Files/dotnet/:/mnt/c/Program Files (x86)/Windows Kits/10/Windows Performance Toolkit/:/mnt/c/Program Files/PowerShell/7/:/mnt/c/Users/GURU PRANAV PR/scoop/shims:/mnt/c/Users/GURU PRANAV PR/AppData/Local/pnpm:/mnt/c/Users/GURU PRANAV PR/AppData/Local/Programs/Python/Launcher/:/mnt/c/Users/GURU PRANAV PR/AppData/Local/Microsoft/WindowsApps:/mnt/c/Users/GURU PRANAV PR/AppData/Local/Programs/Microsoft VS Code/bin:/mnt/c/Users/GURU PRANAV PR/go/bin:/mnt/c/MinGW/bin:/mnt/c/Users/GURU PRANAV PR/AppData/Local/GitHubDesktop/bin:/mnt/d/JetBrains Pycharm/PyCharm Community Edition 2024.2.0.1/bin:/mnt/c/Users/GURU PRANAV PR/.dotnet/tools:/mnt/c/Users/GURU PRANAV PR/AppData/Local/Programs/Microsoft VS Code Insiders/bin:/mnt/c/Users/GURU PRANAV PR/AppData/Roaming/npm:/mnt/c/Users/GURU PRANAV PR/AppData/Local/Microsoft/WinGet/Packages/DenoLand.Deno_Microsoft.Winget.Source_8wekyb3d8bbwe:/mnt/c/Users/GURU PRANAV PR/AppData/Roaming/nvm:/mnt/c/Program Files/nodejs:/mnt/c/Users/GURU PRANAV PR/AppData/Local/JetBrains/Toolbox/scripts:/mnt/c/Users/GURU PRANAV PR/AppData/Local/Programs/Hyper/resources/bin:/mnt/c/Users/GURU PRANAV PR/.dotnet/tools:/home/gurupranav/.yarn/bin:/opt/nvim-linux64/bin:/home/gurupranav/.local/bin'), ('WT_SESSION', '4983b9d9-4387-48c5-8c7a-39e5b8fe2f34'), ('XDG_RUNTIME_DIR', '/run/user/1000/'), ('DENO_INSTALL', '/home/gurupranav/.deno'), ('DISPLAY', ':0'), ('LANG', 'en_US.UTF-8'), ('LS_COLORS', 'rs=0:no=00:mi=00:mh=00:ln=01;36:or=01;31:di=01;34:ow=04;01;34:st=34:tw=04;34:pi=01;33:so=01;33:do=01;33:bd=01;33:cd=01;33:su=01;35:sg=01;35:ca=01;35:ex=01;32:'), ('AMENT_PREFIX_PATH', '/home/gurupranav/Programming/ros2_tut/igvc/install/micro_ros_setup:/home/gurupranav/Programming/ros2_tut/igvc/install/ublox:/home/gurupranav/Programming/ros2_tut/igvc/install/ublox_gps:/home/gurupranav/Programming/ros2_tut/igvc/install/ublox_msgs:/home/gurupranav/Programming/ros2_tut/igvc/install/ublox_serialization:/home/gurupranav/Programming/ros2_tut/igvc/install/rplidar_ros:/home/gurupranav/Programming/ros2_tut/igvc/install/global_launcher:/opt/ros/humble'), ('SHELL', '/usr/bin/zsh'), ('ENVMAN_LOAD', 'loaded'), ('P9K_SSH', '0'), ('PWD', '/home/gurupranav/Programming/ros2_tut/igvc/build/micro_ros_msgs'), ('_P9K_TTY', '/dev/pts/3'), ('NVM_CD_FLAGS', '-q'), ('PYTHONPATH', '/home/gurupranav/Programming/ros2_tut/igvc/install/ublox_msgs/local/lib/python3.10/dist-packages:/home/gurupranav/Programming/ros2_tut/igvc/install/rplidar_ros/local/lib/python3.10/dist-packages:/opt/ros/humble/lib/python3.10/site-packages:/opt/ros/humble/local/lib/python3.10/dist-packages'), ('COLCON', '1'), ('WSL2_GUI_APPS_ENABLED', '1'), ('PNPM_HOME', '/home/gurupranav/.local/share/pnpm'), ('HOSTTYPE', 'x86_64'), ('CMAKE_PREFIX_PATH', '/home/gurupranav/Programming/ros2_tut/igvc/install/micro_ros_setup:/home/gurupranav/Programming/ros2_tut/igvc/install/ublox:/home/gurupranav/Programming/ros2_tut/igvc/install/ublox_gps:/home/gurupranav/Programming/ros2_tut/igvc/install/ublox_msgs:/home/gurupranav/Programming/ros2_tut/igvc/install/ublox_serialization:/home/gurupranav/Programming/ros2_tut/igvc/install/rplidar_ros:/home/gurupranav/Programming/ros2_tut/igvc/install/global_launcher:/opt/ros/humble'), ('WSLENV', 'WT_SESSION:WT_PROFILE_ID:')]), 'shell': False}
[0.033249] (micro_ros_msgs) StdoutLine: {'line': b'Not searching for unused variables given on the command line.\n'}
[0.042460] (micro_ros_msgs) StdoutLine: {'line': b'-- Found ament_cmake: 1.3.10 (/opt/ros/humble/share/ament_cmake/cmake)\n'}
[0.099421] (-) TimerEvent: {}
[0.201338] (-) TimerEvent: {}
[0.220585] (micro_ros_msgs) StdoutLine: {'line': b'-- Found rosidl_default_generators: 1.2.0 (/opt/ros/humble/share/rosidl_default_generators/cmake)\n'}
[0.223387] (micro_ros_msgs) StdoutLine: {'line': b'-- Using all available rosidl_typesupport_c: rosidl_typesupport_fastrtps_c;rosidl_typesupport_introspection_c\n'}
[0.226497] (micro_ros_msgs) StdoutLine: {'line': b'-- Found rosidl_adapter: 3.1.5 (/opt/ros/humble/share/rosidl_adapter/cmake)\n'}
[0.303725] (-) TimerEvent: {}
[0.404407] (-) TimerEvent: {}
[0.475951] (micro_ros_msgs) StdoutLine: {'line': b'-- Using all available rosidl_typesupport_cpp: rosidl_typesupport_fastrtps_cpp;rosidl_typesupport_introspection_cpp\n'}
[0.505371] (-) TimerEvent: {}
[0.506362] (micro_ros_msgs) StdoutLine: {'line': b'-- Found ament_lint_auto: 0.12.11 (/opt/ros/humble/share/ament_lint_auto/cmake)\n'}
[0.606113] (-) TimerEvent: {}
[0.707183] (-) TimerEvent: {}
[0.787388] (micro_ros_msgs) StdoutLine: {'line': b'-- Found ament_cmake_ros: 0.10.0 (/opt/ros/humble/share/ament_cmake_ros/cmake)\n'}
[0.807954] (-) TimerEvent: {}
[0.910623] (-) TimerEvent: {}
[0.976983] (micro_ros_msgs) StdoutLine: {'line': b'-- Using all available rosidl_typesupport_c: rosidl_typesupport_fastrtps_c;rosidl_typesupport_introspection_c\n'}
[1.011833] (-) TimerEvent: {}
[1.113104] (-) TimerEvent: {}
[1.216545] (-) TimerEvent: {}
[1.228288] (micro_ros_msgs) StdoutLine: {'line': b'-- Using all available rosidl_typesupport_cpp: rosidl_typesupport_fastrtps_cpp;rosidl_typesupport_introspection_cpp\n'}
[1.254390] (micro_ros_msgs) StdoutLine: {'line': b'-- Found python_cmake_module: 0.10.0 (/opt/ros/humble/share/python_cmake_module/cmake)\n'}
[1.280958] (micro_ros_msgs) StdoutLine: {'line': b'-- Using PYTHON_EXECUTABLE: /usr/bin/python3\n'}
[1.281194] (micro_ros_msgs) StdoutLine: {'line': b'-- Using PYTHON_INCLUDE_DIRS: /usr/include/python3.10\n'}
[1.281321] (micro_ros_msgs) StdoutLine: {'line': b'-- Using PYTHON_LIBRARIES: /usr/lib/x86_64-linux-gnu/libpython3.10.so\n'}
[1.301805] (micro_ros_msgs) StdoutLine: {'line': b"-- Added test 'copyright' to check source files copyright and LICENSE\n"}
[1.314335] (micro_ros_msgs) StdoutLine: {'line': b"-- Added test 'lint_cmake' to check CMake code style\n"}
[1.316715] (-) TimerEvent: {}
[1.320764] (micro_ros_msgs) StdoutLine: {'line': b"-- Added test 'xmllint' to check XML markup files\n"}
[1.332843] (micro_ros_msgs) StdoutLine: {'line': b'-- Configuring done\n'}
[1.407590] (micro_ros_msgs) StdoutLine: {'line': b'-- Generating done\n'}
[1.412721] (micro_ros_msgs) StdoutLine: {'line': b'-- Build files have been written to: /home/gurupranav/Programming/ros2_tut/igvc/build/micro_ros_msgs\n'}
[1.417055] (-) TimerEvent: {}
[1.421583] (micro_ros_msgs) CommandEnded: {'returncode': 0}
[1.422640] (micro_ros_msgs) JobProgress: {'identifier': 'micro_ros_msgs', 'progress': 'build'}
[1.423988] (micro_ros_msgs) Command: {'cmd': ['/usr/bin/cmake', '--build', '/home/gurupranav/Programming/ros2_tut/igvc/build/micro_ros_msgs', '--', '-j16', '-l16'], 'cwd': '/home/gurupranav/Programming/ros2_tut/igvc/build/micro_ros_msgs', 'env': OrderedDict([('USER', 'gurupranav'), ('SHLVL', '2'), ('LD_LIBRARY_PATH', '/home/gurupranav/Programming/ros2_tut/igvc/install/ublox_gps/lib:/home/gurupranav/Programming/ros2_tut/igvc/install/ublox_msgs/lib:/opt/ros/humble/opt/rviz_ogre_vendor/lib:/opt/ros/humble/lib/x86_64-linux-gnu:/opt/ros/humble/lib'), ('WT_PROFILE_ID', '{51855cb2-8cce-5362-8f54-464b92b32386}'), ('LESS', '-R'), ('HOME', '/home/gurupranav'), ('OLDPWD', '/home/gurupranav/Programming/ros2_tut'), ('NVM_BIN', '/home/gurupranav/.nvm/versions/node/v22.5.0/bin'), ('LSCOLORS', 'Gxfxcxdxbxegedabagacad'), ('NVM_INC', '/home/gurupranav/.nvm/versions/node/v22.5.0/include/node'), ('ZSH', '/home/gurupranav/.oh-my-zsh'), ('ROS_PYTHON_VERSION', '3'), ('PAGER', 'less'), ('P9K_TTY', 'old'), ('DBUS_SESSION_BUS_ADDRESS', 'unix:path=/run/user/1000/bus'), ('WSL_DISTRO_NAME', 'Ubuntu'), ('NVM_DIR', '/home/gurupranav/.nvm'), ('WAYLAND_DISPLAY', 'wayland-0'), ('COLCON_PREFIX_PATH', '/home/gurupranav/Programming/ros2_tut/igvc/install'), ('ROS_DISTRO', 'humble'), ('LOGNAME', 'gurupranav'), ('NAME', 'LAPTOP-D0AFMG2O'), ('WSL_INTEROP', '/run/WSL/4044_interop'), ('_P9K_SSH_TTY', '/dev/pts/3'), ('PULSE_SERVER', 'unix:/mnt/wslg/PulseServer'), ('_', '/usr/bin/colcon'), ('ROS_VERSION', '2'), ('TERM', 'xterm-256color'), ('ROS_LOCALHOST_ONLY', '0'), ('PATH', '/home/gurupranav/.local/share/pnpm:/home/gurupranav/.deno/bin:/home/gurupranav/.local/bin:/opt/ros/humble/bin:/home/gurupranav/.nvm/versions/node/v22.5.0/bin:/usr/local/sbin:/usr/local/bin:/usr/sbin:/usr/bin:/sbin:/bin:/usr/games:/usr/local/games:/usr/lib/wsl/lib:/mnt/d/Python/Scripts/:/mnt/d/Python/:/mnt/c/Program Files (x86)/Common Files/Oracle/Java/javapath:/mnt/d/c++/Libraries/vulkan/1.3/Bin:/mnt/c/Windows/system32:/mnt/c/Windows:/mnt/c/Windows/System32/Wbem:/mnt/c/Windows/System32/WindowsPowerShell/v1.0/:/mnt/c/Windows/System32/OpenSSH/:/mnt/c/Program Files (x86)/NVIDIA Corporation/PhysX/Common:/mnt/c/Program Files/NVIDIA Corporation/NVIDIA NvDLISR:/mnt/c/Program Files/Go/bin:/mnt/c/Program Files/CMake/bin:/mnt/c/Program Files/Git/cmd:/mnt/c/Program Files/GitHub CLI/:/mnt/c/Program Files/Neovim/bin:/mnt/c/ProgramData/chocolatey/bin:/mnt/c/Program Files/Docker/Docker/resources/bin:/mnt/c/Program Files/usbipd-win/:/mnt/c/Program Files/dotnet/:/mnt/c/Program Files (x86)/Windows Kits/10/Windows Performance Toolkit/:/mnt/c/Program Files/PowerShell/7/:/mnt/c/Users/GURU PRANAV PR/scoop/shims:/mnt/c/Users/GURU PRANAV PR/AppData/Local/pnpm:/mnt/c/Users/GURU PRANAV PR/AppData/Local/Programs/Python/Launcher/:/mnt/c/Users/GURU PRANAV PR/AppData/Local/Microsoft/WindowsApps:/mnt/c/Users/GURU PRANAV PR/AppData/Local/Programs/Microsoft VS Code/bin:/mnt/c/Users/GURU PRANAV PR/go/bin:/mnt/c/MinGW/bin:/mnt/c/Users/GURU PRANAV PR/AppData/Local/GitHubDesktop/bin:/mnt/d/JetBrains Pycharm/PyCharm Community Edition 2024.2.0.1/bin:/mnt/c/Users/GURU PRANAV PR/.dotnet/tools:/mnt/c/Users/GURU PRANAV PR/AppData/Local/Programs/Microsoft VS Code Insiders/bin:/mnt/c/Users/GURU PRANAV PR/AppData/Roaming/npm:/mnt/c/Users/GURU PRANAV PR/AppData/Local/Microsoft/WinGet/Packages/DenoLand.Deno_Microsoft.Winget.Source_8wekyb3d8bbwe:/mnt/c/Users/GURU PRANAV PR/AppData/Roaming/nvm:/mnt/c/Program Files/nodejs:/mnt/c/Users/GURU PRANAV PR/AppData/Local/JetBrains/Toolbox/scripts:/mnt/c/Users/GURU PRANAV PR/AppData/Local/Programs/Hyper/resources/bin:/mnt/c/Users/GURU PRANAV PR/.dotnet/tools:/home/gurupranav/.yarn/bin:/opt/nvim-linux64/bin:/home/gurupranav/.local/bin'), ('WT_SESSION', '4983b9d9-4387-48c5-8c7a-39e5b8fe2f34'), ('XDG_RUNTIME_DIR', '/run/user/1000/'), ('DENO_INSTALL', '/home/gurupranav/.deno'), ('DISPLAY', ':0'), ('LANG', 'en_US.UTF-8'), ('LS_COLORS', 'rs=0:no=00:mi=00:mh=00:ln=01;36:or=01;31:di=01;34:ow=04;01;34:st=34:tw=04;34:pi=01;33:so=01;33:do=01;33:bd=01;33:cd=01;33:su=01;35:sg=01;35:ca=01;35:ex=01;32:'), ('AMENT_PREFIX_PATH', '/home/gurupranav/Programming/ros2_tut/igvc/install/micro_ros_setup:/home/gurupranav/Programming/ros2_tut/igvc/install/ublox:/home/gurupranav/Programming/ros2_tut/igvc/install/ublox_gps:/home/gurupranav/Programming/ros2_tut/igvc/install/ublox_msgs:/home/gurupranav/Programming/ros2_tut/igvc/install/ublox_serialization:/home/gurupranav/Programming/ros2_tut/igvc/install/rplidar_ros:/home/gurupranav/Programming/ros2_tut/igvc/install/global_launcher:/opt/ros/humble'), ('SHELL', '/usr/bin/zsh'), ('ENVMAN_LOAD', 'loaded'), ('P9K_SSH', '0'), ('PWD', '/home/gurupranav/Programming/ros2_tut/igvc/build/micro_ros_msgs'), ('_P9K_TTY', '/dev/pts/3'), ('NVM_CD_FLAGS', '-q'), ('PYTHONPATH', '/home/gurupranav/Programming/ros2_tut/igvc/install/ublox_msgs/local/lib/python3.10/dist-packages:/home/gurupranav/Programming/ros2_tut/igvc/install/rplidar_ros/local/lib/python3.10/dist-packages:/opt/ros/humble/lib/python3.10/site-packages:/opt/ros/humble/local/lib/python3.10/dist-packages'), ('COLCON', '1'), ('WSL2_GUI_APPS_ENABLED', '1'), ('PNPM_HOME', '/home/gurupranav/.local/share/pnpm'), ('HOSTTYPE', 'x86_64'), ('CMAKE_PREFIX_PATH', '/home/gurupranav/Programming/ros2_tut/igvc/install/micro_ros_setup:/home/gurupranav/Programming/ros2_tut/igvc/install/ublox:/home/gurupranav/Programming/ros2_tut/igvc/install/ublox_gps:/home/gurupranav/Programming/ros2_tut/igvc/install/ublox_msgs:/home/gurupranav/Programming/ros2_tut/igvc/install/ublox_serialization:/home/gurupranav/Programming/ros2_tut/igvc/install/rplidar_ros:/home/gurupranav/Programming/ros2_tut/igvc/install/global_launcher:/opt/ros/humble'), ('WSLENV', 'WT_SESSION:WT_PROFILE_ID:')]), 'shell': False}
[1.468008] (micro_ros_msgs) StdoutLine: {'line': b'\x1b[35m\x1b[1mConsolidate compiler generated dependencies of target micro_ros_msgs__rosidl_generator_c\x1b[0m\n'}
[1.480346] (micro_ros_msgs) StdoutLine: {'line': b'[  2%] Built target micro_ros_msgs__cpp\n'}
[1.481086] (micro_ros_msgs) StdoutLine: {'line': b'[ 12%] Built target micro_ros_msgs__rosidl_generator_c\n'}
[1.494651] (micro_ros_msgs) StdoutLine: {'line': b'[ 12%] Built target ament_cmake_python_copy_micro_ros_msgs\n'}
[1.495871] (micro_ros_msgs) StdoutLine: {'line': b'\x1b[35m\x1b[1mConsolidate compiler generated dependencies of target micro_ros_msgs__rosidl_typesupport_fastrtps_cpp\x1b[0m\n'}
[1.496225] (micro_ros_msgs) StdoutLine: {'line': b'\x1b[35m\x1b[1mConsolidate compiler generated dependencies of target micro_ros_msgs__rosidl_typesupport_cpp\x1b[0m\n'}
[1.504499] (micro_ros_msgs) StdoutLine: {'line': b'\x1b[35m\x1b[1mConsolidate compiler generated dependencies of target micro_ros_msgs__rosidl_typesupport_introspection_cpp\x1b[0m\n'}
[1.515470] (micro_ros_msgs) StdoutLine: {'line': b'\x1b[35m\x1b[1mConsolidate compiler generated dependencies of target micro_ros_msgs__rosidl_typesupport_introspection_c\x1b[0m\n'}
[1.517219] (-) TimerEvent: {}
[1.519528] (micro_ros_msgs) StdoutLine: {'line': b'\x1b[35m\x1b[1mConsolidate compiler generated dependencies of target micro_ros_msgs__rosidl_typesupport_fastrtps_c\x1b[0m\n'}
[1.519718] (micro_ros_msgs) StdoutLine: {'line': b'[ 23%] Built target micro_ros_msgs__rosidl_typesupport_cpp\n'}
[1.522023] (micro_ros_msgs) StdoutLine: {'line': b'\x1b[35m\x1b[1mConsolidate compiler generated dependencies of target micro_ros_msgs__rosidl_typesupport_c\x1b[0m\n'}
[1.529700] (micro_ros_msgs) StdoutLine: {'line': b'[ 34%] Built target micro_ros_msgs__rosidl_typesupport_fastrtps_cpp\n'}
[1.531296] (micro_ros_msgs) StdoutLine: {'line': b'[ 44%] Built target micro_ros_msgs__rosidl_typesupport_introspection_cpp\n'}
[1.531891] (micro_ros_msgs) StdoutLine: {'line': b'[ 55%] Built target micro_ros_msgs__rosidl_typesupport_introspection_c\n'}
[1.535963] (micro_ros_msgs) StdoutLine: {'line': b'[ 65%] Built target micro_ros_msgs__rosidl_typesupport_c\n'}
[1.540874] (micro_ros_msgs) StdoutLine: {'line': b'[ 76%] Built target micro_ros_msgs__rosidl_typesupport_fastrtps_c\n'}
[1.565364] (micro_ros_msgs) StdoutLine: {'line': b'[ 76%] Built target micro_ros_msgs\n'}
[1.587766] (micro_ros_msgs) StdoutLine: {'line': b'[ 78%] Built target micro_ros_msgs__py\n'}
[1.602189] (micro_ros_msgs) StdoutLine: {'line': b'\x1b[35m\x1b[1mConsolidate compiler generated dependencies of target micro_ros_msgs__rosidl_generator_py\x1b[0m\n'}
[1.617632] (-) TimerEvent: {}
[1.621792] (micro_ros_msgs) StdoutLine: {'line': b'[ 87%] Built target micro_ros_msgs__rosidl_generator_py\n'}
[1.636119] (micro_ros_msgs) StdoutLine: {'line': b'\x1b[35m\x1b[1mConsolidate compiler generated dependencies of target micro_ros_msgs__rosidl_typesupport_c__pyext\x1b[0m\n'}
[1.636352] (micro_ros_msgs) StdoutLine: {'line': b'\x1b[35m\x1b[1mConsolidate compiler generated dependencies of target micro_ros_msgs__rosidl_typesupport_introspection_c__pyext\x1b[0m\n'}
[1.636514] (micro_ros_msgs) StdoutLine: {'line': b'\x1b[35m\x1b[1mConsolidate compiler generated dependencies of target micro_ros_msgs__rosidl_typesupport_fastrtps_c__pyext\x1b[0m\n'}
[1.657260] (micro_ros_msgs) StdoutLine: {'line': b'[ 91%] Built target micro_ros_msgs__rosidl_typesupport_introspection_c__pyext\n'}
[1.658088] (micro_ros_msgs) StdoutLine: {'line': b'[ 95%] Built target micro_ros_msgs__rosidl_typesupport_fastrtps_c__pyext\n'}
[1.658430] (micro_ros_msgs) StdoutLine: {'line': b'[100%] Built target micro_ros_msgs__rosidl_typesupport_c__pyext\n'}
[1.718039] (-) TimerEvent: {}
[1.810301] (micro_ros_msgs) StdoutLine: {'line': b'running egg_info\n'}
[1.811243] (micro_ros_msgs) StdoutLine: {'line': b'writing micro_ros_msgs.egg-info/PKG-INFO\n'}
[1.811504] (micro_ros_msgs) StdoutLine: {'line': b'writing dependency_links to micro_ros_msgs.egg-info/dependency_links.txt\n'}
[1.811892] (micro_ros_msgs) StdoutLine: {'line': b'writing top-level names to micro_ros_msgs.egg-info/top_level.txt\n'}
[1.815475] (micro_ros_msgs) StdoutLine: {'line': b"reading manifest file 'micro_ros_msgs.egg-info/SOURCES.txt'\n"}
[1.816371] (micro_ros_msgs) StdoutLine: {'line': b"writing manifest file 'micro_ros_msgs.egg-info/SOURCES.txt'\n"}
[1.818189] (-) TimerEvent: {}
[1.846504] (micro_ros_msgs) StdoutLine: {'line': b'[100%] Built target ament_cmake_python_build_micro_ros_msgs_egg\n'}
[1.858728] (micro_ros_msgs) CommandEnded: {'returncode': 0}
[1.918638] (-) TimerEvent: {}
[1.978495] (micro_ros_msgs) JobProgress: {'identifier': 'micro_ros_msgs', 'progress': 'install'}
[1.988419] (micro_ros_msgs) Command: {'cmd': ['/usr/bin/cmake', '--install', '/home/gurupranav/Programming/ros2_tut/igvc/build/micro_ros_msgs'], 'cwd': '/home/gurupranav/Programming/ros2_tut/igvc/build/micro_ros_msgs', 'env': OrderedDict([('USER', 'gurupranav'), ('SHLVL', '2'), ('LD_LIBRARY_PATH', '/home/gurupranav/Programming/ros2_tut/igvc/install/ublox_gps/lib:/home/gurupranav/Programming/ros2_tut/igvc/install/ublox_msgs/lib:/opt/ros/humble/opt/rviz_ogre_vendor/lib:/opt/ros/humble/lib/x86_64-linux-gnu:/opt/ros/humble/lib'), ('WT_PROFILE_ID', '{51855cb2-8cce-5362-8f54-464b92b32386}'), ('LESS', '-R'), ('HOME', '/home/gurupranav'), ('OLDPWD', '/home/gurupranav/Programming/ros2_tut'), ('NVM_BIN', '/home/gurupranav/.nvm/versions/node/v22.5.0/bin'), ('LSCOLORS', 'Gxfxcxdxbxegedabagacad'), ('NVM_INC', '/home/gurupranav/.nvm/versions/node/v22.5.0/include/node'), ('ZSH', '/home/gurupranav/.oh-my-zsh'), ('ROS_PYTHON_VERSION', '3'), ('PAGER', 'less'), ('P9K_TTY', 'old'), ('DBUS_SESSION_BUS_ADDRESS', 'unix:path=/run/user/1000/bus'), ('WSL_DISTRO_NAME', 'Ubuntu'), ('NVM_DIR', '/home/gurupranav/.nvm'), ('WAYLAND_DISPLAY', 'wayland-0'), ('COLCON_PREFIX_PATH', '/home/gurupranav/Programming/ros2_tut/igvc/install'), ('ROS_DISTRO', 'humble'), ('LOGNAME', 'gurupranav'), ('NAME', 'LAPTOP-D0AFMG2O'), ('WSL_INTEROP', '/run/WSL/4044_interop'), ('_P9K_SSH_TTY', '/dev/pts/3'), ('PULSE_SERVER', 'unix:/mnt/wslg/PulseServer'), ('_', '/usr/bin/colcon'), ('ROS_VERSION', '2'), ('TERM', 'xterm-256color'), ('ROS_LOCALHOST_ONLY', '0'), ('PATH', '/home/gurupranav/.local/share/pnpm:/home/gurupranav/.deno/bin:/home/gurupranav/.local/bin:/opt/ros/humble/bin:/home/gurupranav/.nvm/versions/node/v22.5.0/bin:/usr/local/sbin:/usr/local/bin:/usr/sbin:/usr/bin:/sbin:/bin:/usr/games:/usr/local/games:/usr/lib/wsl/lib:/mnt/d/Python/Scripts/:/mnt/d/Python/:/mnt/c/Program Files (x86)/Common Files/Oracle/Java/javapath:/mnt/d/c++/Libraries/vulkan/1.3/Bin:/mnt/c/Windows/system32:/mnt/c/Windows:/mnt/c/Windows/System32/Wbem:/mnt/c/Windows/System32/WindowsPowerShell/v1.0/:/mnt/c/Windows/System32/OpenSSH/:/mnt/c/Program Files (x86)/NVIDIA Corporation/PhysX/Common:/mnt/c/Program Files/NVIDIA Corporation/NVIDIA NvDLISR:/mnt/c/Program Files/Go/bin:/mnt/c/Program Files/CMake/bin:/mnt/c/Program Files/Git/cmd:/mnt/c/Program Files/GitHub CLI/:/mnt/c/Program Files/Neovim/bin:/mnt/c/ProgramData/chocolatey/bin:/mnt/c/Program Files/Docker/Docker/resources/bin:/mnt/c/Program Files/usbipd-win/:/mnt/c/Program Files/dotnet/:/mnt/c/Program Files (x86)/Windows Kits/10/Windows Performance Toolkit/:/mnt/c/Program Files/PowerShell/7/:/mnt/c/Users/GURU PRANAV PR/scoop/shims:/mnt/c/Users/GURU PRANAV PR/AppData/Local/pnpm:/mnt/c/Users/GURU PRANAV PR/AppData/Local/Programs/Python/Launcher/:/mnt/c/Users/GURU PRANAV PR/AppData/Local/Microsoft/WindowsApps:/mnt/c/Users/GURU PRANAV PR/AppData/Local/Programs/Microsoft VS Code/bin:/mnt/c/Users/GURU PRANAV PR/go/bin:/mnt/c/MinGW/bin:/mnt/c/Users/GURU PRANAV PR/AppData/Local/GitHubDesktop/bin:/mnt/d/JetBrains Pycharm/PyCharm Community Edition 2024.2.0.1/bin:/mnt/c/Users/GURU PRANAV PR/.dotnet/tools:/mnt/c/Users/GURU PRANAV PR/AppData/Local/Programs/Microsoft VS Code Insiders/bin:/mnt/c/Users/GURU PRANAV PR/AppData/Roaming/npm:/mnt/c/Users/GURU PRANAV PR/AppData/Local/Microsoft/WinGet/Packages/DenoLand.Deno_Microsoft.Winget.Source_8wekyb3d8bbwe:/mnt/c/Users/GURU PRANAV PR/AppData/Roaming/nvm:/mnt/c/Program Files/nodejs:/mnt/c/Users/GURU PRANAV PR/AppData/Local/JetBrains/Toolbox/scripts:/mnt/c/Users/GURU PRANAV PR/AppData/Local/Programs/Hyper/resources/bin:/mnt/c/Users/GURU PRANAV PR/.dotnet/tools:/home/gurupranav/.yarn/bin:/opt/nvim-linux64/bin:/home/gurupranav/.local/bin'), ('WT_SESSION', '4983b9d9-4387-48c5-8c7a-39e5b8fe2f34'), ('XDG_RUNTIME_DIR', '/run/user/1000/'), ('DENO_INSTALL', '/home/gurupranav/.deno'), ('DISPLAY', ':0'), ('LANG', 'en_US.UTF-8'), ('LS_COLORS', 'rs=0:no=00:mi=00:mh=00:ln=01;36:or=01;31:di=01;34:ow=04;01;34:st=34:tw=04;34:pi=01;33:so=01;33:do=01;33:bd=01;33:cd=01;33:su=01;35:sg=01;35:ca=01;35:ex=01;32:'), ('AMENT_PREFIX_PATH', '/home/gurupranav/Programming/ros2_tut/igvc/install/micro_ros_setup:/home/gurupranav/Programming/ros2_tut/igvc/install/ublox:/home/gurupranav/Programming/ros2_tut/igvc/install/ublox_gps:/home/gurupranav/Programming/ros2_tut/igvc/install/ublox_msgs:/home/gurupranav/Programming/ros2_tut/igvc/install/ublox_serialization:/home/gurupranav/Programming/ros2_tut/igvc/install/rplidar_ros:/home/gurupranav/Programming/ros2_tut/igvc/install/global_launcher:/opt/ros/humble'), ('SHELL', '/usr/bin/zsh'), ('ENVMAN_LOAD', 'loaded'), ('P9K_SSH', '0'), ('PWD', '/home/gurupranav/Programming/ros2_tut/igvc/build/micro_ros_msgs'), ('_P9K_TTY', '/dev/pts/3'), ('NVM_CD_FLAGS', '-q'), ('PYTHONPATH', '/home/gurupranav/Programming/ros2_tut/igvc/install/ublox_msgs/local/lib/python3.10/dist-packages:/home/gurupranav/Programming/ros2_tut/igvc/install/rplidar_ros/local/lib/python3.10/dist-packages:/opt/ros/humble/lib/python3.10/site-packages:/opt/ros/humble/local/lib/python3.10/dist-packages'), ('COLCON', '1'), ('WSL2_GUI_APPS_ENABLED', '1'), ('PNPM_HOME', '/home/gurupranav/.local/share/pnpm'), ('HOSTTYPE', 'x86_64'), ('CMAKE_PREFIX_PATH', '/home/gurupranav/Programming/ros2_tut/igvc/install/micro_ros_setup:/home/gurupranav/Programming/ros2_tut/igvc/install/ublox:/home/gurupranav/Programming/ros2_tut/igvc/install/ublox_gps:/home/gurupranav/Programming/ros2_tut/igvc/install/ublox_msgs:/home/gurupranav/Programming/ros2_tut/igvc/install/ublox_serialization:/home/gurupranav/Programming/ros2_tut/igvc/install/rplidar_ros:/home/gurupranav/Programming/ros2_tut/igvc/install/global_launcher:/opt/ros/humble'), ('WSLENV', 'WT_SESSION:WT_PROFILE_ID:')]), 'shell': False}
[1.998153] (micro_ros_msgs) StdoutLine: {'line': b'-- Install configuration: ""\n'}
[1.998881] (micro_ros_msgs) StdoutLine: {'line': b'-- Up-to-date: /home/gurupranav/Programming/ros2_tut/igvc/install/micro_ros_msgs/share/ament_index/resource_index/rosidl_interfaces/micro_ros_msgs\n'}
[1.999296] (micro_ros_msgs) StdoutLine: {'line': b'-- Up-to-date: /home/gurupranav/Programming/ros2_tut/igvc/install/micro_ros_msgs/include/micro_ros_msgs/micro_ros_msgs\n'}
[1.999655] (micro_ros_msgs) StdoutLine: {'line': b'-- Up-to-date: /home/gurupranav/Programming/ros2_tut/igvc/install/micro_ros_msgs/include/micro_ros_msgs/micro_ros_msgs/msg\n'}
[1.999772] (micro_ros_msgs) StdoutLine: {'line': b'-- Up-to-date: /home/gurupranav/Programming/ros2_tut/igvc/install/micro_ros_msgs/include/micro_ros_msgs/micro_ros_msgs/msg/graph.h\n'}
[1.999884] (micro_ros_msgs) StdoutLine: {'line': b'-- Up-to-date: /home/gurupranav/Programming/ros2_tut/igvc/install/micro_ros_msgs/include/micro_ros_msgs/micro_ros_msgs/msg/rosidl_generator_c__visibility_control.h\n'}
[2.000013] (micro_ros_msgs) StdoutLine: {'line': b'-- Up-to-date: /home/gurupranav/Programming/ros2_tut/igvc/install/micro_ros_msgs/include/micro_ros_msgs/micro_ros_msgs/msg/entity.h\n'}
[2.000117] (micro_ros_msgs) StdoutLine: {'line': b'-- Up-to-date: /home/gurupranav/Programming/ros2_tut/igvc/install/micro_ros_msgs/include/micro_ros_msgs/micro_ros_msgs/msg/node.h\n'}
[2.000233] (micro_ros_msgs) StdoutLine: {'line': b'-- Up-to-date: /home/gurupranav/Programming/ros2_tut/igvc/install/micro_ros_msgs/include/micro_ros_msgs/micro_ros_msgs/msg/detail\n'}
[2.000342] (micro_ros_msgs) StdoutLine: {'line': b'-- Up-to-date: /home/gurupranav/Programming/ros2_tut/igvc/install/micro_ros_msgs/include/micro_ros_msgs/micro_ros_msgs/msg/detail/entity__functions.c\n'}
[2.000474] (micro_ros_msgs) StdoutLine: {'line': b'-- Up-to-date: /home/gurupranav/Programming/ros2_tut/igvc/install/micro_ros_msgs/include/micro_ros_msgs/micro_ros_msgs/msg/detail/graph__struct.h\n'}
[2.001587] (micro_ros_msgs) StdoutLine: {'line': b'-- Up-to-date: /home/gurupranav/Programming/ros2_tut/igvc/install/micro_ros_msgs/include/micro_ros_msgs/micro_ros_msgs/msg/detail/entity__functions.h\n'}
[2.001718] (micro_ros_msgs) StdoutLine: {'line': b'-- Up-to-date: /home/gurupranav/Programming/ros2_tut/igvc/install/micro_ros_msgs/include/micro_ros_msgs/micro_ros_msgs/msg/detail/graph__functions.h\n'}
[2.001871] (micro_ros_msgs) StdoutLine: {'line': b'-- Up-to-date: /home/gurupranav/Programming/ros2_tut/igvc/install/micro_ros_msgs/include/micro_ros_msgs/micro_ros_msgs/msg/detail/node__type_support.h\n'}
[2.002033] (micro_ros_msgs) StdoutLine: {'line': b'-- Up-to-date: /home/gurupranav/Programming/ros2_tut/igvc/install/micro_ros_msgs/include/micro_ros_msgs/micro_ros_msgs/msg/detail/entity__type_support.h\n'}
[2.002176] (micro_ros_msgs) StdoutLine: {'line': b'-- Up-to-date: /home/gurupranav/Programming/ros2_tut/igvc/install/micro_ros_msgs/include/micro_ros_msgs/micro_ros_msgs/msg/detail/entity__struct.h\n'}
[2.002309] (micro_ros_msgs) StdoutLine: {'line': b'-- Up-to-date: /home/gurupranav/Programming/ros2_tut/igvc/install/micro_ros_msgs/include/micro_ros_msgs/micro_ros_msgs/msg/detail/node__struct.h\n'}
[2.002503] (micro_ros_msgs) StdoutLine: {'line': b'-- Up-to-date: /home/gurupranav/Programming/ros2_tut/igvc/install/micro_ros_msgs/include/micro_ros_msgs/micro_ros_msgs/msg/detail/node__functions.h\n'}
[2.002716] (micro_ros_msgs) StdoutLine: {'line': b'-- Up-to-date: /home/gurupranav/Programming/ros2_tut/igvc/install/micro_ros_msgs/include/micro_ros_msgs/micro_ros_msgs/msg/detail/graph__type_support.h\n'}
[2.002850] (micro_ros_msgs) StdoutLine: {'line': b'-- Up-to-date: /home/gurupranav/Programming/ros2_tut/igvc/install/micro_ros_msgs/include/micro_ros_msgs/micro_ros_msgs/msg/detail/node__functions.c\n'}
[2.002977] (micro_ros_msgs) StdoutLine: {'line': b'-- Up-to-date: /home/gurupranav/Programming/ros2_tut/igvc/install/micro_ros_msgs/include/micro_ros_msgs/micro_ros_msgs/msg/detail/graph__functions.c\n'}
[2.003117] (micro_ros_msgs) StdoutLine: {'line': b'-- Up-to-date: /home/gurupranav/Programming/ros2_tut/igvc/install/micro_ros_msgs/share/micro_ros_msgs/environment/library_path.sh\n'}
[2.003248] (micro_ros_msgs) StdoutLine: {'line': b'-- Installing: /home/gurupranav/Programming/ros2_tut/igvc/install/micro_ros_msgs/share/micro_ros_msgs/environment/library_path.dsv\n'}
[2.003545] (micro_ros_msgs) StdoutLine: {'line': b'-- Up-to-date: /home/gurupranav/Programming/ros2_tut/igvc/install/micro_ros_msgs/lib/libmicro_ros_msgs__rosidl_generator_c.so\n'}
[2.003717] (micro_ros_msgs) StdoutLine: {'line': b'-- Up-to-date: /home/gurupranav/Programming/ros2_tut/igvc/install/micro_ros_msgs/include/micro_ros_msgs/micro_ros_msgs\n'}
[2.003986] (micro_ros_msgs) StdoutLine: {'line': b'-- Up-to-date: /home/gurupranav/Programming/ros2_tut/igvc/install/micro_ros_msgs/include/micro_ros_msgs/micro_ros_msgs/msg\n'}
[2.004195] (micro_ros_msgs) StdoutLine: {'line': b'-- Up-to-date: /home/gurupranav/Programming/ros2_tut/igvc/install/micro_ros_msgs/include/micro_ros_msgs/micro_ros_msgs/msg/rosidl_typesupport_fastrtps_c__visibility_control.h\n'}
[2.004727] (micro_ros_msgs) StdoutLine: {'line': b'-- Up-to-date: /home/gurupranav/Programming/ros2_tut/igvc/install/micro_ros_msgs/include/micro_ros_msgs/micro_ros_msgs/msg/detail\n'}
[2.004988] (micro_ros_msgs) StdoutLine: {'line': b'-- Up-to-date: /home/gurupranav/Programming/ros2_tut/igvc/install/micro_ros_msgs/include/micro_ros_msgs/micro_ros_msgs/msg/detail/node__rosidl_typesupport_fastrtps_c.h\n'}
[2.005392] (micro_ros_msgs) StdoutLine: {'line': b'-- Up-to-date: /home/gurupranav/Programming/ros2_tut/igvc/install/micro_ros_msgs/include/micro_ros_msgs/micro_ros_msgs/msg/detail/graph__rosidl_typesupport_fastrtps_c.h\n'}
[2.005556] (micro_ros_msgs) StdoutLine: {'line': b'-- Up-to-date: /home/gurupranav/Programming/ros2_tut/igvc/install/micro_ros_msgs/include/micro_ros_msgs/micro_ros_msgs/msg/detail/entity__rosidl_typesupport_fastrtps_c.h\n'}
[2.005822] (micro_ros_msgs) StdoutLine: {'line': b'-- Up-to-date: /home/gurupranav/Programming/ros2_tut/igvc/install/micro_ros_msgs/lib/libmicro_ros_msgs__rosidl_typesupport_fastrtps_c.so\n'}
[2.006224] (micro_ros_msgs) StdoutLine: {'line': b'-- Up-to-date: /home/gurupranav/Programming/ros2_tut/igvc/install/micro_ros_msgs/include/micro_ros_msgs/micro_ros_msgs\n'}
[2.006584] (micro_ros_msgs) StdoutLine: {'line': b'-- Up-to-date: /home/gurupranav/Programming/ros2_tut/igvc/install/micro_ros_msgs/include/micro_ros_msgs/micro_ros_msgs/msg\n'}
[2.006667] (micro_ros_msgs) StdoutLine: {'line': b'-- Up-to-date: /home/gurupranav/Programming/ros2_tut/igvc/install/micro_ros_msgs/include/micro_ros_msgs/micro_ros_msgs/msg/rosidl_typesupport_introspection_c__visibility_control.h\n'}
[2.006827] (micro_ros_msgs) StdoutLine: {'line': b'-- Up-to-date: /home/gurupranav/Programming/ros2_tut/igvc/install/micro_ros_msgs/include/micro_ros_msgs/micro_ros_msgs/msg/detail\n'}
[2.007005] (micro_ros_msgs) StdoutLine: {'line': b'-- Up-to-date: /home/gurupranav/Programming/ros2_tut/igvc/install/micro_ros_msgs/include/micro_ros_msgs/micro_ros_msgs/msg/detail/node__rosidl_typesupport_introspection_c.h\n'}
[2.007076] (micro_ros_msgs) StdoutLine: {'line': b'-- Up-to-date: /home/gurupranav/Programming/ros2_tut/igvc/install/micro_ros_msgs/include/micro_ros_msgs/micro_ros_msgs/msg/detail/node__type_support.c\n'}
[2.007136] (micro_ros_msgs) StdoutLine: {'line': b'-- Up-to-date: /home/gurupranav/Programming/ros2_tut/igvc/install/micro_ros_msgs/include/micro_ros_msgs/micro_ros_msgs/msg/detail/graph__rosidl_typesupport_introspection_c.h\n'}
[2.007194] (micro_ros_msgs) StdoutLine: {'line': b'-- Up-to-date: /home/gurupranav/Programming/ros2_tut/igvc/install/micro_ros_msgs/include/micro_ros_msgs/micro_ros_msgs/msg/detail/graph__type_support.c\n'}
[2.007318] (micro_ros_msgs) StdoutLine: {'line': b'-- Up-to-date: /home/gurupranav/Programming/ros2_tut/igvc/install/micro_ros_msgs/include/micro_ros_msgs/micro_ros_msgs/msg/detail/entity__rosidl_typesupport_introspection_c.h\n'}
[2.007551] (micro_ros_msgs) StdoutLine: {'line': b'-- Up-to-date: /home/gurupranav/Programming/ros2_tut/igvc/install/micro_ros_msgs/include/micro_ros_msgs/micro_ros_msgs/msg/detail/entity__type_support.c\n'}
[2.007901] (micro_ros_msgs) StdoutLine: {'line': b'-- Up-to-date: /home/gurupranav/Programming/ros2_tut/igvc/install/micro_ros_msgs/lib/libmicro_ros_msgs__rosidl_typesupport_introspection_c.so\n'}
[2.008089] (micro_ros_msgs) StdoutLine: {'line': b'-- Up-to-date: /home/gurupranav/Programming/ros2_tut/igvc/install/micro_ros_msgs/lib/libmicro_ros_msgs__rosidl_typesupport_c.so\n'}
[2.008318] (micro_ros_msgs) StdoutLine: {'line': b'-- Up-to-date: /home/gurupranav/Programming/ros2_tut/igvc/install/micro_ros_msgs/include/micro_ros_msgs/micro_ros_msgs\n'}
[2.008562] (micro_ros_msgs) StdoutLine: {'line': b'-- Up-to-date: /home/gurupranav/Programming/ros2_tut/igvc/install/micro_ros_msgs/include/micro_ros_msgs/micro_ros_msgs/msg\n'}
[2.009101] (micro_ros_msgs) StdoutLine: {'line': b'-- Up-to-date: /home/gurupranav/Programming/ros2_tut/igvc/install/micro_ros_msgs/include/micro_ros_msgs/micro_ros_msgs/msg/entity.hpp\n'}
[2.009190] (micro_ros_msgs) StdoutLine: {'line': b'-- Up-to-date: /home/gurupranav/Programming/ros2_tut/igvc/install/micro_ros_msgs/include/micro_ros_msgs/micro_ros_msgs/msg/node.hpp\n'}
[2.009434] (micro_ros_msgs) StdoutLine: {'line': b'-- Up-to-date: /home/gurupranav/Programming/ros2_tut/igvc/install/micro_ros_msgs/include/micro_ros_msgs/micro_ros_msgs/msg/graph.hpp\n'}
[2.009929] (micro_ros_msgs) StdoutLine: {'line': b'-- Up-to-date: /home/gurupranav/Programming/ros2_tut/igvc/install/micro_ros_msgs/include/micro_ros_msgs/micro_ros_msgs/msg/detail\n'}
[2.010424] (micro_ros_msgs) StdoutLine: {'line': b'-- Up-to-date: /home/gurupranav/Programming/ros2_tut/igvc/install/micro_ros_msgs/include/micro_ros_msgs/micro_ros_msgs/msg/detail/entity__builder.hpp\n'}
[2.010523] (micro_ros_msgs) StdoutLine: {'line': b'-- Up-to-date: /home/gurupranav/Programming/ros2_tut/igvc/install/micro_ros_msgs/include/micro_ros_msgs/micro_ros_msgs/msg/detail/graph__struct.hpp\n'}
[2.010629] (micro_ros_msgs) StdoutLine: {'line': b'-- Up-to-date: /home/gurupranav/Programming/ros2_tut/igvc/install/micro_ros_msgs/include/micro_ros_msgs/micro_ros_msgs/msg/detail/graph__traits.hpp\n'}
[2.010822] (micro_ros_msgs) StdoutLine: {'line': b'-- Up-to-date: /home/gurupranav/Programming/ros2_tut/igvc/install/micro_ros_msgs/include/micro_ros_msgs/micro_ros_msgs/msg/detail/entity__traits.hpp\n'}
[2.011273] (micro_ros_msgs) StdoutLine: {'line': b'-- Up-to-date: /home/gurupranav/Programming/ros2_tut/igvc/install/micro_ros_msgs/include/micro_ros_msgs/micro_ros_msgs/msg/detail/node__builder.hpp\n'}
[2.011367] (micro_ros_msgs) StdoutLine: {'line': b'-- Up-to-date: /home/gurupranav/Programming/ros2_tut/igvc/install/micro_ros_msgs/include/micro_ros_msgs/micro_ros_msgs/msg/detail/node__traits.hpp\n'}
[2.011433] (micro_ros_msgs) StdoutLine: {'line': b'-- Up-to-date: /home/gurupranav/Programming/ros2_tut/igvc/install/micro_ros_msgs/include/micro_ros_msgs/micro_ros_msgs/msg/detail/node__struct.hpp\n'}
[2.011568] (micro_ros_msgs) StdoutLine: {'line': b'-- Up-to-date: /home/gurupranav/Programming/ros2_tut/igvc/install/micro_ros_msgs/include/micro_ros_msgs/micro_ros_msgs/msg/detail/entity__struct.hpp\n'}
[2.011683] (micro_ros_msgs) StdoutLine: {'line': b'-- Up-to-date: /home/gurupranav/Programming/ros2_tut/igvc/install/micro_ros_msgs/include/micro_ros_msgs/micro_ros_msgs/msg/detail/graph__builder.hpp\n'}
[2.011764] (micro_ros_msgs) StdoutLine: {'line': b'-- Up-to-date: /home/gurupranav/Programming/ros2_tut/igvc/install/micro_ros_msgs/include/micro_ros_msgs/micro_ros_msgs\n'}
[2.011825] (micro_ros_msgs) StdoutLine: {'line': b'-- Up-to-date: /home/gurupranav/Programming/ros2_tut/igvc/install/micro_ros_msgs/include/micro_ros_msgs/micro_ros_msgs/msg\n'}
[2.011966] (micro_ros_msgs) StdoutLine: {'line': b'-- Up-to-date: /home/gurupranav/Programming/ros2_tut/igvc/install/micro_ros_msgs/include/micro_ros_msgs/micro_ros_msgs/msg/rosidl_typesupport_fastrtps_cpp__visibility_control.h\n'}
[2.012052] (micro_ros_msgs) StdoutLine: {'line': b'-- Up-to-date: /home/gurupranav/Programming/ros2_tut/igvc/install/micro_ros_msgs/include/micro_ros_msgs/micro_ros_msgs/msg/detail\n'}
[2.012147] (micro_ros_msgs) StdoutLine: {'line': b'-- Up-to-date: /home/gurupranav/Programming/ros2_tut/igvc/install/micro_ros_msgs/include/micro_ros_msgs/micro_ros_msgs/msg/detail/dds_fastrtps\n'}
[2.012233] (micro_ros_msgs) StdoutLine: {'line': b'-- Up-to-date: /home/gurupranav/Programming/ros2_tut/igvc/install/micro_ros_msgs/include/micro_ros_msgs/micro_ros_msgs/msg/detail/node__rosidl_typesupport_fastrtps_cpp.hpp\n'}
[2.012297] (micro_ros_msgs) StdoutLine: {'line': b'-- Up-to-date: /home/gurupranav/Programming/ros2_tut/igvc/install/micro_ros_msgs/include/micro_ros_msgs/micro_ros_msgs/msg/detail/graph__rosidl_typesupport_fastrtps_cpp.hpp\n'}
[2.012354] (micro_ros_msgs) StdoutLine: {'line': b'-- Up-to-date: /home/gurupranav/Programming/ros2_tut/igvc/install/micro_ros_msgs/include/micro_ros_msgs/micro_ros_msgs/msg/detail/entity__rosidl_typesupport_fastrtps_cpp.hpp\n'}
[2.012408] (micro_ros_msgs) StdoutLine: {'line': b'-- Up-to-date: /home/gurupranav/Programming/ros2_tut/igvc/install/micro_ros_msgs/lib/libmicro_ros_msgs__rosidl_typesupport_fastrtps_cpp.so\n'}
[2.012513] (micro_ros_msgs) StdoutLine: {'line': b'-- Up-to-date: /home/gurupranav/Programming/ros2_tut/igvc/install/micro_ros_msgs/include/micro_ros_msgs/micro_ros_msgs\n'}
[2.012596] (micro_ros_msgs) StdoutLine: {'line': b'-- Up-to-date: /home/gurupranav/Programming/ros2_tut/igvc/install/micro_ros_msgs/include/micro_ros_msgs/micro_ros_msgs/msg\n'}
[2.012657] (micro_ros_msgs) StdoutLine: {'line': b'-- Up-to-date: /home/gurupranav/Programming/ros2_tut/igvc/install/micro_ros_msgs/include/micro_ros_msgs/micro_ros_msgs/msg/detail\n'}
[2.012714] (micro_ros_msgs) StdoutLine: {'line': b'-- Up-to-date: /home/gurupranav/Programming/ros2_tut/igvc/install/micro_ros_msgs/include/micro_ros_msgs/micro_ros_msgs/msg/detail/entity__rosidl_typesupport_introspection_cpp.hpp\n'}
[2.012772] (micro_ros_msgs) StdoutLine: {'line': b'-- Up-to-date: /home/gurupranav/Programming/ros2_tut/igvc/install/micro_ros_msgs/include/micro_ros_msgs/micro_ros_msgs/msg/detail/graph__rosidl_typesupport_introspection_cpp.hpp\n'}
[2.012827] (micro_ros_msgs) StdoutLine: {'line': b'-- Up-to-date: /home/gurupranav/Programming/ros2_tut/igvc/install/micro_ros_msgs/include/micro_ros_msgs/micro_ros_msgs/msg/detail/graph__type_support.cpp\n'}
[2.012882] (micro_ros_msgs) StdoutLine: {'line': b'-- Up-to-date: /home/gurupranav/Programming/ros2_tut/igvc/install/micro_ros_msgs/include/micro_ros_msgs/micro_ros_msgs/msg/detail/entity__type_support.cpp\n'}
[2.012943] (micro_ros_msgs) StdoutLine: {'line': b'-- Up-to-date: /home/gurupranav/Programming/ros2_tut/igvc/install/micro_ros_msgs/include/micro_ros_msgs/micro_ros_msgs/msg/detail/node__type_support.cpp\n'}
[2.012996] (micro_ros_msgs) StdoutLine: {'line': b'-- Up-to-date: /home/gurupranav/Programming/ros2_tut/igvc/install/micro_ros_msgs/include/micro_ros_msgs/micro_ros_msgs/msg/detail/node__rosidl_typesupport_introspection_cpp.hpp\n'}
[2.013118] (micro_ros_msgs) StdoutLine: {'line': b'-- Up-to-date: /home/gurupranav/Programming/ros2_tut/igvc/install/micro_ros_msgs/lib/libmicro_ros_msgs__rosidl_typesupport_introspection_cpp.so\n'}
[2.013265] (micro_ros_msgs) StdoutLine: {'line': b'-- Up-to-date: /home/gurupranav/Programming/ros2_tut/igvc/install/micro_ros_msgs/lib/libmicro_ros_msgs__rosidl_typesupport_cpp.so\n'}
[2.013333] (micro_ros_msgs) StdoutLine: {'line': b'-- Up-to-date: /home/gurupranav/Programming/ros2_tut/igvc/install/micro_ros_msgs/share/micro_ros_msgs/environment/pythonpath.sh\n'}
[2.013437] (micro_ros_msgs) StdoutLine: {'line': b'-- Installing: /home/gurupranav/Programming/ros2_tut/igvc/install/micro_ros_msgs/share/micro_ros_msgs/environment/pythonpath.dsv\n'}
[2.013499] (micro_ros_msgs) StdoutLine: {'line': b'-- Up-to-date: /home/gurupranav/Programming/ros2_tut/igvc/install/micro_ros_msgs/local/lib/python3.10/dist-packages/micro_ros_msgs-3.0.1-py3.10.egg-info\n'}
[2.013560] (micro_ros_msgs) StdoutLine: {'line': b'-- Installing: /home/gurupranav/Programming/ros2_tut/igvc/install/micro_ros_msgs/local/lib/python3.10/dist-packages/micro_ros_msgs-3.0.1-py3.10.egg-info/SOURCES.txt\n'}
[2.013618] (micro_ros_msgs) StdoutLine: {'line': b'-- Installing: /home/gurupranav/Programming/ros2_tut/igvc/install/micro_ros_msgs/local/lib/python3.10/dist-packages/micro_ros_msgs-3.0.1-py3.10.egg-info/dependency_links.txt\n'}
[2.013673] (micro_ros_msgs) StdoutLine: {'line': b'-- Installing: /home/gurupranav/Programming/ros2_tut/igvc/install/micro_ros_msgs/local/lib/python3.10/dist-packages/micro_ros_msgs-3.0.1-py3.10.egg-info/PKG-INFO\n'}
[2.013727] (micro_ros_msgs) StdoutLine: {'line': b'-- Installing: /home/gurupranav/Programming/ros2_tut/igvc/install/micro_ros_msgs/local/lib/python3.10/dist-packages/micro_ros_msgs-3.0.1-py3.10.egg-info/top_level.txt\n'}
[2.013796] (micro_ros_msgs) StdoutLine: {'line': b'-- Up-to-date: /home/gurupranav/Programming/ros2_tut/igvc/install/micro_ros_msgs/local/lib/python3.10/dist-packages/micro_ros_msgs\n'}
[2.013852] (micro_ros_msgs) StdoutLine: {'line': b'-- Up-to-date: /home/gurupranav/Programming/ros2_tut/igvc/install/micro_ros_msgs/local/lib/python3.10/dist-packages/micro_ros_msgs/_micro_ros_msgs_s.ep.rosidl_typesupport_c.c\n'}
[2.013907] (micro_ros_msgs) StdoutLine: {'line': b'-- Up-to-date: /home/gurupranav/Programming/ros2_tut/igvc/install/micro_ros_msgs/local/lib/python3.10/dist-packages/micro_ros_msgs/msg\n'}
[2.013962] (micro_ros_msgs) StdoutLine: {'line': b'-- Up-to-date: /home/gurupranav/Programming/ros2_tut/igvc/install/micro_ros_msgs/local/lib/python3.10/dist-packages/micro_ros_msgs/msg/_node_s.c\n'}
[2.014015] (micro_ros_msgs) StdoutLine: {'line': b'-- Up-to-date: /home/gurupranav/Programming/ros2_tut/igvc/install/micro_ros_msgs/local/lib/python3.10/dist-packages/micro_ros_msgs/msg/_graph.py\n'}
[2.014067] (micro_ros_msgs) StdoutLine: {'line': b'-- Up-to-date: /home/gurupranav/Programming/ros2_tut/igvc/install/micro_ros_msgs/local/lib/python3.10/dist-packages/micro_ros_msgs/msg/_entity.py\n'}
[2.014154] (micro_ros_msgs) StdoutLine: {'line': b'-- Up-to-date: /home/gurupranav/Programming/ros2_tut/igvc/install/micro_ros_msgs/local/lib/python3.10/dist-packages/micro_ros_msgs/msg/_entity_s.c\n'}
[2.014243] (micro_ros_msgs) StdoutLine: {'line': b'-- Up-to-date: /home/gurupranav/Programming/ros2_tut/igvc/install/micro_ros_msgs/local/lib/python3.10/dist-packages/micro_ros_msgs/msg/_node.py\n'}
[2.014323] (micro_ros_msgs) StdoutLine: {'line': b'-- Up-to-date: /home/gurupranav/Programming/ros2_tut/igvc/install/micro_ros_msgs/local/lib/python3.10/dist-packages/micro_ros_msgs/msg/_graph_s.c\n'}
[2.014387] (micro_ros_msgs) StdoutLine: {'line': b'-- Up-to-date: /home/gurupranav/Programming/ros2_tut/igvc/install/micro_ros_msgs/local/lib/python3.10/dist-packages/micro_ros_msgs/msg/__init__.py\n'}
[2.014443] (micro_ros_msgs) StdoutLine: {'line': b'-- Up-to-date: /home/gurupranav/Programming/ros2_tut/igvc/install/micro_ros_msgs/local/lib/python3.10/dist-packages/micro_ros_msgs/micro_ros_msgs_s__rosidl_typesupport_introspection_c.cpython-310-x86_64-linux-gnu.so\n'}
[2.014499] (micro_ros_msgs) StdoutLine: {'line': b'-- Up-to-date: /home/gurupranav/Programming/ros2_tut/igvc/install/micro_ros_msgs/local/lib/python3.10/dist-packages/micro_ros_msgs/micro_ros_msgs_s__rosidl_typesupport_fastrtps_c.cpython-310-x86_64-linux-gnu.so\n'}
[2.014554] (micro_ros_msgs) StdoutLine: {'line': b'-- Up-to-date: /home/gurupranav/Programming/ros2_tut/igvc/install/micro_ros_msgs/local/lib/python3.10/dist-packages/micro_ros_msgs/_micro_ros_msgs_s.ep.rosidl_typesupport_fastrtps_c.c\n'}
[2.014606] (micro_ros_msgs) StdoutLine: {'line': b'-- Up-to-date: /home/gurupranav/Programming/ros2_tut/igvc/install/micro_ros_msgs/local/lib/python3.10/dist-packages/micro_ros_msgs/micro_ros_msgs_s__rosidl_typesupport_c.cpython-310-x86_64-linux-gnu.so\n'}
[2.014662] (micro_ros_msgs) StdoutLine: {'line': b'-- Up-to-date: /home/gurupranav/Programming/ros2_tut/igvc/install/micro_ros_msgs/local/lib/python3.10/dist-packages/micro_ros_msgs/_micro_ros_msgs_s.ep.rosidl_typesupport_introspection_c.c\n'}
[2.014716] (micro_ros_msgs) StdoutLine: {'line': b'-- Installing: /home/gurupranav/Programming/ros2_tut/igvc/install/micro_ros_msgs/local/lib/python3.10/dist-packages/micro_ros_msgs/__init__.py\n'}
[2.014769] (micro_ros_msgs) StdoutLine: {'line': b'-- Up-to-date: /home/gurupranav/Programming/ros2_tut/igvc/install/micro_ros_msgs/local/lib/python3.10/dist-packages/micro_ros_msgs/libmicro_ros_msgs__rosidl_generator_py.so\n'}
[2.018882] (-) TimerEvent: {}
[2.052985] (micro_ros_msgs) StdoutLine: {'line': b"Listing '/home/gurupranav/Programming/ros2_tut/igvc/install/micro_ros_msgs/local/lib/python3.10/dist-packages/micro_ros_msgs'...\n"}
[2.053304] (micro_ros_msgs) StdoutLine: {'line': b"Compiling '/home/gurupranav/Programming/ros2_tut/igvc/install/micro_ros_msgs/local/lib/python3.10/dist-packages/micro_ros_msgs/__init__.py'...\n"}
[2.053412] (micro_ros_msgs) StdoutLine: {'line': b"Listing '/home/gurupranav/Programming/ros2_tut/igvc/install/micro_ros_msgs/local/lib/python3.10/dist-packages/micro_ros_msgs/msg'...\n"}
[2.058665] (micro_ros_msgs) StdoutLine: {'line': b'-- Up-to-date: /home/gurupranav/Programming/ros2_tut/igvc/install/micro_ros_msgs/local/lib/python3.10/dist-packages/micro_ros_msgs/micro_ros_msgs_s__rosidl_typesupport_fastrtps_c.cpython-310-x86_64-linux-gnu.so\n'}
[2.059187] (micro_ros_msgs) StdoutLine: {'line': b'-- Up-to-date: /home/gurupranav/Programming/ros2_tut/igvc/install/micro_ros_msgs/local/lib/python3.10/dist-packages/micro_ros_msgs/micro_ros_msgs_s__rosidl_typesupport_introspection_c.cpython-310-x86_64-linux-gnu.so\n'}
[2.059582] (micro_ros_msgs) StdoutLine: {'line': b'-- Up-to-date: /home/gurupranav/Programming/ros2_tut/igvc/install/micro_ros_msgs/local/lib/python3.10/dist-packages/micro_ros_msgs/micro_ros_msgs_s__rosidl_typesupport_c.cpython-310-x86_64-linux-gnu.so\n'}
[2.059927] (micro_ros_msgs) StdoutLine: {'line': b'-- Up-to-date: /home/gurupranav/Programming/ros2_tut/igvc/install/micro_ros_msgs/lib/libmicro_ros_msgs__rosidl_generator_py.so\n'}
[2.060208] (micro_ros_msgs) StdoutLine: {'line': b'-- Up-to-date: /home/gurupranav/Programming/ros2_tut/igvc/install/micro_ros_msgs/share/micro_ros_msgs/msg/Graph.idl\n'}
[2.060440] (micro_ros_msgs) StdoutLine: {'line': b'-- Up-to-date: /home/gurupranav/Programming/ros2_tut/igvc/install/micro_ros_msgs/share/micro_ros_msgs/msg/Node.idl\n'}
[2.060821] (micro_ros_msgs) StdoutLine: {'line': b'-- Up-to-date: /home/gurupranav/Programming/ros2_tut/igvc/install/micro_ros_msgs/share/micro_ros_msgs/msg/Entity.idl\n'}
[2.061259] (micro_ros_msgs) StdoutLine: {'line': b'-- Up-to-date: /home/gurupranav/Programming/ros2_tut/igvc/install/micro_ros_msgs/share/micro_ros_msgs/msg/Graph.msg\n'}
[2.061361] (micro_ros_msgs) StdoutLine: {'line': b'-- Up-to-date: /home/gurupranav/Programming/ros2_tut/igvc/install/micro_ros_msgs/share/micro_ros_msgs/msg/Node.msg\n'}
[2.061616] (micro_ros_msgs) StdoutLine: {'line': b'-- Up-to-date: /home/gurupranav/Programming/ros2_tut/igvc/install/micro_ros_msgs/share/micro_ros_msgs/msg/Entity.msg\n'}
[2.061884] (micro_ros_msgs) StdoutLine: {'line': b'-- Up-to-date: /home/gurupranav/Programming/ros2_tut/igvc/install/micro_ros_msgs/share/ament_index/resource_index/package_run_dependencies/micro_ros_msgs\n'}
[2.062112] (micro_ros_msgs) StdoutLine: {'line': b'-- Up-to-date: /home/gurupranav/Programming/ros2_tut/igvc/install/micro_ros_msgs/share/ament_index/resource_index/parent_prefix_path/micro_ros_msgs\n'}
[2.062357] (micro_ros_msgs) StdoutLine: {'line': b'-- Up-to-date: /home/gurupranav/Programming/ros2_tut/igvc/install/micro_ros_msgs/share/micro_ros_msgs/environment/ament_prefix_path.sh\n'}
[2.062697] (micro_ros_msgs) StdoutLine: {'line': b'-- Installing: /home/gurupranav/Programming/ros2_tut/igvc/install/micro_ros_msgs/share/micro_ros_msgs/environment/ament_prefix_path.dsv\n'}
[2.062943] (micro_ros_msgs) StdoutLine: {'line': b'-- Up-to-date: /home/gurupranav/Programming/ros2_tut/igvc/install/micro_ros_msgs/share/micro_ros_msgs/environment/path.sh\n'}
[2.063198] (micro_ros_msgs) StdoutLine: {'line': b'-- Installing: /home/gurupranav/Programming/ros2_tut/igvc/install/micro_ros_msgs/share/micro_ros_msgs/environment/path.dsv\n'}
[2.063544] (micro_ros_msgs) StdoutLine: {'line': b'-- Up-to-date: /home/gurupranav/Programming/ros2_tut/igvc/install/micro_ros_msgs/share/micro_ros_msgs/local_setup.bash\n'}
[2.063794] (micro_ros_msgs) StdoutLine: {'line': b'-- Up-to-date: /home/gurupranav/Programming/ros2_tut/igvc/install/micro_ros_msgs/share/micro_ros_msgs/local_setup.sh\n'}
[2.064070] (micro_ros_msgs) StdoutLine: {'line': b'-- Up-to-date: /home/gurupranav/Programming/ros2_tut/igvc/install/micro_ros_msgs/share/micro_ros_msgs/local_setup.zsh\n'}
[2.064336] (micro_ros_msgs) StdoutLine: {'line': b'-- Installing: /home/gurupranav/Programming/ros2_tut/igvc/install/micro_ros_msgs/share/micro_ros_msgs/local_setup.dsv\n'}
[2.064576] (micro_ros_msgs) StdoutLine: {'line': b'-- Installing: /home/gurupranav/Programming/ros2_tut/igvc/install/micro_ros_msgs/share/micro_ros_msgs/package.dsv\n'}
[2.064794] (micro_ros_msgs) StdoutLine: {'line': b'-- Up-to-date: /home/gurupranav/Programming/ros2_tut/igvc/install/micro_ros_msgs/share/ament_index/resource_index/packages/micro_ros_msgs\n'}
[2.065012] (micro_ros_msgs) StdoutLine: {'line': b'-- Up-to-date: /home/gurupranav/Programming/ros2_tut/igvc/install/micro_ros_msgs/share/micro_ros_msgs/cmake/export_micro_ros_msgs__rosidl_generator_cExport.cmake\n'}
[2.065230] (micro_ros_msgs) StdoutLine: {'line': b'-- Up-to-date: /home/gurupranav/Programming/ros2_tut/igvc/install/micro_ros_msgs/share/micro_ros_msgs/cmake/export_micro_ros_msgs__rosidl_generator_cExport-noconfig.cmake\n'}
[2.065446] (micro_ros_msgs) StdoutLine: {'line': b'-- Up-to-date: /home/gurupranav/Programming/ros2_tut/igvc/install/micro_ros_msgs/share/micro_ros_msgs/cmake/export_micro_ros_msgs__rosidl_typesupport_fastrtps_cExport.cmake\n'}
[2.065664] (micro_ros_msgs) StdoutLine: {'line': b'-- Up-to-date: /home/gurupranav/Programming/ros2_tut/igvc/install/micro_ros_msgs/share/micro_ros_msgs/cmake/export_micro_ros_msgs__rosidl_typesupport_fastrtps_cExport-noconfig.cmake\n'}
[2.066128] (micro_ros_msgs) StdoutLine: {'line': b'-- Up-to-date: /home/gurupranav/Programming/ros2_tut/igvc/install/micro_ros_msgs/share/micro_ros_msgs/cmake/micro_ros_msgs__rosidl_typesupport_introspection_cExport.cmake\n'}
[2.066320] (micro_ros_msgs) StdoutLine: {'line': b'-- Up-to-date: /home/gurupranav/Programming/ros2_tut/igvc/install/micro_ros_msgs/share/micro_ros_msgs/cmake/micro_ros_msgs__rosidl_typesupport_introspection_cExport-noconfig.cmake\n'}
[2.066409] (micro_ros_msgs) StdoutLine: {'line': b'-- Up-to-date: /home/gurupranav/Programming/ros2_tut/igvc/install/micro_ros_msgs/share/micro_ros_msgs/cmake/micro_ros_msgs__rosidl_typesupport_cExport.cmake\n'}
[2.066501] (micro_ros_msgs) StdoutLine: {'line': b'-- Up-to-date: /home/gurupranav/Programming/ros2_tut/igvc/install/micro_ros_msgs/share/micro_ros_msgs/cmake/micro_ros_msgs__rosidl_typesupport_cExport-noconfig.cmake\n'}
[2.066641] (micro_ros_msgs) StdoutLine: {'line': b'-- Up-to-date: /home/gurupranav/Programming/ros2_tut/igvc/install/micro_ros_msgs/share/micro_ros_msgs/cmake/export_micro_ros_msgs__rosidl_generator_cppExport.cmake\n'}
[2.066720] (micro_ros_msgs) StdoutLine: {'line': b'-- Up-to-date: /home/gurupranav/Programming/ros2_tut/igvc/install/micro_ros_msgs/share/micro_ros_msgs/cmake/export_micro_ros_msgs__rosidl_typesupport_fastrtps_cppExport.cmake\n'}
[2.066787] (micro_ros_msgs) StdoutLine: {'line': b'-- Up-to-date: /home/gurupranav/Programming/ros2_tut/igvc/install/micro_ros_msgs/share/micro_ros_msgs/cmake/export_micro_ros_msgs__rosidl_typesupport_fastrtps_cppExport-noconfig.cmake\n'}
[2.066848] (micro_ros_msgs) StdoutLine: {'line': b'-- Up-to-date: /home/gurupranav/Programming/ros2_tut/igvc/install/micro_ros_msgs/share/micro_ros_msgs/cmake/micro_ros_msgs__rosidl_typesupport_introspection_cppExport.cmake\n'}
[2.066920] (micro_ros_msgs) StdoutLine: {'line': b'-- Up-to-date: /home/gurupranav/Programming/ros2_tut/igvc/install/micro_ros_msgs/share/micro_ros_msgs/cmake/micro_ros_msgs__rosidl_typesupport_introspection_cppExport-noconfig.cmake\n'}
[2.066978] (micro_ros_msgs) StdoutLine: {'line': b'-- Up-to-date: /home/gurupranav/Programming/ros2_tut/igvc/install/micro_ros_msgs/share/micro_ros_msgs/cmake/micro_ros_msgs__rosidl_typesupport_cppExport.cmake\n'}
[2.067033] (micro_ros_msgs) StdoutLine: {'line': b'-- Up-to-date: /home/gurupranav/Programming/ros2_tut/igvc/install/micro_ros_msgs/share/micro_ros_msgs/cmake/micro_ros_msgs__rosidl_typesupport_cppExport-noconfig.cmake\n'}
[2.067092] (micro_ros_msgs) StdoutLine: {'line': b'-- Up-to-date: /home/gurupranav/Programming/ros2_tut/igvc/install/micro_ros_msgs/share/micro_ros_msgs/cmake/export_micro_ros_msgs__rosidl_generator_pyExport.cmake\n'}
[2.067154] (micro_ros_msgs) StdoutLine: {'line': b'-- Up-to-date: /home/gurupranav/Programming/ros2_tut/igvc/install/micro_ros_msgs/share/micro_ros_msgs/cmake/export_micro_ros_msgs__rosidl_generator_pyExport-noconfig.cmake\n'}
[2.067210] (micro_ros_msgs) StdoutLine: {'line': b'-- Up-to-date: /home/gurupranav/Programming/ros2_tut/igvc/install/micro_ros_msgs/share/micro_ros_msgs/cmake/rosidl_cmake-extras.cmake\n'}
[2.067264] (micro_ros_msgs) StdoutLine: {'line': b'-- Up-to-date: /home/gurupranav/Programming/ros2_tut/igvc/install/micro_ros_msgs/share/micro_ros_msgs/cmake/ament_cmake_export_include_directories-extras.cmake\n'}
[2.067927] (micro_ros_msgs) StdoutLine: {'line': b'-- Up-to-date: /home/gurupranav/Programming/ros2_tut/igvc/install/micro_ros_msgs/share/micro_ros_msgs/cmake/ament_cmake_export_libraries-extras.cmake\n'}
[2.068037] (micro_ros_msgs) StdoutLine: {'line': b'-- Up-to-date: /home/gurupranav/Programming/ros2_tut/igvc/install/micro_ros_msgs/share/micro_ros_msgs/cmake/ament_cmake_export_targets-extras.cmake\n'}
[2.068104] (micro_ros_msgs) StdoutLine: {'line': b'-- Up-to-date: /home/gurupranav/Programming/ros2_tut/igvc/install/micro_ros_msgs/share/micro_ros_msgs/cmake/rosidl_cmake_export_typesupport_targets-extras.cmake\n'}
[2.068345] (micro_ros_msgs) StdoutLine: {'line': b'-- Up-to-date: /home/gurupranav/Programming/ros2_tut/igvc/install/micro_ros_msgs/share/micro_ros_msgs/cmake/ament_cmake_export_dependencies-extras.cmake\n'}
[2.068566] (micro_ros_msgs) StdoutLine: {'line': b'-- Up-to-date: /home/gurupranav/Programming/ros2_tut/igvc/install/micro_ros_msgs/share/micro_ros_msgs/cmake/rosidl_cmake_export_typesupport_libraries-extras.cmake\n'}
[2.069138] (micro_ros_msgs) StdoutLine: {'line': b'-- Up-to-date: /home/gurupranav/Programming/ros2_tut/igvc/install/micro_ros_msgs/share/micro_ros_msgs/cmake/micro_ros_msgsConfig.cmake\n'}
[2.069575] (micro_ros_msgs) StdoutLine: {'line': b'-- Up-to-date: /home/gurupranav/Programming/ros2_tut/igvc/install/micro_ros_msgs/share/micro_ros_msgs/cmake/micro_ros_msgsConfig-version.cmake\n'}
[2.069794] (micro_ros_msgs) StdoutLine: {'line': b'-- Up-to-date: /home/gurupranav/Programming/ros2_tut/igvc/install/micro_ros_msgs/share/micro_ros_msgs/package.xml\n'}
[2.071177] (micro_ros_msgs) CommandEnded: {'returncode': 0}
[2.119033] (-) TimerEvent: {}
[2.219858] (-) TimerEvent: {}
[2.224240] (micro_ros_msgs) JobEnded: {'identifier': 'micro_ros_msgs', 'rc': 0}
[2.226518] (micro_ros_agent) JobStarted: {'identifier': 'micro_ros_agent'}
[2.320102] (-) TimerEvent: {}
[2.389592] (micro_ros_agent) JobProgress: {'identifier': 'micro_ros_agent', 'progress': 'cmake'}
[2.391169] (micro_ros_agent) Command: {'cmd': ['/usr/bin/cmake', '/home/gurupranav/Programming/ros2_tut/igvc/src/uros/micro-ROS-Agent/micro_ros_agent', '-DUAGENT_BUILD_EXECUTABLE=OFF', '-DUAGENT_P2P_PROFILE=OFF', '--no-warn-unused-cli', '-DCMAKE_INSTALL_PREFIX=/home/gurupranav/Programming/ros2_tut/igvc/install/micro_ros_agent'], 'cwd': '/home/gurupranav/Programming/ros2_tut/igvc/build/micro_ros_agent', 'env': OrderedDict([('USER', 'gurupranav'), ('SHLVL', '2'), ('LD_LIBRARY_PATH', '/home/gurupranav/Programming/ros2_tut/igvc/install/micro_ros_msgs/lib:/home/gurupranav/Programming/ros2_tut/igvc/install/ublox_gps/lib:/home/gurupranav/Programming/ros2_tut/igvc/install/ublox_msgs/lib:/opt/ros/humble/opt/rviz_ogre_vendor/lib:/opt/ros/humble/lib/x86_64-linux-gnu:/opt/ros/humble/lib'), ('WT_PROFILE_ID', '{51855cb2-8cce-5362-8f54-464b92b32386}'), ('LESS', '-R'), ('HOME', '/home/gurupranav'), ('OLDPWD', '/home/gurupranav/Programming/ros2_tut'), ('NVM_BIN', '/home/gurupranav/.nvm/versions/node/v22.5.0/bin'), ('LSCOLORS', 'Gxfxcxdxbxegedabagacad'), ('NVM_INC', '/home/gurupranav/.nvm/versions/node/v22.5.0/include/node'), ('ZSH', '/home/gurupranav/.oh-my-zsh'), ('ROS_PYTHON_VERSION', '3'), ('PAGER', 'less'), ('P9K_TTY', 'old'), ('DBUS_SESSION_BUS_ADDRESS', 'unix:path=/run/user/1000/bus'), ('WSL_DISTRO_NAME', 'Ubuntu'), ('NVM_DIR', '/home/gurupranav/.nvm'), ('WAYLAND_DISPLAY', 'wayland-0'), ('COLCON_PREFIX_PATH', '/home/gurupranav/Programming/ros2_tut/igvc/install'), ('ROS_DISTRO', 'humble'), ('LOGNAME', 'gurupranav'), ('NAME', 'LAPTOP-D0AFMG2O'), ('WSL_INTEROP', '/run/WSL/4044_interop'), ('_P9K_SSH_TTY', '/dev/pts/3'), ('PULSE_SERVER', 'unix:/mnt/wslg/PulseServer'), ('_', '/usr/bin/colcon'), ('ROS_VERSION', '2'), ('TERM', 'xterm-256color'), ('ROS_LOCALHOST_ONLY', '0'), ('PATH', '/home/gurupranav/.local/share/pnpm:/home/gurupranav/.deno/bin:/home/gurupranav/.local/bin:/opt/ros/humble/bin:/home/gurupranav/.nvm/versions/node/v22.5.0/bin:/usr/local/sbin:/usr/local/bin:/usr/sbin:/usr/bin:/sbin:/bin:/usr/games:/usr/local/games:/usr/lib/wsl/lib:/mnt/d/Python/Scripts/:/mnt/d/Python/:/mnt/c/Program Files (x86)/Common Files/Oracle/Java/javapath:/mnt/d/c++/Libraries/vulkan/1.3/Bin:/mnt/c/Windows/system32:/mnt/c/Windows:/mnt/c/Windows/System32/Wbem:/mnt/c/Windows/System32/WindowsPowerShell/v1.0/:/mnt/c/Windows/System32/OpenSSH/:/mnt/c/Program Files (x86)/NVIDIA Corporation/PhysX/Common:/mnt/c/Program Files/NVIDIA Corporation/NVIDIA NvDLISR:/mnt/c/Program Files/Go/bin:/mnt/c/Program Files/CMake/bin:/mnt/c/Program Files/Git/cmd:/mnt/c/Program Files/GitHub CLI/:/mnt/c/Program Files/Neovim/bin:/mnt/c/ProgramData/chocolatey/bin:/mnt/c/Program Files/Docker/Docker/resources/bin:/mnt/c/Program Files/usbipd-win/:/mnt/c/Program Files/dotnet/:/mnt/c/Program Files (x86)/Windows Kits/10/Windows Performance Toolkit/:/mnt/c/Program Files/PowerShell/7/:/mnt/c/Users/GURU PRANAV PR/scoop/shims:/mnt/c/Users/GURU PRANAV PR/AppData/Local/pnpm:/mnt/c/Users/GURU PRANAV PR/AppData/Local/Programs/Python/Launcher/:/mnt/c/Users/GURU PRANAV PR/AppData/Local/Microsoft/WindowsApps:/mnt/c/Users/GURU PRANAV PR/AppData/Local/Programs/Microsoft VS Code/bin:/mnt/c/Users/GURU PRANAV PR/go/bin:/mnt/c/MinGW/bin:/mnt/c/Users/GURU PRANAV PR/AppData/Local/GitHubDesktop/bin:/mnt/d/JetBrains Pycharm/PyCharm Community Edition 2024.2.0.1/bin:/mnt/c/Users/GURU PRANAV PR/.dotnet/tools:/mnt/c/Users/GURU PRANAV PR/AppData/Local/Programs/Microsoft VS Code Insiders/bin:/mnt/c/Users/GURU PRANAV PR/AppData/Roaming/npm:/mnt/c/Users/GURU PRANAV PR/AppData/Local/Microsoft/WinGet/Packages/DenoLand.Deno_Microsoft.Winget.Source_8wekyb3d8bbwe:/mnt/c/Users/GURU PRANAV PR/AppData/Roaming/nvm:/mnt/c/Program Files/nodejs:/mnt/c/Users/GURU PRANAV PR/AppData/Local/JetBrains/Toolbox/scripts:/mnt/c/Users/GURU PRANAV PR/AppData/Local/Programs/Hyper/resources/bin:/mnt/c/Users/GURU PRANAV PR/.dotnet/tools:/home/gurupranav/.yarn/bin:/opt/nvim-linux64/bin:/home/gurupranav/.local/bin'), ('WT_SESSION', '4983b9d9-4387-48c5-8c7a-39e5b8fe2f34'), ('XDG_RUNTIME_DIR', '/run/user/1000/'), ('DENO_INSTALL', '/home/gurupranav/.deno'), ('DISPLAY', ':0'), ('LANG', 'en_US.UTF-8'), ('LS_COLORS', 'rs=0:no=00:mi=00:mh=00:ln=01;36:or=01;31:di=01;34:ow=04;01;34:st=34:tw=04;34:pi=01;33:so=01;33:do=01;33:bd=01;33:cd=01;33:su=01;35:sg=01;35:ca=01;35:ex=01;32:'), ('AMENT_PREFIX_PATH', '/home/gurupranav/Programming/ros2_tut/igvc/install/micro_ros_msgs:/home/gurupranav/Programming/ros2_tut/igvc/install/micro_ros_setup:/home/gurupranav/Programming/ros2_tut/igvc/install/ublox:/home/gurupranav/Programming/ros2_tut/igvc/install/ublox_gps:/home/gurupranav/Programming/ros2_tut/igvc/install/ublox_msgs:/home/gurupranav/Programming/ros2_tut/igvc/install/ublox_serialization:/home/gurupranav/Programming/ros2_tut/igvc/install/rplidar_ros:/home/gurupranav/Programming/ros2_tut/igvc/install/global_launcher:/opt/ros/humble'), ('SHELL', '/usr/bin/zsh'), ('ENVMAN_LOAD', 'loaded'), ('P9K_SSH', '0'), ('PWD', '/home/gurupranav/Programming/ros2_tut/igvc/build/micro_ros_agent'), ('_P9K_TTY', '/dev/pts/3'), ('NVM_CD_FLAGS', '-q'), ('PYTHONPATH', '/home/gurupranav/Programming/ros2_tut/igvc/install/micro_ros_msgs/local/lib/python3.10/dist-packages:/home/gurupranav/Programming/ros2_tut/igvc/install/ublox_msgs/local/lib/python3.10/dist-packages:/home/gurupranav/Programming/ros2_tut/igvc/install/rplidar_ros/local/lib/python3.10/dist-packages:/opt/ros/humble/lib/python3.10/site-packages:/opt/ros/humble/local/lib/python3.10/dist-packages'), ('COLCON', '1'), ('WSL2_GUI_APPS_ENABLED', '1'), ('PNPM_HOME', '/home/gurupranav/.local/share/pnpm'), ('HOSTTYPE', 'x86_64'), ('CMAKE_PREFIX_PATH', '/home/gurupranav/Programming/ros2_tut/igvc/install/micro_ros_msgs:/home/gurupranav/Programming/ros2_tut/igvc/install/micro_ros_setup:/home/gurupranav/Programming/ros2_tut/igvc/install/ublox:/home/gurupranav/Programming/ros2_tut/igvc/install/ublox_gps:/home/gurupranav/Programming/ros2_tut/igvc/install/ublox_msgs:/home/gurupranav/Programming/ros2_tut/igvc/install/ublox_serialization:/home/gurupranav/Programming/ros2_tut/igvc/install/rplidar_ros:/home/gurupranav/Programming/ros2_tut/igvc/install/global_launcher:/opt/ros/humble'), ('WSLENV', 'WT_SESSION:WT_PROFILE_ID:')]), 'shell': False}
[2.399896] (micro_ros_agent) StdoutLine: {'line': b'Not searching for unused variables given on the command line.\n'}
[2.406523] (micro_ros_agent) StdoutLine: {'line': b'-- Found ament_cmake: 1.3.10 (/opt/ros/humble/share/ament_cmake/cmake)\n'}
[2.420698] (-) TimerEvent: {}
[2.523404] (-) TimerEvent: {}
[2.624348] (-) TimerEvent: {}
[2.727138] (-) TimerEvent: {}
[2.827909] (-) TimerEvent: {}
[2.929050] (-) TimerEvent: {}
[3.029613] (-) TimerEvent: {}
[3.130706] (-) TimerEvent: {}
[3.231282] (-) TimerEvent: {}
[3.331801] (-) TimerEvent: {}
[3.432406] (-) TimerEvent: {}
[3.533720] (-) TimerEvent: {}
[3.634476] (-) TimerEvent: {}
[3.735412] (-) TimerEvent: {}
[3.836141] (-) TimerEvent: {}
[3.937566] (-) TimerEvent: {}
[4.038469] (-) TimerEvent: {}
[4.138993] (-) TimerEvent: {}
[4.239552] (-) TimerEvent: {}
[4.340145] (-) TimerEvent: {}
[4.440712] (-) TimerEvent: {}
[4.541282] (-) TimerEvent: {}
[4.641892] (-) TimerEvent: {}
[4.742508] (-) TimerEvent: {}
[4.843045] (-) TimerEvent: {}
[4.943742] (-) TimerEvent: {}
[4.996043] (micro_ros_agent) StdoutLine: {'line': b'-- Found rosidl_cmake: 3.1.5 (/opt/ros/humble/share/rosidl_cmake/cmake)\n'}
[4.996584] (micro_ros_agent) StdoutLine: {'line': b'-- Found rosidl_adapter: 3.1.5 (/opt/ros/humble/share/rosidl_adapter/cmake)\n'}
[5.044041] (-) TimerEvent: {}
[5.144756] (-) TimerEvent: {}
[5.245800] (-) TimerEvent: {}
[5.346475] (-) TimerEvent: {}
[5.447202] (-) TimerEvent: {}
[5.547922] (-) TimerEvent: {}
[5.648654] (-) TimerEvent: {}
[5.749144] (-) TimerEvent: {}
[5.850855] (-) TimerEvent: {}
[5.951510] (-) TimerEvent: {}
[6.052100] (-) TimerEvent: {}
[6.152787] (-) TimerEvent: {}
[6.253441] (-) TimerEvent: {}
[6.354072] (-) TimerEvent: {}
[6.455082] (-) TimerEvent: {}
[6.555922] (-) TimerEvent: {}
[6.657396] (-) TimerEvent: {}
[6.758151] (-) TimerEvent: {}
[6.859595] (-) TimerEvent: {}
[6.960391] (-) TimerEvent: {}
[7.060994] (-) TimerEvent: {}
[7.164446] (-) TimerEvent: {}
[7.254711] (micro_ros_agent) StdoutLine: {'line': b'-- Found fastrtps_cmake_module: 2.2.2 (/opt/ros/humble/share/fastrtps_cmake_module/cmake)\n'}
[7.255159] (micro_ros_agent) StdoutLine: {'line': b'-- Found rmw_dds_common: 1.6.0 (/opt/ros/humble/share/rmw_dds_common/cmake)\n'}
[7.264866] (-) TimerEvent: {}
[7.368456] (-) TimerEvent: {}
[7.472372] (-) TimerEvent: {}
[7.509314] (micro_ros_agent) StdoutLine: {'line': b'-- Found rosidl_generator_c: 3.1.5 (/opt/ros/humble/share/rosidl_generator_c/cmake)\n'}
[7.516116] (micro_ros_agent) StdoutLine: {'line': b'-- Found rosidl_generator_cpp: 3.1.5 (/opt/ros/humble/share/rosidl_generator_cpp/cmake)\n'}
[7.524122] (micro_ros_agent) StdoutLine: {'line': b'-- Using all available rosidl_typesupport_c: rosidl_typesupport_fastrtps_c;rosidl_typesupport_introspection_c\n'}
[7.534610] (micro_ros_agent) StdoutLine: {'line': b'-- Using all available rosidl_typesupport_cpp: rosidl_typesupport_fastrtps_cpp;rosidl_typesupport_introspection_cpp\n'}
[7.549835] (micro_ros_agent) StdoutLine: {'line': b'-- Found rmw_fastrtps_shared_cpp: 6.2.7 (/opt/ros/humble/share/rmw_fastrtps_shared_cpp/cmake)\n'}
[7.573149] (-) TimerEvent: {}
[7.676531] (-) TimerEvent: {}
[7.779988] (-) TimerEvent: {}
[7.883467] (-) TimerEvent: {}
[7.986994] (-) TimerEvent: {}
[8.090420] (-) TimerEvent: {}
[8.193941] (-) TimerEvent: {}
[8.297227] (-) TimerEvent: {}
[8.400719] (-) TimerEvent: {}
[8.504194] (-) TimerEvent: {}
[8.607731] (-) TimerEvent: {}
[8.711182] (-) TimerEvent: {}
[8.814690] (-) TimerEvent: {}
[8.918139] (-) TimerEvent: {}
[9.021635] (-) TimerEvent: {}
[9.125096] (-) TimerEvent: {}
[9.226706] (-) TimerEvent: {}
[9.329857] (-) TimerEvent: {}
[9.433314] (-) TimerEvent: {}
[9.536766] (-) TimerEvent: {}
[9.640222] (-) TimerEvent: {}
[9.742791] (-) TimerEvent: {}
[9.846232] (-) TimerEvent: {}
[9.949715] (-) TimerEvent: {}
[10.050900] (-) TimerEvent: {}
[10.154338] (-) TimerEvent: {}
[10.257776] (-) TimerEvent: {}
[10.360965] (-) TimerEvent: {}
[10.464436] (-) TimerEvent: {}
[10.567868] (-) TimerEvent: {}
[10.671363] (-) TimerEvent: {}
[10.771952] (-) TimerEvent: {}
[10.875045] (-) TimerEvent: {}
[10.978565] (-) TimerEvent: {}
[11.082034] (-) TimerEvent: {}
[11.185473] (-) TimerEvent: {}
[11.287042] (-) TimerEvent: {}
[11.390148] (-) TimerEvent: {}
[11.493729] (-) TimerEvent: {}
[11.594546] (-) TimerEvent: {}
[11.696965] (-) TimerEvent: {}
[11.800319] (-) TimerEvent: {}
[11.903714] (-) TimerEvent: {}
[12.007176] (-) TimerEvent: {}
[12.035387] (micro_ros_agent) StdoutLine: {'line': b'-- Found ament_lint_auto: 0.12.11 (/opt/ros/humble/share/ament_lint_auto/cmake)\n'}
[12.036393] (micro_ros_agent) StdoutLine: {'line': b'-- Found ament_cmake_gtest: 1.3.10 (/opt/ros/humble/share/ament_cmake_gtest/cmake)\n'}
[12.037348] (micro_ros_agent) StdoutLine: {'line': b'-- Found micro_ros_msgs: 3.0.1 (/home/gurupranav/Programming/ros2_tut/igvc/install/micro_ros_msgs/share/micro_ros_msgs/cmake)\n'}
[12.109419] (-) TimerEvent: {}
[12.115397] (micro_ros_agent) StdoutLine: {'line': b'-- Configuring done\n'}
[12.126229] (micro_ros_agent) StdoutLine: {'line': b'-- Generating done\n'}
[12.127894] (micro_ros_agent) StdoutLine: {'line': b'-- Build files have been written to: /home/gurupranav/Programming/ros2_tut/igvc/build/micro_ros_agent\n'}
[12.135330] (micro_ros_agent) CommandEnded: {'returncode': 0}
[12.137468] (micro_ros_agent) JobProgress: {'identifier': 'micro_ros_agent', 'progress': 'build'}
[12.137742] (micro_ros_agent) Command: {'cmd': ['/usr/bin/cmake', '--build', '/home/gurupranav/Programming/ros2_tut/igvc/build/micro_ros_agent', '--', '-j16', '-l16'], 'cwd': '/home/gurupranav/Programming/ros2_tut/igvc/build/micro_ros_agent', 'env': OrderedDict([('USER', 'gurupranav'), ('SHLVL', '2'), ('LD_LIBRARY_PATH', '/home/gurupranav/Programming/ros2_tut/igvc/install/micro_ros_msgs/lib:/home/gurupranav/Programming/ros2_tut/igvc/install/ublox_gps/lib:/home/gurupranav/Programming/ros2_tut/igvc/install/ublox_msgs/lib:/opt/ros/humble/opt/rviz_ogre_vendor/lib:/opt/ros/humble/lib/x86_64-linux-gnu:/opt/ros/humble/lib'), ('WT_PROFILE_ID', '{51855cb2-8cce-5362-8f54-464b92b32386}'), ('LESS', '-R'), ('HOME', '/home/gurupranav'), ('OLDPWD', '/home/gurupranav/Programming/ros2_tut'), ('NVM_BIN', '/home/gurupranav/.nvm/versions/node/v22.5.0/bin'), ('LSCOLORS', 'Gxfxcxdxbxegedabagacad'), ('NVM_INC', '/home/gurupranav/.nvm/versions/node/v22.5.0/include/node'), ('ZSH', '/home/gurupranav/.oh-my-zsh'), ('ROS_PYTHON_VERSION', '3'), ('PAGER', 'less'), ('P9K_TTY', 'old'), ('DBUS_SESSION_BUS_ADDRESS', 'unix:path=/run/user/1000/bus'), ('WSL_DISTRO_NAME', 'Ubuntu'), ('NVM_DIR', '/home/gurupranav/.nvm'), ('WAYLAND_DISPLAY', 'wayland-0'), ('COLCON_PREFIX_PATH', '/home/gurupranav/Programming/ros2_tut/igvc/install'), ('ROS_DISTRO', 'humble'), ('LOGNAME', 'gurupranav'), ('NAME', 'LAPTOP-D0AFMG2O'), ('WSL_INTEROP', '/run/WSL/4044_interop'), ('_P9K_SSH_TTY', '/dev/pts/3'), ('PULSE_SERVER', 'unix:/mnt/wslg/PulseServer'), ('_', '/usr/bin/colcon'), ('ROS_VERSION', '2'), ('TERM', 'xterm-256color'), ('ROS_LOCALHOST_ONLY', '0'), ('PATH', '/home/gurupranav/.local/share/pnpm:/home/gurupranav/.deno/bin:/home/gurupranav/.local/bin:/opt/ros/humble/bin:/home/gurupranav/.nvm/versions/node/v22.5.0/bin:/usr/local/sbin:/usr/local/bin:/usr/sbin:/usr/bin:/sbin:/bin:/usr/games:/usr/local/games:/usr/lib/wsl/lib:/mnt/d/Python/Scripts/:/mnt/d/Python/:/mnt/c/Program Files (x86)/Common Files/Oracle/Java/javapath:/mnt/d/c++/Libraries/vulkan/1.3/Bin:/mnt/c/Windows/system32:/mnt/c/Windows:/mnt/c/Windows/System32/Wbem:/mnt/c/Windows/System32/WindowsPowerShell/v1.0/:/mnt/c/Windows/System32/OpenSSH/:/mnt/c/Program Files (x86)/NVIDIA Corporation/PhysX/Common:/mnt/c/Program Files/NVIDIA Corporation/NVIDIA NvDLISR:/mnt/c/Program Files/Go/bin:/mnt/c/Program Files/CMake/bin:/mnt/c/Program Files/Git/cmd:/mnt/c/Program Files/GitHub CLI/:/mnt/c/Program Files/Neovim/bin:/mnt/c/ProgramData/chocolatey/bin:/mnt/c/Program Files/Docker/Docker/resources/bin:/mnt/c/Program Files/usbipd-win/:/mnt/c/Program Files/dotnet/:/mnt/c/Program Files (x86)/Windows Kits/10/Windows Performance Toolkit/:/mnt/c/Program Files/PowerShell/7/:/mnt/c/Users/GURU PRANAV PR/scoop/shims:/mnt/c/Users/GURU PRANAV PR/AppData/Local/pnpm:/mnt/c/Users/GURU PRANAV PR/AppData/Local/Programs/Python/Launcher/:/mnt/c/Users/GURU PRANAV PR/AppData/Local/Microsoft/WindowsApps:/mnt/c/Users/GURU PRANAV PR/AppData/Local/Programs/Microsoft VS Code/bin:/mnt/c/Users/GURU PRANAV PR/go/bin:/mnt/c/MinGW/bin:/mnt/c/Users/GURU PRANAV PR/AppData/Local/GitHubDesktop/bin:/mnt/d/JetBrains Pycharm/PyCharm Community Edition 2024.2.0.1/bin:/mnt/c/Users/GURU PRANAV PR/.dotnet/tools:/mnt/c/Users/GURU PRANAV PR/AppData/Local/Programs/Microsoft VS Code Insiders/bin:/mnt/c/Users/GURU PRANAV PR/AppData/Roaming/npm:/mnt/c/Users/GURU PRANAV PR/AppData/Local/Microsoft/WinGet/Packages/DenoLand.Deno_Microsoft.Winget.Source_8wekyb3d8bbwe:/mnt/c/Users/GURU PRANAV PR/AppData/Roaming/nvm:/mnt/c/Program Files/nodejs:/mnt/c/Users/GURU PRANAV PR/AppData/Local/JetBrains/Toolbox/scripts:/mnt/c/Users/GURU PRANAV PR/AppData/Local/Programs/Hyper/resources/bin:/mnt/c/Users/GURU PRANAV PR/.dotnet/tools:/home/gurupranav/.yarn/bin:/opt/nvim-linux64/bin:/home/gurupranav/.local/bin'), ('WT_SESSION', '4983b9d9-4387-48c5-8c7a-39e5b8fe2f34'), ('XDG_RUNTIME_DIR', '/run/user/1000/'), ('DENO_INSTALL', '/home/gurupranav/.deno'), ('DISPLAY', ':0'), ('LANG', 'en_US.UTF-8'), ('LS_COLORS', 'rs=0:no=00:mi=00:mh=00:ln=01;36:or=01;31:di=01;34:ow=04;01;34:st=34:tw=04;34:pi=01;33:so=01;33:do=01;33:bd=01;33:cd=01;33:su=01;35:sg=01;35:ca=01;35:ex=01;32:'), ('AMENT_PREFIX_PATH', '/home/gurupranav/Programming/ros2_tut/igvc/install/micro_ros_msgs:/home/gurupranav/Programming/ros2_tut/igvc/install/micro_ros_setup:/home/gurupranav/Programming/ros2_tut/igvc/install/ublox:/home/gurupranav/Programming/ros2_tut/igvc/install/ublox_gps:/home/gurupranav/Programming/ros2_tut/igvc/install/ublox_msgs:/home/gurupranav/Programming/ros2_tut/igvc/install/ublox_serialization:/home/gurupranav/Programming/ros2_tut/igvc/install/rplidar_ros:/home/gurupranav/Programming/ros2_tut/igvc/install/global_launcher:/opt/ros/humble'), ('SHELL', '/usr/bin/zsh'), ('ENVMAN_LOAD', 'loaded'), ('P9K_SSH', '0'), ('PWD', '/home/gurupranav/Programming/ros2_tut/igvc/build/micro_ros_agent'), ('_P9K_TTY', '/dev/pts/3'), ('NVM_CD_FLAGS', '-q'), ('PYTHONPATH', '/home/gurupranav/Programming/ros2_tut/igvc/install/micro_ros_msgs/local/lib/python3.10/dist-packages:/home/gurupranav/Programming/ros2_tut/igvc/install/ublox_msgs/local/lib/python3.10/dist-packages:/home/gurupranav/Programming/ros2_tut/igvc/install/rplidar_ros/local/lib/python3.10/dist-packages:/opt/ros/humble/lib/python3.10/site-packages:/opt/ros/humble/local/lib/python3.10/dist-packages'), ('COLCON', '1'), ('WSL2_GUI_APPS_ENABLED', '1'), ('PNPM_HOME', '/home/gurupranav/.local/share/pnpm'), ('HOSTTYPE', 'x86_64'), ('CMAKE_PREFIX_PATH', '/home/gurupranav/Programming/ros2_tut/igvc/install/micro_ros_msgs:/home/gurupranav/Programming/ros2_tut/igvc/install/micro_ros_setup:/home/gurupranav/Programming/ros2_tut/igvc/install/ublox:/home/gurupranav/Programming/ros2_tut/igvc/install/ublox_gps:/home/gurupranav/Programming/ros2_tut/igvc/install/ublox_msgs:/home/gurupranav/Programming/ros2_tut/igvc/install/ublox_serialization:/home/gurupranav/Programming/ros2_tut/igvc/install/rplidar_ros:/home/gurupranav/Programming/ros2_tut/igvc/install/global_launcher:/opt/ros/humble'), ('WSLENV', 'WT_SESSION:WT_PROFILE_ID:')]), 'shell': False}
[12.178554] (micro_ros_agent) StdoutLine: {'line': b'\x1b[35m\x1b[1mConsolidate compiler generated dependencies of target micro_ros_agent\x1b[0m\n'}
[12.209625] (-) TimerEvent: {}
[12.212691] (micro_ros_agent) StdoutLine: {'line': b'[100%] Built target micro_ros_agent\n'}
[12.225289] (micro_ros_agent) CommandEnded: {'returncode': 0}
[12.266030] (micro_ros_agent) JobProgress: {'identifier': 'micro_ros_agent', 'progress': 'install'}
[12.266496] (micro_ros_agent) Command: {'cmd': ['/usr/bin/cmake', '--install', '/home/gurupranav/Programming/ros2_tut/igvc/build/micro_ros_agent'], 'cwd': '/home/gurupranav/Programming/ros2_tut/igvc/build/micro_ros_agent', 'env': OrderedDict([('USER', 'gurupranav'), ('SHLVL', '2'), ('LD_LIBRARY_PATH', '/home/gurupranav/Programming/ros2_tut/igvc/install/micro_ros_msgs/lib:/home/gurupranav/Programming/ros2_tut/igvc/install/ublox_gps/lib:/home/gurupranav/Programming/ros2_tut/igvc/install/ublox_msgs/lib:/opt/ros/humble/opt/rviz_ogre_vendor/lib:/opt/ros/humble/lib/x86_64-linux-gnu:/opt/ros/humble/lib'), ('WT_PROFILE_ID', '{51855cb2-8cce-5362-8f54-464b92b32386}'), ('LESS', '-R'), ('HOME', '/home/gurupranav'), ('OLDPWD', '/home/gurupranav/Programming/ros2_tut'), ('NVM_BIN', '/home/gurupranav/.nvm/versions/node/v22.5.0/bin'), ('LSCOLORS', 'Gxfxcxdxbxegedabagacad'), ('NVM_INC', '/home/gurupranav/.nvm/versions/node/v22.5.0/include/node'), ('ZSH', '/home/gurupranav/.oh-my-zsh'), ('ROS_PYTHON_VERSION', '3'), ('PAGER', 'less'), ('P9K_TTY', 'old'), ('DBUS_SESSION_BUS_ADDRESS', 'unix:path=/run/user/1000/bus'), ('WSL_DISTRO_NAME', 'Ubuntu'), ('NVM_DIR', '/home/gurupranav/.nvm'), ('WAYLAND_DISPLAY', 'wayland-0'), ('COLCON_PREFIX_PATH', '/home/gurupranav/Programming/ros2_tut/igvc/install'), ('ROS_DISTRO', 'humble'), ('LOGNAME', 'gurupranav'), ('NAME', 'LAPTOP-D0AFMG2O'), ('WSL_INTEROP', '/run/WSL/4044_interop'), ('_P9K_SSH_TTY', '/dev/pts/3'), ('PULSE_SERVER', 'unix:/mnt/wslg/PulseServer'), ('_', '/usr/bin/colcon'), ('ROS_VERSION', '2'), ('TERM', 'xterm-256color'), ('ROS_LOCALHOST_ONLY', '0'), ('PATH', '/home/gurupranav/.local/share/pnpm:/home/gurupranav/.deno/bin:/home/gurupranav/.local/bin:/opt/ros/humble/bin:/home/gurupranav/.nvm/versions/node/v22.5.0/bin:/usr/local/sbin:/usr/local/bin:/usr/sbin:/usr/bin:/sbin:/bin:/usr/games:/usr/local/games:/usr/lib/wsl/lib:/mnt/d/Python/Scripts/:/mnt/d/Python/:/mnt/c/Program Files (x86)/Common Files/Oracle/Java/javapath:/mnt/d/c++/Libraries/vulkan/1.3/Bin:/mnt/c/Windows/system32:/mnt/c/Windows:/mnt/c/Windows/System32/Wbem:/mnt/c/Windows/System32/WindowsPowerShell/v1.0/:/mnt/c/Windows/System32/OpenSSH/:/mnt/c/Program Files (x86)/NVIDIA Corporation/PhysX/Common:/mnt/c/Program Files/NVIDIA Corporation/NVIDIA NvDLISR:/mnt/c/Program Files/Go/bin:/mnt/c/Program Files/CMake/bin:/mnt/c/Program Files/Git/cmd:/mnt/c/Program Files/GitHub CLI/:/mnt/c/Program Files/Neovim/bin:/mnt/c/ProgramData/chocolatey/bin:/mnt/c/Program Files/Docker/Docker/resources/bin:/mnt/c/Program Files/usbipd-win/:/mnt/c/Program Files/dotnet/:/mnt/c/Program Files (x86)/Windows Kits/10/Windows Performance Toolkit/:/mnt/c/Program Files/PowerShell/7/:/mnt/c/Users/GURU PRANAV PR/scoop/shims:/mnt/c/Users/GURU PRANAV PR/AppData/Local/pnpm:/mnt/c/Users/GURU PRANAV PR/AppData/Local/Programs/Python/Launcher/:/mnt/c/Users/GURU PRANAV PR/AppData/Local/Microsoft/WindowsApps:/mnt/c/Users/GURU PRANAV PR/AppData/Local/Programs/Microsoft VS Code/bin:/mnt/c/Users/GURU PRANAV PR/go/bin:/mnt/c/MinGW/bin:/mnt/c/Users/GURU PRANAV PR/AppData/Local/GitHubDesktop/bin:/mnt/d/JetBrains Pycharm/PyCharm Community Edition 2024.2.0.1/bin:/mnt/c/Users/GURU PRANAV PR/.dotnet/tools:/mnt/c/Users/GURU PRANAV PR/AppData/Local/Programs/Microsoft VS Code Insiders/bin:/mnt/c/Users/GURU PRANAV PR/AppData/Roaming/npm:/mnt/c/Users/GURU PRANAV PR/AppData/Local/Microsoft/WinGet/Packages/DenoLand.Deno_Microsoft.Winget.Source_8wekyb3d8bbwe:/mnt/c/Users/GURU PRANAV PR/AppData/Roaming/nvm:/mnt/c/Program Files/nodejs:/mnt/c/Users/GURU PRANAV PR/AppData/Local/JetBrains/Toolbox/scripts:/mnt/c/Users/GURU PRANAV PR/AppData/Local/Programs/Hyper/resources/bin:/mnt/c/Users/GURU PRANAV PR/.dotnet/tools:/home/gurupranav/.yarn/bin:/opt/nvim-linux64/bin:/home/gurupranav/.local/bin'), ('WT_SESSION', '4983b9d9-4387-48c5-8c7a-39e5b8fe2f34'), ('XDG_RUNTIME_DIR', '/run/user/1000/'), ('DENO_INSTALL', '/home/gurupranav/.deno'), ('DISPLAY', ':0'), ('LANG', 'en_US.UTF-8'), ('LS_COLORS', 'rs=0:no=00:mi=00:mh=00:ln=01;36:or=01;31:di=01;34:ow=04;01;34:st=34:tw=04;34:pi=01;33:so=01;33:do=01;33:bd=01;33:cd=01;33:su=01;35:sg=01;35:ca=01;35:ex=01;32:'), ('AMENT_PREFIX_PATH', '/home/gurupranav/Programming/ros2_tut/igvc/install/micro_ros_msgs:/home/gurupranav/Programming/ros2_tut/igvc/install/micro_ros_setup:/home/gurupranav/Programming/ros2_tut/igvc/install/ublox:/home/gurupranav/Programming/ros2_tut/igvc/install/ublox_gps:/home/gurupranav/Programming/ros2_tut/igvc/install/ublox_msgs:/home/gurupranav/Programming/ros2_tut/igvc/install/ublox_serialization:/home/gurupranav/Programming/ros2_tut/igvc/install/rplidar_ros:/home/gurupranav/Programming/ros2_tut/igvc/install/global_launcher:/opt/ros/humble'), ('SHELL', '/usr/bin/zsh'), ('ENVMAN_LOAD', 'loaded'), ('P9K_SSH', '0'), ('PWD', '/home/gurupranav/Programming/ros2_tut/igvc/build/micro_ros_agent'), ('_P9K_TTY', '/dev/pts/3'), ('NVM_CD_FLAGS', '-q'), ('PYTHONPATH', '/home/gurupranav/Programming/ros2_tut/igvc/install/micro_ros_msgs/local/lib/python3.10/dist-packages:/home/gurupranav/Programming/ros2_tut/igvc/install/ublox_msgs/local/lib/python3.10/dist-packages:/home/gurupranav/Programming/ros2_tut/igvc/install/rplidar_ros/local/lib/python3.10/dist-packages:/opt/ros/humble/lib/python3.10/site-packages:/opt/ros/humble/local/lib/python3.10/dist-packages'), ('COLCON', '1'), ('WSL2_GUI_APPS_ENABLED', '1'), ('PNPM_HOME', '/home/gurupranav/.local/share/pnpm'), ('HOSTTYPE', 'x86_64'), ('CMAKE_PREFIX_PATH', '/home/gurupranav/Programming/ros2_tut/igvc/install/micro_ros_msgs:/home/gurupranav/Programming/ros2_tut/igvc/install/micro_ros_setup:/home/gurupranav/Programming/ros2_tut/igvc/install/ublox:/home/gurupranav/Programming/ros2_tut/igvc/install/ublox_gps:/home/gurupranav/Programming/ros2_tut/igvc/install/ublox_msgs:/home/gurupranav/Programming/ros2_tut/igvc/install/ublox_serialization:/home/gurupranav/Programming/ros2_tut/igvc/install/rplidar_ros:/home/gurupranav/Programming/ros2_tut/igvc/install/global_launcher:/opt/ros/humble'), ('WSLENV', 'WT_SESSION:WT_PROFILE_ID:')]), 'shell': False}
[12.274973] (micro_ros_agent) StdoutLine: {'line': b'-- Install configuration: ""\n'}
[12.275886] (micro_ros_agent) StdoutLine: {'line': b'-- Up-to-date: /home/gurupranav/Programming/ros2_tut/igvc/install/micro_ros_agent/share/ament_index/resource_index/package_run_dependencies/micro_ros_agent\n'}
[12.276032] (micro_ros_agent) StdoutLine: {'line': b'-- Up-to-date: /home/gurupranav/Programming/ros2_tut/igvc/install/micro_ros_agent/share/ament_index/resource_index/parent_prefix_path/micro_ros_agent\n'}
[12.276241] (micro_ros_agent) StdoutLine: {'line': b'-- Up-to-date: /home/gurupranav/Programming/ros2_tut/igvc/install/micro_ros_agent/share/micro_ros_agent/environment/ament_prefix_path.sh\n'}
[12.276521] (micro_ros_agent) StdoutLine: {'line': b'-- Installing: /home/gurupranav/Programming/ros2_tut/igvc/install/micro_ros_agent/share/micro_ros_agent/environment/ament_prefix_path.dsv\n'}
[12.276944] (micro_ros_agent) StdoutLine: {'line': b'-- Up-to-date: /home/gurupranav/Programming/ros2_tut/igvc/install/micro_ros_agent/share/micro_ros_agent/environment/path.sh\n'}
[12.277093] (micro_ros_agent) StdoutLine: {'line': b'-- Installing: /home/gurupranav/Programming/ros2_tut/igvc/install/micro_ros_agent/share/micro_ros_agent/environment/path.dsv\n'}
[12.277238] (micro_ros_agent) StdoutLine: {'line': b'-- Up-to-date: /home/gurupranav/Programming/ros2_tut/igvc/install/micro_ros_agent/share/micro_ros_agent/local_setup.bash\n'}
[12.277368] (micro_ros_agent) StdoutLine: {'line': b'-- Up-to-date: /home/gurupranav/Programming/ros2_tut/igvc/install/micro_ros_agent/share/micro_ros_agent/local_setup.sh\n'}
[12.277643] (micro_ros_agent) StdoutLine: {'line': b'-- Up-to-date: /home/gurupranav/Programming/ros2_tut/igvc/install/micro_ros_agent/share/micro_ros_agent/local_setup.zsh\n'}
[12.277823] (micro_ros_agent) StdoutLine: {'line': b'-- Installing: /home/gurupranav/Programming/ros2_tut/igvc/install/micro_ros_agent/share/micro_ros_agent/local_setup.dsv\n'}
[12.278127] (micro_ros_agent) StdoutLine: {'line': b'-- Installing: /home/gurupranav/Programming/ros2_tut/igvc/install/micro_ros_agent/share/micro_ros_agent/package.dsv\n'}
[12.278388] (micro_ros_agent) StdoutLine: {'line': b'-- Up-to-date: /home/gurupranav/Programming/ros2_tut/igvc/install/micro_ros_agent/share/ament_index/resource_index/packages/micro_ros_agent\n'}
[12.279197] (micro_ros_agent) StdoutLine: {'line': b'-- Up-to-date: /home/gurupranav/Programming/ros2_tut/igvc/install/micro_ros_agent/share/micro_ros_agent/cmake/ament_cmake_export_dependencies-extras.cmake\n'}
[12.279351] (micro_ros_agent) StdoutLine: {'line': b'-- Up-to-date: /home/gurupranav/Programming/ros2_tut/igvc/install/micro_ros_agent/share/micro_ros_agent/cmake/micro_ros_agentConfig.cmake\n'}
[12.279582] (micro_ros_agent) StdoutLine: {'line': b'-- Up-to-date: /home/gurupranav/Programming/ros2_tut/igvc/install/micro_ros_agent/share/micro_ros_agent/cmake/micro_ros_agentConfig-version.cmake\n'}
[12.279883] (micro_ros_agent) StdoutLine: {'line': b'-- Up-to-date: /home/gurupranav/Programming/ros2_tut/igvc/install/micro_ros_agent/share/micro_ros_agent/package.xml\n'}
[12.280291] (micro_ros_agent) StdoutLine: {'line': b'-- Up-to-date: /home/gurupranav/Programming/ros2_tut/igvc/install/micro_ros_agent/lib/micro_ros_agent/micro_ros_agent\n'}
[12.280419] (micro_ros_agent) StdoutLine: {'line': b'-- Up-to-date: /home/gurupranav/Programming/ros2_tut/igvc/install/micro_ros_agent/share/micro_ros_agent/launch\n'}
[12.280554] (micro_ros_agent) StdoutLine: {'line': b'-- Up-to-date: /home/gurupranav/Programming/ros2_tut/igvc/install/micro_ros_agent/share/micro_ros_agent/launch/micro_ros_agent_launch.py\n'}
[12.282596] (micro_ros_agent) CommandEnded: {'returncode': 0}
[12.309781] (-) TimerEvent: {}
[12.342559] (micro_ros_agent) JobEnded: {'identifier': 'micro_ros_agent', 'rc': 0}
[12.344257] (-) EventReactorShutdown: {}
