[0.327s] DEBUG:colcon:Command line arguments: ['/usr/bin/colcon', 'build']
[0.328s] DEBUG:colcon:Parsed command line arguments: Namespace(log_base=None, log_level=None, verb_name='build', build_base='build', install_base='install', merge_install=False, symlink_install=False, test_result_base=None, continue_on_error=False, executor='parallel', parallel_workers=16, event_handlers=None, ignore_user_meta=False, metas=['./colcon.meta'], base_paths=['.'], packages_ignore=None, packages_ignore_regex=None, paths=None, packages_up_to=None, packages_up_to_regex=None, packages_above=None, packages_above_and_dependencies=None, packages_above_depth=None, packages_select_by_dep=None, packages_skip_by_dep=None, packages_skip_up_to=None, packages_select_build_failed=False, packages_skip_build_finished=False, packages_select_test_failures=False, packages_skip_test_passed=False, packages_select=None, packages_skip=None, packages_select_regex=None, packages_skip_regex=None, packages_start=None, packages_end=None, allow_overriding=[], cmake_args=None, cmake_target=None, cmake_target_skip_unavailable=False, cmake_clean_cache=False, cmake_clean_first=False, cmake_force_configure=False, ament_cmake_args=None, catkin_cmake_args=None, catkin_skip_building_tests=False, verb_parser=<colcon_defaults.argument_parser.defaults.DefaultArgumentsDecorator object at 0x7f6ac1dd5390>, verb_extension=<colcon_core.verb.build.BuildVerb object at 0x7f6ac1fc2c50>, main=<bound method BuildVerb.main of <colcon_core.verb.build.BuildVerb object at 0x7f6ac1fc2c50>>)
[0.551s] Level 1:colcon.colcon_core.package_discovery:discover_packages(colcon_meta) check parameters
[0.551s] Level 1:colcon.colcon_core.package_discovery:discover_packages(recursive) check parameters
[0.551s] Level 1:colcon.colcon_core.package_discovery:discover_packages(ignore) check parameters
[0.551s] Level 1:colcon.colcon_core.package_discovery:discover_packages(path) check parameters
[0.551s] Level 1:colcon.colcon_core.package_discovery:discover_packages(colcon_meta) discover
[0.551s] Level 1:colcon.colcon_core.package_discovery:discover_packages(recursive) discover
[0.551s] INFO:colcon.colcon_core.package_discovery:Crawling recursively for packages in '/home/gurupranav/Programming/ros2_tut/rplidar_ros'
[0.551s] Level 1:colcon.colcon_core.package_identification:_identify(.) by extensions ['ignore', 'ignore_ament_install']
[0.551s] Level 1:colcon.colcon_core.package_identification:_identify(.) by extension 'ignore'
[0.552s] Level 1:colcon.colcon_core.package_identification:_identify(.) by extension 'ignore_ament_install'
[0.552s] Level 1:colcon.colcon_core.package_identification:_identify(.) by extensions ['colcon_pkg']
[0.552s] Level 1:colcon.colcon_core.package_identification:_identify(.) by extension 'colcon_pkg'
[0.552s] Level 1:colcon.colcon_core.package_identification:_identify(.) by extensions ['colcon_meta']
[0.552s] Level 1:colcon.colcon_core.package_identification:_identify(.) by extension 'colcon_meta'
[0.552s] Level 1:colcon.colcon_core.package_identification:_identify(.) by extensions ['ros']
[0.552s] Level 1:colcon.colcon_core.package_identification:_identify(.) by extension 'ros'
[0.571s] DEBUG:colcon.colcon_core.package_identification:Package '.' with type 'ros.ament_cmake' and name 'rplidar_ros'
[0.571s] Level 1:colcon.colcon_core.package_discovery:discover_packages(recursive) using defaults
[0.571s] Level 1:colcon.colcon_core.package_discovery:discover_packages(ignore) discover
[0.571s] Level 1:colcon.colcon_core.package_discovery:discover_packages(ignore) using defaults
[0.571s] Level 1:colcon.colcon_core.package_discovery:discover_packages(path) discover
[0.571s] Level 1:colcon.colcon_core.package_discovery:discover_packages(path) using defaults
[0.596s] Level 1:colcon.colcon_core.package_discovery:discover_packages(prefix_path) check parameters
[0.597s] Level 1:colcon.colcon_core.package_discovery:discover_packages(prefix_path) discover
[0.599s] DEBUG:colcon.colcon_installed_package_information.package_discovery:Found 1 installed packages in /home/gurupranav/Programming/ros2_tut/rplidar_ros/install
[0.601s] DEBUG:colcon.colcon_installed_package_information.package_discovery:Found 296 installed packages in /opt/ros/humble
[0.614s] Level 1:colcon.colcon_core.package_discovery:discover_packages(prefix_path) using defaults
[0.672s] Level 5:colcon.colcon_core.verb:set package 'rplidar_ros' build argument 'cmake_args' from command line to 'None'
[0.672s] Level 5:colcon.colcon_core.verb:set package 'rplidar_ros' build argument 'cmake_target' from command line to 'None'
[0.672s] Level 5:colcon.colcon_core.verb:set package 'rplidar_ros' build argument 'cmake_target_skip_unavailable' from command line to 'False'
[0.672s] Level 5:colcon.colcon_core.verb:set package 'rplidar_ros' build argument 'cmake_clean_cache' from command line to 'False'
[0.672s] Level 5:colcon.colcon_core.verb:set package 'rplidar_ros' build argument 'cmake_clean_first' from command line to 'False'
[0.672s] Level 5:colcon.colcon_core.verb:set package 'rplidar_ros' build argument 'cmake_force_configure' from command line to 'False'
[0.672s] Level 5:colcon.colcon_core.verb:set package 'rplidar_ros' build argument 'ament_cmake_args' from command line to 'None'
[0.672s] Level 5:colcon.colcon_core.verb:set package 'rplidar_ros' build argument 'catkin_cmake_args' from command line to 'None'
[0.672s] Level 5:colcon.colcon_core.verb:set package 'rplidar_ros' build argument 'catkin_skip_building_tests' from command line to 'False'
[0.672s] DEBUG:colcon.colcon_core.verb:Building package 'rplidar_ros' with the following arguments: {'ament_cmake_args': None, 'build_base': '/home/gurupranav/Programming/ros2_tut/rplidar_ros/build/rplidar_ros', 'catkin_cmake_args': None, 'catkin_skip_building_tests': False, 'cmake_args': None, 'cmake_clean_cache': False, 'cmake_clean_first': False, 'cmake_force_configure': False, 'cmake_target': None, 'cmake_target_skip_unavailable': False, 'install_base': '/home/gurupranav/Programming/ros2_tut/rplidar_ros/install/rplidar_ros', 'merge_install': False, 'path': '/home/gurupranav/Programming/ros2_tut/rplidar_ros', 'symlink_install': False, 'test_result_base': None}
[0.673s] INFO:colcon.colcon_core.executor:Executing jobs using 'parallel' executor
[0.674s] DEBUG:colcon.colcon_parallel_executor.executor.parallel:run_until_complete
[0.675s] INFO:colcon.colcon_ros.task.ament_cmake.build:Building ROS package in '/home/gurupranav/Programming/ros2_tut/rplidar_ros' with build type 'ament_cmake'
[0.676s] INFO:colcon.colcon_cmake.task.cmake.build:Building CMake package in '/home/gurupranav/Programming/ros2_tut/rplidar_ros'
[0.679s] INFO:colcon.colcon_core.plugin_system:Skipping extension 'colcon_core.shell.bat': Not used on non-Windows systems
[0.680s] INFO:colcon.colcon_core.shell:Skip shell extension 'powershell' for command environment: Not usable outside of PowerShell
[0.680s] DEBUG:colcon.colcon_core.shell:Skip shell extension 'dsv' for command environment
[0.698s] DEBUG:colcon.colcon_core.event_handler.log_command:Invoking command in '/home/gurupranav/Programming/ros2_tut/rplidar_ros/build/rplidar_ros': CMAKE_PREFIX_PATH=${CMAKE_PREFIX_PATH}:/opt/ros/humble /usr/bin/cmake --build /home/gurupranav/Programming/ros2_tut/rplidar_ros/build/rplidar_ros -- -j16 -l16
[13.776s] DEBUG:colcon.colcon_core.event_handler.log_command:Invoked command in '/home/gurupranav/Programming/ros2_tut/rplidar_ros/build/rplidar_ros' returned '2': CMAKE_PREFIX_PATH=${CMAKE_PREFIX_PATH}:/opt/ros/humble /usr/bin/cmake --build /home/gurupranav/Programming/ros2_tut/rplidar_ros/build/rplidar_ros -- -j16 -l16
[13.871s] Level 1:colcon.colcon_core.environment:create_environment_scripts_only(rplidar_ros)
[13.874s] Level 1:colcon.colcon_core.environment:checking '/home/gurupranav/Programming/ros2_tut/rplidar_ros/install/rplidar_ros' for CMake module files
[13.875s] Level 1:colcon.colcon_core.environment:checking '/home/gurupranav/Programming/ros2_tut/rplidar_ros/install/rplidar_ros' for CMake config files
[13.876s] Level 1:colcon.colcon_core.shell:create_environment_hook('rplidar_ros', 'cmake_prefix_path')
[13.877s] INFO:colcon.colcon_core.shell:Creating environment hook '/home/gurupranav/Programming/ros2_tut/rplidar_ros/install/rplidar_ros/share/rplidar_ros/hook/cmake_prefix_path.ps1'
[13.879s] INFO:colcon.colcon_core.shell:Creating environment descriptor '/home/gurupranav/Programming/ros2_tut/rplidar_ros/install/rplidar_ros/share/rplidar_ros/hook/cmake_prefix_path.dsv'
[13.880s] INFO:colcon.colcon_core.shell:Creating environment hook '/home/gurupranav/Programming/ros2_tut/rplidar_ros/install/rplidar_ros/share/rplidar_ros/hook/cmake_prefix_path.sh'
[13.882s] Level 1:colcon.colcon_core.environment:checking '/home/gurupranav/Programming/ros2_tut/rplidar_ros/install/rplidar_ros/lib'
[13.882s] Level 1:colcon.colcon_core.environment:checking '/home/gurupranav/Programming/ros2_tut/rplidar_ros/install/rplidar_ros/bin'
[13.882s] Level 1:colcon.colcon_core.environment:checking '/home/gurupranav/Programming/ros2_tut/rplidar_ros/install/rplidar_ros/lib/pkgconfig/rplidar_ros.pc'
[13.883s] Level 1:colcon.colcon_core.environment:checking '/home/gurupranav/Programming/ros2_tut/rplidar_ros/install/rplidar_ros/lib/python3.10/site-packages'
[13.883s] Level 1:colcon.colcon_core.environment:checking '/home/gurupranav/Programming/ros2_tut/rplidar_ros/install/rplidar_ros/bin'
[13.884s] INFO:colcon.colcon_core.shell:Creating package script '/home/gurupranav/Programming/ros2_tut/rplidar_ros/install/rplidar_ros/share/rplidar_ros/package.ps1'
[13.886s] INFO:colcon.colcon_core.shell:Creating package descriptor '/home/gurupranav/Programming/ros2_tut/rplidar_ros/install/rplidar_ros/share/rplidar_ros/package.dsv'
[13.887s] INFO:colcon.colcon_core.shell:Creating package script '/home/gurupranav/Programming/ros2_tut/rplidar_ros/install/rplidar_ros/share/rplidar_ros/package.sh'
[13.889s] INFO:colcon.colcon_core.shell:Creating package script '/home/gurupranav/Programming/ros2_tut/rplidar_ros/install/rplidar_ros/share/rplidar_ros/package.bash'
[13.890s] INFO:colcon.colcon_core.shell:Creating package script '/home/gurupranav/Programming/ros2_tut/rplidar_ros/install/rplidar_ros/share/rplidar_ros/package.zsh'
[13.891s] Level 1:colcon.colcon_core.environment:create_file_with_runtime_dependencies(/home/gurupranav/Programming/ros2_tut/rplidar_ros/install/rplidar_ros/share/colcon-core/packages/rplidar_ros)
[13.902s] DEBUG:colcon.colcon_parallel_executor.executor.parallel:closing loop
[13.903s] DEBUG:colcon.colcon_parallel_executor.executor.parallel:loop closed
[13.903s] DEBUG:colcon.colcon_parallel_executor.executor.parallel:run_until_complete finished with '2'
[13.903s] DEBUG:colcon.colcon_core.event_reactor:joining thread
[13.993s] INFO:colcon.colcon_core.plugin_system:Skipping extension 'colcon_notification.desktop_notification.notify_send': Could not find 'notify-send'
[13.993s] INFO:colcon.colcon_core.plugin_system:Skipping extension 'colcon_notification.desktop_notification.terminal_notifier': Not used on non-Darwin systems
[13.993s] INFO:colcon.colcon_core.plugin_system:Skipping extension 'colcon_notification.desktop_notification.win32': Not used on non-Windows systems
[13.994s] INFO:colcon.colcon_notification.desktop_notification:Sending desktop notification using 'notify2'
[13.994s] DEBUG:colcon.colcon_notification.desktop_notification.notify2:Failed to initialize notify2: org.freedesktop.DBus.Error.FileNotFound: Failed to connect to socket /run/user/1000/bus: No such file or directory
[13.994s] DEBUG:colcon.colcon_core.event_reactor:joined thread
[13.994s] INFO:colcon.colcon_core.shell:Creating prefix script '/home/gurupranav/Programming/ros2_tut/rplidar_ros/install/local_setup.ps1'
[13.996s] INFO:colcon.colcon_core.shell:Creating prefix util module '/home/gurupranav/Programming/ros2_tut/rplidar_ros/install/_local_setup_util_ps1.py'
[13.998s] INFO:colcon.colcon_core.shell:Creating prefix chain script '/home/gurupranav/Programming/ros2_tut/rplidar_ros/install/setup.ps1'
[13.999s] INFO:colcon.colcon_core.shell:Creating prefix script '/home/gurupranav/Programming/ros2_tut/rplidar_ros/install/local_setup.sh'
[14.000s] INFO:colcon.colcon_core.shell:Creating prefix util module '/home/gurupranav/Programming/ros2_tut/rplidar_ros/install/_local_setup_util_sh.py'
[14.001s] INFO:colcon.colcon_core.shell:Creating prefix chain script '/home/gurupranav/Programming/ros2_tut/rplidar_ros/install/setup.sh'
[14.002s] INFO:colcon.colcon_core.shell:Creating prefix script '/home/gurupranav/Programming/ros2_tut/rplidar_ros/install/local_setup.bash'
[14.003s] INFO:colcon.colcon_core.shell:Creating prefix chain script '/home/gurupranav/Programming/ros2_tut/rplidar_ros/install/setup.bash'
[14.004s] INFO:colcon.colcon_core.shell:Creating prefix script '/home/gurupranav/Programming/ros2_tut/rplidar_ros/install/local_setup.zsh'
[14.005s] INFO:colcon.colcon_core.shell:Creating prefix chain script '/home/gurupranav/Programming/ros2_tut/rplidar_ros/install/setup.zsh'
