[0.020s] Invoking command in '/home/gurupranav/Programming/ros2_tut/igvc/build/micro_ros_msgs': CMAKE_PREFIX_PATH=${CMAKE_PREFIX_PATH}:/opt/ros/humble /usr/bin/cmake /home/gurupranav/Programming/ros2_tut/igvc/src/uros/micro_ros_msgs -DUAGENT_BUILD_EXECUTABLE=OFF -DUAGENT_P2P_PROFILE=OFF --no-warn-unused-cli -DCMAKE_INSTALL_PREFIX=/home/gurupranav/Programming/ros2_tut/igvc/install/micro_ros_msgs
[0.031s] Not searching for unused variables given on the command line.
[0.040s] -- Found ament_cmake: 1.3.10 (/opt/ros/humble/share/ament_cmake/cmake)
[0.218s] -- Found rosidl_default_generators: 1.2.0 (/opt/ros/humble/share/rosidl_default_generators/cmake)
[0.221s] -- Using all available rosidl_typesupport_c: rosidl_typesupport_fastrtps_c;rosidl_typesupport_introspection_c
[0.224s] -- Found rosidl_adapter: 3.1.5 (/opt/ros/humble/share/rosidl_adapter/cmake)
[0.474s] -- Using all available rosidl_typesupport_cpp: rosidl_typesupport_fastrtps_cpp;rosidl_typesupport_introspection_cpp
[0.504s] -- Found ament_lint_auto: 0.12.11 (/opt/ros/humble/share/ament_lint_auto/cmake)
[0.785s] -- Found ament_cmake_ros: 0.10.0 (/opt/ros/humble/share/ament_cmake_ros/cmake)
[0.975s] -- Using all available rosidl_typesupport_c: rosidl_typesupport_fastrtps_c;rosidl_typesupport_introspection_c
[1.226s] -- Using all available rosidl_typesupport_cpp: rosidl_typesupport_fastrtps_cpp;rosidl_typesupport_introspection_cpp
[1.252s] -- Found python_cmake_module: 0.10.0 (/opt/ros/humble/share/python_cmake_module/cmake)
[1.279s] -- Using PYTHON_EXECUTABLE: /usr/bin/python3
[1.279s] -- Using PYTHON_INCLUDE_DIRS: /usr/include/python3.10
[1.279s] -- Using PYTHON_LIBRARIES: /usr/lib/x86_64-linux-gnu/libpython3.10.so
[1.300s] -- Added test 'copyright' to check source files copyright and LICENSE
[1.312s] -- Added test 'lint_cmake' to check CMake code style
[1.318s] -- Added test 'xmllint' to check XML markup files
[1.330s] -- Configuring done
[1.405s] -- Generating done
[1.410s] -- Build files have been written to: /home/gurupranav/Programming/ros2_tut/igvc/build/micro_ros_msgs
[1.420s] Invoked command in '/home/gurupranav/Programming/ros2_tut/igvc/build/micro_ros_msgs' returned '0': CMAKE_PREFIX_PATH=${CMAKE_PREFIX_PATH}:/opt/ros/humble /usr/bin/cmake /home/gurupranav/Programming/ros2_tut/igvc/src/uros/micro_ros_msgs -DUAGENT_BUILD_EXECUTABLE=OFF -DUAGENT_P2P_PROFILE=OFF --no-warn-unused-cli -DCMAKE_INSTALL_PREFIX=/home/gurupranav/Programming/ros2_tut/igvc/install/micro_ros_msgs
[1.422s] Invoking command in '/home/gurupranav/Programming/ros2_tut/igvc/build/micro_ros_msgs': CMAKE_PREFIX_PATH=${CMAKE_PREFIX_PATH}:/opt/ros/humble /usr/bin/cmake --build /home/gurupranav/Programming/ros2_tut/igvc/build/micro_ros_msgs -- -j16 -l16
[1.466s] [35m[1mConsolidate compiler generated dependencies of target micro_ros_msgs__rosidl_generator_c[0m
[1.478s] [  2%] Built target micro_ros_msgs__cpp
[1.479s] [ 12%] Built target micro_ros_msgs__rosidl_generator_c
[1.492s] [ 12%] Built target ament_cmake_python_copy_micro_ros_msgs
[1.493s] [35m[1mConsolidate compiler generated dependencies of target micro_ros_msgs__rosidl_typesupport_fastrtps_cpp[0m
[1.494s] [35m[1mConsolidate compiler generated dependencies of target micro_ros_msgs__rosidl_typesupport_cpp[0m
[1.502s] [35m[1mConsolidate compiler generated dependencies of target micro_ros_msgs__rosidl_typesupport_introspection_cpp[0m
[1.513s] [35m[1mConsolidate compiler generated dependencies of target micro_ros_msgs__rosidl_typesupport_introspection_c[0m
[1.517s] [35m[1mConsolidate compiler generated dependencies of target micro_ros_msgs__rosidl_typesupport_fastrtps_c[0m
[1.517s] [ 23%] Built target micro_ros_msgs__rosidl_typesupport_cpp
[1.520s] [35m[1mConsolidate compiler generated dependencies of target micro_ros_msgs__rosidl_typesupport_c[0m
[1.527s] [ 34%] Built target micro_ros_msgs__rosidl_typesupport_fastrtps_cpp
[1.529s] [ 44%] Built target micro_ros_msgs__rosidl_typesupport_introspection_cpp
[1.529s] [ 55%] Built target micro_ros_msgs__rosidl_typesupport_introspection_c
[1.534s] [ 65%] Built target micro_ros_msgs__rosidl_typesupport_c
[1.539s] [ 76%] Built target micro_ros_msgs__rosidl_typesupport_fastrtps_c
[1.563s] [ 76%] Built target micro_ros_msgs
[1.585s] [ 78%] Built target micro_ros_msgs__py
[1.600s] [35m[1mConsolidate compiler generated dependencies of target micro_ros_msgs__rosidl_generator_py[0m
[1.619s] [ 87%] Built target micro_ros_msgs__rosidl_generator_py
[1.634s] [35m[1mConsolidate compiler generated dependencies of target micro_ros_msgs__rosidl_typesupport_c__pyext[0m
[1.634s] [35m[1mConsolidate compiler generated dependencies of target micro_ros_msgs__rosidl_typesupport_introspection_c__pyext[0m
[1.634s] [35m[1mConsolidate compiler generated dependencies of target micro_ros_msgs__rosidl_typesupport_fastrtps_c__pyext[0m
[1.655s] [ 91%] Built target micro_ros_msgs__rosidl_typesupport_introspection_c__pyext
[1.656s] [ 95%] Built target micro_ros_msgs__rosidl_typesupport_fastrtps_c__pyext
[1.656s] [100%] Built target micro_ros_msgs__rosidl_typesupport_c__pyext
[1.808s] running egg_info
[1.809s] writing micro_ros_msgs.egg-info/PKG-INFO
[1.809s] writing dependency_links to micro_ros_msgs.egg-info/dependency_links.txt
[1.809s] writing top-level names to micro_ros_msgs.egg-info/top_level.txt
[1.813s] reading manifest file 'micro_ros_msgs.egg-info/SOURCES.txt'
[1.814s] writing manifest file 'micro_ros_msgs.egg-info/SOURCES.txt'
[1.844s] [100%] Built target ament_cmake_python_build_micro_ros_msgs_egg
[1.858s] Invoked command in '/home/gurupranav/Programming/ros2_tut/igvc/build/micro_ros_msgs' returned '0': CMAKE_PREFIX_PATH=${CMAKE_PREFIX_PATH}:/opt/ros/humble /usr/bin/cmake --build /home/gurupranav/Programming/ros2_tut/igvc/build/micro_ros_msgs -- -j16 -l16
[1.987s] Invoking command in '/home/gurupranav/Programming/ros2_tut/igvc/build/micro_ros_msgs': CMAKE_PREFIX_PATH=${CMAKE_PREFIX_PATH}:/opt/ros/humble /usr/bin/cmake --install /home/gurupranav/Programming/ros2_tut/igvc/build/micro_ros_msgs
[1.996s] -- Install configuration: ""
[1.997s] -- Up-to-date: /home/gurupranav/Programming/ros2_tut/igvc/install/micro_ros_msgs/share/ament_index/resource_index/rosidl_interfaces/micro_ros_msgs
[1.997s] -- Up-to-date: /home/gurupranav/Programming/ros2_tut/igvc/install/micro_ros_msgs/include/micro_ros_msgs/micro_ros_msgs
[1.997s] -- Up-to-date: /home/gurupranav/Programming/ros2_tut/igvc/install/micro_ros_msgs/include/micro_ros_msgs/micro_ros_msgs/msg
[1.997s] -- Up-to-date: /home/gurupranav/Programming/ros2_tut/igvc/install/micro_ros_msgs/include/micro_ros_msgs/micro_ros_msgs/msg/graph.h
[1.997s] -- Up-to-date: /home/gurupranav/Programming/ros2_tut/igvc/install/micro_ros_msgs/include/micro_ros_msgs/micro_ros_msgs/msg/rosidl_generator_c__visibility_control.h
[1.998s] -- Up-to-date: /home/gurupranav/Programming/ros2_tut/igvc/install/micro_ros_msgs/include/micro_ros_msgs/micro_ros_msgs/msg/entity.h
[1.998s] -- Up-to-date: /home/gurupranav/Programming/ros2_tut/igvc/install/micro_ros_msgs/include/micro_ros_msgs/micro_ros_msgs/msg/node.h
[1.998s] -- Up-to-date: /home/gurupranav/Programming/ros2_tut/igvc/install/micro_ros_msgs/include/micro_ros_msgs/micro_ros_msgs/msg/detail
[1.998s] -- Up-to-date: /home/gurupranav/Programming/ros2_tut/igvc/install/micro_ros_msgs/include/micro_ros_msgs/micro_ros_msgs/msg/detail/entity__functions.c
[1.998s] -- Up-to-date: /home/gurupranav/Programming/ros2_tut/igvc/install/micro_ros_msgs/include/micro_ros_msgs/micro_ros_msgs/msg/detail/graph__struct.h
[1.999s] -- Up-to-date: /home/gurupranav/Programming/ros2_tut/igvc/install/micro_ros_msgs/include/micro_ros_msgs/micro_ros_msgs/msg/detail/entity__functions.h
[1.999s] -- Up-to-date: /home/gurupranav/Programming/ros2_tut/igvc/install/micro_ros_msgs/include/micro_ros_msgs/micro_ros_msgs/msg/detail/graph__functions.h
[1.999s] -- Up-to-date: /home/gurupranav/Programming/ros2_tut/igvc/install/micro_ros_msgs/include/micro_ros_msgs/micro_ros_msgs/msg/detail/node__type_support.h
[2.000s] -- Up-to-date: /home/gurupranav/Programming/ros2_tut/igvc/install/micro_ros_msgs/include/micro_ros_msgs/micro_ros_msgs/msg/detail/entity__type_support.h
[2.000s] -- Up-to-date: /home/gurupranav/Programming/ros2_tut/igvc/install/micro_ros_msgs/include/micro_ros_msgs/micro_ros_msgs/msg/detail/entity__struct.h
[2.000s] -- Up-to-date: /home/gurupranav/Programming/ros2_tut/igvc/install/micro_ros_msgs/include/micro_ros_msgs/micro_ros_msgs/msg/detail/node__struct.h
[2.000s] -- Up-to-date: /home/gurupranav/Programming/ros2_tut/igvc/install/micro_ros_msgs/include/micro_ros_msgs/micro_ros_msgs/msg/detail/node__functions.h
[2.000s] -- Up-to-date: /home/gurupranav/Programming/ros2_tut/igvc/install/micro_ros_msgs/include/micro_ros_msgs/micro_ros_msgs/msg/detail/graph__type_support.h
[2.000s] -- Up-to-date: /home/gurupranav/Programming/ros2_tut/igvc/install/micro_ros_msgs/include/micro_ros_msgs/micro_ros_msgs/msg/detail/node__functions.c
[2.000s] -- Up-to-date: /home/gurupranav/Programming/ros2_tut/igvc/install/micro_ros_msgs/include/micro_ros_msgs/micro_ros_msgs/msg/detail/graph__functions.c
[2.001s] -- Up-to-date: /home/gurupranav/Programming/ros2_tut/igvc/install/micro_ros_msgs/share/micro_ros_msgs/environment/library_path.sh
[2.001s] -- Installing: /home/gurupranav/Programming/ros2_tut/igvc/install/micro_ros_msgs/share/micro_ros_msgs/environment/library_path.dsv
[2.001s] -- Up-to-date: /home/gurupranav/Programming/ros2_tut/igvc/install/micro_ros_msgs/lib/libmicro_ros_msgs__rosidl_generator_c.so
[2.001s] -- Up-to-date: /home/gurupranav/Programming/ros2_tut/igvc/install/micro_ros_msgs/include/micro_ros_msgs/micro_ros_msgs
[2.002s] -- Up-to-date: /home/gurupranav/Programming/ros2_tut/igvc/install/micro_ros_msgs/include/micro_ros_msgs/micro_ros_msgs/msg
[2.002s] -- Up-to-date: /home/gurupranav/Programming/ros2_tut/igvc/install/micro_ros_msgs/include/micro_ros_msgs/micro_ros_msgs/msg/rosidl_typesupport_fastrtps_c__visibility_control.h
[2.002s] -- Up-to-date: /home/gurupranav/Programming/ros2_tut/igvc/install/micro_ros_msgs/include/micro_ros_msgs/micro_ros_msgs/msg/detail
[2.003s] -- Up-to-date: /home/gurupranav/Programming/ros2_tut/igvc/install/micro_ros_msgs/include/micro_ros_msgs/micro_ros_msgs/msg/detail/node__rosidl_typesupport_fastrtps_c.h
[2.003s] -- Up-to-date: /home/gurupranav/Programming/ros2_tut/igvc/install/micro_ros_msgs/include/micro_ros_msgs/micro_ros_msgs/msg/detail/graph__rosidl_typesupport_fastrtps_c.h
[2.003s] -- Up-to-date: /home/gurupranav/Programming/ros2_tut/igvc/install/micro_ros_msgs/include/micro_ros_msgs/micro_ros_msgs/msg/detail/entity__rosidl_typesupport_fastrtps_c.h
[2.003s] -- Up-to-date: /home/gurupranav/Programming/ros2_tut/igvc/install/micro_ros_msgs/lib/libmicro_ros_msgs__rosidl_typesupport_fastrtps_c.so
[2.004s] -- Up-to-date: /home/gurupranav/Programming/ros2_tut/igvc/install/micro_ros_msgs/include/micro_ros_msgs/micro_ros_msgs
[2.004s] -- Up-to-date: /home/gurupranav/Programming/ros2_tut/igvc/install/micro_ros_msgs/include/micro_ros_msgs/micro_ros_msgs/msg
[2.004s] -- Up-to-date: /home/gurupranav/Programming/ros2_tut/igvc/install/micro_ros_msgs/include/micro_ros_msgs/micro_ros_msgs/msg/rosidl_typesupport_introspection_c__visibility_control.h
[2.004s] -- Up-to-date: /home/gurupranav/Programming/ros2_tut/igvc/install/micro_ros_msgs/include/micro_ros_msgs/micro_ros_msgs/msg/detail
[2.004s] -- Up-to-date: /home/gurupranav/Programming/ros2_tut/igvc/install/micro_ros_msgs/include/micro_ros_msgs/micro_ros_msgs/msg/detail/node__rosidl_typesupport_introspection_c.h
[2.005s] -- Up-to-date: /home/gurupranav/Programming/ros2_tut/igvc/install/micro_ros_msgs/include/micro_ros_msgs/micro_ros_msgs/msg/detail/node__type_support.c
[2.005s] -- Up-to-date: /home/gurupranav/Programming/ros2_tut/igvc/install/micro_ros_msgs/include/micro_ros_msgs/micro_ros_msgs/msg/detail/graph__rosidl_typesupport_introspection_c.h
[2.005s] -- Up-to-date: /home/gurupranav/Programming/ros2_tut/igvc/install/micro_ros_msgs/include/micro_ros_msgs/micro_ros_msgs/msg/detail/graph__type_support.c
[2.005s] -- Up-to-date: /home/gurupranav/Programming/ros2_tut/igvc/install/micro_ros_msgs/include/micro_ros_msgs/micro_ros_msgs/msg/detail/entity__rosidl_typesupport_introspection_c.h
[2.005s] -- Up-to-date: /home/gurupranav/Programming/ros2_tut/igvc/install/micro_ros_msgs/include/micro_ros_msgs/micro_ros_msgs/msg/detail/entity__type_support.c
[2.005s] -- Up-to-date: /home/gurupranav/Programming/ros2_tut/igvc/install/micro_ros_msgs/lib/libmicro_ros_msgs__rosidl_typesupport_introspection_c.so
[2.006s] -- Up-to-date: /home/gurupranav/Programming/ros2_tut/igvc/install/micro_ros_msgs/lib/libmicro_ros_msgs__rosidl_typesupport_c.so
[2.006s] -- Up-to-date: /home/gurupranav/Programming/ros2_tut/igvc/install/micro_ros_msgs/include/micro_ros_msgs/micro_ros_msgs
[2.006s] -- Up-to-date: /home/gurupranav/Programming/ros2_tut/igvc/install/micro_ros_msgs/include/micro_ros_msgs/micro_ros_msgs/msg
[2.007s] -- Up-to-date: /home/gurupranav/Programming/ros2_tut/igvc/install/micro_ros_msgs/include/micro_ros_msgs/micro_ros_msgs/msg/entity.hpp
[2.007s] -- Up-to-date: /home/gurupranav/Programming/ros2_tut/igvc/install/micro_ros_msgs/include/micro_ros_msgs/micro_ros_msgs/msg/node.hpp
[2.007s] -- Up-to-date: /home/gurupranav/Programming/ros2_tut/igvc/install/micro_ros_msgs/include/micro_ros_msgs/micro_ros_msgs/msg/graph.hpp
[2.008s] -- Up-to-date: /home/gurupranav/Programming/ros2_tut/igvc/install/micro_ros_msgs/include/micro_ros_msgs/micro_ros_msgs/msg/detail
[2.008s] -- Up-to-date: /home/gurupranav/Programming/ros2_tut/igvc/install/micro_ros_msgs/include/micro_ros_msgs/micro_ros_msgs/msg/detail/entity__builder.hpp
[2.008s] -- Up-to-date: /home/gurupranav/Programming/ros2_tut/igvc/install/micro_ros_msgs/include/micro_ros_msgs/micro_ros_msgs/msg/detail/graph__struct.hpp
[2.008s] -- Up-to-date: /home/gurupranav/Programming/ros2_tut/igvc/install/micro_ros_msgs/include/micro_ros_msgs/micro_ros_msgs/msg/detail/graph__traits.hpp
[2.009s] -- Up-to-date: /home/gurupranav/Programming/ros2_tut/igvc/install/micro_ros_msgs/include/micro_ros_msgs/micro_ros_msgs/msg/detail/entity__traits.hpp
[2.009s] -- Up-to-date: /home/gurupranav/Programming/ros2_tut/igvc/install/micro_ros_msgs/include/micro_ros_msgs/micro_ros_msgs/msg/detail/node__builder.hpp
[2.009s] -- Up-to-date: /home/gurupranav/Programming/ros2_tut/igvc/install/micro_ros_msgs/include/micro_ros_msgs/micro_ros_msgs/msg/detail/node__traits.hpp
[2.009s] -- Up-to-date: /home/gurupranav/Programming/ros2_tut/igvc/install/micro_ros_msgs/include/micro_ros_msgs/micro_ros_msgs/msg/detail/node__struct.hpp
[2.009s] -- Up-to-date: /home/gurupranav/Programming/ros2_tut/igvc/install/micro_ros_msgs/include/micro_ros_msgs/micro_ros_msgs/msg/detail/entity__struct.hpp
[2.009s] -- Up-to-date: /home/gurupranav/Programming/ros2_tut/igvc/install/micro_ros_msgs/include/micro_ros_msgs/micro_ros_msgs/msg/detail/graph__builder.hpp
[2.009s] -- Up-to-date: /home/gurupranav/Programming/ros2_tut/igvc/install/micro_ros_msgs/include/micro_ros_msgs/micro_ros_msgs
[2.009s] -- Up-to-date: /home/gurupranav/Programming/ros2_tut/igvc/install/micro_ros_msgs/include/micro_ros_msgs/micro_ros_msgs/msg
[2.009s] -- Up-to-date: /home/gurupranav/Programming/ros2_tut/igvc/install/micro_ros_msgs/include/micro_ros_msgs/micro_ros_msgs/msg/rosidl_typesupport_fastrtps_cpp__visibility_control.h
[2.010s] -- Up-to-date: /home/gurupranav/Programming/ros2_tut/igvc/install/micro_ros_msgs/include/micro_ros_msgs/micro_ros_msgs/msg/detail
[2.010s] -- Up-to-date: /home/gurupranav/Programming/ros2_tut/igvc/install/micro_ros_msgs/include/micro_ros_msgs/micro_ros_msgs/msg/detail/dds_fastrtps
[2.010s] -- Up-to-date: /home/gurupranav/Programming/ros2_tut/igvc/install/micro_ros_msgs/include/micro_ros_msgs/micro_ros_msgs/msg/detail/node__rosidl_typesupport_fastrtps_cpp.hpp
[2.010s] -- Up-to-date: /home/gurupranav/Programming/ros2_tut/igvc/install/micro_ros_msgs/include/micro_ros_msgs/micro_ros_msgs/msg/detail/graph__rosidl_typesupport_fastrtps_cpp.hpp
[2.010s] -- Up-to-date: /home/gurupranav/Programming/ros2_tut/igvc/install/micro_ros_msgs/include/micro_ros_msgs/micro_ros_msgs/msg/detail/entity__rosidl_typesupport_fastrtps_cpp.hpp
[2.010s] -- Up-to-date: /home/gurupranav/Programming/ros2_tut/igvc/install/micro_ros_msgs/lib/libmicro_ros_msgs__rosidl_typesupport_fastrtps_cpp.so
[2.010s] -- Up-to-date: /home/gurupranav/Programming/ros2_tut/igvc/install/micro_ros_msgs/include/micro_ros_msgs/micro_ros_msgs
[2.010s] -- Up-to-date: /home/gurupranav/Programming/ros2_tut/igvc/install/micro_ros_msgs/include/micro_ros_msgs/micro_ros_msgs/msg
[2.010s] -- Up-to-date: /home/gurupranav/Programming/ros2_tut/igvc/install/micro_ros_msgs/include/micro_ros_msgs/micro_ros_msgs/msg/detail
[2.010s] -- Up-to-date: /home/gurupranav/Programming/ros2_tut/igvc/install/micro_ros_msgs/include/micro_ros_msgs/micro_ros_msgs/msg/detail/entity__rosidl_typesupport_introspection_cpp.hpp
[2.010s] -- Up-to-date: /home/gurupranav/Programming/ros2_tut/igvc/install/micro_ros_msgs/include/micro_ros_msgs/micro_ros_msgs/msg/detail/graph__rosidl_typesupport_introspection_cpp.hpp
[2.010s] -- Up-to-date: /home/gurupranav/Programming/ros2_tut/igvc/install/micro_ros_msgs/include/micro_ros_msgs/micro_ros_msgs/msg/detail/graph__type_support.cpp
[2.010s] -- Up-to-date: /home/gurupranav/Programming/ros2_tut/igvc/install/micro_ros_msgs/include/micro_ros_msgs/micro_ros_msgs/msg/detail/entity__type_support.cpp
[2.010s] -- Up-to-date: /home/gurupranav/Programming/ros2_tut/igvc/install/micro_ros_msgs/include/micro_ros_msgs/micro_ros_msgs/msg/detail/node__type_support.cpp
[2.011s] -- Up-to-date: /home/gurupranav/Programming/ros2_tut/igvc/install/micro_ros_msgs/include/micro_ros_msgs/micro_ros_msgs/msg/detail/node__rosidl_typesupport_introspection_cpp.hpp
[2.011s] -- Up-to-date: /home/gurupranav/Programming/ros2_tut/igvc/install/micro_ros_msgs/lib/libmicro_ros_msgs__rosidl_typesupport_introspection_cpp.so
[2.011s] -- Up-to-date: /home/gurupranav/Programming/ros2_tut/igvc/install/micro_ros_msgs/lib/libmicro_ros_msgs__rosidl_typesupport_cpp.so
[2.011s] -- Up-to-date: /home/gurupranav/Programming/ros2_tut/igvc/install/micro_ros_msgs/share/micro_ros_msgs/environment/pythonpath.sh
[2.011s] -- Installing: /home/gurupranav/Programming/ros2_tut/igvc/install/micro_ros_msgs/share/micro_ros_msgs/environment/pythonpath.dsv
[2.011s] -- Up-to-date: /home/gurupranav/Programming/ros2_tut/igvc/install/micro_ros_msgs/local/lib/python3.10/dist-packages/micro_ros_msgs-3.0.1-py3.10.egg-info
[2.011s] -- Installing: /home/gurupranav/Programming/ros2_tut/igvc/install/micro_ros_msgs/local/lib/python3.10/dist-packages/micro_ros_msgs-3.0.1-py3.10.egg-info/SOURCES.txt
[2.011s] -- Installing: /home/gurupranav/Programming/ros2_tut/igvc/install/micro_ros_msgs/local/lib/python3.10/dist-packages/micro_ros_msgs-3.0.1-py3.10.egg-info/dependency_links.txt
[2.011s] -- Installing: /home/gurupranav/Programming/ros2_tut/igvc/install/micro_ros_msgs/local/lib/python3.10/dist-packages/micro_ros_msgs-3.0.1-py3.10.egg-info/PKG-INFO
[2.011s] -- Installing: /home/gurupranav/Programming/ros2_tut/igvc/install/micro_ros_msgs/local/lib/python3.10/dist-packages/micro_ros_msgs-3.0.1-py3.10.egg-info/top_level.txt
[2.011s] -- Up-to-date: /home/gurupranav/Programming/ros2_tut/igvc/install/micro_ros_msgs/local/lib/python3.10/dist-packages/micro_ros_msgs
[2.011s] -- Up-to-date: /home/gurupranav/Programming/ros2_tut/igvc/install/micro_ros_msgs/local/lib/python3.10/dist-packages/micro_ros_msgs/_micro_ros_msgs_s.ep.rosidl_typesupport_c.c
[2.011s] -- Up-to-date: /home/gurupranav/Programming/ros2_tut/igvc/install/micro_ros_msgs/local/lib/python3.10/dist-packages/micro_ros_msgs/msg
[2.011s] -- Up-to-date: /home/gurupranav/Programming/ros2_tut/igvc/install/micro_ros_msgs/local/lib/python3.10/dist-packages/micro_ros_msgs/msg/_node_s.c
[2.011s] -- Up-to-date: /home/gurupranav/Programming/ros2_tut/igvc/install/micro_ros_msgs/local/lib/python3.10/dist-packages/micro_ros_msgs/msg/_graph.py
[2.012s] -- Up-to-date: /home/gurupranav/Programming/ros2_tut/igvc/install/micro_ros_msgs/local/lib/python3.10/dist-packages/micro_ros_msgs/msg/_entity.py
[2.012s] -- Up-to-date: /home/gurupranav/Programming/ros2_tut/igvc/install/micro_ros_msgs/local/lib/python3.10/dist-packages/micro_ros_msgs/msg/_entity_s.c
[2.012s] -- Up-to-date: /home/gurupranav/Programming/ros2_tut/igvc/install/micro_ros_msgs/local/lib/python3.10/dist-packages/micro_ros_msgs/msg/_node.py
[2.012s] -- Up-to-date: /home/gurupranav/Programming/ros2_tut/igvc/install/micro_ros_msgs/local/lib/python3.10/dist-packages/micro_ros_msgs/msg/_graph_s.c
[2.012s] -- Up-to-date: /home/gurupranav/Programming/ros2_tut/igvc/install/micro_ros_msgs/local/lib/python3.10/dist-packages/micro_ros_msgs/msg/__init__.py
[2.012s] -- Up-to-date: /home/gurupranav/Programming/ros2_tut/igvc/install/micro_ros_msgs/local/lib/python3.10/dist-packages/micro_ros_msgs/micro_ros_msgs_s__rosidl_typesupport_introspection_c.cpython-310-x86_64-linux-gnu.so
[2.012s] -- Up-to-date: /home/gurupranav/Programming/ros2_tut/igvc/install/micro_ros_msgs/local/lib/python3.10/dist-packages/micro_ros_msgs/micro_ros_msgs_s__rosidl_typesupport_fastrtps_c.cpython-310-x86_64-linux-gnu.so
[2.012s] -- Up-to-date: /home/gurupranav/Programming/ros2_tut/igvc/install/micro_ros_msgs/local/lib/python3.10/dist-packages/micro_ros_msgs/_micro_ros_msgs_s.ep.rosidl_typesupport_fastrtps_c.c
[2.012s] -- Up-to-date: /home/gurupranav/Programming/ros2_tut/igvc/install/micro_ros_msgs/local/lib/python3.10/dist-packages/micro_ros_msgs/micro_ros_msgs_s__rosidl_typesupport_c.cpython-310-x86_64-linux-gnu.so
[2.012s] -- Up-to-date: /home/gurupranav/Programming/ros2_tut/igvc/install/micro_ros_msgs/local/lib/python3.10/dist-packages/micro_ros_msgs/_micro_ros_msgs_s.ep.rosidl_typesupport_introspection_c.c
[2.012s] -- Installing: /home/gurupranav/Programming/ros2_tut/igvc/install/micro_ros_msgs/local/lib/python3.10/dist-packages/micro_ros_msgs/__init__.py
[2.012s] -- Up-to-date: /home/gurupranav/Programming/ros2_tut/igvc/install/micro_ros_msgs/local/lib/python3.10/dist-packages/micro_ros_msgs/libmicro_ros_msgs__rosidl_generator_py.so
[2.051s] Listing '/home/gurupranav/Programming/ros2_tut/igvc/install/micro_ros_msgs/local/lib/python3.10/dist-packages/micro_ros_msgs'...
[2.051s] Compiling '/home/gurupranav/Programming/ros2_tut/igvc/install/micro_ros_msgs/local/lib/python3.10/dist-packages/micro_ros_msgs/__init__.py'...
[2.051s] Listing '/home/gurupranav/Programming/ros2_tut/igvc/install/micro_ros_msgs/local/lib/python3.10/dist-packages/micro_ros_msgs/msg'...
[2.056s] -- Up-to-date: /home/gurupranav/Programming/ros2_tut/igvc/install/micro_ros_msgs/local/lib/python3.10/dist-packages/micro_ros_msgs/micro_ros_msgs_s__rosidl_typesupport_fastrtps_c.cpython-310-x86_64-linux-gnu.so
[2.057s] -- Up-to-date: /home/gurupranav/Programming/ros2_tut/igvc/install/micro_ros_msgs/local/lib/python3.10/dist-packages/micro_ros_msgs/micro_ros_msgs_s__rosidl_typesupport_introspection_c.cpython-310-x86_64-linux-gnu.so
[2.057s] -- Up-to-date: /home/gurupranav/Programming/ros2_tut/igvc/install/micro_ros_msgs/local/lib/python3.10/dist-packages/micro_ros_msgs/micro_ros_msgs_s__rosidl_typesupport_c.cpython-310-x86_64-linux-gnu.so
[2.057s] -- Up-to-date: /home/gurupranav/Programming/ros2_tut/igvc/install/micro_ros_msgs/lib/libmicro_ros_msgs__rosidl_generator_py.so
[2.058s] -- Up-to-date: /home/gurupranav/Programming/ros2_tut/igvc/install/micro_ros_msgs/share/micro_ros_msgs/msg/Graph.idl
[2.058s] -- Up-to-date: /home/gurupranav/Programming/ros2_tut/igvc/install/micro_ros_msgs/share/micro_ros_msgs/msg/Node.idl
[2.059s] -- Up-to-date: /home/gurupranav/Programming/ros2_tut/igvc/install/micro_ros_msgs/share/micro_ros_msgs/msg/Entity.idl
[2.059s] -- Up-to-date: /home/gurupranav/Programming/ros2_tut/igvc/install/micro_ros_msgs/share/micro_ros_msgs/msg/Graph.msg
[2.059s] -- Up-to-date: /home/gurupranav/Programming/ros2_tut/igvc/install/micro_ros_msgs/share/micro_ros_msgs/msg/Node.msg
[2.059s] -- Up-to-date: /home/gurupranav/Programming/ros2_tut/igvc/install/micro_ros_msgs/share/micro_ros_msgs/msg/Entity.msg
[2.059s] -- Up-to-date: /home/gurupranav/Programming/ros2_tut/igvc/install/micro_ros_msgs/share/ament_index/resource_index/package_run_dependencies/micro_ros_msgs
[2.060s] -- Up-to-date: /home/gurupranav/Programming/ros2_tut/igvc/install/micro_ros_msgs/share/ament_index/resource_index/parent_prefix_path/micro_ros_msgs
[2.060s] -- Up-to-date: /home/gurupranav/Programming/ros2_tut/igvc/install/micro_ros_msgs/share/micro_ros_msgs/environment/ament_prefix_path.sh
[2.060s] -- Installing: /home/gurupranav/Programming/ros2_tut/igvc/install/micro_ros_msgs/share/micro_ros_msgs/environment/ament_prefix_path.dsv
[2.061s] -- Up-to-date: /home/gurupranav/Programming/ros2_tut/igvc/install/micro_ros_msgs/share/micro_ros_msgs/environment/path.sh
[2.061s] -- Installing: /home/gurupranav/Programming/ros2_tut/igvc/install/micro_ros_msgs/share/micro_ros_msgs/environment/path.dsv
[2.061s] -- Up-to-date: /home/gurupranav/Programming/ros2_tut/igvc/install/micro_ros_msgs/share/micro_ros_msgs/local_setup.bash
[2.061s] -- Up-to-date: /home/gurupranav/Programming/ros2_tut/igvc/install/micro_ros_msgs/share/micro_ros_msgs/local_setup.sh
[2.062s] -- Up-to-date: /home/gurupranav/Programming/ros2_tut/igvc/install/micro_ros_msgs/share/micro_ros_msgs/local_setup.zsh
[2.062s] -- Installing: /home/gurupranav/Programming/ros2_tut/igvc/install/micro_ros_msgs/share/micro_ros_msgs/local_setup.dsv
[2.062s] -- Installing: /home/gurupranav/Programming/ros2_tut/igvc/install/micro_ros_msgs/share/micro_ros_msgs/package.dsv
[2.062s] -- Up-to-date: /home/gurupranav/Programming/ros2_tut/igvc/install/micro_ros_msgs/share/ament_index/resource_index/packages/micro_ros_msgs
[2.063s] -- Up-to-date: /home/gurupranav/Programming/ros2_tut/igvc/install/micro_ros_msgs/share/micro_ros_msgs/cmake/export_micro_ros_msgs__rosidl_generator_cExport.cmake
[2.063s] -- Up-to-date: /home/gurupranav/Programming/ros2_tut/igvc/install/micro_ros_msgs/share/micro_ros_msgs/cmake/export_micro_ros_msgs__rosidl_generator_cExport-noconfig.cmake
[2.063s] -- Up-to-date: /home/gurupranav/Programming/ros2_tut/igvc/install/micro_ros_msgs/share/micro_ros_msgs/cmake/export_micro_ros_msgs__rosidl_typesupport_fastrtps_cExport.cmake
[2.063s] -- Up-to-date: /home/gurupranav/Programming/ros2_tut/igvc/install/micro_ros_msgs/share/micro_ros_msgs/cmake/export_micro_ros_msgs__rosidl_typesupport_fastrtps_cExport-noconfig.cmake
[2.064s] -- Up-to-date: /home/gurupranav/Programming/ros2_tut/igvc/install/micro_ros_msgs/share/micro_ros_msgs/cmake/micro_ros_msgs__rosidl_typesupport_introspection_cExport.cmake
[2.064s] -- Up-to-date: /home/gurupranav/Programming/ros2_tut/igvc/install/micro_ros_msgs/share/micro_ros_msgs/cmake/micro_ros_msgs__rosidl_typesupport_introspection_cExport-noconfig.cmake
[2.064s] -- Up-to-date: /home/gurupranav/Programming/ros2_tut/igvc/install/micro_ros_msgs/share/micro_ros_msgs/cmake/micro_ros_msgs__rosidl_typesupport_cExport.cmake
[2.064s] -- Up-to-date: /home/gurupranav/Programming/ros2_tut/igvc/install/micro_ros_msgs/share/micro_ros_msgs/cmake/micro_ros_msgs__rosidl_typesupport_cExport-noconfig.cmake
[2.064s] -- Up-to-date: /home/gurupranav/Programming/ros2_tut/igvc/install/micro_ros_msgs/share/micro_ros_msgs/cmake/export_micro_ros_msgs__rosidl_generator_cppExport.cmake
[2.064s] -- Up-to-date: /home/gurupranav/Programming/ros2_tut/igvc/install/micro_ros_msgs/share/micro_ros_msgs/cmake/export_micro_ros_msgs__rosidl_typesupport_fastrtps_cppExport.cmake
[2.064s] -- Up-to-date: /home/gurupranav/Programming/ros2_tut/igvc/install/micro_ros_msgs/share/micro_ros_msgs/cmake/export_micro_ros_msgs__rosidl_typesupport_fastrtps_cppExport-noconfig.cmake
[2.064s] -- Up-to-date: /home/gurupranav/Programming/ros2_tut/igvc/install/micro_ros_msgs/share/micro_ros_msgs/cmake/micro_ros_msgs__rosidl_typesupport_introspection_cppExport.cmake
[2.064s] -- Up-to-date: /home/gurupranav/Programming/ros2_tut/igvc/install/micro_ros_msgs/share/micro_ros_msgs/cmake/micro_ros_msgs__rosidl_typesupport_introspection_cppExport-noconfig.cmake
[2.064s] -- Up-to-date: /home/gurupranav/Programming/ros2_tut/igvc/install/micro_ros_msgs/share/micro_ros_msgs/cmake/micro_ros_msgs__rosidl_typesupport_cppExport.cmake
[2.064s] -- Up-to-date: /home/gurupranav/Programming/ros2_tut/igvc/install/micro_ros_msgs/share/micro_ros_msgs/cmake/micro_ros_msgs__rosidl_typesupport_cppExport-noconfig.cmake
[2.065s] -- Up-to-date: /home/gurupranav/Programming/ros2_tut/igvc/install/micro_ros_msgs/share/micro_ros_msgs/cmake/export_micro_ros_msgs__rosidl_generator_pyExport.cmake
[2.065s] -- Up-to-date: /home/gurupranav/Programming/ros2_tut/igvc/install/micro_ros_msgs/share/micro_ros_msgs/cmake/export_micro_ros_msgs__rosidl_generator_pyExport-noconfig.cmake
[2.065s] -- Up-to-date: /home/gurupranav/Programming/ros2_tut/igvc/install/micro_ros_msgs/share/micro_ros_msgs/cmake/rosidl_cmake-extras.cmake
[2.065s] -- Up-to-date: /home/gurupranav/Programming/ros2_tut/igvc/install/micro_ros_msgs/share/micro_ros_msgs/cmake/ament_cmake_export_include_directories-extras.cmake
[2.065s] -- Up-to-date: /home/gurupranav/Programming/ros2_tut/igvc/install/micro_ros_msgs/share/micro_ros_msgs/cmake/ament_cmake_export_libraries-extras.cmake
[2.066s] -- Up-to-date: /home/gurupranav/Programming/ros2_tut/igvc/install/micro_ros_msgs/share/micro_ros_msgs/cmake/ament_cmake_export_targets-extras.cmake
[2.066s] -- Up-to-date: /home/gurupranav/Programming/ros2_tut/igvc/install/micro_ros_msgs/share/micro_ros_msgs/cmake/rosidl_cmake_export_typesupport_targets-extras.cmake
[2.066s] -- Up-to-date: /home/gurupranav/Programming/ros2_tut/igvc/install/micro_ros_msgs/share/micro_ros_msgs/cmake/ament_cmake_export_dependencies-extras.cmake
[2.066s] -- Up-to-date: /home/gurupranav/Programming/ros2_tut/igvc/install/micro_ros_msgs/share/micro_ros_msgs/cmake/rosidl_cmake_export_typesupport_libraries-extras.cmake
[2.067s] -- Up-to-date: /home/gurupranav/Programming/ros2_tut/igvc/install/micro_ros_msgs/share/micro_ros_msgs/cmake/micro_ros_msgsConfig.cmake
[2.067s] -- Up-to-date: /home/gurupranav/Programming/ros2_tut/igvc/install/micro_ros_msgs/share/micro_ros_msgs/cmake/micro_ros_msgsConfig-version.cmake
[2.067s] -- Up-to-date: /home/gurupranav/Programming/ros2_tut/igvc/install/micro_ros_msgs/share/micro_ros_msgs/package.xml
[2.069s] Invoked command in '/home/gurupranav/Programming/ros2_tut/igvc/build/micro_ros_msgs' returned '0': CMAKE_PREFIX_PATH=${CMAKE_PREFIX_PATH}:/opt/ros/humble /usr/bin/cmake --install /home/gurupranav/Programming/ros2_tut/igvc/build/micro_ros_msgs
