[0.276s] DEBUG:colcon:Command line arguments: ['/usr/bin/colcon', 'build']
[0.276s] DEBUG:colcon:Parsed command line arguments: Namespace(log_base=None, log_level=None, verb_name='build', build_base='build', install_base='install', merge_install=False, symlink_install=False, test_result_base=None, continue_on_error=False, executor='parallel', parallel_workers=16, event_handlers=None, ignore_user_meta=False, metas=['./colcon.meta'], base_paths=['.'], packages_ignore=None, packages_ignore_regex=None, paths=None, packages_up_to=None, packages_up_to_regex=None, packages_above=None, packages_above_and_dependencies=None, packages_above_depth=None, packages_select_by_dep=None, packages_skip_by_dep=None, packages_skip_up_to=None, packages_select_build_failed=False, packages_skip_build_finished=False, packages_select_test_failures=False, packages_skip_test_passed=False, packages_select=None, packages_skip=None, packages_select_regex=None, packages_skip_regex=None, packages_start=None, packages_end=None, allow_overriding=[], cmake_args=None, cmake_target=None, cmake_target_skip_unavailable=False, cmake_clean_cache=False, cmake_clean_first=False, cmake_force_configure=False, ament_cmake_args=None, catkin_cmake_args=None, catkin_skip_building_tests=False, verb_parser=<colcon_defaults.argument_parser.defaults.DefaultArgumentsDecorator object at 0x7f1b02985600>, verb_extension=<colcon_core.verb.build.BuildVerb object at 0x7f1b02b7aec0>, main=<bound method BuildVerb.main of <colcon_core.verb.build.BuildVerb object at 0x7f1b02b7aec0>>)
[0.462s] Level 1:colcon.colcon_core.package_discovery:discover_packages(colcon_meta) check parameters
[0.462s] Level 1:colcon.colcon_core.package_discovery:discover_packages(recursive) check parameters
[0.462s] Level 1:colcon.colcon_core.package_discovery:discover_packages(ignore) check parameters
[0.462s] Level 1:colcon.colcon_core.package_discovery:discover_packages(path) check parameters
[0.462s] Level 1:colcon.colcon_core.package_discovery:discover_packages(colcon_meta) discover
[0.462s] Level 1:colcon.colcon_core.package_discovery:discover_packages(recursive) discover
[0.463s] INFO:colcon.colcon_core.package_discovery:Crawling recursively for packages in '/home/gurupranav/Programming/ros2_tut/igvc'
[0.463s] Level 1:colcon.colcon_core.package_identification:_identify(.) by extensions ['ignore', 'ignore_ament_install']
[0.463s] Level 1:colcon.colcon_core.package_identification:_identify(.) by extension 'ignore'
[0.463s] Level 1:colcon.colcon_core.package_identification:_identify(.) by extension 'ignore_ament_install'
[0.463s] Level 1:colcon.colcon_core.package_identification:_identify(.) by extensions ['colcon_pkg']
[0.463s] Level 1:colcon.colcon_core.package_identification:_identify(.) by extension 'colcon_pkg'
[0.463s] Level 1:colcon.colcon_core.package_identification:_identify(.) by extensions ['colcon_meta']
[0.463s] Level 1:colcon.colcon_core.package_identification:_identify(.) by extension 'colcon_meta'
[0.463s] Level 1:colcon.colcon_core.package_identification:_identify(.) by extensions ['ros']
[0.463s] Level 1:colcon.colcon_core.package_identification:_identify(.) by extension 'ros'
[0.475s] Level 1:colcon.colcon_core.package_identification:_identify(.) by extensions ['cmake', 'python']
[0.475s] Level 1:colcon.colcon_core.package_identification:_identify(.) by extension 'cmake'
[0.475s] Level 1:colcon.colcon_core.package_identification:_identify(.) by extension 'python'
[0.475s] Level 1:colcon.colcon_core.package_identification:_identify(.) by extensions ['python_setup_py']
[0.475s] Level 1:colcon.colcon_core.package_identification:_identify(.) by extension 'python_setup_py'
[0.475s] Level 1:colcon.colcon_core.package_identification:_identify(build) by extensions ['ignore', 'ignore_ament_install']
[0.475s] Level 1:colcon.colcon_core.package_identification:_identify(build) by extension 'ignore'
[0.475s] Level 1:colcon.colcon_core.package_identification:_identify(build) ignored
[0.475s] Level 1:colcon.colcon_core.package_identification:_identify(install) by extensions ['ignore', 'ignore_ament_install']
[0.475s] Level 1:colcon.colcon_core.package_identification:_identify(install) by extension 'ignore'
[0.475s] Level 1:colcon.colcon_core.package_identification:_identify(install) ignored
[0.476s] Level 1:colcon.colcon_core.package_identification:_identify(log) by extensions ['ignore', 'ignore_ament_install']
[0.476s] Level 1:colcon.colcon_core.package_identification:_identify(log) by extension 'ignore'
[0.476s] Level 1:colcon.colcon_core.package_identification:_identify(log) ignored
[0.476s] Level 1:colcon.colcon_core.package_identification:_identify(src) by extensions ['ignore', 'ignore_ament_install']
[0.476s] Level 1:colcon.colcon_core.package_identification:_identify(src) by extension 'ignore'
[0.476s] Level 1:colcon.colcon_core.package_identification:_identify(src) by extension 'ignore_ament_install'
[0.476s] Level 1:colcon.colcon_core.package_identification:_identify(src) by extensions ['colcon_pkg']
[0.476s] Level 1:colcon.colcon_core.package_identification:_identify(src) by extension 'colcon_pkg'
[0.476s] Level 1:colcon.colcon_core.package_identification:_identify(src) by extensions ['colcon_meta']
[0.476s] Level 1:colcon.colcon_core.package_identification:_identify(src) by extension 'colcon_meta'
[0.476s] Level 1:colcon.colcon_core.package_identification:_identify(src) by extensions ['ros']
[0.476s] Level 1:colcon.colcon_core.package_identification:_identify(src) by extension 'ros'
[0.476s] Level 1:colcon.colcon_core.package_identification:_identify(src) by extensions ['cmake', 'python']
[0.476s] Level 1:colcon.colcon_core.package_identification:_identify(src) by extension 'cmake'
[0.476s] Level 1:colcon.colcon_core.package_identification:_identify(src) by extension 'python'
[0.476s] Level 1:colcon.colcon_core.package_identification:_identify(src) by extensions ['python_setup_py']
[0.477s] Level 1:colcon.colcon_core.package_identification:_identify(src) by extension 'python_setup_py'
[0.477s] Level 1:colcon.colcon_core.package_identification:_identify(src/global_launcher) by extensions ['ignore', 'ignore_ament_install']
[0.477s] Level 1:colcon.colcon_core.package_identification:_identify(src/global_launcher) by extension 'ignore'
[0.477s] Level 1:colcon.colcon_core.package_identification:_identify(src/global_launcher) by extension 'ignore_ament_install'
[0.477s] Level 1:colcon.colcon_core.package_identification:_identify(src/global_launcher) by extensions ['colcon_pkg']
[0.477s] Level 1:colcon.colcon_core.package_identification:_identify(src/global_launcher) by extension 'colcon_pkg'
[0.477s] Level 1:colcon.colcon_core.package_identification:_identify(src/global_launcher) by extensions ['colcon_meta']
[0.477s] Level 1:colcon.colcon_core.package_identification:_identify(src/global_launcher) by extension 'colcon_meta'
[0.477s] Level 1:colcon.colcon_core.package_identification:_identify(src/global_launcher) by extensions ['ros']
[0.477s] Level 1:colcon.colcon_core.package_identification:_identify(src/global_launcher) by extension 'ros'
[0.479s] DEBUG:colcon.colcon_core.package_identification:Package 'src/global_launcher' with type 'ros.ament_cmake' and name 'global_launcher'
[0.480s] Level 1:colcon.colcon_core.package_identification:_identify(src/micro_ros_setup) by extensions ['ignore', 'ignore_ament_install']
[0.480s] Level 1:colcon.colcon_core.package_identification:_identify(src/micro_ros_setup) by extension 'ignore'
[0.480s] Level 1:colcon.colcon_core.package_identification:_identify(src/micro_ros_setup) by extension 'ignore_ament_install'
[0.480s] Level 1:colcon.colcon_core.package_identification:_identify(src/micro_ros_setup) by extensions ['colcon_pkg']
[0.480s] Level 1:colcon.colcon_core.package_identification:_identify(src/micro_ros_setup) by extension 'colcon_pkg'
[0.480s] Level 1:colcon.colcon_core.package_identification:_identify(src/micro_ros_setup) by extensions ['colcon_meta']
[0.480s] Level 1:colcon.colcon_core.package_identification:_identify(src/micro_ros_setup) by extension 'colcon_meta'
[0.480s] Level 1:colcon.colcon_core.package_identification:_identify(src/micro_ros_setup) by extensions ['ros']
[0.480s] Level 1:colcon.colcon_core.package_identification:_identify(src/micro_ros_setup) by extension 'ros'
[0.481s] DEBUG:colcon.colcon_core.package_identification:Package 'src/micro_ros_setup' with type 'ros.ament_cmake' and name 'micro_ros_setup'
[0.482s] Level 1:colcon.colcon_core.package_identification:_identify(src/ros2-ublox-zedf9p) by extensions ['ignore', 'ignore_ament_install']
[0.482s] Level 1:colcon.colcon_core.package_identification:_identify(src/ros2-ublox-zedf9p) by extension 'ignore'
[0.482s] Level 1:colcon.colcon_core.package_identification:_identify(src/ros2-ublox-zedf9p) by extension 'ignore_ament_install'
[0.482s] Level 1:colcon.colcon_core.package_identification:_identify(src/ros2-ublox-zedf9p) by extensions ['colcon_pkg']
[0.482s] Level 1:colcon.colcon_core.package_identification:_identify(src/ros2-ublox-zedf9p) by extension 'colcon_pkg'
[0.483s] Level 1:colcon.colcon_core.package_identification:_identify(src/ros2-ublox-zedf9p) by extensions ['colcon_meta']
[0.483s] Level 1:colcon.colcon_core.package_identification:_identify(src/ros2-ublox-zedf9p) by extension 'colcon_meta'
[0.484s] Level 1:colcon.colcon_core.package_identification:_identify(src/ros2-ublox-zedf9p) by extensions ['ros']
[0.484s] Level 1:colcon.colcon_core.package_identification:_identify(src/ros2-ublox-zedf9p) by extension 'ros'
[0.484s] Level 1:colcon.colcon_core.package_identification:_identify(src/ros2-ublox-zedf9p) by extensions ['cmake', 'python']
[0.484s] Level 1:colcon.colcon_core.package_identification:_identify(src/ros2-ublox-zedf9p) by extension 'cmake'
[0.484s] Level 1:colcon.colcon_core.package_identification:_identify(src/ros2-ublox-zedf9p) by extension 'python'
[0.484s] Level 1:colcon.colcon_core.package_identification:_identify(src/ros2-ublox-zedf9p) by extensions ['python_setup_py']
[0.484s] Level 1:colcon.colcon_core.package_identification:_identify(src/ros2-ublox-zedf9p) by extension 'python_setup_py'
[0.485s] Level 1:colcon.colcon_core.package_identification:_identify(src/ros2-ublox-zedf9p/pics) by extensions ['ignore', 'ignore_ament_install']
[0.485s] Level 1:colcon.colcon_core.package_identification:_identify(src/ros2-ublox-zedf9p/pics) by extension 'ignore'
[0.485s] Level 1:colcon.colcon_core.package_identification:_identify(src/ros2-ublox-zedf9p/pics) by extension 'ignore_ament_install'
[0.485s] Level 1:colcon.colcon_core.package_identification:_identify(src/ros2-ublox-zedf9p/pics) by extensions ['colcon_pkg']
[0.485s] Level 1:colcon.colcon_core.package_identification:_identify(src/ros2-ublox-zedf9p/pics) by extension 'colcon_pkg'
[0.485s] Level 1:colcon.colcon_core.package_identification:_identify(src/ros2-ublox-zedf9p/pics) by extensions ['colcon_meta']
[0.486s] Level 1:colcon.colcon_core.package_identification:_identify(src/ros2-ublox-zedf9p/pics) by extension 'colcon_meta'
[0.486s] Level 1:colcon.colcon_core.package_identification:_identify(src/ros2-ublox-zedf9p/pics) by extensions ['ros']
[0.486s] Level 1:colcon.colcon_core.package_identification:_identify(src/ros2-ublox-zedf9p/pics) by extension 'ros'
[0.486s] Level 1:colcon.colcon_core.package_identification:_identify(src/ros2-ublox-zedf9p/pics) by extensions ['cmake', 'python']
[0.486s] Level 1:colcon.colcon_core.package_identification:_identify(src/ros2-ublox-zedf9p/pics) by extension 'cmake'
[0.486s] Level 1:colcon.colcon_core.package_identification:_identify(src/ros2-ublox-zedf9p/pics) by extension 'python'
[0.486s] Level 1:colcon.colcon_core.package_identification:_identify(src/ros2-ublox-zedf9p/pics) by extensions ['python_setup_py']
[0.486s] Level 1:colcon.colcon_core.package_identification:_identify(src/ros2-ublox-zedf9p/pics) by extension 'python_setup_py'
[0.487s] Level 1:colcon.colcon_core.package_identification:_identify(src/ros2-ublox-zedf9p/ublox) by extensions ['ignore', 'ignore_ament_install']
[0.487s] Level 1:colcon.colcon_core.package_identification:_identify(src/ros2-ublox-zedf9p/ublox) by extension 'ignore'
[0.487s] Level 1:colcon.colcon_core.package_identification:_identify(src/ros2-ublox-zedf9p/ublox) by extension 'ignore_ament_install'
[0.487s] Level 1:colcon.colcon_core.package_identification:_identify(src/ros2-ublox-zedf9p/ublox) by extensions ['colcon_pkg']
[0.487s] Level 1:colcon.colcon_core.package_identification:_identify(src/ros2-ublox-zedf9p/ublox) by extension 'colcon_pkg'
[0.487s] Level 1:colcon.colcon_core.package_identification:_identify(src/ros2-ublox-zedf9p/ublox) by extensions ['colcon_meta']
[0.487s] Level 1:colcon.colcon_core.package_identification:_identify(src/ros2-ublox-zedf9p/ublox) by extension 'colcon_meta'
[0.487s] Level 1:colcon.colcon_core.package_identification:_identify(src/ros2-ublox-zedf9p/ublox) by extensions ['ros']
[0.487s] Level 1:colcon.colcon_core.package_identification:_identify(src/ros2-ublox-zedf9p/ublox) by extension 'ros'
[0.488s] DEBUG:colcon.colcon_core.package_identification:Package 'src/ros2-ublox-zedf9p/ublox' with type 'ros.ament_cmake' and name 'ublox'
[0.488s] Level 1:colcon.colcon_core.package_identification:_identify(src/ros2-ublox-zedf9p/ublox_gps) by extensions ['ignore', 'ignore_ament_install']
[0.488s] Level 1:colcon.colcon_core.package_identification:_identify(src/ros2-ublox-zedf9p/ublox_gps) by extension 'ignore'
[0.489s] Level 1:colcon.colcon_core.package_identification:_identify(src/ros2-ublox-zedf9p/ublox_gps) by extension 'ignore_ament_install'
[0.489s] Level 1:colcon.colcon_core.package_identification:_identify(src/ros2-ublox-zedf9p/ublox_gps) by extensions ['colcon_pkg']
[0.489s] Level 1:colcon.colcon_core.package_identification:_identify(src/ros2-ublox-zedf9p/ublox_gps) by extension 'colcon_pkg'
[0.489s] Level 1:colcon.colcon_core.package_identification:_identify(src/ros2-ublox-zedf9p/ublox_gps) by extensions ['colcon_meta']
[0.489s] Level 1:colcon.colcon_core.package_identification:_identify(src/ros2-ublox-zedf9p/ublox_gps) by extension 'colcon_meta'
[0.489s] Level 1:colcon.colcon_core.package_identification:_identify(src/ros2-ublox-zedf9p/ublox_gps) by extensions ['ros']
[0.489s] Level 1:colcon.colcon_core.package_identification:_identify(src/ros2-ublox-zedf9p/ublox_gps) by extension 'ros'
[0.490s] DEBUG:colcon.colcon_core.package_identification:Package 'src/ros2-ublox-zedf9p/ublox_gps' with type 'ros.ament_cmake' and name 'ublox_gps'
[0.491s] Level 1:colcon.colcon_core.package_identification:_identify(src/ros2-ublox-zedf9p/ublox_msgs) by extensions ['ignore', 'ignore_ament_install']
[0.491s] Level 1:colcon.colcon_core.package_identification:_identify(src/ros2-ublox-zedf9p/ublox_msgs) by extension 'ignore'
[0.491s] Level 1:colcon.colcon_core.package_identification:_identify(src/ros2-ublox-zedf9p/ublox_msgs) by extension 'ignore_ament_install'
[0.491s] Level 1:colcon.colcon_core.package_identification:_identify(src/ros2-ublox-zedf9p/ublox_msgs) by extensions ['colcon_pkg']
[0.491s] Level 1:colcon.colcon_core.package_identification:_identify(src/ros2-ublox-zedf9p/ublox_msgs) by extension 'colcon_pkg'
[0.491s] Level 1:colcon.colcon_core.package_identification:_identify(src/ros2-ublox-zedf9p/ublox_msgs) by extensions ['colcon_meta']
[0.491s] Level 1:colcon.colcon_core.package_identification:_identify(src/ros2-ublox-zedf9p/ublox_msgs) by extension 'colcon_meta'
[0.491s] Level 1:colcon.colcon_core.package_identification:_identify(src/ros2-ublox-zedf9p/ublox_msgs) by extensions ['ros']
[0.491s] Level 1:colcon.colcon_core.package_identification:_identify(src/ros2-ublox-zedf9p/ublox_msgs) by extension 'ros'
[0.493s] DEBUG:colcon.colcon_core.package_identification:Package 'src/ros2-ublox-zedf9p/ublox_msgs' with type 'ros.ament_cmake' and name 'ublox_msgs'
[0.493s] Level 1:colcon.colcon_core.package_identification:_identify(src/ros2-ublox-zedf9p/ublox_serialization) by extensions ['ignore', 'ignore_ament_install']
[0.493s] Level 1:colcon.colcon_core.package_identification:_identify(src/ros2-ublox-zedf9p/ublox_serialization) by extension 'ignore'
[0.493s] Level 1:colcon.colcon_core.package_identification:_identify(src/ros2-ublox-zedf9p/ublox_serialization) by extension 'ignore_ament_install'
[0.493s] Level 1:colcon.colcon_core.package_identification:_identify(src/ros2-ublox-zedf9p/ublox_serialization) by extensions ['colcon_pkg']
[0.493s] Level 1:colcon.colcon_core.package_identification:_identify(src/ros2-ublox-zedf9p/ublox_serialization) by extension 'colcon_pkg'
[0.493s] Level 1:colcon.colcon_core.package_identification:_identify(src/ros2-ublox-zedf9p/ublox_serialization) by extensions ['colcon_meta']
[0.493s] Level 1:colcon.colcon_core.package_identification:_identify(src/ros2-ublox-zedf9p/ublox_serialization) by extension 'colcon_meta'
[0.493s] Level 1:colcon.colcon_core.package_identification:_identify(src/ros2-ublox-zedf9p/ublox_serialization) by extensions ['ros']
[0.493s] Level 1:colcon.colcon_core.package_identification:_identify(src/ros2-ublox-zedf9p/ublox_serialization) by extension 'ros'
[0.494s] DEBUG:colcon.colcon_core.package_identification:Package 'src/ros2-ublox-zedf9p/ublox_serialization' with type 'ros.ament_cmake' and name 'ublox_serialization'
[0.494s] Level 1:colcon.colcon_core.package_identification:_identify(src/rplidar_ros) by extensions ['ignore', 'ignore_ament_install']
[0.494s] Level 1:colcon.colcon_core.package_identification:_identify(src/rplidar_ros) by extension 'ignore'
[0.494s] Level 1:colcon.colcon_core.package_identification:_identify(src/rplidar_ros) by extension 'ignore_ament_install'
[0.494s] Level 1:colcon.colcon_core.package_identification:_identify(src/rplidar_ros) by extensions ['colcon_pkg']
[0.495s] Level 1:colcon.colcon_core.package_identification:_identify(src/rplidar_ros) by extension 'colcon_pkg'
[0.495s] Level 1:colcon.colcon_core.package_identification:_identify(src/rplidar_ros) by extensions ['colcon_meta']
[0.495s] Level 1:colcon.colcon_core.package_identification:_identify(src/rplidar_ros) by extension 'colcon_meta'
[0.495s] Level 1:colcon.colcon_core.package_identification:_identify(src/rplidar_ros) by extensions ['ros']
[0.495s] Level 1:colcon.colcon_core.package_identification:_identify(src/rplidar_ros) by extension 'ros'
[0.496s] DEBUG:colcon.colcon_core.package_identification:Package 'src/rplidar_ros' with type 'ros.ament_cmake' and name 'rplidar_ros'
[0.496s] Level 1:colcon.colcon_core.package_discovery:discover_packages(recursive) using defaults
[0.496s] Level 1:colcon.colcon_core.package_discovery:discover_packages(ignore) discover
[0.496s] Level 1:colcon.colcon_core.package_discovery:discover_packages(ignore) using defaults
[0.496s] Level 1:colcon.colcon_core.package_discovery:discover_packages(path) discover
[0.496s] Level 1:colcon.colcon_core.package_discovery:discover_packages(path) using defaults
[0.519s] Level 1:colcon.colcon_core.package_discovery:discover_packages(prefix_path) check parameters
[0.519s] Level 1:colcon.colcon_core.package_discovery:discover_packages(prefix_path) discover
[0.522s] DEBUG:colcon.colcon_installed_package_information.package_discovery:Found 6 installed packages in /home/gurupranav/Programming/ros2_tut/igvc/install
[0.523s] DEBUG:colcon.colcon_installed_package_information.package_discovery:Found 296 installed packages in /opt/ros/humble
[0.535s] Level 1:colcon.colcon_core.package_discovery:discover_packages(prefix_path) using defaults
[0.580s] Level 5:colcon.colcon_core.verb:set package 'global_launcher' build argument 'cmake_args' from command line to 'None'
[0.580s] Level 5:colcon.colcon_core.verb:set package 'global_launcher' build argument 'cmake_target' from command line to 'None'
[0.580s] Level 5:colcon.colcon_core.verb:set package 'global_launcher' build argument 'cmake_target_skip_unavailable' from command line to 'False'
[0.581s] Level 5:colcon.colcon_core.verb:set package 'global_launcher' build argument 'cmake_clean_cache' from command line to 'False'
[0.581s] Level 5:colcon.colcon_core.verb:set package 'global_launcher' build argument 'cmake_clean_first' from command line to 'False'
[0.581s] Level 5:colcon.colcon_core.verb:set package 'global_launcher' build argument 'cmake_force_configure' from command line to 'False'
[0.581s] Level 5:colcon.colcon_core.verb:set package 'global_launcher' build argument 'ament_cmake_args' from command line to 'None'
[0.581s] Level 5:colcon.colcon_core.verb:set package 'global_launcher' build argument 'catkin_cmake_args' from command line to 'None'
[0.581s] Level 5:colcon.colcon_core.verb:set package 'global_launcher' build argument 'catkin_skip_building_tests' from command line to 'False'
[0.581s] DEBUG:colcon.colcon_core.verb:Building package 'global_launcher' with the following arguments: {'ament_cmake_args': None, 'build_base': '/home/gurupranav/Programming/ros2_tut/igvc/build/global_launcher', 'catkin_cmake_args': None, 'catkin_skip_building_tests': False, 'cmake_args': None, 'cmake_clean_cache': False, 'cmake_clean_first': False, 'cmake_force_configure': False, 'cmake_target': None, 'cmake_target_skip_unavailable': False, 'install_base': '/home/gurupranav/Programming/ros2_tut/igvc/install/global_launcher', 'merge_install': False, 'path': '/home/gurupranav/Programming/ros2_tut/igvc/src/global_launcher', 'symlink_install': False, 'test_result_base': None}
[0.581s] Level 5:colcon.colcon_core.verb:set package 'micro_ros_setup' build argument 'cmake_args' from command line to 'None'
[0.581s] Level 5:colcon.colcon_core.verb:set package 'micro_ros_setup' build argument 'cmake_target' from command line to 'None'
[0.581s] Level 5:colcon.colcon_core.verb:set package 'micro_ros_setup' build argument 'cmake_target_skip_unavailable' from command line to 'False'
[0.581s] Level 5:colcon.colcon_core.verb:set package 'micro_ros_setup' build argument 'cmake_clean_cache' from command line to 'False'
[0.581s] Level 5:colcon.colcon_core.verb:set package 'micro_ros_setup' build argument 'cmake_clean_first' from command line to 'False'
[0.581s] Level 5:colcon.colcon_core.verb:set package 'micro_ros_setup' build argument 'cmake_force_configure' from command line to 'False'
[0.581s] Level 5:colcon.colcon_core.verb:set package 'micro_ros_setup' build argument 'ament_cmake_args' from command line to 'None'
[0.581s] Level 5:colcon.colcon_core.verb:set package 'micro_ros_setup' build argument 'catkin_cmake_args' from command line to 'None'
[0.581s] Level 5:colcon.colcon_core.verb:set package 'micro_ros_setup' build argument 'catkin_skip_building_tests' from command line to 'False'
[0.582s] DEBUG:colcon.colcon_core.verb:Building package 'micro_ros_setup' with the following arguments: {'ament_cmake_args': None, 'build_base': '/home/gurupranav/Programming/ros2_tut/igvc/build/micro_ros_setup', 'catkin_cmake_args': None, 'catkin_skip_building_tests': False, 'cmake_args': None, 'cmake_clean_cache': False, 'cmake_clean_first': False, 'cmake_force_configure': False, 'cmake_target': None, 'cmake_target_skip_unavailable': False, 'install_base': '/home/gurupranav/Programming/ros2_tut/igvc/install/micro_ros_setup', 'merge_install': False, 'path': '/home/gurupranav/Programming/ros2_tut/igvc/src/micro_ros_setup', 'symlink_install': False, 'test_result_base': None}
[0.582s] Level 5:colcon.colcon_core.verb:set package 'rplidar_ros' build argument 'cmake_args' from command line to 'None'
[0.582s] Level 5:colcon.colcon_core.verb:set package 'rplidar_ros' build argument 'cmake_target' from command line to 'None'
[0.582s] Level 5:colcon.colcon_core.verb:set package 'rplidar_ros' build argument 'cmake_target_skip_unavailable' from command line to 'False'
[0.582s] Level 5:colcon.colcon_core.verb:set package 'rplidar_ros' build argument 'cmake_clean_cache' from command line to 'False'
[0.582s] Level 5:colcon.colcon_core.verb:set package 'rplidar_ros' build argument 'cmake_clean_first' from command line to 'False'
[0.582s] Level 5:colcon.colcon_core.verb:set package 'rplidar_ros' build argument 'cmake_force_configure' from command line to 'False'
[0.582s] Level 5:colcon.colcon_core.verb:set package 'rplidar_ros' build argument 'ament_cmake_args' from command line to 'None'
[0.582s] Level 5:colcon.colcon_core.verb:set package 'rplidar_ros' build argument 'catkin_cmake_args' from command line to 'None'
[0.582s] Level 5:colcon.colcon_core.verb:set package 'rplidar_ros' build argument 'catkin_skip_building_tests' from command line to 'False'
[0.582s] DEBUG:colcon.colcon_core.verb:Building package 'rplidar_ros' with the following arguments: {'ament_cmake_args': None, 'build_base': '/home/gurupranav/Programming/ros2_tut/igvc/build/rplidar_ros', 'catkin_cmake_args': None, 'catkin_skip_building_tests': False, 'cmake_args': None, 'cmake_clean_cache': False, 'cmake_clean_first': False, 'cmake_force_configure': False, 'cmake_target': None, 'cmake_target_skip_unavailable': False, 'install_base': '/home/gurupranav/Programming/ros2_tut/igvc/install/rplidar_ros', 'merge_install': False, 'path': '/home/gurupranav/Programming/ros2_tut/igvc/src/rplidar_ros', 'symlink_install': False, 'test_result_base': None}
[0.583s] Level 5:colcon.colcon_core.verb:set package 'ublox_serialization' build argument 'cmake_args' from command line to 'None'
[0.583s] Level 5:colcon.colcon_core.verb:set package 'ublox_serialization' build argument 'cmake_target' from command line to 'None'
[0.583s] Level 5:colcon.colcon_core.verb:set package 'ublox_serialization' build argument 'cmake_target_skip_unavailable' from command line to 'False'
[0.583s] Level 5:colcon.colcon_core.verb:set package 'ublox_serialization' build argument 'cmake_clean_cache' from command line to 'False'
[0.583s] Level 5:colcon.colcon_core.verb:set package 'ublox_serialization' build argument 'cmake_clean_first' from command line to 'False'
[0.583s] Level 5:colcon.colcon_core.verb:set package 'ublox_serialization' build argument 'cmake_force_configure' from command line to 'False'
[0.583s] Level 5:colcon.colcon_core.verb:set package 'ublox_serialization' build argument 'ament_cmake_args' from command line to 'None'
[0.583s] Level 5:colcon.colcon_core.verb:set package 'ublox_serialization' build argument 'catkin_cmake_args' from command line to 'None'
[0.583s] Level 5:colcon.colcon_core.verb:set package 'ublox_serialization' build argument 'catkin_skip_building_tests' from command line to 'False'
[0.583s] DEBUG:colcon.colcon_core.verb:Building package 'ublox_serialization' with the following arguments: {'ament_cmake_args': None, 'build_base': '/home/gurupranav/Programming/ros2_tut/igvc/build/ublox_serialization', 'catkin_cmake_args': None, 'catkin_skip_building_tests': False, 'cmake_args': None, 'cmake_clean_cache': False, 'cmake_clean_first': False, 'cmake_force_configure': False, 'cmake_target': None, 'cmake_target_skip_unavailable': False, 'install_base': '/home/gurupranav/Programming/ros2_tut/igvc/install/ublox_serialization', 'merge_install': False, 'path': '/home/gurupranav/Programming/ros2_tut/igvc/src/ros2-ublox-zedf9p/ublox_serialization', 'symlink_install': False, 'test_result_base': None}
[0.583s] Level 5:colcon.colcon_core.verb:set package 'ublox_msgs' build argument 'cmake_args' from command line to 'None'
[0.583s] Level 5:colcon.colcon_core.verb:set package 'ublox_msgs' build argument 'cmake_target' from command line to 'None'
[0.583s] Level 5:colcon.colcon_core.verb:set package 'ublox_msgs' build argument 'cmake_target_skip_unavailable' from command line to 'False'
[0.584s] Level 5:colcon.colcon_core.verb:set package 'ublox_msgs' build argument 'cmake_clean_cache' from command line to 'False'
[0.584s] Level 5:colcon.colcon_core.verb:set package 'ublox_msgs' build argument 'cmake_clean_first' from command line to 'False'
[0.584s] Level 5:colcon.colcon_core.verb:set package 'ublox_msgs' build argument 'cmake_force_configure' from command line to 'False'
[0.584s] Level 5:colcon.colcon_core.verb:set package 'ublox_msgs' build argument 'ament_cmake_args' from command line to 'None'
[0.584s] Level 5:colcon.colcon_core.verb:set package 'ublox_msgs' build argument 'catkin_cmake_args' from command line to 'None'
[0.584s] Level 5:colcon.colcon_core.verb:set package 'ublox_msgs' build argument 'catkin_skip_building_tests' from command line to 'False'
[0.584s] DEBUG:colcon.colcon_core.verb:Building package 'ublox_msgs' with the following arguments: {'ament_cmake_args': None, 'build_base': '/home/gurupranav/Programming/ros2_tut/igvc/build/ublox_msgs', 'catkin_cmake_args': None, 'catkin_skip_building_tests': False, 'cmake_args': None, 'cmake_clean_cache': False, 'cmake_clean_first': False, 'cmake_force_configure': False, 'cmake_target': None, 'cmake_target_skip_unavailable': False, 'install_base': '/home/gurupranav/Programming/ros2_tut/igvc/install/ublox_msgs', 'merge_install': False, 'path': '/home/gurupranav/Programming/ros2_tut/igvc/src/ros2-ublox-zedf9p/ublox_msgs', 'symlink_install': False, 'test_result_base': None}
[0.584s] Level 5:colcon.colcon_core.verb:set package 'ublox_gps' build argument 'cmake_args' from command line to 'None'
[0.584s] Level 5:colcon.colcon_core.verb:set package 'ublox_gps' build argument 'cmake_target' from command line to 'None'
[0.584s] Level 5:colcon.colcon_core.verb:set package 'ublox_gps' build argument 'cmake_target_skip_unavailable' from command line to 'False'
[0.584s] Level 5:colcon.colcon_core.verb:set package 'ublox_gps' build argument 'cmake_clean_cache' from command line to 'False'
[0.584s] Level 5:colcon.colcon_core.verb:set package 'ublox_gps' build argument 'cmake_clean_first' from command line to 'False'
[0.584s] Level 5:colcon.colcon_core.verb:set package 'ublox_gps' build argument 'cmake_force_configure' from command line to 'False'
[0.584s] Level 5:colcon.colcon_core.verb:set package 'ublox_gps' build argument 'ament_cmake_args' from command line to 'None'
[0.584s] Level 5:colcon.colcon_core.verb:set package 'ublox_gps' build argument 'catkin_cmake_args' from command line to 'None'
[0.584s] Level 5:colcon.colcon_core.verb:set package 'ublox_gps' build argument 'catkin_skip_building_tests' from command line to 'False'
[0.584s] DEBUG:colcon.colcon_core.verb:Building package 'ublox_gps' with the following arguments: {'ament_cmake_args': None, 'build_base': '/home/gurupranav/Programming/ros2_tut/igvc/build/ublox_gps', 'catkin_cmake_args': None, 'catkin_skip_building_tests': False, 'cmake_args': None, 'cmake_clean_cache': False, 'cmake_clean_first': False, 'cmake_force_configure': False, 'cmake_target': None, 'cmake_target_skip_unavailable': False, 'install_base': '/home/gurupranav/Programming/ros2_tut/igvc/install/ublox_gps', 'merge_install': False, 'path': '/home/gurupranav/Programming/ros2_tut/igvc/src/ros2-ublox-zedf9p/ublox_gps', 'symlink_install': False, 'test_result_base': None}
[0.585s] Level 5:colcon.colcon_core.verb:set package 'ublox' build argument 'cmake_args' from command line to 'None'
[0.585s] Level 5:colcon.colcon_core.verb:set package 'ublox' build argument 'cmake_target' from command line to 'None'
[0.585s] Level 5:colcon.colcon_core.verb:set package 'ublox' build argument 'cmake_target_skip_unavailable' from command line to 'False'
[0.585s] Level 5:colcon.colcon_core.verb:set package 'ublox' build argument 'cmake_clean_cache' from command line to 'False'
[0.585s] Level 5:colcon.colcon_core.verb:set package 'ublox' build argument 'cmake_clean_first' from command line to 'False'
[0.585s] Level 5:colcon.colcon_core.verb:set package 'ublox' build argument 'cmake_force_configure' from command line to 'False'
[0.585s] Level 5:colcon.colcon_core.verb:set package 'ublox' build argument 'ament_cmake_args' from command line to 'None'
[0.585s] Level 5:colcon.colcon_core.verb:set package 'ublox' build argument 'catkin_cmake_args' from command line to 'None'
[0.585s] Level 5:colcon.colcon_core.verb:set package 'ublox' build argument 'catkin_skip_building_tests' from command line to 'False'
[0.585s] DEBUG:colcon.colcon_core.verb:Building package 'ublox' with the following arguments: {'ament_cmake_args': None, 'build_base': '/home/gurupranav/Programming/ros2_tut/igvc/build/ublox', 'catkin_cmake_args': None, 'catkin_skip_building_tests': False, 'cmake_args': None, 'cmake_clean_cache': False, 'cmake_clean_first': False, 'cmake_force_configure': False, 'cmake_target': None, 'cmake_target_skip_unavailable': False, 'install_base': '/home/gurupranav/Programming/ros2_tut/igvc/install/ublox', 'merge_install': False, 'path': '/home/gurupranav/Programming/ros2_tut/igvc/src/ros2-ublox-zedf9p/ublox', 'symlink_install': False, 'test_result_base': None}
[0.585s] INFO:colcon.colcon_core.executor:Executing jobs using 'parallel' executor
[0.586s] DEBUG:colcon.colcon_parallel_executor.executor.parallel:run_until_complete
[0.587s] INFO:colcon.colcon_ros.task.ament_cmake.build:Building ROS package in '/home/gurupranav/Programming/ros2_tut/igvc/src/ros2-ublox-zedf9p/ublox_serialization' with build type 'ament_cmake'
[0.587s] INFO:colcon.colcon_cmake.task.cmake.build:Building CMake package in '/home/gurupranav/Programming/ros2_tut/igvc/src/ros2-ublox-zedf9p/ublox_serialization'
[0.591s] INFO:colcon.colcon_core.plugin_system:Skipping extension 'colcon_core.shell.bat': Not used on non-Windows systems
[0.591s] INFO:colcon.colcon_core.shell:Skip shell extension 'powershell' for command environment: Not usable outside of PowerShell
[0.591s] DEBUG:colcon.colcon_core.shell:Skip shell extension 'dsv' for command environment
[0.596s] INFO:colcon.colcon_ros.task.ament_cmake.build:Building ROS package in '/home/gurupranav/Programming/ros2_tut/igvc/src/global_launcher' with build type 'ament_cmake'
[0.596s] INFO:colcon.colcon_cmake.task.cmake.build:Building CMake package in '/home/gurupranav/Programming/ros2_tut/igvc/src/global_launcher'
[0.596s] INFO:colcon.colcon_core.shell:Skip shell extension 'powershell' for command environment: Not usable outside of PowerShell
[0.597s] DEBUG:colcon.colcon_core.shell:Skip shell extension 'dsv' for command environment
[0.601s] INFO:colcon.colcon_ros.task.ament_cmake.build:Building ROS package in '/home/gurupranav/Programming/ros2_tut/igvc/src/micro_ros_setup' with build type 'ament_cmake'
[0.601s] INFO:colcon.colcon_cmake.task.cmake.build:Building CMake package in '/home/gurupranav/Programming/ros2_tut/igvc/src/micro_ros_setup'
[0.602s] INFO:colcon.colcon_core.shell:Skip shell extension 'powershell' for command environment: Not usable outside of PowerShell
[0.602s] DEBUG:colcon.colcon_core.shell:Skip shell extension 'dsv' for command environment
[0.606s] INFO:colcon.colcon_ros.task.ament_cmake.build:Building ROS package in '/home/gurupranav/Programming/ros2_tut/igvc/src/rplidar_ros' with build type 'ament_cmake'
[0.606s] INFO:colcon.colcon_cmake.task.cmake.build:Building CMake package in '/home/gurupranav/Programming/ros2_tut/igvc/src/rplidar_ros'
[0.607s] INFO:colcon.colcon_core.shell:Skip shell extension 'powershell' for command environment: Not usable outside of PowerShell
[0.607s] DEBUG:colcon.colcon_core.shell:Skip shell extension 'dsv' for command environment
[0.621s] DEBUG:colcon.colcon_core.event_handler.log_command:Invoking command in '/home/gurupranav/Programming/ros2_tut/igvc/build/ublox_serialization': CMAKE_PREFIX_PATH=${CMAKE_PREFIX_PATH}:/opt/ros/humble /usr/bin/cmake --build /home/gurupranav/Programming/ros2_tut/igvc/build/ublox_serialization -- -j16 -l16
[0.627s] DEBUG:colcon.colcon_core.event_handler.log_command:Invoking command in '/home/gurupranav/Programming/ros2_tut/igvc/build/global_launcher': CMAKE_PREFIX_PATH=${CMAKE_PREFIX_PATH}:/opt/ros/humble /usr/bin/cmake --build /home/gurupranav/Programming/ros2_tut/igvc/build/global_launcher -- -j16 -l16
[0.634s] DEBUG:colcon.colcon_core.event_handler.log_command:Invoking command in '/home/gurupranav/Programming/ros2_tut/igvc/build/micro_ros_setup': CMAKE_PREFIX_PATH=${CMAKE_PREFIX_PATH}:/opt/ros/humble /usr/bin/cmake /home/gurupranav/Programming/ros2_tut/igvc/src/micro_ros_setup -DCMAKE_INSTALL_PREFIX=/home/gurupranav/Programming/ros2_tut/igvc/install/micro_ros_setup
[0.641s] DEBUG:colcon.colcon_core.event_handler.log_command:Invoking command in '/home/gurupranav/Programming/ros2_tut/igvc/build/rplidar_ros': CMAKE_PREFIX_PATH=${CMAKE_PREFIX_PATH}:/opt/ros/humble /usr/bin/cmake --build /home/gurupranav/Programming/ros2_tut/igvc/build/rplidar_ros -- -j16 -l16
[0.675s] DEBUG:colcon.colcon_core.event_handler.log_command:Invoked command in '/home/gurupranav/Programming/ros2_tut/igvc/build/ublox_serialization' returned '0': CMAKE_PREFIX_PATH=${CMAKE_PREFIX_PATH}:/opt/ros/humble /usr/bin/cmake --build /home/gurupranav/Programming/ros2_tut/igvc/build/ublox_serialization -- -j16 -l16
[0.676s] DEBUG:colcon.colcon_core.event_handler.log_command:Invoked command in '/home/gurupranav/Programming/ros2_tut/igvc/build/global_launcher' returned '0': CMAKE_PREFIX_PATH=${CMAKE_PREFIX_PATH}:/opt/ros/humble /usr/bin/cmake --build /home/gurupranav/Programming/ros2_tut/igvc/build/global_launcher -- -j16 -l16
[0.729s] DEBUG:colcon.colcon_core.event_handler.log_command:Invoking command in '/home/gurupranav/Programming/ros2_tut/igvc/build/ublox_serialization': CMAKE_PREFIX_PATH=${CMAKE_PREFIX_PATH}:/opt/ros/humble /usr/bin/cmake --install /home/gurupranav/Programming/ros2_tut/igvc/build/ublox_serialization
[0.734s] DEBUG:colcon.colcon_core.event_handler.log_command:Invoking command in '/home/gurupranav/Programming/ros2_tut/igvc/build/global_launcher': CMAKE_PREFIX_PATH=${CMAKE_PREFIX_PATH}:/opt/ros/humble /usr/bin/cmake --install /home/gurupranav/Programming/ros2_tut/igvc/build/global_launcher
[0.748s] Level 1:colcon.colcon_core.environment:create_environment_scripts_only(ublox_serialization)
[0.758s] DEBUG:colcon.colcon_core.event_handler.log_command:Invoked command in '/home/gurupranav/Programming/ros2_tut/igvc/build/ublox_serialization' returned '0': CMAKE_PREFIX_PATH=${CMAKE_PREFIX_PATH}:/opt/ros/humble /usr/bin/cmake --install /home/gurupranav/Programming/ros2_tut/igvc/build/ublox_serialization
[0.760s] Level 1:colcon.colcon_core.environment:checking '/home/gurupranav/Programming/ros2_tut/igvc/install/ublox_serialization' for CMake module files
[0.761s] Level 1:colcon.colcon_core.environment:checking '/home/gurupranav/Programming/ros2_tut/igvc/install/ublox_serialization' for CMake config files
[0.762s] Level 1:colcon.colcon_core.shell:create_environment_hook('ublox_serialization', 'cmake_prefix_path')
[0.762s] INFO:colcon.colcon_core.shell:Creating environment hook '/home/gurupranav/Programming/ros2_tut/igvc/install/ublox_serialization/share/ublox_serialization/hook/cmake_prefix_path.ps1'
[0.763s] INFO:colcon.colcon_core.shell:Creating environment descriptor '/home/gurupranav/Programming/ros2_tut/igvc/install/ublox_serialization/share/ublox_serialization/hook/cmake_prefix_path.dsv'
[0.764s] INFO:colcon.colcon_core.shell:Creating environment hook '/home/gurupranav/Programming/ros2_tut/igvc/install/ublox_serialization/share/ublox_serialization/hook/cmake_prefix_path.sh'
[0.766s] Level 1:colcon.colcon_core.environment:checking '/home/gurupranav/Programming/ros2_tut/igvc/install/ublox_serialization/bin'
[0.766s] Level 1:colcon.colcon_core.environment:checking '/home/gurupranav/Programming/ros2_tut/igvc/install/ublox_serialization/lib/pkgconfig/ublox_serialization.pc'
[0.766s] Level 1:colcon.colcon_core.environment:checking '/home/gurupranav/Programming/ros2_tut/igvc/install/ublox_serialization/lib/python3.10/site-packages'
[0.767s] Level 1:colcon.colcon_core.environment:checking '/home/gurupranav/Programming/ros2_tut/igvc/install/ublox_serialization/bin'
[0.767s] INFO:colcon.colcon_core.shell:Creating package script '/home/gurupranav/Programming/ros2_tut/igvc/install/ublox_serialization/share/ublox_serialization/package.ps1'
[0.768s] INFO:colcon.colcon_core.shell:Creating package descriptor '/home/gurupranav/Programming/ros2_tut/igvc/install/ublox_serialization/share/ublox_serialization/package.dsv'
[0.769s] INFO:colcon.colcon_core.shell:Creating package script '/home/gurupranav/Programming/ros2_tut/igvc/install/ublox_serialization/share/ublox_serialization/package.sh'
[0.771s] INFO:colcon.colcon_core.shell:Creating package script '/home/gurupranav/Programming/ros2_tut/igvc/install/ublox_serialization/share/ublox_serialization/package.bash'
[0.772s] INFO:colcon.colcon_core.shell:Creating package script '/home/gurupranav/Programming/ros2_tut/igvc/install/ublox_serialization/share/ublox_serialization/package.zsh'
[0.773s] Level 1:colcon.colcon_core.environment:create_file_with_runtime_dependencies(/home/gurupranav/Programming/ros2_tut/igvc/install/ublox_serialization/share/colcon-core/packages/ublox_serialization)
[0.775s] Level 1:colcon.colcon_core.environment:create_environment_scripts_only(global_launcher)
[0.775s] Level 1:colcon.colcon_core.environment:checking '/home/gurupranav/Programming/ros2_tut/igvc/install/global_launcher' for CMake module files
[0.776s] DEBUG:colcon.colcon_core.event_handler.log_command:Invoked command in '/home/gurupranav/Programming/ros2_tut/igvc/build/global_launcher' returned '0': CMAKE_PREFIX_PATH=${CMAKE_PREFIX_PATH}:/opt/ros/humble /usr/bin/cmake --install /home/gurupranav/Programming/ros2_tut/igvc/build/global_launcher
[0.776s] Level 1:colcon.colcon_core.environment:checking '/home/gurupranav/Programming/ros2_tut/igvc/install/global_launcher' for CMake config files
[0.777s] Level 1:colcon.colcon_core.shell:create_environment_hook('global_launcher', 'cmake_prefix_path')
[0.777s] INFO:colcon.colcon_core.shell:Creating environment hook '/home/gurupranav/Programming/ros2_tut/igvc/install/global_launcher/share/global_launcher/hook/cmake_prefix_path.ps1'
[0.778s] INFO:colcon.colcon_core.shell:Creating environment descriptor '/home/gurupranav/Programming/ros2_tut/igvc/install/global_launcher/share/global_launcher/hook/cmake_prefix_path.dsv'
[0.778s] INFO:colcon.colcon_core.shell:Creating environment hook '/home/gurupranav/Programming/ros2_tut/igvc/install/global_launcher/share/global_launcher/hook/cmake_prefix_path.sh'
[0.779s] Level 1:colcon.colcon_core.environment:checking '/home/gurupranav/Programming/ros2_tut/igvc/install/global_launcher/bin'
[0.779s] Level 1:colcon.colcon_core.environment:checking '/home/gurupranav/Programming/ros2_tut/igvc/install/global_launcher/lib/pkgconfig/global_launcher.pc'
[0.779s] Level 1:colcon.colcon_core.environment:checking '/home/gurupranav/Programming/ros2_tut/igvc/install/global_launcher/lib/python3.10/site-packages'
[0.780s] Level 1:colcon.colcon_core.environment:checking '/home/gurupranav/Programming/ros2_tut/igvc/install/global_launcher/bin'
[0.780s] INFO:colcon.colcon_core.shell:Creating package script '/home/gurupranav/Programming/ros2_tut/igvc/install/global_launcher/share/global_launcher/package.ps1'
[0.781s] INFO:colcon.colcon_core.shell:Creating package descriptor '/home/gurupranav/Programming/ros2_tut/igvc/install/global_launcher/share/global_launcher/package.dsv'
[0.782s] INFO:colcon.colcon_core.shell:Creating package script '/home/gurupranav/Programming/ros2_tut/igvc/install/global_launcher/share/global_launcher/package.sh'
[0.782s] INFO:colcon.colcon_core.shell:Creating package script '/home/gurupranav/Programming/ros2_tut/igvc/install/global_launcher/share/global_launcher/package.bash'
[0.783s] INFO:colcon.colcon_core.shell:Creating package script '/home/gurupranav/Programming/ros2_tut/igvc/install/global_launcher/share/global_launcher/package.zsh'
[0.783s] Level 1:colcon.colcon_core.environment:create_file_with_runtime_dependencies(/home/gurupranav/Programming/ros2_tut/igvc/install/global_launcher/share/colcon-core/packages/global_launcher)
[0.801s] Level 1:colcon.colcon_core.environment:create_environment_scripts_only(ublox_serialization)
[0.801s] Level 1:colcon.colcon_core.environment:checking '/home/gurupranav/Programming/ros2_tut/igvc/install/ublox_serialization' for CMake module files
[0.802s] Level 1:colcon.colcon_core.environment:checking '/home/gurupranav/Programming/ros2_tut/igvc/install/ublox_serialization' for CMake config files
[0.802s] Level 1:colcon.colcon_core.shell:create_environment_hook('ublox_serialization', 'cmake_prefix_path')
[0.803s] INFO:colcon.colcon_core.shell:Creating environment hook '/home/gurupranav/Programming/ros2_tut/igvc/install/ublox_serialization/share/ublox_serialization/hook/cmake_prefix_path.ps1'
[0.804s] INFO:colcon.colcon_core.shell:Creating environment descriptor '/home/gurupranav/Programming/ros2_tut/igvc/install/ublox_serialization/share/ublox_serialization/hook/cmake_prefix_path.dsv'
[0.804s] INFO:colcon.colcon_core.shell:Creating environment hook '/home/gurupranav/Programming/ros2_tut/igvc/install/ublox_serialization/share/ublox_serialization/hook/cmake_prefix_path.sh'
[0.805s] Level 1:colcon.colcon_core.environment:checking '/home/gurupranav/Programming/ros2_tut/igvc/install/ublox_serialization/bin'
[0.805s] Level 1:colcon.colcon_core.environment:checking '/home/gurupranav/Programming/ros2_tut/igvc/install/ublox_serialization/lib/pkgconfig/ublox_serialization.pc'
[0.805s] Level 1:colcon.colcon_core.environment:checking '/home/gurupranav/Programming/ros2_tut/igvc/install/ublox_serialization/lib/python3.10/site-packages'
[0.806s] Level 1:colcon.colcon_core.environment:checking '/home/gurupranav/Programming/ros2_tut/igvc/install/ublox_serialization/bin'
[0.806s] INFO:colcon.colcon_core.shell:Creating package script '/home/gurupranav/Programming/ros2_tut/igvc/install/ublox_serialization/share/ublox_serialization/package.ps1'
[0.807s] INFO:colcon.colcon_core.shell:Creating package descriptor '/home/gurupranav/Programming/ros2_tut/igvc/install/ublox_serialization/share/ublox_serialization/package.dsv'
[0.807s] INFO:colcon.colcon_core.shell:Creating package script '/home/gurupranav/Programming/ros2_tut/igvc/install/ublox_serialization/share/ublox_serialization/package.sh'
[0.808s] INFO:colcon.colcon_core.shell:Creating package script '/home/gurupranav/Programming/ros2_tut/igvc/install/ublox_serialization/share/ublox_serialization/package.bash'
[0.808s] INFO:colcon.colcon_core.shell:Creating package script '/home/gurupranav/Programming/ros2_tut/igvc/install/ublox_serialization/share/ublox_serialization/package.zsh'
[0.809s] Level 1:colcon.colcon_core.environment:create_file_with_runtime_dependencies(/home/gurupranav/Programming/ros2_tut/igvc/install/ublox_serialization/share/colcon-core/packages/ublox_serialization)
[0.810s] INFO:colcon.colcon_ros.task.ament_cmake.build:Building ROS package in '/home/gurupranav/Programming/ros2_tut/igvc/src/ros2-ublox-zedf9p/ublox_msgs' with build type 'ament_cmake'
[0.810s] INFO:colcon.colcon_cmake.task.cmake.build:Building CMake package in '/home/gurupranav/Programming/ros2_tut/igvc/src/ros2-ublox-zedf9p/ublox_msgs'
[0.811s] INFO:colcon.colcon_core.shell:Skip shell extension 'powershell' for command environment: Not usable outside of PowerShell
[0.811s] DEBUG:colcon.colcon_core.shell:Skip shell extension 'dsv' for command environment
[0.817s] Level 1:colcon.colcon_core.environment:create_environment_scripts_only(global_launcher)
[0.817s] Level 1:colcon.colcon_core.environment:checking '/home/gurupranav/Programming/ros2_tut/igvc/install/global_launcher' for CMake module files
[0.818s] Level 1:colcon.colcon_core.environment:checking '/home/gurupranav/Programming/ros2_tut/igvc/install/global_launcher' for CMake config files
[0.818s] Level 1:colcon.colcon_core.shell:create_environment_hook('global_launcher', 'cmake_prefix_path')
[0.819s] INFO:colcon.colcon_core.shell:Creating environment hook '/home/gurupranav/Programming/ros2_tut/igvc/install/global_launcher/share/global_launcher/hook/cmake_prefix_path.ps1'
[0.820s] INFO:colcon.colcon_core.shell:Creating environment descriptor '/home/gurupranav/Programming/ros2_tut/igvc/install/global_launcher/share/global_launcher/hook/cmake_prefix_path.dsv'
[0.820s] INFO:colcon.colcon_core.shell:Creating environment hook '/home/gurupranav/Programming/ros2_tut/igvc/install/global_launcher/share/global_launcher/hook/cmake_prefix_path.sh'
[0.821s] Level 1:colcon.colcon_core.environment:checking '/home/gurupranav/Programming/ros2_tut/igvc/install/global_launcher/bin'
[0.821s] Level 1:colcon.colcon_core.environment:checking '/home/gurupranav/Programming/ros2_tut/igvc/install/global_launcher/lib/pkgconfig/global_launcher.pc'
[0.822s] Level 1:colcon.colcon_core.environment:checking '/home/gurupranav/Programming/ros2_tut/igvc/install/global_launcher/lib/python3.10/site-packages'
[0.822s] Level 1:colcon.colcon_core.environment:checking '/home/gurupranav/Programming/ros2_tut/igvc/install/global_launcher/bin'
[0.822s] INFO:colcon.colcon_core.shell:Creating package script '/home/gurupranav/Programming/ros2_tut/igvc/install/global_launcher/share/global_launcher/package.ps1'
[0.823s] INFO:colcon.colcon_core.shell:Creating package descriptor '/home/gurupranav/Programming/ros2_tut/igvc/install/global_launcher/share/global_launcher/package.dsv'
[0.824s] INFO:colcon.colcon_core.shell:Creating package script '/home/gurupranav/Programming/ros2_tut/igvc/install/global_launcher/share/global_launcher/package.sh'
[0.824s] INFO:colcon.colcon_core.shell:Creating package script '/home/gurupranav/Programming/ros2_tut/igvc/install/global_launcher/share/global_launcher/package.bash'
[0.825s] INFO:colcon.colcon_core.shell:Creating package script '/home/gurupranav/Programming/ros2_tut/igvc/install/global_launcher/share/global_launcher/package.zsh'
[0.825s] Level 1:colcon.colcon_core.environment:create_file_with_runtime_dependencies(/home/gurupranav/Programming/ros2_tut/igvc/install/global_launcher/share/colcon-core/packages/global_launcher)
[0.920s] DEBUG:colcon.colcon_core.event_handler.log_command:Invoking command in '/home/gurupranav/Programming/ros2_tut/igvc/build/ublox_msgs': CMAKE_PREFIX_PATH=/home/gurupranav/Programming/ros2_tut/igvc/install/ublox_serialization:/home/gurupranav/Programming/ros2_tut/igvc/install/ublox:/home/gurupranav/Programming/ros2_tut/igvc/install/ublox_gps:/home/gurupranav/Programming/ros2_tut/igvc/install/ublox_msgs:/home/gurupranav/Programming/ros2_tut/igvc/install/rplidar_ros:/home/gurupranav/Programming/ros2_tut/igvc/install/global_launcher:/opt/ros/humble /usr/bin/cmake --build /home/gurupranav/Programming/ros2_tut/igvc/build/ublox_msgs -- -j16 -l16
[1.154s] DEBUG:colcon.colcon_core.event_handler.log_command:Invoked command in '/home/gurupranav/Programming/ros2_tut/igvc/build/rplidar_ros' returned '0': CMAKE_PREFIX_PATH=${CMAKE_PREFIX_PATH}:/opt/ros/humble /usr/bin/cmake --build /home/gurupranav/Programming/ros2_tut/igvc/build/rplidar_ros -- -j16 -l16
[1.255s] DEBUG:colcon.colcon_core.event_handler.log_command:Invoking command in '/home/gurupranav/Programming/ros2_tut/igvc/build/rplidar_ros': CMAKE_PREFIX_PATH=${CMAKE_PREFIX_PATH}:/opt/ros/humble /usr/bin/cmake --install /home/gurupranav/Programming/ros2_tut/igvc/build/rplidar_ros
[1.315s] Level 1:colcon.colcon_core.environment:create_environment_scripts_only(rplidar_ros)
[1.315s] Level 1:colcon.colcon_core.environment:checking '/home/gurupranav/Programming/ros2_tut/igvc/install/rplidar_ros' for CMake module files
[1.316s] DEBUG:colcon.colcon_core.event_handler.log_command:Invoked command in '/home/gurupranav/Programming/ros2_tut/igvc/build/rplidar_ros' returned '0': CMAKE_PREFIX_PATH=${CMAKE_PREFIX_PATH}:/opt/ros/humble /usr/bin/cmake --install /home/gurupranav/Programming/ros2_tut/igvc/build/rplidar_ros
[1.317s] Level 1:colcon.colcon_core.environment:checking '/home/gurupranav/Programming/ros2_tut/igvc/install/rplidar_ros' for CMake config files
[1.317s] Level 1:colcon.colcon_core.shell:create_environment_hook('rplidar_ros', 'cmake_prefix_path')
[1.318s] INFO:colcon.colcon_core.shell:Creating environment hook '/home/gurupranav/Programming/ros2_tut/igvc/install/rplidar_ros/share/rplidar_ros/hook/cmake_prefix_path.ps1'
[1.318s] INFO:colcon.colcon_core.shell:Creating environment descriptor '/home/gurupranav/Programming/ros2_tut/igvc/install/rplidar_ros/share/rplidar_ros/hook/cmake_prefix_path.dsv'
[1.319s] INFO:colcon.colcon_core.shell:Creating environment hook '/home/gurupranav/Programming/ros2_tut/igvc/install/rplidar_ros/share/rplidar_ros/hook/cmake_prefix_path.sh'
[1.319s] Level 1:colcon.colcon_core.environment:checking '/home/gurupranav/Programming/ros2_tut/igvc/install/rplidar_ros/lib'
[1.320s] Level 1:colcon.colcon_core.environment:checking '/home/gurupranav/Programming/ros2_tut/igvc/install/rplidar_ros/bin'
[1.320s] Level 1:colcon.colcon_core.environment:checking '/home/gurupranav/Programming/ros2_tut/igvc/install/rplidar_ros/lib/pkgconfig/rplidar_ros.pc'
[1.320s] Level 1:colcon.colcon_core.environment:checking '/home/gurupranav/Programming/ros2_tut/igvc/install/rplidar_ros/lib/python3.10/site-packages'
[1.321s] Level 1:colcon.colcon_core.environment:checking '/home/gurupranav/Programming/ros2_tut/igvc/install/rplidar_ros/bin'
[1.321s] INFO:colcon.colcon_core.shell:Creating package script '/home/gurupranav/Programming/ros2_tut/igvc/install/rplidar_ros/share/rplidar_ros/package.ps1'
[1.322s] INFO:colcon.colcon_core.shell:Creating package descriptor '/home/gurupranav/Programming/ros2_tut/igvc/install/rplidar_ros/share/rplidar_ros/package.dsv'
[1.323s] INFO:colcon.colcon_core.shell:Creating package script '/home/gurupranav/Programming/ros2_tut/igvc/install/rplidar_ros/share/rplidar_ros/package.sh'
[1.323s] INFO:colcon.colcon_core.shell:Creating package script '/home/gurupranav/Programming/ros2_tut/igvc/install/rplidar_ros/share/rplidar_ros/package.bash'
[1.324s] INFO:colcon.colcon_core.shell:Creating package script '/home/gurupranav/Programming/ros2_tut/igvc/install/rplidar_ros/share/rplidar_ros/package.zsh'
[1.324s] Level 1:colcon.colcon_core.environment:create_file_with_runtime_dependencies(/home/gurupranav/Programming/ros2_tut/igvc/install/rplidar_ros/share/colcon-core/packages/rplidar_ros)
[1.415s] Level 1:colcon.colcon_core.environment:create_environment_scripts_only(rplidar_ros)
[1.415s] Level 1:colcon.colcon_core.environment:checking '/home/gurupranav/Programming/ros2_tut/igvc/install/rplidar_ros' for CMake module files
[1.416s] Level 1:colcon.colcon_core.environment:checking '/home/gurupranav/Programming/ros2_tut/igvc/install/rplidar_ros' for CMake config files
[1.417s] Level 1:colcon.colcon_core.shell:create_environment_hook('rplidar_ros', 'cmake_prefix_path')
[1.417s] INFO:colcon.colcon_core.shell:Creating environment hook '/home/gurupranav/Programming/ros2_tut/igvc/install/rplidar_ros/share/rplidar_ros/hook/cmake_prefix_path.ps1'
[1.418s] INFO:colcon.colcon_core.shell:Creating environment descriptor '/home/gurupranav/Programming/ros2_tut/igvc/install/rplidar_ros/share/rplidar_ros/hook/cmake_prefix_path.dsv'
[1.418s] INFO:colcon.colcon_core.shell:Creating environment hook '/home/gurupranav/Programming/ros2_tut/igvc/install/rplidar_ros/share/rplidar_ros/hook/cmake_prefix_path.sh'
[1.419s] Level 1:colcon.colcon_core.environment:checking '/home/gurupranav/Programming/ros2_tut/igvc/install/rplidar_ros/lib'
[1.419s] Level 1:colcon.colcon_core.environment:checking '/home/gurupranav/Programming/ros2_tut/igvc/install/rplidar_ros/bin'
[1.419s] Level 1:colcon.colcon_core.environment:checking '/home/gurupranav/Programming/ros2_tut/igvc/install/rplidar_ros/lib/pkgconfig/rplidar_ros.pc'
[1.420s] Level 1:colcon.colcon_core.environment:checking '/home/gurupranav/Programming/ros2_tut/igvc/install/rplidar_ros/lib/python3.10/site-packages'
[1.420s] Level 1:colcon.colcon_core.environment:checking '/home/gurupranav/Programming/ros2_tut/igvc/install/rplidar_ros/bin'
[1.420s] INFO:colcon.colcon_core.shell:Creating package script '/home/gurupranav/Programming/ros2_tut/igvc/install/rplidar_ros/share/rplidar_ros/package.ps1'
[1.421s] INFO:colcon.colcon_core.shell:Creating package descriptor '/home/gurupranav/Programming/ros2_tut/igvc/install/rplidar_ros/share/rplidar_ros/package.dsv'
[1.422s] INFO:colcon.colcon_core.shell:Creating package script '/home/gurupranav/Programming/ros2_tut/igvc/install/rplidar_ros/share/rplidar_ros/package.sh'
[1.422s] INFO:colcon.colcon_core.shell:Creating package script '/home/gurupranav/Programming/ros2_tut/igvc/install/rplidar_ros/share/rplidar_ros/package.bash'
[1.422s] INFO:colcon.colcon_core.shell:Creating package script '/home/gurupranav/Programming/ros2_tut/igvc/install/rplidar_ros/share/rplidar_ros/package.zsh'
[1.423s] Level 1:colcon.colcon_core.environment:create_file_with_runtime_dependencies(/home/gurupranav/Programming/ros2_tut/igvc/install/rplidar_ros/share/colcon-core/packages/rplidar_ros)
[1.502s] DEBUG:colcon.colcon_core.event_handler.log_command:Invoked command in '/home/gurupranav/Programming/ros2_tut/igvc/build/ublox_msgs' returned '0': CMAKE_PREFIX_PATH=/home/gurupranav/Programming/ros2_tut/igvc/install/ublox_serialization:/home/gurupranav/Programming/ros2_tut/igvc/install/ublox:/home/gurupranav/Programming/ros2_tut/igvc/install/ublox_gps:/home/gurupranav/Programming/ros2_tut/igvc/install/ublox_msgs:/home/gurupranav/Programming/ros2_tut/igvc/install/rplidar_ros:/home/gurupranav/Programming/ros2_tut/igvc/install/global_launcher:/opt/ros/humble /usr/bin/cmake --build /home/gurupranav/Programming/ros2_tut/igvc/build/ublox_msgs -- -j16 -l16
[3.441s] DEBUG:colcon.colcon_core.event_handler.log_command:Invoked command in '/home/gurupranav/Programming/ros2_tut/igvc/build/micro_ros_setup' returned '0': CMAKE_PREFIX_PATH=${CMAKE_PREFIX_PATH}:/opt/ros/humble /usr/bin/cmake /home/gurupranav/Programming/ros2_tut/igvc/src/micro_ros_setup -DCMAKE_INSTALL_PREFIX=/home/gurupranav/Programming/ros2_tut/igvc/install/micro_ros_setup
[3.444s] DEBUG:colcon.colcon_core.event_handler.log_command:Invoking command in '/home/gurupranav/Programming/ros2_tut/igvc/build/micro_ros_setup': CMAKE_PREFIX_PATH=${CMAKE_PREFIX_PATH}:/opt/ros/humble /usr/bin/cmake --build /home/gurupranav/Programming/ros2_tut/igvc/build/micro_ros_setup -- -j16 -l16
[3.485s] DEBUG:colcon.colcon_core.event_handler.log_command:Invoked command in '/home/gurupranav/Programming/ros2_tut/igvc/build/micro_ros_setup' returned '0': CMAKE_PREFIX_PATH=${CMAKE_PREFIX_PATH}:/opt/ros/humble /usr/bin/cmake --build /home/gurupranav/Programming/ros2_tut/igvc/build/micro_ros_setup -- -j16 -l16
[3.512s] DEBUG:colcon.colcon_core.event_handler.log_command:Invoking command in '/home/gurupranav/Programming/ros2_tut/igvc/build/micro_ros_setup': CMAKE_PREFIX_PATH=${CMAKE_PREFIX_PATH}:/opt/ros/humble /usr/bin/cmake --install /home/gurupranav/Programming/ros2_tut/igvc/build/micro_ros_setup
[3.562s] DEBUG:colcon.colcon_core.event_handler.log_command:Invoking command in '/home/gurupranav/Programming/ros2_tut/igvc/build/ublox_msgs': CMAKE_PREFIX_PATH=/home/gurupranav/Programming/ros2_tut/igvc/install/ublox_serialization:/home/gurupranav/Programming/ros2_tut/igvc/install/ublox:/home/gurupranav/Programming/ros2_tut/igvc/install/ublox_gps:/home/gurupranav/Programming/ros2_tut/igvc/install/ublox_msgs:/home/gurupranav/Programming/ros2_tut/igvc/install/rplidar_ros:/home/gurupranav/Programming/ros2_tut/igvc/install/global_launcher:/opt/ros/humble /usr/bin/cmake --install /home/gurupranav/Programming/ros2_tut/igvc/build/ublox_msgs
[3.583s] Level 1:colcon.colcon_core.environment:create_environment_scripts_only(micro_ros_setup)
[3.584s] Level 1:colcon.colcon_core.environment:checking '/home/gurupranav/Programming/ros2_tut/igvc/install/micro_ros_setup' for CMake module files
[3.593s] Level 1:colcon.colcon_core.environment:checking '/home/gurupranav/Programming/ros2_tut/igvc/install/micro_ros_setup' for CMake config files
[3.617s] Level 1:colcon.colcon_core.shell:create_environment_hook('micro_ros_setup', 'cmake_prefix_path')
[3.618s] INFO:colcon.colcon_core.shell:Creating environment hook '/home/gurupranav/Programming/ros2_tut/igvc/install/micro_ros_setup/share/micro_ros_setup/hook/cmake_prefix_path.ps1'
[3.624s] INFO:colcon.colcon_core.shell:Creating environment descriptor '/home/gurupranav/Programming/ros2_tut/igvc/install/micro_ros_setup/share/micro_ros_setup/hook/cmake_prefix_path.dsv'
[3.627s] INFO:colcon.colcon_core.shell:Creating environment hook '/home/gurupranav/Programming/ros2_tut/igvc/install/micro_ros_setup/share/micro_ros_setup/hook/cmake_prefix_path.sh'
[3.635s] Level 1:colcon.colcon_core.environment:checking '/home/gurupranav/Programming/ros2_tut/igvc/install/micro_ros_setup/lib'
[3.638s] Level 1:colcon.colcon_core.environment:checking '/home/gurupranav/Programming/ros2_tut/igvc/install/micro_ros_setup/bin'
[3.638s] Level 1:colcon.colcon_core.environment:checking '/home/gurupranav/Programming/ros2_tut/igvc/install/micro_ros_setup/lib/pkgconfig/micro_ros_setup.pc'
[3.638s] Level 1:colcon.colcon_core.environment:checking '/home/gurupranav/Programming/ros2_tut/igvc/install/micro_ros_setup/lib/python3.10/site-packages'
[3.638s] Level 1:colcon.colcon_core.environment:checking '/home/gurupranav/Programming/ros2_tut/igvc/install/micro_ros_setup/bin'
[3.639s] INFO:colcon.colcon_core.shell:Creating package script '/home/gurupranav/Programming/ros2_tut/igvc/install/micro_ros_setup/share/micro_ros_setup/package.ps1'
[3.646s] INFO:colcon.colcon_core.shell:Creating package descriptor '/home/gurupranav/Programming/ros2_tut/igvc/install/micro_ros_setup/share/micro_ros_setup/package.dsv'
[3.654s] INFO:colcon.colcon_core.shell:Creating package script '/home/gurupranav/Programming/ros2_tut/igvc/install/micro_ros_setup/share/micro_ros_setup/package.sh'
[3.657s] INFO:colcon.colcon_core.shell:Creating package script '/home/gurupranav/Programming/ros2_tut/igvc/install/micro_ros_setup/share/micro_ros_setup/package.bash'
[3.664s] INFO:colcon.colcon_core.shell:Creating package script '/home/gurupranav/Programming/ros2_tut/igvc/install/micro_ros_setup/share/micro_ros_setup/package.zsh'
[3.676s] Level 1:colcon.colcon_core.environment:create_file_with_runtime_dependencies(/home/gurupranav/Programming/ros2_tut/igvc/install/micro_ros_setup/share/colcon-core/packages/micro_ros_setup)
[3.688s] DEBUG:colcon.colcon_core.event_handler.log_command:Invoked command in '/home/gurupranav/Programming/ros2_tut/igvc/build/micro_ros_setup' returned '0': CMAKE_PREFIX_PATH=${CMAKE_PREFIX_PATH}:/opt/ros/humble /usr/bin/cmake --install /home/gurupranav/Programming/ros2_tut/igvc/build/micro_ros_setup
[3.716s] Level 1:colcon.colcon_core.environment:create_environment_scripts_only(micro_ros_setup)
[3.716s] Level 1:colcon.colcon_core.environment:checking '/home/gurupranav/Programming/ros2_tut/igvc/install/micro_ros_setup' for CMake module files
[3.721s] Level 1:colcon.colcon_core.environment:checking '/home/gurupranav/Programming/ros2_tut/igvc/install/micro_ros_setup' for CMake config files
[3.759s] Level 1:colcon.colcon_core.shell:create_environment_hook('micro_ros_setup', 'cmake_prefix_path')
[3.760s] INFO:colcon.colcon_core.shell:Creating environment hook '/home/gurupranav/Programming/ros2_tut/igvc/install/micro_ros_setup/share/micro_ros_setup/hook/cmake_prefix_path.ps1'
[3.762s] INFO:colcon.colcon_core.shell:Creating environment descriptor '/home/gurupranav/Programming/ros2_tut/igvc/install/micro_ros_setup/share/micro_ros_setup/hook/cmake_prefix_path.dsv'
[3.768s] INFO:colcon.colcon_core.shell:Creating environment hook '/home/gurupranav/Programming/ros2_tut/igvc/install/micro_ros_setup/share/micro_ros_setup/hook/cmake_prefix_path.sh'
[3.775s] Level 1:colcon.colcon_core.environment:checking '/home/gurupranav/Programming/ros2_tut/igvc/install/micro_ros_setup/lib'
[3.776s] Level 1:colcon.colcon_core.environment:checking '/home/gurupranav/Programming/ros2_tut/igvc/install/micro_ros_setup/bin'
[3.776s] Level 1:colcon.colcon_core.environment:checking '/home/gurupranav/Programming/ros2_tut/igvc/install/micro_ros_setup/lib/pkgconfig/micro_ros_setup.pc'
[3.776s] Level 1:colcon.colcon_core.environment:checking '/home/gurupranav/Programming/ros2_tut/igvc/install/micro_ros_setup/lib/python3.10/site-packages'
[3.776s] Level 1:colcon.colcon_core.environment:checking '/home/gurupranav/Programming/ros2_tut/igvc/install/micro_ros_setup/bin'
[3.777s] INFO:colcon.colcon_core.shell:Creating package script '/home/gurupranav/Programming/ros2_tut/igvc/install/micro_ros_setup/share/micro_ros_setup/package.ps1'
[3.778s] INFO:colcon.colcon_core.shell:Creating package descriptor '/home/gurupranav/Programming/ros2_tut/igvc/install/micro_ros_setup/share/micro_ros_setup/package.dsv'
[3.779s] INFO:colcon.colcon_core.shell:Creating package script '/home/gurupranav/Programming/ros2_tut/igvc/install/micro_ros_setup/share/micro_ros_setup/package.sh'
[3.781s] INFO:colcon.colcon_core.shell:Creating package script '/home/gurupranav/Programming/ros2_tut/igvc/install/micro_ros_setup/share/micro_ros_setup/package.bash'
[3.782s] INFO:colcon.colcon_core.shell:Creating package script '/home/gurupranav/Programming/ros2_tut/igvc/install/micro_ros_setup/share/micro_ros_setup/package.zsh'
[3.785s] Level 1:colcon.colcon_core.environment:create_file_with_runtime_dependencies(/home/gurupranav/Programming/ros2_tut/igvc/install/micro_ros_setup/share/colcon-core/packages/micro_ros_setup)
[3.791s] Level 1:colcon.colcon_core.environment:create_environment_scripts_only(ublox_msgs)
[3.791s] Level 1:colcon.colcon_core.environment:checking '/home/gurupranav/Programming/ros2_tut/igvc/install/ublox_msgs' for CMake module files
[3.799s] Level 1:colcon.colcon_core.environment:checking '/home/gurupranav/Programming/ros2_tut/igvc/install/ublox_msgs' for CMake config files
[3.826s] Level 1:colcon.colcon_core.shell:create_environment_hook('ublox_msgs', 'cmake_prefix_path')
[3.827s] INFO:colcon.colcon_core.shell:Creating environment hook '/home/gurupranav/Programming/ros2_tut/igvc/install/ublox_msgs/share/ublox_msgs/hook/cmake_prefix_path.ps1'
[3.829s] INFO:colcon.colcon_core.shell:Creating environment descriptor '/home/gurupranav/Programming/ros2_tut/igvc/install/ublox_msgs/share/ublox_msgs/hook/cmake_prefix_path.dsv'
[3.830s] INFO:colcon.colcon_core.shell:Creating environment hook '/home/gurupranav/Programming/ros2_tut/igvc/install/ublox_msgs/share/ublox_msgs/hook/cmake_prefix_path.sh'
[3.831s] Level 1:colcon.colcon_core.environment:checking '/home/gurupranav/Programming/ros2_tut/igvc/install/ublox_msgs/lib'
[3.832s] Level 1:colcon.colcon_core.shell:create_environment_hook('ublox_msgs', 'ld_library_path_lib')
[3.832s] INFO:colcon.colcon_core.shell:Creating environment hook '/home/gurupranav/Programming/ros2_tut/igvc/install/ublox_msgs/share/ublox_msgs/hook/ld_library_path_lib.ps1'
[3.836s] INFO:colcon.colcon_core.shell:Creating environment descriptor '/home/gurupranav/Programming/ros2_tut/igvc/install/ublox_msgs/share/ublox_msgs/hook/ld_library_path_lib.dsv'
[3.837s] INFO:colcon.colcon_core.shell:Creating environment hook '/home/gurupranav/Programming/ros2_tut/igvc/install/ublox_msgs/share/ublox_msgs/hook/ld_library_path_lib.sh'
[3.838s] Level 1:colcon.colcon_core.environment:checking '/home/gurupranav/Programming/ros2_tut/igvc/install/ublox_msgs/bin'
[3.838s] Level 1:colcon.colcon_core.environment:checking '/home/gurupranav/Programming/ros2_tut/igvc/install/ublox_msgs/lib/pkgconfig/ublox_msgs.pc'
[3.839s] Level 1:colcon.colcon_core.environment:checking '/home/gurupranav/Programming/ros2_tut/igvc/install/ublox_msgs/lib/python3.10/site-packages'
[3.839s] Level 1:colcon.colcon_core.environment:checking '/home/gurupranav/Programming/ros2_tut/igvc/install/ublox_msgs/bin'
[3.839s] INFO:colcon.colcon_core.shell:Creating package script '/home/gurupranav/Programming/ros2_tut/igvc/install/ublox_msgs/share/ublox_msgs/package.ps1'
[3.844s] INFO:colcon.colcon_core.shell:Creating package descriptor '/home/gurupranav/Programming/ros2_tut/igvc/install/ublox_msgs/share/ublox_msgs/package.dsv'
[3.845s] INFO:colcon.colcon_core.shell:Creating package script '/home/gurupranav/Programming/ros2_tut/igvc/install/ublox_msgs/share/ublox_msgs/package.sh'
[3.847s] INFO:colcon.colcon_core.shell:Creating package script '/home/gurupranav/Programming/ros2_tut/igvc/install/ublox_msgs/share/ublox_msgs/package.bash'
[3.848s] INFO:colcon.colcon_core.shell:Creating package script '/home/gurupranav/Programming/ros2_tut/igvc/install/ublox_msgs/share/ublox_msgs/package.zsh'
[3.851s] Level 1:colcon.colcon_core.environment:create_file_with_runtime_dependencies(/home/gurupranav/Programming/ros2_tut/igvc/install/ublox_msgs/share/colcon-core/packages/ublox_msgs)
[3.912s] DEBUG:colcon.colcon_core.event_handler.log_command:Invoked command in '/home/gurupranav/Programming/ros2_tut/igvc/build/ublox_msgs' returned '0': CMAKE_PREFIX_PATH=/home/gurupranav/Programming/ros2_tut/igvc/install/ublox_serialization:/home/gurupranav/Programming/ros2_tut/igvc/install/ublox:/home/gurupranav/Programming/ros2_tut/igvc/install/ublox_gps:/home/gurupranav/Programming/ros2_tut/igvc/install/ublox_msgs:/home/gurupranav/Programming/ros2_tut/igvc/install/rplidar_ros:/home/gurupranav/Programming/ros2_tut/igvc/install/global_launcher:/opt/ros/humble /usr/bin/cmake --install /home/gurupranav/Programming/ros2_tut/igvc/build/ublox_msgs
[5.923s] Level 1:colcon.colcon_core.environment:create_environment_scripts_only(ublox_msgs)
[5.923s] Level 1:colcon.colcon_core.environment:checking '/home/gurupranav/Programming/ros2_tut/igvc/install/ublox_msgs' for CMake module files
[5.924s] Level 1:colcon.colcon_core.environment:checking '/home/gurupranav/Programming/ros2_tut/igvc/install/ublox_msgs' for CMake config files
[5.926s] Level 1:colcon.colcon_core.shell:create_environment_hook('ublox_msgs', 'cmake_prefix_path')
[5.926s] INFO:colcon.colcon_core.shell:Creating environment hook '/home/gurupranav/Programming/ros2_tut/igvc/install/ublox_msgs/share/ublox_msgs/hook/cmake_prefix_path.ps1'
[5.927s] INFO:colcon.colcon_core.shell:Creating environment descriptor '/home/gurupranav/Programming/ros2_tut/igvc/install/ublox_msgs/share/ublox_msgs/hook/cmake_prefix_path.dsv'
[5.927s] INFO:colcon.colcon_core.shell:Creating environment hook '/home/gurupranav/Programming/ros2_tut/igvc/install/ublox_msgs/share/ublox_msgs/hook/cmake_prefix_path.sh'
[5.928s] Level 1:colcon.colcon_core.environment:checking '/home/gurupranav/Programming/ros2_tut/igvc/install/ublox_msgs/lib'
[5.928s] Level 1:colcon.colcon_core.shell:create_environment_hook('ublox_msgs', 'ld_library_path_lib')
[5.929s] INFO:colcon.colcon_core.shell:Creating environment hook '/home/gurupranav/Programming/ros2_tut/igvc/install/ublox_msgs/share/ublox_msgs/hook/ld_library_path_lib.ps1'
[5.929s] INFO:colcon.colcon_core.shell:Creating environment descriptor '/home/gurupranav/Programming/ros2_tut/igvc/install/ublox_msgs/share/ublox_msgs/hook/ld_library_path_lib.dsv'
[5.930s] INFO:colcon.colcon_core.shell:Creating environment hook '/home/gurupranav/Programming/ros2_tut/igvc/install/ublox_msgs/share/ublox_msgs/hook/ld_library_path_lib.sh'
[5.930s] Level 1:colcon.colcon_core.environment:checking '/home/gurupranav/Programming/ros2_tut/igvc/install/ublox_msgs/bin'
[5.930s] Level 1:colcon.colcon_core.environment:checking '/home/gurupranav/Programming/ros2_tut/igvc/install/ublox_msgs/lib/pkgconfig/ublox_msgs.pc'
[5.931s] Level 1:colcon.colcon_core.environment:checking '/home/gurupranav/Programming/ros2_tut/igvc/install/ublox_msgs/lib/python3.10/site-packages'
[5.931s] Level 1:colcon.colcon_core.environment:checking '/home/gurupranav/Programming/ros2_tut/igvc/install/ublox_msgs/bin'
[5.931s] INFO:colcon.colcon_core.shell:Creating package script '/home/gurupranav/Programming/ros2_tut/igvc/install/ublox_msgs/share/ublox_msgs/package.ps1'
[5.932s] INFO:colcon.colcon_core.shell:Creating package descriptor '/home/gurupranav/Programming/ros2_tut/igvc/install/ublox_msgs/share/ublox_msgs/package.dsv'
[5.933s] INFO:colcon.colcon_core.shell:Creating package script '/home/gurupranav/Programming/ros2_tut/igvc/install/ublox_msgs/share/ublox_msgs/package.sh'
[5.933s] INFO:colcon.colcon_core.shell:Creating package script '/home/gurupranav/Programming/ros2_tut/igvc/install/ublox_msgs/share/ublox_msgs/package.bash'
[5.934s] INFO:colcon.colcon_core.shell:Creating package script '/home/gurupranav/Programming/ros2_tut/igvc/install/ublox_msgs/share/ublox_msgs/package.zsh'
[5.935s] Level 1:colcon.colcon_core.environment:create_file_with_runtime_dependencies(/home/gurupranav/Programming/ros2_tut/igvc/install/ublox_msgs/share/colcon-core/packages/ublox_msgs)
[5.935s] INFO:colcon.colcon_ros.task.ament_cmake.build:Building ROS package in '/home/gurupranav/Programming/ros2_tut/igvc/src/ros2-ublox-zedf9p/ublox_gps' with build type 'ament_cmake'
[5.936s] INFO:colcon.colcon_cmake.task.cmake.build:Building CMake package in '/home/gurupranav/Programming/ros2_tut/igvc/src/ros2-ublox-zedf9p/ublox_gps'
[5.936s] INFO:colcon.colcon_core.shell:Skip shell extension 'powershell' for command environment: Not usable outside of PowerShell
[5.936s] DEBUG:colcon.colcon_core.shell:Skip shell extension 'dsv' for command environment
[6.165s] DEBUG:colcon.colcon_core.event_handler.log_command:Invoking command in '/home/gurupranav/Programming/ros2_tut/igvc/build/ublox_gps': CMAKE_PREFIX_PATH=/home/gurupranav/Programming/ros2_tut/igvc/install/ublox_msgs:/home/gurupranav/Programming/ros2_tut/igvc/install/ublox_serialization:/home/gurupranav/Programming/ros2_tut/igvc/install/ublox:/home/gurupranav/Programming/ros2_tut/igvc/install/ublox_gps:/home/gurupranav/Programming/ros2_tut/igvc/install/rplidar_ros:/home/gurupranav/Programming/ros2_tut/igvc/install/global_launcher:/opt/ros/humble LD_LIBRARY_PATH=/home/gurupranav/Programming/ros2_tut/igvc/install/ublox_msgs/lib:/home/gurupranav/Programming/ros2_tut/igvc/install/ublox_gps/lib:/opt/ros/humble/opt/rviz_ogre_vendor/lib:/opt/ros/humble/lib/x86_64-linux-gnu:/opt/ros/humble/lib /usr/bin/cmake --build /home/gurupranav/Programming/ros2_tut/igvc/build/ublox_gps -- -j16 -l16
[6.325s] DEBUG:colcon.colcon_core.event_handler.log_command:Invoked command in '/home/gurupranav/Programming/ros2_tut/igvc/build/ublox_gps' returned '0': CMAKE_PREFIX_PATH=/home/gurupranav/Programming/ros2_tut/igvc/install/ublox_msgs:/home/gurupranav/Programming/ros2_tut/igvc/install/ublox_serialization:/home/gurupranav/Programming/ros2_tut/igvc/install/ublox:/home/gurupranav/Programming/ros2_tut/igvc/install/ublox_gps:/home/gurupranav/Programming/ros2_tut/igvc/install/rplidar_ros:/home/gurupranav/Programming/ros2_tut/igvc/install/global_launcher:/opt/ros/humble LD_LIBRARY_PATH=/home/gurupranav/Programming/ros2_tut/igvc/install/ublox_msgs/lib:/home/gurupranav/Programming/ros2_tut/igvc/install/ublox_gps/lib:/opt/ros/humble/opt/rviz_ogre_vendor/lib:/opt/ros/humble/lib/x86_64-linux-gnu:/opt/ros/humble/lib /usr/bin/cmake --build /home/gurupranav/Programming/ros2_tut/igvc/build/ublox_gps -- -j16 -l16
[6.409s] DEBUG:colcon.colcon_core.event_handler.log_command:Invoking command in '/home/gurupranav/Programming/ros2_tut/igvc/build/ublox_gps': CMAKE_PREFIX_PATH=/home/gurupranav/Programming/ros2_tut/igvc/install/ublox_msgs:/home/gurupranav/Programming/ros2_tut/igvc/install/ublox_serialization:/home/gurupranav/Programming/ros2_tut/igvc/install/ublox:/home/gurupranav/Programming/ros2_tut/igvc/install/ublox_gps:/home/gurupranav/Programming/ros2_tut/igvc/install/rplidar_ros:/home/gurupranav/Programming/ros2_tut/igvc/install/global_launcher:/opt/ros/humble LD_LIBRARY_PATH=/home/gurupranav/Programming/ros2_tut/igvc/install/ublox_msgs/lib:/home/gurupranav/Programming/ros2_tut/igvc/install/ublox_gps/lib:/opt/ros/humble/opt/rviz_ogre_vendor/lib:/opt/ros/humble/lib/x86_64-linux-gnu:/opt/ros/humble/lib /usr/bin/cmake --install /home/gurupranav/Programming/ros2_tut/igvc/build/ublox_gps
[6.428s] Level 1:colcon.colcon_core.environment:create_environment_scripts_only(ublox_gps)
[6.429s] Level 1:colcon.colcon_core.environment:checking '/home/gurupranav/Programming/ros2_tut/igvc/install/ublox_gps' for CMake module files
[6.431s] DEBUG:colcon.colcon_core.event_handler.log_command:Invoked command in '/home/gurupranav/Programming/ros2_tut/igvc/build/ublox_gps' returned '0': CMAKE_PREFIX_PATH=/home/gurupranav/Programming/ros2_tut/igvc/install/ublox_msgs:/home/gurupranav/Programming/ros2_tut/igvc/install/ublox_serialization:/home/gurupranav/Programming/ros2_tut/igvc/install/ublox:/home/gurupranav/Programming/ros2_tut/igvc/install/ublox_gps:/home/gurupranav/Programming/ros2_tut/igvc/install/rplidar_ros:/home/gurupranav/Programming/ros2_tut/igvc/install/global_launcher:/opt/ros/humble LD_LIBRARY_PATH=/home/gurupranav/Programming/ros2_tut/igvc/install/ublox_msgs/lib:/home/gurupranav/Programming/ros2_tut/igvc/install/ublox_gps/lib:/opt/ros/humble/opt/rviz_ogre_vendor/lib:/opt/ros/humble/lib/x86_64-linux-gnu:/opt/ros/humble/lib /usr/bin/cmake --install /home/gurupranav/Programming/ros2_tut/igvc/build/ublox_gps
[6.431s] Level 1:colcon.colcon_core.environment:checking '/home/gurupranav/Programming/ros2_tut/igvc/install/ublox_gps' for CMake config files
[6.432s] Level 1:colcon.colcon_core.shell:create_environment_hook('ublox_gps', 'cmake_prefix_path')
[6.432s] INFO:colcon.colcon_core.shell:Creating environment hook '/home/gurupranav/Programming/ros2_tut/igvc/install/ublox_gps/share/ublox_gps/hook/cmake_prefix_path.ps1'
[6.432s] INFO:colcon.colcon_core.shell:Creating environment descriptor '/home/gurupranav/Programming/ros2_tut/igvc/install/ublox_gps/share/ublox_gps/hook/cmake_prefix_path.dsv'
[6.433s] INFO:colcon.colcon_core.shell:Creating environment hook '/home/gurupranav/Programming/ros2_tut/igvc/install/ublox_gps/share/ublox_gps/hook/cmake_prefix_path.sh'
[6.434s] Level 1:colcon.colcon_core.environment:checking '/home/gurupranav/Programming/ros2_tut/igvc/install/ublox_gps/lib'
[6.434s] Level 1:colcon.colcon_core.shell:create_environment_hook('ublox_gps', 'ld_library_path_lib')
[6.434s] INFO:colcon.colcon_core.shell:Creating environment hook '/home/gurupranav/Programming/ros2_tut/igvc/install/ublox_gps/share/ublox_gps/hook/ld_library_path_lib.ps1'
[6.435s] INFO:colcon.colcon_core.shell:Creating environment descriptor '/home/gurupranav/Programming/ros2_tut/igvc/install/ublox_gps/share/ublox_gps/hook/ld_library_path_lib.dsv'
[6.435s] INFO:colcon.colcon_core.shell:Creating environment hook '/home/gurupranav/Programming/ros2_tut/igvc/install/ublox_gps/share/ublox_gps/hook/ld_library_path_lib.sh'
[6.435s] Level 1:colcon.colcon_core.environment:checking '/home/gurupranav/Programming/ros2_tut/igvc/install/ublox_gps/bin'
[6.436s] Level 1:colcon.colcon_core.environment:checking '/home/gurupranav/Programming/ros2_tut/igvc/install/ublox_gps/lib/pkgconfig/ublox_gps.pc'
[6.436s] Level 1:colcon.colcon_core.environment:checking '/home/gurupranav/Programming/ros2_tut/igvc/install/ublox_gps/lib/python3.10/site-packages'
[6.436s] Level 1:colcon.colcon_core.environment:checking '/home/gurupranav/Programming/ros2_tut/igvc/install/ublox_gps/bin'
[6.437s] INFO:colcon.colcon_core.shell:Creating package script '/home/gurupranav/Programming/ros2_tut/igvc/install/ublox_gps/share/ublox_gps/package.ps1'
[6.437s] INFO:colcon.colcon_core.shell:Creating package descriptor '/home/gurupranav/Programming/ros2_tut/igvc/install/ublox_gps/share/ublox_gps/package.dsv'
[6.438s] INFO:colcon.colcon_core.shell:Creating package script '/home/gurupranav/Programming/ros2_tut/igvc/install/ublox_gps/share/ublox_gps/package.sh'
[6.438s] INFO:colcon.colcon_core.shell:Creating package script '/home/gurupranav/Programming/ros2_tut/igvc/install/ublox_gps/share/ublox_gps/package.bash'
[6.439s] INFO:colcon.colcon_core.shell:Creating package script '/home/gurupranav/Programming/ros2_tut/igvc/install/ublox_gps/share/ublox_gps/package.zsh'
[6.439s] Level 1:colcon.colcon_core.environment:create_file_with_runtime_dependencies(/home/gurupranav/Programming/ros2_tut/igvc/install/ublox_gps/share/colcon-core/packages/ublox_gps)
[6.524s] Level 1:colcon.colcon_core.environment:create_environment_scripts_only(ublox_gps)
[6.525s] Level 1:colcon.colcon_core.environment:checking '/home/gurupranav/Programming/ros2_tut/igvc/install/ublox_gps' for CMake module files
[6.525s] Level 1:colcon.colcon_core.environment:checking '/home/gurupranav/Programming/ros2_tut/igvc/install/ublox_gps' for CMake config files
[6.525s] Level 1:colcon.colcon_core.shell:create_environment_hook('ublox_gps', 'cmake_prefix_path')
[6.526s] INFO:colcon.colcon_core.shell:Creating environment hook '/home/gurupranav/Programming/ros2_tut/igvc/install/ublox_gps/share/ublox_gps/hook/cmake_prefix_path.ps1'
[6.526s] INFO:colcon.colcon_core.shell:Creating environment descriptor '/home/gurupranav/Programming/ros2_tut/igvc/install/ublox_gps/share/ublox_gps/hook/cmake_prefix_path.dsv'
[6.527s] INFO:colcon.colcon_core.shell:Creating environment hook '/home/gurupranav/Programming/ros2_tut/igvc/install/ublox_gps/share/ublox_gps/hook/cmake_prefix_path.sh'
[6.527s] Level 1:colcon.colcon_core.environment:checking '/home/gurupranav/Programming/ros2_tut/igvc/install/ublox_gps/lib'
[6.527s] Level 1:colcon.colcon_core.shell:create_environment_hook('ublox_gps', 'ld_library_path_lib')
[6.528s] INFO:colcon.colcon_core.shell:Creating environment hook '/home/gurupranav/Programming/ros2_tut/igvc/install/ublox_gps/share/ublox_gps/hook/ld_library_path_lib.ps1'
[6.528s] INFO:colcon.colcon_core.shell:Creating environment descriptor '/home/gurupranav/Programming/ros2_tut/igvc/install/ublox_gps/share/ublox_gps/hook/ld_library_path_lib.dsv'
[6.528s] INFO:colcon.colcon_core.shell:Creating environment hook '/home/gurupranav/Programming/ros2_tut/igvc/install/ublox_gps/share/ublox_gps/hook/ld_library_path_lib.sh'
[6.529s] Level 1:colcon.colcon_core.environment:checking '/home/gurupranav/Programming/ros2_tut/igvc/install/ublox_gps/bin'
[6.529s] Level 1:colcon.colcon_core.environment:checking '/home/gurupranav/Programming/ros2_tut/igvc/install/ublox_gps/lib/pkgconfig/ublox_gps.pc'
[6.529s] Level 1:colcon.colcon_core.environment:checking '/home/gurupranav/Programming/ros2_tut/igvc/install/ublox_gps/lib/python3.10/site-packages'
[6.530s] Level 1:colcon.colcon_core.environment:checking '/home/gurupranav/Programming/ros2_tut/igvc/install/ublox_gps/bin'
[6.530s] INFO:colcon.colcon_core.shell:Creating package script '/home/gurupranav/Programming/ros2_tut/igvc/install/ublox_gps/share/ublox_gps/package.ps1'
[6.530s] INFO:colcon.colcon_core.shell:Creating package descriptor '/home/gurupranav/Programming/ros2_tut/igvc/install/ublox_gps/share/ublox_gps/package.dsv'
[6.531s] INFO:colcon.colcon_core.shell:Creating package script '/home/gurupranav/Programming/ros2_tut/igvc/install/ublox_gps/share/ublox_gps/package.sh'
[6.532s] INFO:colcon.colcon_core.shell:Creating package script '/home/gurupranav/Programming/ros2_tut/igvc/install/ublox_gps/share/ublox_gps/package.bash'
[6.532s] INFO:colcon.colcon_core.shell:Creating package script '/home/gurupranav/Programming/ros2_tut/igvc/install/ublox_gps/share/ublox_gps/package.zsh'
[6.533s] Level 1:colcon.colcon_core.environment:create_file_with_runtime_dependencies(/home/gurupranav/Programming/ros2_tut/igvc/install/ublox_gps/share/colcon-core/packages/ublox_gps)
[6.533s] INFO:colcon.colcon_ros.task.ament_cmake.build:Building ROS package in '/home/gurupranav/Programming/ros2_tut/igvc/src/ros2-ublox-zedf9p/ublox' with build type 'ament_cmake'
[6.534s] INFO:colcon.colcon_cmake.task.cmake.build:Building CMake package in '/home/gurupranav/Programming/ros2_tut/igvc/src/ros2-ublox-zedf9p/ublox'
[6.534s] INFO:colcon.colcon_core.shell:Skip shell extension 'powershell' for command environment: Not usable outside of PowerShell
[6.534s] DEBUG:colcon.colcon_core.shell:Skip shell extension 'dsv' for command environment
[6.895s] DEBUG:colcon.colcon_core.event_handler.log_command:Invoking command in '/home/gurupranav/Programming/ros2_tut/igvc/build/ublox': CMAKE_PREFIX_PATH=/home/gurupranav/Programming/ros2_tut/igvc/install/ublox_gps:/home/gurupranav/Programming/ros2_tut/igvc/install/ublox_msgs:/home/gurupranav/Programming/ros2_tut/igvc/install/ublox_serialization:/home/gurupranav/Programming/ros2_tut/igvc/install/ublox:/home/gurupranav/Programming/ros2_tut/igvc/install/rplidar_ros:/home/gurupranav/Programming/ros2_tut/igvc/install/global_launcher:/opt/ros/humble /usr/bin/cmake --build /home/gurupranav/Programming/ros2_tut/igvc/build/ublox -- -j16 -l16
[6.933s] DEBUG:colcon.colcon_core.event_handler.log_command:Invoked command in '/home/gurupranav/Programming/ros2_tut/igvc/build/ublox' returned '0': CMAKE_PREFIX_PATH=/home/gurupranav/Programming/ros2_tut/igvc/install/ublox_gps:/home/gurupranav/Programming/ros2_tut/igvc/install/ublox_msgs:/home/gurupranav/Programming/ros2_tut/igvc/install/ublox_serialization:/home/gurupranav/Programming/ros2_tut/igvc/install/ublox:/home/gurupranav/Programming/ros2_tut/igvc/install/rplidar_ros:/home/gurupranav/Programming/ros2_tut/igvc/install/global_launcher:/opt/ros/humble /usr/bin/cmake --build /home/gurupranav/Programming/ros2_tut/igvc/build/ublox -- -j16 -l16
[6.959s] DEBUG:colcon.colcon_core.event_handler.log_command:Invoking command in '/home/gurupranav/Programming/ros2_tut/igvc/build/ublox': CMAKE_PREFIX_PATH=/home/gurupranav/Programming/ros2_tut/igvc/install/ublox_gps:/home/gurupranav/Programming/ros2_tut/igvc/install/ublox_msgs:/home/gurupranav/Programming/ros2_tut/igvc/install/ublox_serialization:/home/gurupranav/Programming/ros2_tut/igvc/install/ublox:/home/gurupranav/Programming/ros2_tut/igvc/install/rplidar_ros:/home/gurupranav/Programming/ros2_tut/igvc/install/global_launcher:/opt/ros/humble /usr/bin/cmake --install /home/gurupranav/Programming/ros2_tut/igvc/build/ublox
[6.972s] Level 1:colcon.colcon_core.environment:create_environment_scripts_only(ublox)
[6.973s] Level 1:colcon.colcon_core.environment:checking '/home/gurupranav/Programming/ros2_tut/igvc/install/ublox' for CMake module files
[6.973s] DEBUG:colcon.colcon_core.event_handler.log_command:Invoked command in '/home/gurupranav/Programming/ros2_tut/igvc/build/ublox' returned '0': CMAKE_PREFIX_PATH=/home/gurupranav/Programming/ros2_tut/igvc/install/ublox_gps:/home/gurupranav/Programming/ros2_tut/igvc/install/ublox_msgs:/home/gurupranav/Programming/ros2_tut/igvc/install/ublox_serialization:/home/gurupranav/Programming/ros2_tut/igvc/install/ublox:/home/gurupranav/Programming/ros2_tut/igvc/install/rplidar_ros:/home/gurupranav/Programming/ros2_tut/igvc/install/global_launcher:/opt/ros/humble /usr/bin/cmake --install /home/gurupranav/Programming/ros2_tut/igvc/build/ublox
[6.974s] Level 1:colcon.colcon_core.environment:checking '/home/gurupranav/Programming/ros2_tut/igvc/install/ublox' for CMake config files
[6.974s] Level 1:colcon.colcon_core.shell:create_environment_hook('ublox', 'cmake_prefix_path')
[6.974s] INFO:colcon.colcon_core.shell:Creating environment hook '/home/gurupranav/Programming/ros2_tut/igvc/install/ublox/share/ublox/hook/cmake_prefix_path.ps1'
[6.975s] INFO:colcon.colcon_core.shell:Creating environment descriptor '/home/gurupranav/Programming/ros2_tut/igvc/install/ublox/share/ublox/hook/cmake_prefix_path.dsv'
[6.975s] INFO:colcon.colcon_core.shell:Creating environment hook '/home/gurupranav/Programming/ros2_tut/igvc/install/ublox/share/ublox/hook/cmake_prefix_path.sh'
[6.976s] Level 1:colcon.colcon_core.environment:checking '/home/gurupranav/Programming/ros2_tut/igvc/install/ublox/bin'
[6.976s] Level 1:colcon.colcon_core.environment:checking '/home/gurupranav/Programming/ros2_tut/igvc/install/ublox/lib/pkgconfig/ublox.pc'
[6.977s] Level 1:colcon.colcon_core.environment:checking '/home/gurupranav/Programming/ros2_tut/igvc/install/ublox/lib/python3.10/site-packages'
[6.977s] Level 1:colcon.colcon_core.environment:checking '/home/gurupranav/Programming/ros2_tut/igvc/install/ublox/bin'
[6.977s] INFO:colcon.colcon_core.shell:Creating package script '/home/gurupranav/Programming/ros2_tut/igvc/install/ublox/share/ublox/package.ps1'
[6.978s] INFO:colcon.colcon_core.shell:Creating package descriptor '/home/gurupranav/Programming/ros2_tut/igvc/install/ublox/share/ublox/package.dsv'
[6.978s] INFO:colcon.colcon_core.shell:Creating package script '/home/gurupranav/Programming/ros2_tut/igvc/install/ublox/share/ublox/package.sh'
[6.979s] INFO:colcon.colcon_core.shell:Creating package script '/home/gurupranav/Programming/ros2_tut/igvc/install/ublox/share/ublox/package.bash'
[6.979s] INFO:colcon.colcon_core.shell:Creating package script '/home/gurupranav/Programming/ros2_tut/igvc/install/ublox/share/ublox/package.zsh'
[6.980s] Level 1:colcon.colcon_core.environment:create_file_with_runtime_dependencies(/home/gurupranav/Programming/ros2_tut/igvc/install/ublox/share/colcon-core/packages/ublox)
[7.005s] Level 1:colcon.colcon_core.environment:create_environment_scripts_only(ublox)
[7.005s] Level 1:colcon.colcon_core.environment:checking '/home/gurupranav/Programming/ros2_tut/igvc/install/ublox' for CMake module files
[7.006s] Level 1:colcon.colcon_core.environment:checking '/home/gurupranav/Programming/ros2_tut/igvc/install/ublox' for CMake config files
[7.006s] Level 1:colcon.colcon_core.shell:create_environment_hook('ublox', 'cmake_prefix_path')
[7.007s] INFO:colcon.colcon_core.shell:Creating environment hook '/home/gurupranav/Programming/ros2_tut/igvc/install/ublox/share/ublox/hook/cmake_prefix_path.ps1'
[7.007s] INFO:colcon.colcon_core.shell:Creating environment descriptor '/home/gurupranav/Programming/ros2_tut/igvc/install/ublox/share/ublox/hook/cmake_prefix_path.dsv'
[7.008s] INFO:colcon.colcon_core.shell:Creating environment hook '/home/gurupranav/Programming/ros2_tut/igvc/install/ublox/share/ublox/hook/cmake_prefix_path.sh'
[7.009s] Level 1:colcon.colcon_core.environment:checking '/home/gurupranav/Programming/ros2_tut/igvc/install/ublox/bin'
[7.009s] Level 1:colcon.colcon_core.environment:checking '/home/gurupranav/Programming/ros2_tut/igvc/install/ublox/lib/pkgconfig/ublox.pc'
[7.009s] Level 1:colcon.colcon_core.environment:checking '/home/gurupranav/Programming/ros2_tut/igvc/install/ublox/lib/python3.10/site-packages'
[7.009s] Level 1:colcon.colcon_core.environment:checking '/home/gurupranav/Programming/ros2_tut/igvc/install/ublox/bin'
[7.010s] INFO:colcon.colcon_core.shell:Creating package script '/home/gurupranav/Programming/ros2_tut/igvc/install/ublox/share/ublox/package.ps1'
[7.011s] INFO:colcon.colcon_core.shell:Creating package descriptor '/home/gurupranav/Programming/ros2_tut/igvc/install/ublox/share/ublox/package.dsv'
[7.012s] INFO:colcon.colcon_core.shell:Creating package script '/home/gurupranav/Programming/ros2_tut/igvc/install/ublox/share/ublox/package.sh'
[7.012s] INFO:colcon.colcon_core.shell:Creating package script '/home/gurupranav/Programming/ros2_tut/igvc/install/ublox/share/ublox/package.bash'
[7.013s] INFO:colcon.colcon_core.shell:Creating package script '/home/gurupranav/Programming/ros2_tut/igvc/install/ublox/share/ublox/package.zsh'
[7.013s] Level 1:colcon.colcon_core.environment:create_file_with_runtime_dependencies(/home/gurupranav/Programming/ros2_tut/igvc/install/ublox/share/colcon-core/packages/ublox)
[7.014s] DEBUG:colcon.colcon_parallel_executor.executor.parallel:closing loop
[7.015s] DEBUG:colcon.colcon_parallel_executor.executor.parallel:loop closed
[7.015s] DEBUG:colcon.colcon_parallel_executor.executor.parallel:run_until_complete finished with '0'
[7.015s] DEBUG:colcon.colcon_core.event_reactor:joining thread
[7.076s] INFO:colcon.colcon_core.plugin_system:Skipping extension 'colcon_notification.desktop_notification.notify_send': Could not find 'notify-send'
[7.076s] INFO:colcon.colcon_core.plugin_system:Skipping extension 'colcon_notification.desktop_notification.terminal_notifier': Not used on non-Darwin systems
[7.076s] INFO:colcon.colcon_core.plugin_system:Skipping extension 'colcon_notification.desktop_notification.win32': Not used on non-Windows systems
[7.076s] INFO:colcon.colcon_notification.desktop_notification:Sending desktop notification using 'notify2'
[7.077s] DEBUG:colcon.colcon_notification.desktop_notification.notify2:Failed to initialize notify2: org.freedesktop.DBus.Error.FileNotFound: Failed to connect to socket /run/user/1000/bus: No such file or directory
[7.077s] DEBUG:colcon.colcon_core.event_reactor:joined thread
[7.077s] INFO:colcon.colcon_core.shell:Creating prefix script '/home/gurupranav/Programming/ros2_tut/igvc/install/local_setup.ps1'
[7.079s] INFO:colcon.colcon_core.shell:Creating prefix util module '/home/gurupranav/Programming/ros2_tut/igvc/install/_local_setup_util_ps1.py'
[7.081s] INFO:colcon.colcon_core.shell:Creating prefix chain script '/home/gurupranav/Programming/ros2_tut/igvc/install/setup.ps1'
[7.083s] INFO:colcon.colcon_core.shell:Creating prefix script '/home/gurupranav/Programming/ros2_tut/igvc/install/local_setup.sh'
[7.083s] INFO:colcon.colcon_core.shell:Creating prefix util module '/home/gurupranav/Programming/ros2_tut/igvc/install/_local_setup_util_sh.py'
[7.084s] INFO:colcon.colcon_core.shell:Creating prefix chain script '/home/gurupranav/Programming/ros2_tut/igvc/install/setup.sh'
[7.085s] INFO:colcon.colcon_core.shell:Creating prefix script '/home/gurupranav/Programming/ros2_tut/igvc/install/local_setup.bash'
[7.086s] INFO:colcon.colcon_core.shell:Creating prefix chain script '/home/gurupranav/Programming/ros2_tut/igvc/install/setup.bash'
[7.087s] INFO:colcon.colcon_core.shell:Creating prefix script '/home/gurupranav/Programming/ros2_tut/igvc/install/local_setup.zsh'
[7.088s] INFO:colcon.colcon_core.shell:Creating prefix chain script '/home/gurupranav/Programming/ros2_tut/igvc/install/setup.zsh'
