[0.331s] Invoking command in '/home/gurupranav/Programming/ros2_tut/igvc/build/ublox_gps': CMAKE_PREFIX_PATH=/home/gurupranav/Programming/ros2_tut/igvc/install/ublox_msgs:/home/gurupranav/Programming/ros2_tut/igvc/install/ublox_serialization:/home/gurupranav/Programming/ros2_tut/igvc/install/ublox:/home/gurupranav/Programming/ros2_tut/igvc/install/ublox_gps:/home/gurupranav/Programming/ros2_tut/igvc/install/rplidar_ros:/opt/ros/humble LD_LIBRARY_PATH=/home/gurupranav/Programming/ros2_tut/igvc/install/ublox_msgs/lib:/home/gurupranav/Programming/ros2_tut/igvc/install/ublox_gps/lib:/opt/ros/humble/opt/rviz_ogre_vendor/lib:/opt/ros/humble/lib/x86_64-linux-gnu:/opt/ros/humble/lib /usr/bin/cmake --build /home/gurupranav/Programming/ros2_tut/igvc/build/ublox_gps -- -j16 -l16
[0.436s] [ 13%] Built target ublox_logger_node
[0.443s] [35m[1mConsolidate compiler generated dependencies of target ublox_gps[0m
[0.617s] [ 90%] Built target ublox_gps
[0.635s] [35m[1mConsolidate compiler generated dependencies of target ublox_gps_node[0m
[0.687s] [100%] Built target ublox_gps_node
[0.706s] Invoked command in '/home/gurupranav/Programming/ros2_tut/igvc/build/ublox_gps' returned '0': CMAKE_PREFIX_PATH=/home/gurupranav/Programming/ros2_tut/igvc/install/ublox_msgs:/home/gurupranav/Programming/ros2_tut/igvc/install/ublox_serialization:/home/gurupranav/Programming/ros2_tut/igvc/install/ublox:/home/gurupranav/Programming/ros2_tut/igvc/install/ublox_gps:/home/gurupranav/Programming/ros2_tut/igvc/install/rplidar_ros:/opt/ros/humble LD_LIBRARY_PATH=/home/gurupranav/Programming/ros2_tut/igvc/install/ublox_msgs/lib:/home/gurupranav/Programming/ros2_tut/igvc/install/ublox_gps/lib:/opt/ros/humble/opt/rviz_ogre_vendor/lib:/opt/ros/humble/lib/x86_64-linux-gnu:/opt/ros/humble/lib /usr/bin/cmake --build /home/gurupranav/Programming/ros2_tut/igvc/build/ublox_gps -- -j16 -l16
[0.820s] Invoking command in '/home/gurupranav/Programming/ros2_tut/igvc/build/ublox_gps': CMAKE_PREFIX_PATH=/home/gurupranav/Programming/ros2_tut/igvc/install/ublox_msgs:/home/gurupranav/Programming/ros2_tut/igvc/install/ublox_serialization:/home/gurupranav/Programming/ros2_tut/igvc/install/ublox:/home/gurupranav/Programming/ros2_tut/igvc/install/ublox_gps:/home/gurupranav/Programming/ros2_tut/igvc/install/rplidar_ros:/opt/ros/humble LD_LIBRARY_PATH=/home/gurupranav/Programming/ros2_tut/igvc/install/ublox_msgs/lib:/home/gurupranav/Programming/ros2_tut/igvc/install/ublox_gps/lib:/opt/ros/humble/opt/rviz_ogre_vendor/lib:/opt/ros/humble/lib/x86_64-linux-gnu:/opt/ros/humble/lib /usr/bin/cmake --install /home/gurupranav/Programming/ros2_tut/igvc/build/ublox_gps
[0.829s] -- Install configuration: ""
[0.830s] -- Up-to-date: /home/gurupranav/Programming/ros2_tut/igvc/install/ublox_gps/lib/libublox_gps.so
[0.830s] -- Up-to-date: /home/gurupranav/Programming/ros2_tut/igvc/install/ublox_gps/lib/ublox_gps/ublox_gps_node
[0.831s] -- Up-to-date: /home/gurupranav/Programming/ros2_tut/igvc/install/ublox_gps/lib/ublox_gps/ublox_logger
[0.831s] -- Up-to-date: /home/gurupranav/Programming/ros2_tut/igvc/install/ublox_gps/include
[0.832s] -- Up-to-date: /home/gurupranav/Programming/ros2_tut/igvc/install/ublox_gps/include/ublox_gps
[0.832s] -- Up-to-date: /home/gurupranav/Programming/ros2_tut/igvc/install/ublox_gps/include/ublox_gps/mkgmtime.h
[0.833s] -- Up-to-date: /home/gurupranav/Programming/ros2_tut/igvc/install/ublox_gps/include/ublox_gps/async_worker.hpp
[0.833s] -- Up-to-date: /home/gurupranav/Programming/ros2_tut/igvc/install/ublox_gps/include/ublox_gps/fts_product.hpp
[0.833s] -- Up-to-date: /home/gurupranav/Programming/ros2_tut/igvc/install/ublox_gps/include/ublox_gps/tim_product.hpp
[0.834s] -- Up-to-date: /home/gurupranav/Programming/ros2_tut/igvc/install/ublox_gps/include/ublox_gps/gnss.hpp
[0.834s] -- Up-to-date: /home/gurupranav/Programming/ros2_tut/igvc/install/ublox_gps/include/ublox_gps/hpg_ref_product.hpp
[0.834s] -- Up-to-date: /home/gurupranav/Programming/ros2_tut/igvc/install/ublox_gps/include/ublox_gps/node.hpp
[0.835s] -- Up-to-date: /home/gurupranav/Programming/ros2_tut/igvc/install/ublox_gps/include/ublox_gps/component_interface.hpp
[0.835s] -- Up-to-date: /home/gurupranav/Programming/ros2_tut/igvc/install/ublox_gps/include/ublox_gps/raw_data_product.hpp
[0.835s] -- Up-to-date: /home/gurupranav/Programming/ros2_tut/igvc/install/ublox_gps/include/ublox_gps/rtcm.hpp
[0.835s] -- Up-to-date: /home/gurupranav/Programming/ros2_tut/igvc/install/ublox_gps/include/ublox_gps/ublox_firmware6.hpp
[0.836s] -- Up-to-date: /home/gurupranav/Programming/ros2_tut/igvc/install/ublox_gps/include/ublox_gps/raw_data_pa.hpp
[0.836s] -- Up-to-date: /home/gurupranav/Programming/ros2_tut/igvc/install/ublox_gps/include/ublox_gps/ublox_firmware7plus.hpp
[0.836s] -- Up-to-date: /home/gurupranav/Programming/ros2_tut/igvc/install/ublox_gps/include/ublox_gps/ublox_topic_diagnostic.hpp
[0.837s] -- Up-to-date: /home/gurupranav/Programming/ros2_tut/igvc/install/ublox_gps/include/ublox_gps/gps.hpp
[0.837s] -- Up-to-date: /home/gurupranav/Programming/ros2_tut/igvc/install/ublox_gps/include/ublox_gps/ublox_firmware8.hpp
[0.837s] -- Up-to-date: /home/gurupranav/Programming/ros2_tut/igvc/install/ublox_gps/include/ublox_gps/utils.hpp
[0.838s] -- Up-to-date: /home/gurupranav/Programming/ros2_tut/igvc/install/ublox_gps/include/ublox_gps/ublox_firmware7.hpp
[0.838s] -- Up-to-date: /home/gurupranav/Programming/ros2_tut/igvc/install/ublox_gps/include/ublox_gps/hpg_rov_product.hpp
[0.839s] -- Up-to-date: /home/gurupranav/Programming/ros2_tut/igvc/install/ublox_gps/include/ublox_gps/ublox_firmware9.hpp
[0.839s] -- Up-to-date: /home/gurupranav/Programming/ros2_tut/igvc/install/ublox_gps/include/ublox_gps/fix_diagnostic.hpp
[0.839s] -- Up-to-date: /home/gurupranav/Programming/ros2_tut/igvc/install/ublox_gps/include/ublox_gps/worker.hpp
[0.839s] -- Up-to-date: /home/gurupranav/Programming/ros2_tut/igvc/install/ublox_gps/include/ublox_gps/callback.hpp
[0.840s] -- Up-to-date: /home/gurupranav/Programming/ros2_tut/igvc/install/ublox_gps/include/ublox_gps/hp_pos_rec_product.hpp
[0.841s] -- Up-to-date: /home/gurupranav/Programming/ros2_tut/igvc/install/ublox_gps/include/ublox_gps/adr_udr_product.hpp
[0.841s] -- Up-to-date: /home/gurupranav/Programming/ros2_tut/igvc/install/ublox_gps/include/ublox_gps/ublox_firmware.hpp
[0.843s] -- Up-to-date: /home/gurupranav/Programming/ros2_tut/igvc/install/ublox_gps/share/ublox_gps/launch
[0.844s] -- Up-to-date: /home/gurupranav/Programming/ros2_tut/igvc/install/ublox_gps/share/ublox_gps/launch/ublox_gps_node_zedf9p-launch.py
[0.845s] -- Up-to-date: /home/gurupranav/Programming/ros2_tut/igvc/install/ublox_gps/share/ublox_gps/launch/ublox_gps_node-composed-launch.py
[0.846s] -- Up-to-date: /home/gurupranav/Programming/ros2_tut/igvc/install/ublox_gps/share/ublox_gps/config
[0.846s] -- Up-to-date: /home/gurupranav/Programming/ros2_tut/igvc/install/ublox_gps/share/ublox_gps/config/zed_f9p.yaml
[0.847s] -- Up-to-date: /home/gurupranav/Programming/ros2_tut/igvc/install/ublox_gps/share/ament_index/resource_index/package_run_dependencies/ublox_gps
[0.847s] -- Up-to-date: /home/gurupranav/Programming/ros2_tut/igvc/install/ublox_gps/share/ament_index/resource_index/parent_prefix_path/ublox_gps
[0.848s] -- Up-to-date: /home/gurupranav/Programming/ros2_tut/igvc/install/ublox_gps/share/ublox_gps/environment/ament_prefix_path.sh
[0.848s] -- Up-to-date: /home/gurupranav/Programming/ros2_tut/igvc/install/ublox_gps/share/ublox_gps/environment/ament_prefix_path.dsv
[0.849s] -- Up-to-date: /home/gurupranav/Programming/ros2_tut/igvc/install/ublox_gps/share/ublox_gps/environment/path.sh
[0.850s] -- Up-to-date: /home/gurupranav/Programming/ros2_tut/igvc/install/ublox_gps/share/ublox_gps/environment/path.dsv
[0.851s] -- Up-to-date: /home/gurupranav/Programming/ros2_tut/igvc/install/ublox_gps/share/ublox_gps/local_setup.bash
[0.851s] -- Up-to-date: /home/gurupranav/Programming/ros2_tut/igvc/install/ublox_gps/share/ublox_gps/local_setup.sh
[0.852s] -- Up-to-date: /home/gurupranav/Programming/ros2_tut/igvc/install/ublox_gps/share/ublox_gps/local_setup.zsh
[0.852s] -- Up-to-date: /home/gurupranav/Programming/ros2_tut/igvc/install/ublox_gps/share/ublox_gps/local_setup.dsv
[0.853s] -- Installing: /home/gurupranav/Programming/ros2_tut/igvc/install/ublox_gps/share/ublox_gps/package.dsv
[0.853s] -- Up-to-date: /home/gurupranav/Programming/ros2_tut/igvc/install/ublox_gps/share/ament_index/resource_index/packages/ublox_gps
[0.854s] -- Up-to-date: /home/gurupranav/Programming/ros2_tut/igvc/install/ublox_gps/share/ament_index/resource_index/rclcpp_components/ublox_gps
[0.854s] -- Up-to-date: /home/gurupranav/Programming/ros2_tut/igvc/install/ublox_gps/share/ublox_gps/cmake/ublox_gpsConfig.cmake
[0.855s] -- Up-to-date: /home/gurupranav/Programming/ros2_tut/igvc/install/ublox_gps/share/ublox_gps/cmake/ublox_gpsConfig-version.cmake
[0.855s] -- Up-to-date: /home/gurupranav/Programming/ros2_tut/igvc/install/ublox_gps/share/ublox_gps/package.xml
[0.856s] Invoked command in '/home/gurupranav/Programming/ros2_tut/igvc/build/ublox_gps' returned '0': CMAKE_PREFIX_PATH=/home/gurupranav/Programming/ros2_tut/igvc/install/ublox_msgs:/home/gurupranav/Programming/ros2_tut/igvc/install/ublox_serialization:/home/gurupranav/Programming/ros2_tut/igvc/install/ublox:/home/gurupranav/Programming/ros2_tut/igvc/install/ublox_gps:/home/gurupranav/Programming/ros2_tut/igvc/install/rplidar_ros:/opt/ros/humble LD_LIBRARY_PATH=/home/gurupranav/Programming/ros2_tut/igvc/install/ublox_msgs/lib:/home/gurupranav/Programming/ros2_tut/igvc/install/ublox_gps/lib:/opt/ros/humble/opt/rviz_ogre_vendor/lib:/opt/ros/humble/lib/x86_64-linux-gnu:/opt/ros/humble/lib /usr/bin/cmake --install /home/gurupranav/Programming/ros2_tut/igvc/build/ublox_gps
