[0.041s] Invoking command in '/home/gurupranav/Programming/ros2_tut/igvc/build/global_launcher': CMAKE_PREFIX_PATH=${CMAKE_PREFIX_PATH}:/opt/ros/humble /usr/bin/cmake --build /home/gurupranav/Programming/ros2_tut/igvc/build/global_launcher -- -j16 -l16
[0.101s] Invoked command in '/home/gurupranav/Programming/ros2_tut/igvc/build/global_launcher' returned '0': CMAKE_PREFIX_PATH=${CMAKE_PREFIX_PATH}:/opt/ros/humble /usr/bin/cmake --build /home/gurupranav/Programming/ros2_tut/igvc/build/global_launcher -- -j16 -l16
[0.208s] Invoking command in '/home/gurupranav/Programming/ros2_tut/igvc/build/global_launcher': CMAKE_PREFIX_PATH=${CMAKE_PREFIX_PATH}:/opt/ros/humble /usr/bin/cmake --install /home/gurupranav/Programming/ros2_tut/igvc/build/global_launcher
[0.235s] -- Install configuration: ""
[0.235s] -- Up-to-date: /home/gurupranav/Programming/ros2_tut/igvc/install/global_launcher/share/global_launcher/launch
[0.236s] -- Installing: /home/gurupranav/Programming/ros2_tut/igvc/install/global_launcher/share/global_launcher/launch/global_launch.py
[0.236s] -- Up-to-date: /home/gurupranav/Programming/ros2_tut/igvc/install/global_launcher/share/ament_index/resource_index/package_run_dependencies/global_launcher
[0.237s] -- Up-to-date: /home/gurupranav/Programming/ros2_tut/igvc/install/global_launcher/share/ament_index/resource_index/parent_prefix_path/global_launcher
[0.237s] -- Up-to-date: /home/gurupranav/Programming/ros2_tut/igvc/install/global_launcher/share/global_launcher/environment/ament_prefix_path.sh
[0.239s] -- Up-to-date: /home/gurupranav/Programming/ros2_tut/igvc/install/global_launcher/share/global_launcher/environment/ament_prefix_path.dsv
[0.239s] -- Up-to-date: /home/gurupranav/Programming/ros2_tut/igvc/install/global_launcher/share/global_launcher/environment/path.sh
[0.240s] -- Up-to-date: /home/gurupranav/Programming/ros2_tut/igvc/install/global_launcher/share/global_launcher/environment/path.dsv
[0.241s] -- Up-to-date: /home/gurupranav/Programming/ros2_tut/igvc/install/global_launcher/share/global_launcher/local_setup.bash
[0.243s] -- Up-to-date: /home/gurupranav/Programming/ros2_tut/igvc/install/global_launcher/share/global_launcher/local_setup.sh
[0.243s] -- Up-to-date: /home/gurupranav/Programming/ros2_tut/igvc/install/global_launcher/share/global_launcher/local_setup.zsh
[0.244s] -- Up-to-date: /home/gurupranav/Programming/ros2_tut/igvc/install/global_launcher/share/global_launcher/local_setup.dsv
[0.244s] -- Installing: /home/gurupranav/Programming/ros2_tut/igvc/install/global_launcher/share/global_launcher/package.dsv
[0.245s] -- Up-to-date: /home/gurupranav/Programming/ros2_tut/igvc/install/global_launcher/share/ament_index/resource_index/packages/global_launcher
[0.246s] -- Up-to-date: /home/gurupranav/Programming/ros2_tut/igvc/install/global_launcher/share/global_launcher/cmake/global_launcherConfig.cmake
[0.247s] -- Up-to-date: /home/gurupranav/Programming/ros2_tut/igvc/install/global_launcher/share/global_launcher/cmake/global_launcherConfig-version.cmake
[0.247s] -- Up-to-date: /home/gurupranav/Programming/ros2_tut/igvc/install/global_launcher/share/global_launcher/package.xml
[0.344s] Invoked command in '/home/gurupranav/Programming/ros2_tut/igvc/build/global_launcher' returned '0': CMAKE_PREFIX_PATH=${CMAKE_PREFIX_PATH}:/opt/ros/humble /usr/bin/cmake --install /home/gurupranav/Programming/ros2_tut/igvc/build/global_launcher
