[0.046s] Invoking command in '/home/gurupranav/Programming/ros2_tut/igvc/build/rplidar_ros': CMAKE_PREFIX_PATH=${CMAKE_PREFIX_PATH}:/opt/ros/humble /usr/bin/cmake --build /home/gurupranav/Programming/ros2_tut/igvc/build/rplidar_ros -- -j16 -l16
[0.156s] [  0%] Built target ament_cmake_python_copy_rplidar_ros
[0.167s] [  3%] Built target rplidar_client
[0.171s] [ 57%] Built target rplidar_composition
[0.173s] [ 67%] Built target lidar_map_node
[0.176s] [100%] Built target rplidar_node
[0.487s] running egg_info
[0.487s] writing rplidar_ros.egg-info/PKG-INFO
[0.488s] writing dependency_links to rplidar_ros.egg-info/dependency_links.txt
[0.488s] writing top-level names to rplidar_ros.egg-info/top_level.txt
[0.490s] reading manifest file 'rplidar_ros.egg-info/SOURCES.txt'
[0.491s] writing manifest file 'rplidar_ros.egg-info/SOURCES.txt'
[0.526s] [100%] Built target ament_cmake_python_build_rplidar_ros_egg
[0.543s] Invoked command in '/home/gurupranav/Programming/ros2_tut/igvc/build/rplidar_ros' returned '0': CMAKE_PREFIX_PATH=${CMAKE_PREFIX_PATH}:/opt/ros/humble /usr/bin/cmake --build /home/gurupranav/Programming/ros2_tut/igvc/build/rplidar_ros -- -j16 -l16
[0.671s] Invoking command in '/home/gurupranav/Programming/ros2_tut/igvc/build/rplidar_ros': CMAKE_PREFIX_PATH=${CMAKE_PREFIX_PATH}:/opt/ros/humble /usr/bin/cmake --install /home/gurupranav/Programming/ros2_tut/igvc/build/rplidar_ros
[0.679s] -- Install configuration: ""
[0.680s] -- Up-to-date: /home/gurupranav/Programming/ros2_tut/igvc/install/rplidar_ros/share/rplidar_ros/environment/pythonpath.sh
[0.681s] -- Up-to-date: /home/gurupranav/Programming/ros2_tut/igvc/install/rplidar_ros/share/rplidar_ros/environment/pythonpath.dsv
[0.681s] -- Up-to-date: /home/gurupranav/Programming/ros2_tut/igvc/install/rplidar_ros/local/lib/python3.10/dist-packages/rplidar_ros-2.1.4-py3.10.egg-info
[0.681s] -- Installing: /home/gurupranav/Programming/ros2_tut/igvc/install/rplidar_ros/local/lib/python3.10/dist-packages/rplidar_ros-2.1.4-py3.10.egg-info/SOURCES.txt
[0.682s] -- Installing: /home/gurupranav/Programming/ros2_tut/igvc/install/rplidar_ros/local/lib/python3.10/dist-packages/rplidar_ros-2.1.4-py3.10.egg-info/dependency_links.txt
[0.682s] -- Installing: /home/gurupranav/Programming/ros2_tut/igvc/install/rplidar_ros/local/lib/python3.10/dist-packages/rplidar_ros-2.1.4-py3.10.egg-info/PKG-INFO
[0.682s] -- Installing: /home/gurupranav/Programming/ros2_tut/igvc/install/rplidar_ros/local/lib/python3.10/dist-packages/rplidar_ros-2.1.4-py3.10.egg-info/top_level.txt
[0.683s] -- Up-to-date: /home/gurupranav/Programming/ros2_tut/igvc/install/rplidar_ros/local/lib/python3.10/dist-packages/rplidar_ros
[0.683s] -- Up-to-date: /home/gurupranav/Programming/ros2_tut/igvc/install/rplidar_ros/local/lib/python3.10/dist-packages/rplidar_ros/cv_to_map.py
[0.683s] -- Up-to-date: /home/gurupranav/Programming/ros2_tut/igvc/install/rplidar_ros/local/lib/python3.10/dist-packages/rplidar_ros/cv_to_map2.py
[0.683s] -- Up-to-date: /home/gurupranav/Programming/ros2_tut/igvc/install/rplidar_ros/local/lib/python3.10/dist-packages/rplidar_ros/rplidar_client.cpp
[0.683s] -- Up-to-date: /home/gurupranav/Programming/ros2_tut/igvc/install/rplidar_ros/local/lib/python3.10/dist-packages/rplidar_ros/igvc_slam_node.py
[0.683s] -- Up-to-date: /home/gurupranav/Programming/ros2_tut/igvc/install/rplidar_ros/local/lib/python3.10/dist-packages/rplidar_ros/rplidar_node.cpp
[0.683s] -- Up-to-date: /home/gurupranav/Programming/ros2_tut/igvc/install/rplidar_ros/local/lib/python3.10/dist-packages/rplidar_ros/__init__.py
[0.683s] -- Up-to-date: /home/gurupranav/Programming/ros2_tut/igvc/install/rplidar_ros/local/lib/python3.10/dist-packages/rplidar_ros/lidar_map_node.cpp
[0.724s] Listing '/home/gurupranav/Programming/ros2_tut/igvc/install/rplidar_ros/local/lib/python3.10/dist-packages/rplidar_ros'...
[0.727s] -- Up-to-date: /home/gurupranav/Programming/ros2_tut/igvc/install/rplidar_ros/share/rplidar_ros/launch
[0.727s] -- Up-to-date: /home/gurupranav/Programming/ros2_tut/igvc/install/rplidar_ros/share/rplidar_ros/launch/rplidar_s3_launch.py
[0.727s] -- Up-to-date: /home/gurupranav/Programming/ros2_tut/igvc/install/rplidar_ros/share/rplidar_ros/launch/view_rplidar_s2_launch.py
[0.728s] -- Up-to-date: /home/gurupranav/Programming/ros2_tut/igvc/install/rplidar_ros/share/rplidar_ros/launch/rplidar_a2m8_launch.py
[0.728s] -- Up-to-date: /home/gurupranav/Programming/ros2_tut/igvc/install/rplidar_ros/share/rplidar_ros/launch/rplidar_s2_launch.py
[0.728s] -- Up-to-date: /home/gurupranav/Programming/ros2_tut/igvc/install/rplidar_ros/share/rplidar_ros/launch/view_rplidar_a2m7_launch.py
[0.728s] -- Up-to-date: /home/gurupranav/Programming/ros2_tut/igvc/install/rplidar_ros/share/rplidar_ros/launch/view_rplidar_c1_launch.py
[0.728s] -- Up-to-date: /home/gurupranav/Programming/ros2_tut/igvc/install/rplidar_ros/share/rplidar_ros/launch/view_rplidar_a2m12_launch.py
[0.728s] -- Up-to-date: /home/gurupranav/Programming/ros2_tut/igvc/install/rplidar_ros/share/rplidar_ros/launch/view_rplidar_s1_tcp_launch.py
[0.728s] -- Up-to-date: /home/gurupranav/Programming/ros2_tut/igvc/install/rplidar_ros/share/rplidar_ros/launch/rplidar_s1_tcp_launch.py
[0.729s] -- Up-to-date: /home/gurupranav/Programming/ros2_tut/igvc/install/rplidar_ros/share/rplidar_ros/launch/rplidar_c1_launch.py
[0.729s] -- Up-to-date: /home/gurupranav/Programming/ros2_tut/igvc/install/rplidar_ros/share/rplidar_ros/launch/view_rplidar_s3_launch.py
[0.729s] -- Up-to-date: /home/gurupranav/Programming/ros2_tut/igvc/install/rplidar_ros/share/rplidar_ros/launch/view_rplidar_t1_launch.py
[0.729s] -- Up-to-date: /home/gurupranav/Programming/ros2_tut/igvc/install/rplidar_ros/share/rplidar_ros/launch/rplidar_a2m7_launch.py
[0.729s] -- Up-to-date: /home/gurupranav/Programming/ros2_tut/igvc/install/rplidar_ros/share/rplidar_ros/launch/view_rplidar_a2m8_launch.py
[0.729s] -- Up-to-date: /home/gurupranav/Programming/ros2_tut/igvc/install/rplidar_ros/share/rplidar_ros/launch/rplidar_t1_launch.py
[0.729s] -- Up-to-date: /home/gurupranav/Programming/ros2_tut/igvc/install/rplidar_ros/share/rplidar_ros/launch/view_rplidar_s2e_launch.py
[0.729s] -- Up-to-date: /home/gurupranav/Programming/ros2_tut/igvc/install/rplidar_ros/share/rplidar_ros/launch/view_rplidar_a1_launch.py
[0.729s] -- Up-to-date: /home/gurupranav/Programming/ros2_tut/igvc/install/rplidar_ros/share/rplidar_ros/launch/rplidar_s2e_launch.py
[0.729s] -- Up-to-date: /home/gurupranav/Programming/ros2_tut/igvc/install/rplidar_ros/share/rplidar_ros/launch/rplidar_a2m12_launch.py
[0.730s] -- Up-to-date: /home/gurupranav/Programming/ros2_tut/igvc/install/rplidar_ros/share/rplidar_ros/launch/rplidar_s1_launch.py
[0.730s] -- Up-to-date: /home/gurupranav/Programming/ros2_tut/igvc/install/rplidar_ros/share/rplidar_ros/launch/rplidar_a3_launch.py
[0.730s] -- Up-to-date: /home/gurupranav/Programming/ros2_tut/igvc/install/rplidar_ros/share/rplidar_ros/launch/rplidar_a1_launch.py
[0.731s] -- Up-to-date: /home/gurupranav/Programming/ros2_tut/igvc/install/rplidar_ros/share/rplidar_ros/launch/view_rplidar_a3_launch.py
[0.731s] -- Up-to-date: /home/gurupranav/Programming/ros2_tut/igvc/install/rplidar_ros/share/rplidar_ros/launch/view_rplidar_s1_launch.py
[0.731s] -- Up-to-date: /home/gurupranav/Programming/ros2_tut/igvc/install/rplidar_ros/share/rplidar_ros/rviz
[0.731s] -- Up-to-date: /home/gurupranav/Programming/ros2_tut/igvc/install/rplidar_ros/share/rplidar_ros/rviz/rplidar_ros.rviz
[0.732s] -- Up-to-date: /home/gurupranav/Programming/ros2_tut/igvc/install/rplidar_ros/lib/rplidar_ros/igvc_slam_node.py
[0.732s] -- Up-to-date: /home/gurupranav/Programming/ros2_tut/igvc/install/rplidar_ros/lib/rplidar_ros/cv_to_map2.py
[0.732s] -- Up-to-date: /home/gurupranav/Programming/ros2_tut/igvc/install/rplidar_ros/lib/rplidar_ros/rplidar_node
[0.732s] -- Up-to-date: /home/gurupranav/Programming/ros2_tut/igvc/install/rplidar_ros/lib/rplidar_ros/rplidar_composition
[0.732s] -- Up-to-date: /home/gurupranav/Programming/ros2_tut/igvc/install/rplidar_ros/lib/rplidar_ros/rplidar_client
[0.732s] -- Up-to-date: /home/gurupranav/Programming/ros2_tut/igvc/install/rplidar_ros/lib/rplidar_ros/lidar_map_node
[0.732s] -- Up-to-date: /home/gurupranav/Programming/ros2_tut/igvc/install/rplidar_ros/share/ament_index/resource_index/package_run_dependencies/rplidar_ros
[0.732s] -- Up-to-date: /home/gurupranav/Programming/ros2_tut/igvc/install/rplidar_ros/share/ament_index/resource_index/parent_prefix_path/rplidar_ros
[0.732s] -- Up-to-date: /home/gurupranav/Programming/ros2_tut/igvc/install/rplidar_ros/share/rplidar_ros/environment/ament_prefix_path.sh
[0.733s] -- Up-to-date: /home/gurupranav/Programming/ros2_tut/igvc/install/rplidar_ros/share/rplidar_ros/environment/ament_prefix_path.dsv
[0.733s] -- Up-to-date: /home/gurupranav/Programming/ros2_tut/igvc/install/rplidar_ros/share/rplidar_ros/environment/path.sh
[0.733s] -- Up-to-date: /home/gurupranav/Programming/ros2_tut/igvc/install/rplidar_ros/share/rplidar_ros/environment/path.dsv
[0.733s] -- Up-to-date: /home/gurupranav/Programming/ros2_tut/igvc/install/rplidar_ros/share/rplidar_ros/local_setup.bash
[0.733s] -- Up-to-date: /home/gurupranav/Programming/ros2_tut/igvc/install/rplidar_ros/share/rplidar_ros/local_setup.sh
[0.733s] -- Up-to-date: /home/gurupranav/Programming/ros2_tut/igvc/install/rplidar_ros/share/rplidar_ros/local_setup.zsh
[0.733s] -- Up-to-date: /home/gurupranav/Programming/ros2_tut/igvc/install/rplidar_ros/share/rplidar_ros/local_setup.dsv
[0.733s] -- Installing: /home/gurupranav/Programming/ros2_tut/igvc/install/rplidar_ros/share/rplidar_ros/package.dsv
[0.733s] -- Up-to-date: /home/gurupranav/Programming/ros2_tut/igvc/install/rplidar_ros/share/ament_index/resource_index/packages/rplidar_ros
[0.733s] -- Up-to-date: /home/gurupranav/Programming/ros2_tut/igvc/install/rplidar_ros/share/rplidar_ros/cmake/ament_cmake_export_dependencies-extras.cmake
[0.733s] -- Up-to-date: /home/gurupranav/Programming/ros2_tut/igvc/install/rplidar_ros/share/rplidar_ros/cmake/ament_cmake_export_include_directories-extras.cmake
[0.734s] -- Up-to-date: /home/gurupranav/Programming/ros2_tut/igvc/install/rplidar_ros/share/rplidar_ros/cmake/rplidar_rosConfig.cmake
[0.734s] -- Up-to-date: /home/gurupranav/Programming/ros2_tut/igvc/install/rplidar_ros/share/rplidar_ros/cmake/rplidar_rosConfig-version.cmake
[0.734s] -- Up-to-date: /home/gurupranav/Programming/ros2_tut/igvc/install/rplidar_ros/share/rplidar_ros/package.xml
[0.736s] Invoked command in '/home/gurupranav/Programming/ros2_tut/igvc/build/rplidar_ros' returned '0': CMAKE_PREFIX_PATH=${CMAKE_PREFIX_PATH}:/opt/ros/humble /usr/bin/cmake --install /home/gurupranav/Programming/ros2_tut/igvc/build/rplidar_ros
