[0.036s] Invoking command in '/home/gurupranav/Programming/ros2_tut/igvc/build/micro_ros_setup': CMAKE_PREFIX_PATH=${CMAKE_PREFIX_PATH}:/opt/ros/humble /usr/bin/cmake --build /home/gurupranav/Programming/ros2_tut/igvc/build/micro_ros_setup -- -j16 -l16
[0.060s] -- Found ament_cmake: 1.3.10 (/opt/ros/humble/share/ament_cmake/cmake)
[0.248s] -- Found ament_lint_auto: 0.12.11 (/opt/ros/humble/share/ament_lint_auto/cmake)
[0.332s] -- Added test 'copyright' to check source files copyright and LICENSE
[0.362s] -- Added test 'flake8' to check Python code syntax and style conventions
[0.366s] -- Added test 'lint_cmake' to check CMake code style
[0.368s] -- Added test 'pep257' to check Python code against some of the docstring style conventions in PEP 257
[0.385s] -- Added test 'xmllint' to check XML markup files
[0.386s] -- Configuring done
[0.392s] -- Generating done
[0.394s] -- Build files have been written to: /home/gurupranav/Programming/ros2_tut/igvc/build/micro_ros_setup
[0.421s] Invoked command in '/home/gurupranav/Programming/ros2_tut/igvc/build/micro_ros_setup' returned '0': CMAKE_PREFIX_PATH=${CMAKE_PREFIX_PATH}:/opt/ros/humble /usr/bin/cmake --build /home/gurupranav/Programming/ros2_tut/igvc/build/micro_ros_setup -- -j16 -l16
[0.459s] Invoking command in '/home/gurupranav/Programming/ros2_tut/igvc/build/micro_ros_setup': CMAKE_PREFIX_PATH=${CMAKE_PREFIX_PATH}:/opt/ros/humble /usr/bin/cmake --install /home/gurupranav/Programming/ros2_tut/igvc/build/micro_ros_setup
[0.468s] -- Install configuration: ""
[0.469s] -- Up-to-date: /home/gurupranav/Programming/ros2_tut/igvc/install/micro_ros_setup/share/ament_index/resource_index/package_run_dependencies/micro_ros_setup
[0.469s] -- Installing: /home/gurupranav/Programming/ros2_tut/igvc/install/micro_ros_setup/share/ament_index/resource_index/parent_prefix_path/micro_ros_setup
[0.469s] -- Up-to-date: /home/gurupranav/Programming/ros2_tut/igvc/install/micro_ros_setup/share/micro_ros_setup/environment/ament_prefix_path.sh
[0.470s] -- Installing: /home/gurupranav/Programming/ros2_tut/igvc/install/micro_ros_setup/share/micro_ros_setup/environment/ament_prefix_path.dsv
[0.470s] -- Up-to-date: /home/gurupranav/Programming/ros2_tut/igvc/install/micro_ros_setup/share/micro_ros_setup/environment/path.sh
[0.470s] -- Installing: /home/gurupranav/Programming/ros2_tut/igvc/install/micro_ros_setup/share/micro_ros_setup/environment/path.dsv
[0.471s] -- Up-to-date: /home/gurupranav/Programming/ros2_tut/igvc/install/micro_ros_setup/share/micro_ros_setup/local_setup.bash
[0.471s] -- Up-to-date: /home/gurupranav/Programming/ros2_tut/igvc/install/micro_ros_setup/share/micro_ros_setup/local_setup.sh
[0.471s] -- Up-to-date: /home/gurupranav/Programming/ros2_tut/igvc/install/micro_ros_setup/share/micro_ros_setup/local_setup.zsh
[0.471s] -- Installing: /home/gurupranav/Programming/ros2_tut/igvc/install/micro_ros_setup/share/micro_ros_setup/local_setup.dsv
[0.472s] -- Installing: /home/gurupranav/Programming/ros2_tut/igvc/install/micro_ros_setup/share/micro_ros_setup/package.dsv
[0.472s] -- Up-to-date: /home/gurupranav/Programming/ros2_tut/igvc/install/micro_ros_setup/share/ament_index/resource_index/packages/micro_ros_setup
[0.472s] -- Up-to-date: /home/gurupranav/Programming/ros2_tut/igvc/install/micro_ros_setup/share/micro_ros_setup/cmake/micro_ros_setupConfig.cmake
[0.473s] -- Up-to-date: /home/gurupranav/Programming/ros2_tut/igvc/install/micro_ros_setup/share/micro_ros_setup/cmake/micro_ros_setupConfig-version.cmake
[0.473s] -- Installing: /home/gurupranav/Programming/ros2_tut/igvc/install/micro_ros_setup/share/micro_ros_setup/package.xml
[0.473s] -- Up-to-date: /home/gurupranav/Programming/ros2_tut/igvc/install/micro_ros_setup/./config
[0.473s] -- Installing: /home/gurupranav/Programming/ros2_tut/igvc/install/micro_ros_setup/./config/client_ros2_packages.txt
[0.474s] -- Up-to-date: /home/gurupranav/Programming/ros2_tut/igvc/install/micro_ros_setup/./config/zephyr
[0.474s] -- Installing: /home/gurupranav/Programming/ros2_tut/igvc/install/micro_ros_setup/./config/zephyr/list_apps.sh
[0.474s] -- Installing: /home/gurupranav/Programming/ros2_tut/igvc/install/micro_ros_setup/./config/zephyr/dev_uros_packages.repos
[0.474s] -- Up-to-date: /home/gurupranav/Programming/ros2_tut/igvc/install/micro_ros_setup/./config/zephyr/generic
[0.474s] -- Installing: /home/gurupranav/Programming/ros2_tut/igvc/install/micro_ros_setup/./config/zephyr/generic/package.xml
[0.474s] -- Installing: /home/gurupranav/Programming/ros2_tut/igvc/install/micro_ros_setup/./config/zephyr/generic/client-colcon.meta
[0.475s] -- Installing: /home/gurupranav/Programming/ros2_tut/igvc/install/micro_ros_setup/./config/zephyr/generic/build.sh
[0.475s] -- Up-to-date: /home/gurupranav/Programming/ros2_tut/igvc/install/micro_ros_setup/./config/zephyr/generic/client_uros_packages.repos
[0.475s] -- Installing: /home/gurupranav/Programming/ros2_tut/igvc/install/micro_ros_setup/./config/zephyr/generic/configure.sh
[0.476s] -- Installing: /home/gurupranav/Programming/ros2_tut/igvc/install/micro_ros_setup/./config/zephyr/generic/flash.sh
[0.476s] -- Installing: /home/gurupranav/Programming/ros2_tut/igvc/install/micro_ros_setup/./config/zephyr/generic/supported_platforms
[0.476s] -- Installing: /home/gurupranav/Programming/ros2_tut/igvc/install/micro_ros_setup/./config/zephyr/generic/board.repos
[0.476s] -- Installing: /home/gurupranav/Programming/ros2_tut/igvc/install/micro_ros_setup/./config/zephyr/generic/create.sh
[0.476s] -- Installing: /home/gurupranav/Programming/ros2_tut/igvc/install/micro_ros_setup/./config/zephyr/dev_ros2_packages.txt
[0.477s] -- Installing: /home/gurupranav/Programming/ros2_tut/igvc/install/micro_ros_setup/./config/client_uros_packages.repos
[0.477s] -- Up-to-date: /home/gurupranav/Programming/ros2_tut/igvc/install/micro_ros_setup/./config/raspbian
[0.477s] -- Installing: /home/gurupranav/Programming/ros2_tut/igvc/install/micro_ros_setup/./config/raspbian/dev_uros_packages.repos
[0.477s] -- Up-to-date: /home/gurupranav/Programming/ros2_tut/igvc/install/micro_ros_setup/./config/raspbian/generic
[0.477s] -- Installing: /home/gurupranav/Programming/ros2_tut/igvc/install/micro_ros_setup/./config/raspbian/generic/client-colcon.meta
[0.478s] -- Installing: /home/gurupranav/Programming/ros2_tut/igvc/install/micro_ros_setup/./config/raspbian/generic/build.sh
[0.479s] -- Installing: /home/gurupranav/Programming/ros2_tut/igvc/install/micro_ros_setup/./config/raspbian/generic/client_uros_packages.repos
[0.479s] -- Installing: /home/gurupranav/Programming/ros2_tut/igvc/install/micro_ros_setup/./config/raspbian/generic/configure.sh
[0.479s] -- Installing: /home/gurupranav/Programming/ros2_tut/igvc/install/micro_ros_setup/./config/raspbian/generic/flash.sh
[0.479s] -- Installing: /home/gurupranav/Programming/ros2_tut/igvc/install/micro_ros_setup/./config/raspbian/generic/supported_platforms
[0.480s] -- Installing: /home/gurupranav/Programming/ros2_tut/igvc/install/micro_ros_setup/./config/raspbian/generic/create.sh
[0.480s] -- Installing: /home/gurupranav/Programming/ros2_tut/igvc/install/micro_ros_setup/./config/raspbian/dev_ros2_packages.txt
[0.481s] -- Installing: /home/gurupranav/Programming/ros2_tut/igvc/install/micro_ros_setup/./config/agent_ros2_packages.txt
[0.481s] -- Up-to-date: /home/gurupranav/Programming/ros2_tut/igvc/install/micro_ros_setup/./config/renesas_ra
[0.481s] -- Installing: /home/gurupranav/Programming/ros2_tut/igvc/install/micro_ros_setup/./config/renesas_ra/list_apps.sh
[0.481s] -- Up-to-date: /home/gurupranav/Programming/ros2_tut/igvc/install/micro_ros_setup/./config/renesas_ra/ra6m5
[0.482s] -- Installing: /home/gurupranav/Programming/ros2_tut/igvc/install/micro_ros_setup/./config/renesas_ra/ra6m5/client-colcon.meta
[0.482s] -- Installing: /home/gurupranav/Programming/ros2_tut/igvc/install/micro_ros_setup/./config/renesas_ra/ra6m5/build.sh
[0.482s] -- Installing: /home/gurupranav/Programming/ros2_tut/igvc/install/micro_ros_setup/./config/renesas_ra/ra6m5/client_uros_packages.repos
[0.482s] -- Installing: /home/gurupranav/Programming/ros2_tut/igvc/install/micro_ros_setup/./config/renesas_ra/ra6m5/configure.sh
[0.483s] -- Installing: /home/gurupranav/Programming/ros2_tut/igvc/install/micro_ros_setup/./config/renesas_ra/ra6m5/flash.sh
[0.483s] -- Installing: /home/gurupranav/Programming/ros2_tut/igvc/install/micro_ros_setup/./config/renesas_ra/ra6m5/board.repos
[0.483s] -- Installing: /home/gurupranav/Programming/ros2_tut/igvc/install/micro_ros_setup/./config/renesas_ra/ra6m5/create.sh
[0.483s] -- Installing: /home/gurupranav/Programming/ros2_tut/igvc/install/micro_ros_setup/./config/renesas_ra/dev_uros_packages.repos
[0.484s] -- Installing: /home/gurupranav/Programming/ros2_tut/igvc/install/micro_ros_setup/./config/renesas_ra/dev_ros2_packages.txt
[0.484s] -- Up-to-date: /home/gurupranav/Programming/ros2_tut/igvc/install/micro_ros_setup/./config/android
[0.484s] -- Installing: /home/gurupranav/Programming/ros2_tut/igvc/install/micro_ros_setup/./config/android/dev_uros_packages.repos
[0.485s] -- Up-to-date: /home/gurupranav/Programming/ros2_tut/igvc/install/micro_ros_setup/./config/android/generic
[0.485s] -- Installing: /home/gurupranav/Programming/ros2_tut/igvc/install/micro_ros_setup/./config/android/generic/package.xml
[0.485s] -- Installing: /home/gurupranav/Programming/ros2_tut/igvc/install/micro_ros_setup/./config/android/generic/client-colcon.meta
[0.486s] -- Installing: /home/gurupranav/Programming/ros2_tut/igvc/install/micro_ros_setup/./config/android/generic/build.sh
[0.486s] -- Installing: /home/gurupranav/Programming/ros2_tut/igvc/install/micro_ros_setup/./config/android/generic/client_uros_packages.repos
[0.486s] -- Installing: /home/gurupranav/Programming/ros2_tut/igvc/install/micro_ros_setup/./config/android/generic/flash.sh
[0.487s] -- Installing: /home/gurupranav/Programming/ros2_tut/igvc/install/micro_ros_setup/./config/android/generic/create.sh
[0.487s] -- Installing: /home/gurupranav/Programming/ros2_tut/igvc/install/micro_ros_setup/./config/android/dev_ros2_packages.txt
[0.487s] -- Installing: /home/gurupranav/Programming/ros2_tut/igvc/install/micro_ros_setup/./config/agent_uros_packages.repos
[0.487s] -- Up-to-date: /home/gurupranav/Programming/ros2_tut/igvc/install/micro_ros_setup/./config/generate_lib
[0.488s] -- Installing: /home/gurupranav/Programming/ros2_tut/igvc/install/micro_ros_setup/./config/generate_lib/dev_uros_packages.repos
[0.488s] -- Up-to-date: /home/gurupranav/Programming/ros2_tut/igvc/install/micro_ros_setup/./config/generate_lib/generic
[0.488s] -- Installing: /home/gurupranav/Programming/ros2_tut/igvc/install/micro_ros_setup/./config/generate_lib/generic/package.xml
[0.489s] -- Installing: /home/gurupranav/Programming/ros2_tut/igvc/install/micro_ros_setup/./config/generate_lib/generic/client-colcon.meta
[0.489s] -- Installing: /home/gurupranav/Programming/ros2_tut/igvc/install/micro_ros_setup/./config/generate_lib/generic/build.sh
[0.489s] -- Up-to-date: /home/gurupranav/Programming/ros2_tut/igvc/install/micro_ros_setup/./config/generate_lib/generic/client_uros_packages.repos
[0.489s] -- Installing: /home/gurupranav/Programming/ros2_tut/igvc/install/micro_ros_setup/./config/generate_lib/generic/demo_toolchain.cmake
[0.489s] -- Installing: /home/gurupranav/Programming/ros2_tut/igvc/install/micro_ros_setup/./config/generate_lib/generic/flash.sh
[0.489s] -- Installing: /home/gurupranav/Programming/ros2_tut/igvc/install/micro_ros_setup/./config/generate_lib/generic/create.sh
[0.490s] -- Installing: /home/gurupranav/Programming/ros2_tut/igvc/install/micro_ros_setup/./config/generate_lib/dev_ros2_packages.txt
[0.490s] -- Up-to-date: /home/gurupranav/Programming/ros2_tut/igvc/install/micro_ros_setup/./config/host
[0.490s] -- Installing: /home/gurupranav/Programming/ros2_tut/igvc/install/micro_ros_setup/./config/host/client_ros2_packages.txt
[0.491s] -- Installing: /home/gurupranav/Programming/ros2_tut/igvc/install/micro_ros_setup/./config/host/dev_uros_packages.repos
[0.491s] -- Up-to-date: /home/gurupranav/Programming/ros2_tut/igvc/install/micro_ros_setup/./config/host/generic
[0.491s] -- Installing: /home/gurupranav/Programming/ros2_tut/igvc/install/micro_ros_setup/./config/host/generic/package.xml
[0.491s] -- Installing: /home/gurupranav/Programming/ros2_tut/igvc/install/micro_ros_setup/./config/host/generic/build.sh
[0.492s] -- Installing: /home/gurupranav/Programming/ros2_tut/igvc/install/micro_ros_setup/./config/host/generic/flash.sh
[0.492s] -- Installing: /home/gurupranav/Programming/ros2_tut/igvc/install/micro_ros_setup/./config/host/generic/client-host-colcon.meta
[0.492s] -- Installing: /home/gurupranav/Programming/ros2_tut/igvc/install/micro_ros_setup/./config/host/generic/client_host_packages.repos
[0.493s] -- Installing: /home/gurupranav/Programming/ros2_tut/igvc/install/micro_ros_setup/./config/host/generic/create.sh
[0.493s] -- Installing: /home/gurupranav/Programming/ros2_tut/igvc/install/micro_ros_setup/./config/host/dev_ros2_packages.txt
[0.493s] -- Up-to-date: /home/gurupranav/Programming/ros2_tut/igvc/install/micro_ros_setup/./config/mbed
[0.494s] -- Installing: /home/gurupranav/Programming/ros2_tut/igvc/install/micro_ros_setup/./config/mbed/list_apps.sh
[0.494s] -- Installing: /home/gurupranav/Programming/ros2_tut/igvc/install/micro_ros_setup/./config/mbed/dev_uros_packages.repos
[0.494s] -- Up-to-date: /home/gurupranav/Programming/ros2_tut/igvc/install/micro_ros_setup/./config/mbed/generic
[0.494s] -- Installing: /home/gurupranav/Programming/ros2_tut/igvc/install/micro_ros_setup/./config/mbed/generic/package.xml
[0.495s] -- Installing: /home/gurupranav/Programming/ros2_tut/igvc/install/micro_ros_setup/./config/mbed/generic/build.sh
[0.495s] -- Installing: /home/gurupranav/Programming/ros2_tut/igvc/install/micro_ros_setup/./config/mbed/generic/client_uros_packages.repos
[0.495s] -- Installing: /home/gurupranav/Programming/ros2_tut/igvc/install/micro_ros_setup/./config/mbed/generic/flash.sh
[0.495s] -- Installing: /home/gurupranav/Programming/ros2_tut/igvc/install/micro_ros_setup/./config/mbed/generic/supported_platforms
[0.495s] -- Installing: /home/gurupranav/Programming/ros2_tut/igvc/install/micro_ros_setup/./config/mbed/generic/board.repos
[0.496s] -- Installing: /home/gurupranav/Programming/ros2_tut/igvc/install/micro_ros_setup/./config/mbed/generic/create.sh
[0.496s] -- Installing: /home/gurupranav/Programming/ros2_tut/igvc/install/micro_ros_setup/./config/mbed/dev_ros2_packages.txt
[0.496s] -- Installing: /home/gurupranav/Programming/ros2_tut/igvc/install/micro_ros_setup/./config/utils.sh
[0.496s] -- Up-to-date: /home/gurupranav/Programming/ros2_tut/igvc/install/micro_ros_setup/./config/freertos
[0.497s] -- Installing: /home/gurupranav/Programming/ros2_tut/igvc/install/micro_ros_setup/./config/freertos/list_apps.sh
[0.497s] -- Up-to-date: /home/gurupranav/Programming/ros2_tut/igvc/install/micro_ros_setup/./config/freertos/nucleo_f746zg
[0.497s] -- Installing: /home/gurupranav/Programming/ros2_tut/igvc/install/micro_ros_setup/./config/freertos/nucleo_f746zg/package.xml
[0.497s] -- Installing: /home/gurupranav/Programming/ros2_tut/igvc/install/micro_ros_setup/./config/freertos/nucleo_f746zg/client-colcon.meta
[0.498s] -- Installing: /home/gurupranav/Programming/ros2_tut/igvc/install/micro_ros_setup/./config/freertos/nucleo_f746zg/build.sh
[0.498s] -- Up-to-date: /home/gurupranav/Programming/ros2_tut/igvc/install/micro_ros_setup/./config/freertos/nucleo_f746zg/client_uros_packages.repos
[0.499s] -- Installing: /home/gurupranav/Programming/ros2_tut/igvc/install/micro_ros_setup/./config/freertos/nucleo_f746zg/configure.sh
[0.499s] -- Installing: /home/gurupranav/Programming/ros2_tut/igvc/install/micro_ros_setup/./config/freertos/nucleo_f746zg/flash.sh
[0.500s] -- Installing: /home/gurupranav/Programming/ros2_tut/igvc/install/micro_ros_setup/./config/freertos/nucleo_f746zg/board.repos
[0.500s] -- Installing: /home/gurupranav/Programming/ros2_tut/igvc/install/micro_ros_setup/./config/freertos/nucleo_f746zg/create.sh
[0.501s] -- Up-to-date: /home/gurupranav/Programming/ros2_tut/igvc/install/micro_ros_setup/./config/freertos/nucleo_f446re
[0.501s] -- Installing: /home/gurupranav/Programming/ros2_tut/igvc/install/micro_ros_setup/./config/freertos/nucleo_f446re/package.xml
[0.501s] -- Installing: /home/gurupranav/Programming/ros2_tut/igvc/install/micro_ros_setup/./config/freertos/nucleo_f446re/client-colcon.meta
[0.501s] -- Installing: /home/gurupranav/Programming/ros2_tut/igvc/install/micro_ros_setup/./config/freertos/nucleo_f446re/build.sh
[0.502s] -- Up-to-date: /home/gurupranav/Programming/ros2_tut/igvc/install/micro_ros_setup/./config/freertos/nucleo_f446re/client_uros_packages.repos
[0.502s] -- Installing: /home/gurupranav/Programming/ros2_tut/igvc/install/micro_ros_setup/./config/freertos/nucleo_f446re/configure.sh
[0.502s] -- Installing: /home/gurupranav/Programming/ros2_tut/igvc/install/micro_ros_setup/./config/freertos/nucleo_f446re/flash.sh
[0.503s] -- Installing: /home/gurupranav/Programming/ros2_tut/igvc/install/micro_ros_setup/./config/freertos/nucleo_f446re/board.repos
[0.503s] -- Installing: /home/gurupranav/Programming/ros2_tut/igvc/install/micro_ros_setup/./config/freertos/nucleo_f446re/create.sh
[0.503s] -- Up-to-date: /home/gurupranav/Programming/ros2_tut/igvc/install/micro_ros_setup/./config/freertos/nucleo_f446ze
[0.503s] -- Installing: /home/gurupranav/Programming/ros2_tut/igvc/install/micro_ros_setup/./config/freertos/nucleo_f446ze/package.xml
[0.504s] -- Installing: /home/gurupranav/Programming/ros2_tut/igvc/install/micro_ros_setup/./config/freertos/nucleo_f446ze/client-colcon.meta
[0.504s] -- Installing: /home/gurupranav/Programming/ros2_tut/igvc/install/micro_ros_setup/./config/freertos/nucleo_f446ze/build.sh
[0.504s] -- Up-to-date: /home/gurupranav/Programming/ros2_tut/igvc/install/micro_ros_setup/./config/freertos/nucleo_f446ze/client_uros_packages.repos
[0.505s] -- Installing: /home/gurupranav/Programming/ros2_tut/igvc/install/micro_ros_setup/./config/freertos/nucleo_f446ze/configure.sh
[0.505s] -- Installing: /home/gurupranav/Programming/ros2_tut/igvc/install/micro_ros_setup/./config/freertos/nucleo_f446ze/flash.sh
[0.505s] -- Installing: /home/gurupranav/Programming/ros2_tut/igvc/install/micro_ros_setup/./config/freertos/nucleo_f446ze/board.repos
[0.505s] -- Installing: /home/gurupranav/Programming/ros2_tut/igvc/install/micro_ros_setup/./config/freertos/nucleo_f446ze/create.sh
[0.506s] -- Installing: /home/gurupranav/Programming/ros2_tut/igvc/install/micro_ros_setup/./config/freertos/dev_uros_packages.repos
[0.506s] -- Installing: /home/gurupranav/Programming/ros2_tut/igvc/install/micro_ros_setup/./config/freertos/dev_ros2_packages.txt
[0.506s] -- Up-to-date: /home/gurupranav/Programming/ros2_tut/igvc/install/micro_ros_setup/./config/freertos/olimex-stm32-e407
[0.506s] -- Installing: /home/gurupranav/Programming/ros2_tut/igvc/install/micro_ros_setup/./config/freertos/olimex-stm32-e407/package.xml
[0.507s] -- Installing: /home/gurupranav/Programming/ros2_tut/igvc/install/micro_ros_setup/./config/freertos/olimex-stm32-e407/client-colcon.meta
[0.507s] -- Installing: /home/gurupranav/Programming/ros2_tut/igvc/install/micro_ros_setup/./config/freertos/olimex-stm32-e407/build.sh
[0.507s] -- Up-to-date: /home/gurupranav/Programming/ros2_tut/igvc/install/micro_ros_setup/./config/freertos/olimex-stm32-e407/client_uros_packages.repos
[0.507s] -- Installing: /home/gurupranav/Programming/ros2_tut/igvc/install/micro_ros_setup/./config/freertos/olimex-stm32-e407/configure.sh
[0.508s] -- Installing: /home/gurupranav/Programming/ros2_tut/igvc/install/micro_ros_setup/./config/freertos/olimex-stm32-e407/flash.sh
[0.508s] -- Installing: /home/gurupranav/Programming/ros2_tut/igvc/install/micro_ros_setup/./config/freertos/olimex-stm32-e407/board.repos
[0.508s] -- Installing: /home/gurupranav/Programming/ros2_tut/igvc/install/micro_ros_setup/./config/freertos/olimex-stm32-e407/create.sh
[0.508s] -- Up-to-date: /home/gurupranav/Programming/ros2_tut/igvc/install/micro_ros_setup/./config/freertos/crazyflie21
[0.508s] -- Installing: /home/gurupranav/Programming/ros2_tut/igvc/install/micro_ros_setup/./config/freertos/crazyflie21/package.xml
[0.509s] -- Installing: /home/gurupranav/Programming/ros2_tut/igvc/install/micro_ros_setup/./config/freertos/crazyflie21/client-colcon.meta
[0.509s] -- Installing: /home/gurupranav/Programming/ros2_tut/igvc/install/micro_ros_setup/./config/freertos/crazyflie21/build.sh
[0.509s] -- Up-to-date: /home/gurupranav/Programming/ros2_tut/igvc/install/micro_ros_setup/./config/freertos/crazyflie21/client_uros_packages.repos
[0.509s] -- Installing: /home/gurupranav/Programming/ros2_tut/igvc/install/micro_ros_setup/./config/freertos/crazyflie21/configure.sh
[0.510s] -- Installing: /home/gurupranav/Programming/ros2_tut/igvc/install/micro_ros_setup/./config/freertos/crazyflie21/flash.sh
[0.510s] -- Installing: /home/gurupranav/Programming/ros2_tut/igvc/install/micro_ros_setup/./config/freertos/crazyflie21/board.repos
[0.510s] -- Installing: /home/gurupranav/Programming/ros2_tut/igvc/install/micro_ros_setup/./config/freertos/crazyflie21/create.sh
[0.510s] -- Up-to-date: /home/gurupranav/Programming/ros2_tut/igvc/install/micro_ros_setup/./config/freertos/nucleo_f767zi
[0.511s] -- Installing: /home/gurupranav/Programming/ros2_tut/igvc/install/micro_ros_setup/./config/freertos/nucleo_f767zi/package.xml
[0.511s] -- Installing: /home/gurupranav/Programming/ros2_tut/igvc/install/micro_ros_setup/./config/freertos/nucleo_f767zi/client-colcon.meta
[0.511s] -- Installing: /home/gurupranav/Programming/ros2_tut/igvc/install/micro_ros_setup/./config/freertos/nucleo_f767zi/build.sh
[0.511s] -- Up-to-date: /home/gurupranav/Programming/ros2_tut/igvc/install/micro_ros_setup/./config/freertos/nucleo_f767zi/client_uros_packages.repos
[0.512s] -- Installing: /home/gurupranav/Programming/ros2_tut/igvc/install/micro_ros_setup/./config/freertos/nucleo_f767zi/configure.sh
[0.512s] -- Installing: /home/gurupranav/Programming/ros2_tut/igvc/install/micro_ros_setup/./config/freertos/nucleo_f767zi/flash.sh
[0.512s] -- Installing: /home/gurupranav/Programming/ros2_tut/igvc/install/micro_ros_setup/./config/freertos/nucleo_f767zi/board.repos
[0.512s] -- Installing: /home/gurupranav/Programming/ros2_tut/igvc/install/micro_ros_setup/./config/freertos/nucleo_f767zi/create.sh
[0.513s] -- Up-to-date: /home/gurupranav/Programming/ros2_tut/igvc/install/micro_ros_setup/./config/freertos/esp32
[0.513s] -- Installing: /home/gurupranav/Programming/ros2_tut/igvc/install/micro_ros_setup/./config/freertos/esp32/package.xml
[0.513s] -- Installing: /home/gurupranav/Programming/ros2_tut/igvc/install/micro_ros_setup/./config/freertos/esp32/client-colcon.meta
[0.513s] -- Installing: /home/gurupranav/Programming/ros2_tut/igvc/install/micro_ros_setup/./config/freertos/esp32/build.sh
[0.514s] -- Up-to-date: /home/gurupranav/Programming/ros2_tut/igvc/install/micro_ros_setup/./config/freertos/esp32/client_uros_packages.repos
[0.514s] -- Installing: /home/gurupranav/Programming/ros2_tut/igvc/install/micro_ros_setup/./config/freertos/esp32/configure.sh
[0.514s] -- Installing: /home/gurupranav/Programming/ros2_tut/igvc/install/micro_ros_setup/./config/freertos/esp32/README.md
[0.514s] -- Installing: /home/gurupranav/Programming/ros2_tut/igvc/install/micro_ros_setup/./config/freertos/esp32/flash.sh
[0.514s] -- Installing: /home/gurupranav/Programming/ros2_tut/igvc/install/micro_ros_setup/./config/freertos/esp32/board.repos
[0.515s] -- Installing: /home/gurupranav/Programming/ros2_tut/igvc/install/micro_ros_setup/./config/freertos/esp32/create.sh
[0.515s] -- Installing: /home/gurupranav/Programming/ros2_tut/igvc/install/micro_ros_setup/lib/micro_ros_setup/create_ws.sh
[0.515s] -- Installing: /home/gurupranav/Programming/ros2_tut/igvc/install/micro_ros_setup/lib/micro_ros_setup/create_agent_ws.sh
[0.515s] -- Installing: /home/gurupranav/Programming/ros2_tut/igvc/install/micro_ros_setup/lib/micro_ros_setup/create_firmware_ws.sh
[0.515s] -- Installing: /home/gurupranav/Programming/ros2_tut/igvc/install/micro_ros_setup/lib/micro_ros_setup/configure_firmware.sh
[0.516s] -- Installing: /home/gurupranav/Programming/ros2_tut/igvc/install/micro_ros_setup/lib/micro_ros_setup/flash_firmware.sh
[0.516s] -- Installing: /home/gurupranav/Programming/ros2_tut/igvc/install/micro_ros_setup/lib/micro_ros_setup/build_firmware.sh
[0.518s] -- Installing: /home/gurupranav/Programming/ros2_tut/igvc/install/micro_ros_setup/lib/micro_ros_setup/build_agent.sh
[0.519s] -- Installing: /home/gurupranav/Programming/ros2_tut/igvc/install/micro_ros_setup/lib/micro_ros_setup/yaml_filter.py
[0.519s] -- Installing: /home/gurupranav/Programming/ros2_tut/igvc/install/micro_ros_setup/lib/micro_ros_setup/clean_env.sh
[0.519s] -- Installing: /home/gurupranav/Programming/ros2_tut/igvc/install/micro_ros_setup/lib/micro_ros_setup/component
[0.524s] Invoked command in '/home/gurupranav/Programming/ros2_tut/igvc/build/micro_ros_setup' returned '0': CMAKE_PREFIX_PATH=${CMAKE_PREFIX_PATH}:/opt/ros/humble /usr/bin/cmake --install /home/gurupranav/Programming/ros2_tut/igvc/build/micro_ros_setup
