[0.000000] (-) TimerEvent: {}
[0.000958] (rplidar_ros) JobQueued: {'identifier': 'rplidar_ros', 'dependencies': OrderedDict()}
[0.001086] (rplidar_ros) JobStarted: {'identifier': 'rplidar_ros'}
[0.021551] (rplidar_ros) JobProgress: {'identifier': 'rplidar_ros', 'progress': 'cmake'}
[0.024360] (rplidar_ros) JobProgress: {'identifier': 'rplidar_ros', 'progress': 'build'}
[0.025550] (rplidar_ros) Command: {'cmd': ['/usr/bin/cmake', '--build', '/home/gurupranav/Programming/ros2_tut/rplidar_ros/build/rplidar_ros', '--', '-j16', '-l16'], 'cwd': '/home/gurupranav/Programming/ros2_tut/rplidar_ros/build/rplidar_ros', 'env': OrderedDict([('USER', 'gurupranav'), ('WT_PROFILE_ID', '{51855cb2-8cce-5362-8f54-464b92b32386}'), ('SHLVL', '1'), ('LD_LIBRARY_PATH', '/opt/ros/humble/opt/rviz_ogre_vendor/lib:/opt/ros/humble/lib/x86_64-linux-gnu:/opt/ros/humble/lib'), ('HOME', '/home/gurupranav'), ('OLDPWD', '/home/gurupranav'), ('LESS', '-R'), ('NVM_BIN', '/home/gurupranav/.nvm/versions/node/v22.5.0/bin'), ('ZSH', '/home/gurupranav/.oh-my-zsh'), ('LSCOLORS', 'Gxfxcxdxbxegedabagacad'), ('NVM_INC', '/home/gurupranav/.nvm/versions/node/v22.5.0/include/node'), ('PAGER', 'less'), ('ROS_PYTHON_VERSION', '3'), ('DBUS_SESSION_BUS_ADDRESS', 'unix:path=/run/user/1000/bus'), ('P9K_TTY', 'old'), ('WSL_DISTRO_NAME', 'Ubuntu'), ('NVM_DIR', '/home/gurupranav/.nvm'), ('WAYLAND_DISPLAY', 'wayland-0'), ('ROS_DISTRO', 'humble'), ('COLCON_PREFIX_PATH', '/home/gurupranav/Programming/ros2_tut/rplidar_ros/install'), ('LOGNAME', 'gurupranav'), ('PULSE_SERVER', 'unix:/mnt/wslg/PulseServer'), ('WSL_INTEROP', '/run/WSL/438_interop'), ('NAME', 'LAPTOP-D0AFMG2O'), ('_P9K_SSH_TTY', '/dev/pts/1'), ('_', '/usr/bin/colcon'), ('ROS_VERSION', '2'), ('TERM', 'xterm-256color'), ('ROS_LOCALHOST_ONLY', '0'), ('PATH', '/home/gurupranav/.local/share/pnpm:/home/gurupranav/.deno/bin:/home/gurupranav/.local/bin:/opt/ros/humble/bin:/home/gurupranav/.nvm/versions/node/v22.5.0/bin:/usr/local/sbin:/usr/local/bin:/usr/sbin:/usr/bin:/sbin:/bin:/usr/games:/usr/local/games:/usr/lib/wsl/lib:/mnt/d/Python/Scripts/:/mnt/d/Python/:/mnt/c/Program Files (x86)/Common Files/Oracle/Java/javapath:/mnt/d/c++/Libraries/vulkan/1.3/Bin:/mnt/c/Windows/system32:/mnt/c/Windows:/mnt/c/Windows/System32/Wbem:/mnt/c/Windows/System32/WindowsPowerShell/v1.0/:/mnt/c/Windows/System32/OpenSSH/:/mnt/c/Program Files (x86)/NVIDIA Corporation/PhysX/Common:/mnt/c/Program Files/NVIDIA Corporation/NVIDIA NvDLISR:/mnt/c/Program Files/Go/bin:/mnt/c/Program Files/CMake/bin:/mnt/c/Program Files/Git/cmd:/mnt/c/Program Files/GitHub CLI/:/mnt/c/Program Files/PowerShell/7/:/mnt/c/Program Files/dotnet/:/mnt/c/Program Files/Neovim/bin:/mnt/c/ProgramData/chocolatey/bin:/mnt/c/Program Files/Docker/Docker/resources/bin:/mnt/c/Program Files/usbipd-win/:/mnt/c/Users/GURU PRANAV PR/AppData/Local/pnpm:/mnt/c/Users/GURU PRANAV PR/AppData/Local/Programs/Python/Launcher/:/mnt/c/Users/GURU PRANAV PR/AppData/Local/Microsoft/WindowsApps:/mnt/c/Users/GURU PRANAV PR/AppData/Local/Programs/Microsoft VS Code/bin:/mnt/c/Users/GURU PRANAV PR/go/bin:/mnt/c/MinGW/bin:/mnt/c/Users/GURU PRANAV PR/AppData/Local/GitHubDesktop/bin:/mnt/d/JetBrains Pycharm/PyCharm Community Edition 2024.2.0.1/bin:/mnt/c/Users/GURU PRANAV PR/.dotnet/tools:/mnt/c/Users/GURU PRANAV PR/AppData/Local/Programs/Microsoft VS Code Insiders/bin:/mnt/c/Users/GURU PRANAV PR/AppData/Roaming/npm:/mnt/c/Users/GURU PRANAV PR/AppData/Local/Microsoft/WinGet/Packages/DenoLand.Deno_Microsoft.Winget.Source_8wekyb3d8bbwe:/mnt/c/Users/GURU PRANAV PR/AppData/Roaming/nvm:/mnt/c/Program Files/nodejs:/mnt/c/Users/GURU PRANAV PR/AppData/Local/JetBrains/Toolbox/scripts:/mnt/c/Users/GURU PRANAV PR/AppData/Local/Programs/Hyper/resources/bin:/home/gurupranav/.yarn/bin:/opt/nvim-linux64/bin:/home/gurupranav/.local/bin'), ('XDG_RUNTIME_DIR', '/run/user/1000/'), ('WT_SESSION', '89244aef-2f18-4e8c-a93f-941961d57ecb'), ('DISPLAY', ':0'), ('DENO_INSTALL', '/home/gurupranav/.deno'), ('LANG', 'en_US.UTF-8'), ('LS_COLORS', 'rs=0:no=00:mi=00:mh=00:ln=01;36:or=01;31:di=01;34:ow=04;01;34:st=34:tw=04;34:pi=01;33:so=01;33:do=01;33:bd=01;33:cd=01;33:su=01;35:sg=01;35:ca=01;35:ex=01;32:'), ('AMENT_PREFIX_PATH', '/home/gurupranav/Programming/ros2_tut/rplidar_ros/install/rplidar_ros:/opt/ros/humble'), ('SHELL', '/usr/bin/zsh'), ('ENVMAN_LOAD', 'loaded'), ('P9K_SSH', '0'), ('PWD', '/home/gurupranav/Programming/ros2_tut/rplidar_ros/build/rplidar_ros'), ('NVM_CD_FLAGS', '-q'), ('_P9K_TTY', '/dev/pts/1'), ('PYTHONPATH', '/home/gurupranav/Programming/ros2_tut/rplidar_ros/install/rplidar_ros/local/lib/python3.10/dist-packages:/opt/ros/humble/lib/python3.10/site-packages:/opt/ros/humble/local/lib/python3.10/dist-packages'), ('COLCON', '1'), ('HOSTTYPE', 'x86_64'), ('WSL2_GUI_APPS_ENABLED', '1'), ('PNPM_HOME', '/home/gurupranav/.local/share/pnpm'), ('WSLENV', 'WT_SESSION:WT_PROFILE_ID:'), ('CMAKE_PREFIX_PATH', '/home/gurupranav/Programming/ros2_tut/rplidar_ros/install/rplidar_ros:/opt/ros/humble')]), 'shell': False}
[0.099390] (-) TimerEvent: {}
[0.199991] (-) TimerEvent: {}
[0.213240] (rplidar_ros) StdoutLine: {'line': b'[  1%] Built target ament_cmake_python_copy_rplidar_ros\n'}
[0.213627] (rplidar_ros) StdoutLine: {'line': b'[  3%] Built target rplidar_client\n'}
[0.224343] (rplidar_ros) StdoutLine: {'line': b'[ 35%] Built target lidar_map_node\n'}
[0.227485] (rplidar_ros) StdoutLine: {'line': b'[ 67%] Built target rplidar_composition\n'}
[0.229969] (rplidar_ros) StdoutLine: {'line': b'[100%] Built target rplidar_node\n'}
[0.300179] (-) TimerEvent: {}
[0.401095] (-) TimerEvent: {}
[0.502837] (-) TimerEvent: {}
[0.557922] (rplidar_ros) StdoutLine: {'line': b'running egg_info\n'}
[0.558924] (rplidar_ros) StdoutLine: {'line': b'writing rplidar_ros.egg-info/PKG-INFO\n'}
[0.559359] (rplidar_ros) StdoutLine: {'line': b'writing dependency_links to rplidar_ros.egg-info/dependency_links.txt\n'}
[0.559700] (rplidar_ros) StdoutLine: {'line': b'writing top-level names to rplidar_ros.egg-info/top_level.txt\n'}
[0.563980] (rplidar_ros) StdoutLine: {'line': b"reading manifest file 'rplidar_ros.egg-info/SOURCES.txt'\n"}
[0.565250] (rplidar_ros) StdoutLine: {'line': b"writing manifest file 'rplidar_ros.egg-info/SOURCES.txt'\n"}
[0.601609] (rplidar_ros) StdoutLine: {'line': b'[100%] Built target ament_cmake_python_build_rplidar_ros_egg\n'}
[0.602953] (-) TimerEvent: {}
[0.618884] (rplidar_ros) CommandEnded: {'returncode': 0}
[0.703219] (-) TimerEvent: {}
[0.732765] (rplidar_ros) JobProgress: {'identifier': 'rplidar_ros', 'progress': 'install'}
[0.744587] (rplidar_ros) Command: {'cmd': ['/usr/bin/cmake', '--install', '/home/gurupranav/Programming/ros2_tut/rplidar_ros/build/rplidar_ros'], 'cwd': '/home/gurupranav/Programming/ros2_tut/rplidar_ros/build/rplidar_ros', 'env': OrderedDict([('USER', 'gurupranav'), ('WT_PROFILE_ID', '{51855cb2-8cce-5362-8f54-464b92b32386}'), ('SHLVL', '1'), ('LD_LIBRARY_PATH', '/opt/ros/humble/opt/rviz_ogre_vendor/lib:/opt/ros/humble/lib/x86_64-linux-gnu:/opt/ros/humble/lib'), ('HOME', '/home/gurupranav'), ('OLDPWD', '/home/gurupranav'), ('LESS', '-R'), ('NVM_BIN', '/home/gurupranav/.nvm/versions/node/v22.5.0/bin'), ('ZSH', '/home/gurupranav/.oh-my-zsh'), ('LSCOLORS', 'Gxfxcxdxbxegedabagacad'), ('NVM_INC', '/home/gurupranav/.nvm/versions/node/v22.5.0/include/node'), ('PAGER', 'less'), ('ROS_PYTHON_VERSION', '3'), ('DBUS_SESSION_BUS_ADDRESS', 'unix:path=/run/user/1000/bus'), ('P9K_TTY', 'old'), ('WSL_DISTRO_NAME', 'Ubuntu'), ('NVM_DIR', '/home/gurupranav/.nvm'), ('WAYLAND_DISPLAY', 'wayland-0'), ('ROS_DISTRO', 'humble'), ('COLCON_PREFIX_PATH', '/home/gurupranav/Programming/ros2_tut/rplidar_ros/install'), ('LOGNAME', 'gurupranav'), ('PULSE_SERVER', 'unix:/mnt/wslg/PulseServer'), ('WSL_INTEROP', '/run/WSL/438_interop'), ('NAME', 'LAPTOP-D0AFMG2O'), ('_P9K_SSH_TTY', '/dev/pts/1'), ('_', '/usr/bin/colcon'), ('ROS_VERSION', '2'), ('TERM', 'xterm-256color'), ('ROS_LOCALHOST_ONLY', '0'), ('PATH', '/home/gurupranav/.local/share/pnpm:/home/gurupranav/.deno/bin:/home/gurupranav/.local/bin:/opt/ros/humble/bin:/home/gurupranav/.nvm/versions/node/v22.5.0/bin:/usr/local/sbin:/usr/local/bin:/usr/sbin:/usr/bin:/sbin:/bin:/usr/games:/usr/local/games:/usr/lib/wsl/lib:/mnt/d/Python/Scripts/:/mnt/d/Python/:/mnt/c/Program Files (x86)/Common Files/Oracle/Java/javapath:/mnt/d/c++/Libraries/vulkan/1.3/Bin:/mnt/c/Windows/system32:/mnt/c/Windows:/mnt/c/Windows/System32/Wbem:/mnt/c/Windows/System32/WindowsPowerShell/v1.0/:/mnt/c/Windows/System32/OpenSSH/:/mnt/c/Program Files (x86)/NVIDIA Corporation/PhysX/Common:/mnt/c/Program Files/NVIDIA Corporation/NVIDIA NvDLISR:/mnt/c/Program Files/Go/bin:/mnt/c/Program Files/CMake/bin:/mnt/c/Program Files/Git/cmd:/mnt/c/Program Files/GitHub CLI/:/mnt/c/Program Files/PowerShell/7/:/mnt/c/Program Files/dotnet/:/mnt/c/Program Files/Neovim/bin:/mnt/c/ProgramData/chocolatey/bin:/mnt/c/Program Files/Docker/Docker/resources/bin:/mnt/c/Program Files/usbipd-win/:/mnt/c/Users/GURU PRANAV PR/AppData/Local/pnpm:/mnt/c/Users/GURU PRANAV PR/AppData/Local/Programs/Python/Launcher/:/mnt/c/Users/GURU PRANAV PR/AppData/Local/Microsoft/WindowsApps:/mnt/c/Users/GURU PRANAV PR/AppData/Local/Programs/Microsoft VS Code/bin:/mnt/c/Users/GURU PRANAV PR/go/bin:/mnt/c/MinGW/bin:/mnt/c/Users/GURU PRANAV PR/AppData/Local/GitHubDesktop/bin:/mnt/d/JetBrains Pycharm/PyCharm Community Edition 2024.2.0.1/bin:/mnt/c/Users/GURU PRANAV PR/.dotnet/tools:/mnt/c/Users/GURU PRANAV PR/AppData/Local/Programs/Microsoft VS Code Insiders/bin:/mnt/c/Users/GURU PRANAV PR/AppData/Roaming/npm:/mnt/c/Users/GURU PRANAV PR/AppData/Local/Microsoft/WinGet/Packages/DenoLand.Deno_Microsoft.Winget.Source_8wekyb3d8bbwe:/mnt/c/Users/GURU PRANAV PR/AppData/Roaming/nvm:/mnt/c/Program Files/nodejs:/mnt/c/Users/GURU PRANAV PR/AppData/Local/JetBrains/Toolbox/scripts:/mnt/c/Users/GURU PRANAV PR/AppData/Local/Programs/Hyper/resources/bin:/home/gurupranav/.yarn/bin:/opt/nvim-linux64/bin:/home/gurupranav/.local/bin'), ('XDG_RUNTIME_DIR', '/run/user/1000/'), ('WT_SESSION', '89244aef-2f18-4e8c-a93f-941961d57ecb'), ('DISPLAY', ':0'), ('DENO_INSTALL', '/home/gurupranav/.deno'), ('LANG', 'en_US.UTF-8'), ('LS_COLORS', 'rs=0:no=00:mi=00:mh=00:ln=01;36:or=01;31:di=01;34:ow=04;01;34:st=34:tw=04;34:pi=01;33:so=01;33:do=01;33:bd=01;33:cd=01;33:su=01;35:sg=01;35:ca=01;35:ex=01;32:'), ('AMENT_PREFIX_PATH', '/home/gurupranav/Programming/ros2_tut/rplidar_ros/install/rplidar_ros:/opt/ros/humble'), ('SHELL', '/usr/bin/zsh'), ('ENVMAN_LOAD', 'loaded'), ('P9K_SSH', '0'), ('PWD', '/home/gurupranav/Programming/ros2_tut/rplidar_ros/build/rplidar_ros'), ('NVM_CD_FLAGS', '-q'), ('_P9K_TTY', '/dev/pts/1'), ('PYTHONPATH', '/home/gurupranav/Programming/ros2_tut/rplidar_ros/install/rplidar_ros/local/lib/python3.10/dist-packages:/opt/ros/humble/lib/python3.10/site-packages:/opt/ros/humble/local/lib/python3.10/dist-packages'), ('COLCON', '1'), ('HOSTTYPE', 'x86_64'), ('WSL2_GUI_APPS_ENABLED', '1'), ('PNPM_HOME', '/home/gurupranav/.local/share/pnpm'), ('WSLENV', 'WT_SESSION:WT_PROFILE_ID:'), ('CMAKE_PREFIX_PATH', '/home/gurupranav/Programming/ros2_tut/rplidar_ros/install/rplidar_ros:/opt/ros/humble')]), 'shell': False}
[0.758061] (rplidar_ros) StdoutLine: {'line': b'-- Install configuration: ""\n'}
[0.758734] (rplidar_ros) StdoutLine: {'line': b'-- Up-to-date: /home/gurupranav/Programming/ros2_tut/rplidar_ros/install/rplidar_ros/share/rplidar_ros/environment/pythonpath.sh\n'}
[0.759233] (rplidar_ros) StdoutLine: {'line': b'-- Up-to-date: /home/gurupranav/Programming/ros2_tut/rplidar_ros/install/rplidar_ros/share/rplidar_ros/environment/pythonpath.dsv\n'}
[0.759371] (rplidar_ros) StdoutLine: {'line': b'-- Up-to-date: /home/gurupranav/Programming/ros2_tut/rplidar_ros/install/rplidar_ros/local/lib/python3.10/dist-packages/rplidar_ros-2.1.4-py3.10.egg-info\n'}
[0.759525] (rplidar_ros) StdoutLine: {'line': b'-- Installing: /home/gurupranav/Programming/ros2_tut/rplidar_ros/install/rplidar_ros/local/lib/python3.10/dist-packages/rplidar_ros-2.1.4-py3.10.egg-info/SOURCES.txt\n'}
[0.759802] (rplidar_ros) StdoutLine: {'line': b'-- Installing: /home/gurupranav/Programming/ros2_tut/rplidar_ros/install/rplidar_ros/local/lib/python3.10/dist-packages/rplidar_ros-2.1.4-py3.10.egg-info/dependency_links.txt\n'}
[0.760167] (rplidar_ros) StdoutLine: {'line': b'-- Installing: /home/gurupranav/Programming/ros2_tut/rplidar_ros/install/rplidar_ros/local/lib/python3.10/dist-packages/rplidar_ros-2.1.4-py3.10.egg-info/PKG-INFO\n'}
[0.760577] (rplidar_ros) StdoutLine: {'line': b'-- Installing: /home/gurupranav/Programming/ros2_tut/rplidar_ros/install/rplidar_ros/local/lib/python3.10/dist-packages/rplidar_ros-2.1.4-py3.10.egg-info/top_level.txt\n'}
[0.760968] (rplidar_ros) StdoutLine: {'line': b'-- Up-to-date: /home/gurupranav/Programming/ros2_tut/rplidar_ros/install/rplidar_ros/local/lib/python3.10/dist-packages/rplidar_ros\n'}
[0.761310] (rplidar_ros) StdoutLine: {'line': b'-- Up-to-date: /home/gurupranav/Programming/ros2_tut/rplidar_ros/install/rplidar_ros/local/lib/python3.10/dist-packages/rplidar_ros/cv_to_map.py\n'}
[0.761551] (rplidar_ros) StdoutLine: {'line': b'-- Installing: /home/gurupranav/Programming/ros2_tut/rplidar_ros/install/rplidar_ros/local/lib/python3.10/dist-packages/rplidar_ros/cv_to_map2.py\n'}
[0.762713] (rplidar_ros) StdoutLine: {'line': b'-- Up-to-date: /home/gurupranav/Programming/ros2_tut/rplidar_ros/install/rplidar_ros/local/lib/python3.10/dist-packages/rplidar_ros/rplidar_client.cpp\n'}
[0.763039] (rplidar_ros) StdoutLine: {'line': b'-- Up-to-date: /home/gurupranav/Programming/ros2_tut/rplidar_ros/install/rplidar_ros/local/lib/python3.10/dist-packages/rplidar_ros/igvc_slam_node.py\n'}
[0.763649] (rplidar_ros) StdoutLine: {'line': b'-- Up-to-date: /home/gurupranav/Programming/ros2_tut/rplidar_ros/install/rplidar_ros/local/lib/python3.10/dist-packages/rplidar_ros/rplidar_node.cpp\n'}
[0.763802] (rplidar_ros) StdoutLine: {'line': b'-- Up-to-date: /home/gurupranav/Programming/ros2_tut/rplidar_ros/install/rplidar_ros/local/lib/python3.10/dist-packages/rplidar_ros/__init__.py\n'}
[0.763931] (rplidar_ros) StdoutLine: {'line': b'-- Up-to-date: /home/gurupranav/Programming/ros2_tut/rplidar_ros/install/rplidar_ros/local/lib/python3.10/dist-packages/rplidar_ros/lidar_map_node.cpp\n'}
[0.803441] (-) TimerEvent: {}
[0.821185] (rplidar_ros) StdoutLine: {'line': b"Listing '/home/gurupranav/Programming/ros2_tut/rplidar_ros/install/rplidar_ros/local/lib/python3.10/dist-packages/rplidar_ros'...\n"}
[0.821591] (rplidar_ros) StdoutLine: {'line': b"Compiling '/home/gurupranav/Programming/ros2_tut/rplidar_ros/install/rplidar_ros/local/lib/python3.10/dist-packages/rplidar_ros/cv_to_map2.py'...\n"}
[0.827029] (rplidar_ros) StdoutLine: {'line': b'-- Up-to-date: /home/gurupranav/Programming/ros2_tut/rplidar_ros/install/rplidar_ros/share/rplidar_ros/launch\n'}
[0.827738] (rplidar_ros) StdoutLine: {'line': b'-- Up-to-date: /home/gurupranav/Programming/ros2_tut/rplidar_ros/install/rplidar_ros/share/rplidar_ros/launch/rplidar_s3_launch.py\n'}
[0.828534] (rplidar_ros) StdoutLine: {'line': b'-- Up-to-date: /home/gurupranav/Programming/ros2_tut/rplidar_ros/install/rplidar_ros/share/rplidar_ros/launch/view_rplidar_s2_launch.py\n'}
[0.828953] (rplidar_ros) StdoutLine: {'line': b'-- Up-to-date: /home/gurupranav/Programming/ros2_tut/rplidar_ros/install/rplidar_ros/share/rplidar_ros/launch/rplidar_a2m8_launch.py\n'}
[0.829255] (rplidar_ros) StdoutLine: {'line': b'-- Up-to-date: /home/gurupranav/Programming/ros2_tut/rplidar_ros/install/rplidar_ros/share/rplidar_ros/launch/rplidar_s2_launch.py\n'}
[0.829615] (rplidar_ros) StdoutLine: {'line': b'-- Up-to-date: /home/gurupranav/Programming/ros2_tut/rplidar_ros/install/rplidar_ros/share/rplidar_ros/launch/view_rplidar_a2m7_launch.py\n'}
[0.829964] (rplidar_ros) StdoutLine: {'line': b'-- Up-to-date: /home/gurupranav/Programming/ros2_tut/rplidar_ros/install/rplidar_ros/share/rplidar_ros/launch/view_rplidar_c1_launch.py\n'}
[0.830349] (rplidar_ros) StdoutLine: {'line': b'-- Up-to-date: /home/gurupranav/Programming/ros2_tut/rplidar_ros/install/rplidar_ros/share/rplidar_ros/launch/view_rplidar_a2m12_launch.py\n'}
[0.831068] (rplidar_ros) StdoutLine: {'line': b'-- Up-to-date: /home/gurupranav/Programming/ros2_tut/rplidar_ros/install/rplidar_ros/share/rplidar_ros/launch/view_rplidar_s1_tcp_launch.py\n'}
[0.831251] (rplidar_ros) StdoutLine: {'line': b'-- Up-to-date: /home/gurupranav/Programming/ros2_tut/rplidar_ros/install/rplidar_ros/share/rplidar_ros/launch/rplidar_s1_tcp_launch.py\n'}
[0.831410] (rplidar_ros) StdoutLine: {'line': b'-- Up-to-date: /home/gurupranav/Programming/ros2_tut/rplidar_ros/install/rplidar_ros/share/rplidar_ros/launch/rplidar_c1_launch.py\n'}
[0.831546] (rplidar_ros) StdoutLine: {'line': b'-- Up-to-date: /home/gurupranav/Programming/ros2_tut/rplidar_ros/install/rplidar_ros/share/rplidar_ros/launch/view_rplidar_s3_launch.py\n'}
[0.831676] (rplidar_ros) StdoutLine: {'line': b'-- Up-to-date: /home/gurupranav/Programming/ros2_tut/rplidar_ros/install/rplidar_ros/share/rplidar_ros/launch/view_rplidar_t1_launch.py\n'}
[0.831807] (rplidar_ros) StdoutLine: {'line': b'-- Up-to-date: /home/gurupranav/Programming/ros2_tut/rplidar_ros/install/rplidar_ros/share/rplidar_ros/launch/rplidar_a2m7_launch.py\n'}
[0.831941] (rplidar_ros) StdoutLine: {'line': b'-- Up-to-date: /home/gurupranav/Programming/ros2_tut/rplidar_ros/install/rplidar_ros/share/rplidar_ros/launch/view_rplidar_a2m8_launch.py\n'}
[0.832059] (rplidar_ros) StdoutLine: {'line': b'-- Up-to-date: /home/gurupranav/Programming/ros2_tut/rplidar_ros/install/rplidar_ros/share/rplidar_ros/launch/rplidar_t1_launch.py\n'}
[0.832177] (rplidar_ros) StdoutLine: {'line': b'-- Up-to-date: /home/gurupranav/Programming/ros2_tut/rplidar_ros/install/rplidar_ros/share/rplidar_ros/launch/view_rplidar_s2e_launch.py\n'}
[0.832272] (rplidar_ros) StdoutLine: {'line': b'-- Up-to-date: /home/gurupranav/Programming/ros2_tut/rplidar_ros/install/rplidar_ros/share/rplidar_ros/launch/view_rplidar_a1_launch.py\n'}
[0.832348] (rplidar_ros) StdoutLine: {'line': b'-- Up-to-date: /home/gurupranav/Programming/ros2_tut/rplidar_ros/install/rplidar_ros/share/rplidar_ros/launch/rplidar_s2e_launch.py\n'}
[0.832420] (rplidar_ros) StdoutLine: {'line': b'-- Up-to-date: /home/gurupranav/Programming/ros2_tut/rplidar_ros/install/rplidar_ros/share/rplidar_ros/launch/rplidar_a2m12_launch.py\n'}
[0.832519] (rplidar_ros) StdoutLine: {'line': b'-- Up-to-date: /home/gurupranav/Programming/ros2_tut/rplidar_ros/install/rplidar_ros/share/rplidar_ros/launch/rplidar_s1_launch.py\n'}
[0.832641] (rplidar_ros) StdoutLine: {'line': b'-- Up-to-date: /home/gurupranav/Programming/ros2_tut/rplidar_ros/install/rplidar_ros/share/rplidar_ros/launch/rplidar_a3_launch.py\n'}
[0.832729] (rplidar_ros) StdoutLine: {'line': b'-- Installing: /home/gurupranav/Programming/ros2_tut/rplidar_ros/install/rplidar_ros/share/rplidar_ros/launch/rplidar_a1_launch.py\n'}
[0.832899] (rplidar_ros) StdoutLine: {'line': b'-- Up-to-date: /home/gurupranav/Programming/ros2_tut/rplidar_ros/install/rplidar_ros/share/rplidar_ros/launch/view_rplidar_a3_launch.py\n'}
[0.833116] (rplidar_ros) StdoutLine: {'line': b'-- Up-to-date: /home/gurupranav/Programming/ros2_tut/rplidar_ros/install/rplidar_ros/share/rplidar_ros/launch/view_rplidar_s1_launch.py\n'}
[0.833342] (rplidar_ros) StdoutLine: {'line': b'-- Up-to-date: /home/gurupranav/Programming/ros2_tut/rplidar_ros/install/rplidar_ros/share/rplidar_ros/rviz\n'}
[0.833528] (rplidar_ros) StdoutLine: {'line': b'-- Up-to-date: /home/gurupranav/Programming/ros2_tut/rplidar_ros/install/rplidar_ros/share/rplidar_ros/rviz/rplidar_ros.rviz\n'}
[0.833670] (rplidar_ros) StdoutLine: {'line': b'-- Up-to-date: /home/gurupranav/Programming/ros2_tut/rplidar_ros/install/rplidar_ros/lib/rplidar_ros/igvc_slam_node.py\n'}
[0.833825] (rplidar_ros) StdoutLine: {'line': b'-- Installing: /home/gurupranav/Programming/ros2_tut/rplidar_ros/install/rplidar_ros/lib/rplidar_ros/cv_to_map2.py\n'}
[0.834566] (rplidar_ros) StdoutLine: {'line': b'-- Up-to-date: /home/gurupranav/Programming/ros2_tut/rplidar_ros/install/rplidar_ros/lib/rplidar_ros/rplidar_node\n'}
[0.836673] (rplidar_ros) StdoutLine: {'line': b'-- Up-to-date: /home/gurupranav/Programming/ros2_tut/rplidar_ros/install/rplidar_ros/lib/rplidar_ros/rplidar_composition\n'}
[0.838932] (rplidar_ros) StdoutLine: {'line': b'-- Up-to-date: /home/gurupranav/Programming/ros2_tut/rplidar_ros/install/rplidar_ros/lib/rplidar_ros/rplidar_client\n'}
[0.840836] (rplidar_ros) StdoutLine: {'line': b'-- Up-to-date: /home/gurupranav/Programming/ros2_tut/rplidar_ros/install/rplidar_ros/lib/rplidar_ros/lidar_map_node\n'}
[0.841422] (rplidar_ros) StdoutLine: {'line': b'-- Up-to-date: /home/gurupranav/Programming/ros2_tut/rplidar_ros/install/rplidar_ros/share/ament_index/resource_index/package_run_dependencies/rplidar_ros\n'}
[0.841758] (rplidar_ros) StdoutLine: {'line': b'-- Up-to-date: /home/gurupranav/Programming/ros2_tut/rplidar_ros/install/rplidar_ros/share/ament_index/resource_index/parent_prefix_path/rplidar_ros\n'}
[0.842336] (rplidar_ros) StdoutLine: {'line': b'-- Up-to-date: /home/gurupranav/Programming/ros2_tut/rplidar_ros/install/rplidar_ros/share/rplidar_ros/environment/ament_prefix_path.sh\n'}
[0.842763] (rplidar_ros) StdoutLine: {'line': b'-- Up-to-date: /home/gurupranav/Programming/ros2_tut/rplidar_ros/install/rplidar_ros/share/rplidar_ros/environment/ament_prefix_path.dsv\n'}
[0.843123] (rplidar_ros) StdoutLine: {'line': b'-- Up-to-date: /home/gurupranav/Programming/ros2_tut/rplidar_ros/install/rplidar_ros/share/rplidar_ros/environment/path.sh\n'}
[0.843583] (rplidar_ros) StdoutLine: {'line': b'-- Up-to-date: /home/gurupranav/Programming/ros2_tut/rplidar_ros/install/rplidar_ros/share/rplidar_ros/environment/path.dsv\n'}
[0.843746] (rplidar_ros) StdoutLine: {'line': b'-- Up-to-date: /home/gurupranav/Programming/ros2_tut/rplidar_ros/install/rplidar_ros/share/rplidar_ros/local_setup.bash\n'}
[0.843866] (rplidar_ros) StdoutLine: {'line': b'-- Up-to-date: /home/gurupranav/Programming/ros2_tut/rplidar_ros/install/rplidar_ros/share/rplidar_ros/local_setup.sh\n'}
[0.843981] (rplidar_ros) StdoutLine: {'line': b'-- Up-to-date: /home/gurupranav/Programming/ros2_tut/rplidar_ros/install/rplidar_ros/share/rplidar_ros/local_setup.zsh\n'}
[0.844271] (rplidar_ros) StdoutLine: {'line': b'-- Up-to-date: /home/gurupranav/Programming/ros2_tut/rplidar_ros/install/rplidar_ros/share/rplidar_ros/local_setup.dsv\n'}
[0.844621] (rplidar_ros) StdoutLine: {'line': b'-- Installing: /home/gurupranav/Programming/ros2_tut/rplidar_ros/install/rplidar_ros/share/rplidar_ros/package.dsv\n'}
[0.845095] (rplidar_ros) StdoutLine: {'line': b'-- Up-to-date: /home/gurupranav/Programming/ros2_tut/rplidar_ros/install/rplidar_ros/share/ament_index/resource_index/packages/rplidar_ros\n'}
[0.845262] (rplidar_ros) StdoutLine: {'line': b'-- Up-to-date: /home/gurupranav/Programming/ros2_tut/rplidar_ros/install/rplidar_ros/share/rplidar_ros/cmake/ament_cmake_export_dependencies-extras.cmake\n'}
[0.845389] (rplidar_ros) StdoutLine: {'line': b'-- Up-to-date: /home/gurupranav/Programming/ros2_tut/rplidar_ros/install/rplidar_ros/share/rplidar_ros/cmake/ament_cmake_export_include_directories-extras.cmake\n'}
[0.845508] (rplidar_ros) StdoutLine: {'line': b'-- Up-to-date: /home/gurupranav/Programming/ros2_tut/rplidar_ros/install/rplidar_ros/share/rplidar_ros/cmake/rplidar_rosConfig.cmake\n'}
[0.845619] (rplidar_ros) StdoutLine: {'line': b'-- Up-to-date: /home/gurupranav/Programming/ros2_tut/rplidar_ros/install/rplidar_ros/share/rplidar_ros/cmake/rplidar_rosConfig-version.cmake\n'}
[0.845728] (rplidar_ros) StdoutLine: {'line': b'-- Up-to-date: /home/gurupranav/Programming/ros2_tut/rplidar_ros/install/rplidar_ros/share/rplidar_ros/package.xml\n'}
[0.848685] (rplidar_ros) CommandEnded: {'returncode': 0}
[0.903893] (-) TimerEvent: {}
[0.993868] (rplidar_ros) JobEnded: {'identifier': 'rplidar_ros', 'rc': 0}
[0.995843] (-) EventReactorShutdown: {}
