[0.462s] Invoking command in '/home/gurupranav/Programming/ros2_tut/igvc/build/ublox': AMENT_PREFIX_PATH=/home/gurupranav/Programming/ros2_tut/igvc/install/ublox_gps:/home/gurupranav/Programming/ros2_tut/igvc/install/ublox_msgs:/home/gurupranav/Programming/ros2_tut/igvc/install/ublox_serialization:${AMENT_PREFIX_PATH} CMAKE_PREFIX_PATH=/home/gurupranav/Programming/ros2_tut/igvc/install/ublox_gps:/home/gurupranav/Programming/ros2_tut/igvc/install/ublox_msgs:/home/gurupranav/Programming/ros2_tut/igvc/install/ublox_serialization:/home/gurupranav/Programming/ros2_tut/igvc/install/rplidar_ros:/opt/ros/humble LD_LIBRARY_PATH=/home/gurupranav/Programming/ros2_tut/igvc/install/ublox_gps/lib:/home/gurupranav/Programming/ros2_tut/igvc/install/ublox_msgs/lib:${LD_LIBRARY_PATH} PYTHONPATH=/home/gurupranav/Programming/ros2_tut/igvc/install/ublox_msgs/local/lib/python3.10/dist-packages:${PYTHONPATH} /usr/bin/cmake /home/gurupranav/Programming/ros2_tut/igvc/src/ros2-ublox-zedf9p/ublox -DCMAKE_INSTALL_PREFIX=/home/gurupranav/Programming/ros2_tut/igvc/install/ublox
[0.828s] -- The C compiler identification is GNU 11.4.0
[1.924s] -- The CXX compiler identification is GNU 11.4.0
[2.796s] -- Detecting C compiler ABI info
[3.088s] -- Detecting C compiler ABI info - done
[3.103s] -- Check for working C compiler: /usr/bin/cc - skipped
[3.112s] -- Detecting C compile features
[3.113s] -- Detecting C compile features - done
[3.119s] -- Detecting CXX compiler ABI info
[3.415s] -- Detecting CXX compiler ABI info - done
[3.428s] -- Check for working CXX compiler: /usr/bin/c++ - skipped
[3.428s] -- Detecting CXX compile features
[3.430s] -- Detecting CXX compile features - done
[3.457s] -- Found ament_cmake: 1.3.10 (/opt/ros/humble/share/ament_cmake/cmake)
[3.713s] -- Found Python3: /usr/bin/python3 (found version "3.10.12") found components: Interpreter 
[4.000s] -- Configuring done
[4.009s] -- Generating done
[4.010s] -- Build files have been written to: /home/gurupranav/Programming/ros2_tut/igvc/build/ublox
[4.019s] Invoked command in '/home/gurupranav/Programming/ros2_tut/igvc/build/ublox' returned '0': AMENT_PREFIX_PATH=/home/gurupranav/Programming/ros2_tut/igvc/install/ublox_gps:/home/gurupranav/Programming/ros2_tut/igvc/install/ublox_msgs:/home/gurupranav/Programming/ros2_tut/igvc/install/ublox_serialization:${AMENT_PREFIX_PATH} CMAKE_PREFIX_PATH=/home/gurupranav/Programming/ros2_tut/igvc/install/ublox_gps:/home/gurupranav/Programming/ros2_tut/igvc/install/ublox_msgs:/home/gurupranav/Programming/ros2_tut/igvc/install/ublox_serialization:/home/gurupranav/Programming/ros2_tut/igvc/install/rplidar_ros:/opt/ros/humble LD_LIBRARY_PATH=/home/gurupranav/Programming/ros2_tut/igvc/install/ublox_gps/lib:/home/gurupranav/Programming/ros2_tut/igvc/install/ublox_msgs/lib:${LD_LIBRARY_PATH} PYTHONPATH=/home/gurupranav/Programming/ros2_tut/igvc/install/ublox_msgs/local/lib/python3.10/dist-packages:${PYTHONPATH} /usr/bin/cmake /home/gurupranav/Programming/ros2_tut/igvc/src/ros2-ublox-zedf9p/ublox -DCMAKE_INSTALL_PREFIX=/home/gurupranav/Programming/ros2_tut/igvc/install/ublox
[4.021s] Invoking command in '/home/gurupranav/Programming/ros2_tut/igvc/build/ublox': AMENT_PREFIX_PATH=/home/gurupranav/Programming/ros2_tut/igvc/install/ublox_gps:/home/gurupranav/Programming/ros2_tut/igvc/install/ublox_msgs:/home/gurupranav/Programming/ros2_tut/igvc/install/ublox_serialization:${AMENT_PREFIX_PATH} CMAKE_PREFIX_PATH=/home/gurupranav/Programming/ros2_tut/igvc/install/ublox_gps:/home/gurupranav/Programming/ros2_tut/igvc/install/ublox_msgs:/home/gurupranav/Programming/ros2_tut/igvc/install/ublox_serialization:/home/gurupranav/Programming/ros2_tut/igvc/install/rplidar_ros:/opt/ros/humble LD_LIBRARY_PATH=/home/gurupranav/Programming/ros2_tut/igvc/install/ublox_gps/lib:/home/gurupranav/Programming/ros2_tut/igvc/install/ublox_msgs/lib:${LD_LIBRARY_PATH} PYTHONPATH=/home/gurupranav/Programming/ros2_tut/igvc/install/ublox_msgs/local/lib/python3.10/dist-packages:${PYTHONPATH} /usr/bin/cmake --build /home/gurupranav/Programming/ros2_tut/igvc/build/ublox -- -j16 -l16
[4.073s] Invoked command in '/home/gurupranav/Programming/ros2_tut/igvc/build/ublox' returned '0': AMENT_PREFIX_PATH=/home/gurupranav/Programming/ros2_tut/igvc/install/ublox_gps:/home/gurupranav/Programming/ros2_tut/igvc/install/ublox_msgs:/home/gurupranav/Programming/ros2_tut/igvc/install/ublox_serialization:${AMENT_PREFIX_PATH} CMAKE_PREFIX_PATH=/home/gurupranav/Programming/ros2_tut/igvc/install/ublox_gps:/home/gurupranav/Programming/ros2_tut/igvc/install/ublox_msgs:/home/gurupranav/Programming/ros2_tut/igvc/install/ublox_serialization:/home/gurupranav/Programming/ros2_tut/igvc/install/rplidar_ros:/opt/ros/humble LD_LIBRARY_PATH=/home/gurupranav/Programming/ros2_tut/igvc/install/ublox_gps/lib:/home/gurupranav/Programming/ros2_tut/igvc/install/ublox_msgs/lib:${LD_LIBRARY_PATH} PYTHONPATH=/home/gurupranav/Programming/ros2_tut/igvc/install/ublox_msgs/local/lib/python3.10/dist-packages:${PYTHONPATH} /usr/bin/cmake --build /home/gurupranav/Programming/ros2_tut/igvc/build/ublox -- -j16 -l16
[4.110s] Invoking command in '/home/gurupranav/Programming/ros2_tut/igvc/build/ublox': AMENT_PREFIX_PATH=/home/gurupranav/Programming/ros2_tut/igvc/install/ublox_gps:/home/gurupranav/Programming/ros2_tut/igvc/install/ublox_msgs:/home/gurupranav/Programming/ros2_tut/igvc/install/ublox_serialization:${AMENT_PREFIX_PATH} CMAKE_PREFIX_PATH=/home/gurupranav/Programming/ros2_tut/igvc/install/ublox_gps:/home/gurupranav/Programming/ros2_tut/igvc/install/ublox_msgs:/home/gurupranav/Programming/ros2_tut/igvc/install/ublox_serialization:/home/gurupranav/Programming/ros2_tut/igvc/install/rplidar_ros:/opt/ros/humble LD_LIBRARY_PATH=/home/gurupranav/Programming/ros2_tut/igvc/install/ublox_gps/lib:/home/gurupranav/Programming/ros2_tut/igvc/install/ublox_msgs/lib:${LD_LIBRARY_PATH} PYTHONPATH=/home/gurupranav/Programming/ros2_tut/igvc/install/ublox_msgs/local/lib/python3.10/dist-packages:${PYTHONPATH} /usr/bin/cmake --install /home/gurupranav/Programming/ros2_tut/igvc/build/ublox
[4.120s] -- Install configuration: ""
[4.121s] -- Installing: /home/gurupranav/Programming/ros2_tut/igvc/install/ublox/share/ament_index/resource_index/package_run_dependencies/ublox
[4.122s] -- Installing: /home/gurupranav/Programming/ros2_tut/igvc/install/ublox/share/ament_index/resource_index/parent_prefix_path/ublox
[4.123s] -- Installing: /home/gurupranav/Programming/ros2_tut/igvc/install/ublox/share/ublox/environment/ament_prefix_path.sh
[4.124s] -- Installing: /home/gurupranav/Programming/ros2_tut/igvc/install/ublox/share/ublox/environment/ament_prefix_path.dsv
[4.124s] -- Installing: /home/gurupranav/Programming/ros2_tut/igvc/install/ublox/share/ublox/environment/path.sh
[4.125s] -- Installing: /home/gurupranav/Programming/ros2_tut/igvc/install/ublox/share/ublox/environment/path.dsv
[4.125s] -- Installing: /home/gurupranav/Programming/ros2_tut/igvc/install/ublox/share/ublox/local_setup.bash
[4.126s] -- Installing: /home/gurupranav/Programming/ros2_tut/igvc/install/ublox/share/ublox/local_setup.sh
[4.126s] -- Installing: /home/gurupranav/Programming/ros2_tut/igvc/install/ublox/share/ublox/local_setup.zsh
[4.127s] -- Installing: /home/gurupranav/Programming/ros2_tut/igvc/install/ublox/share/ublox/local_setup.dsv
[4.127s] -- Installing: /home/gurupranav/Programming/ros2_tut/igvc/install/ublox/share/ublox/package.dsv
[4.128s] -- Installing: /home/gurupranav/Programming/ros2_tut/igvc/install/ublox/share/ament_index/resource_index/packages/ublox
[4.128s] -- Installing: /home/gurupranav/Programming/ros2_tut/igvc/install/ublox/share/ublox/cmake/ubloxConfig.cmake
[4.129s] -- Installing: /home/gurupranav/Programming/ros2_tut/igvc/install/ublox/share/ublox/cmake/ubloxConfig-version.cmake
[4.129s] -- Installing: /home/gurupranav/Programming/ros2_tut/igvc/install/ublox/share/ublox/package.xml
[4.134s] Invoked command in '/home/gurupranav/Programming/ros2_tut/igvc/build/ublox' returned '0': AMENT_PREFIX_PATH=/home/gurupranav/Programming/ros2_tut/igvc/install/ublox_gps:/home/gurupranav/Programming/ros2_tut/igvc/install/ublox_msgs:/home/gurupranav/Programming/ros2_tut/igvc/install/ublox_serialization:${AMENT_PREFIX_PATH} CMAKE_PREFIX_PATH=/home/gurupranav/Programming/ros2_tut/igvc/install/ublox_gps:/home/gurupranav/Programming/ros2_tut/igvc/install/ublox_msgs:/home/gurupranav/Programming/ros2_tut/igvc/install/ublox_serialization:/home/gurupranav/Programming/ros2_tut/igvc/install/rplidar_ros:/opt/ros/humble LD_LIBRARY_PATH=/home/gurupranav/Programming/ros2_tut/igvc/install/ublox_gps/lib:/home/gurupranav/Programming/ros2_tut/igvc/install/ublox_msgs/lib:${LD_LIBRARY_PATH} PYTHONPATH=/home/gurupranav/Programming/ros2_tut/igvc/install/ublox_msgs/local/lib/python3.10/dist-packages:${PYTHONPATH} /usr/bin/cmake --install /home/gurupranav/Programming/ros2_tut/igvc/build/ublox
