[0.038s] Invoking command in '/home/gurupranav/Programming/ros2_tut/igvc/build/micro_ros_msgs': CMAKE_PREFIX_PATH=${CMAKE_PREFIX_PATH}:/opt/ros/humble /usr/bin/cmake /home/gurupranav/Programming/ros2_tut/igvc/src/uros/micro_ros_msgs -DCMAKE_INSTALL_PREFIX=/home/gurupranav/Programming/ros2_tut/igvc/install/micro_ros_msgs
[0.057s] -- Found ament_cmake: 1.3.10 (/opt/ros/humble/share/ament_cmake/cmake)
[0.252s] -- Found rosidl_default_generators: 1.2.0 (/opt/ros/humble/share/rosidl_default_generators/cmake)
[0.252s] -- Using all available rosidl_typesupport_c: rosidl_typesupport_fastrtps_c;rosidl_typesupport_introspection_c
[0.253s] -- Found rosidl_adapter: 3.1.5 (/opt/ros/humble/share/rosidl_adapter/cmake)
[0.531s] -- Using all available rosidl_typesupport_cpp: rosidl_typesupport_fastrtps_cpp;rosidl_typesupport_introspection_cpp
[0.566s] -- Found ament_lint_auto: 0.12.11 (/opt/ros/humble/share/ament_lint_auto/cmake)
[0.894s] -- Found ament_cmake_ros: 0.10.0 (/opt/ros/humble/share/ament_cmake_ros/cmake)
[1.114s] -- Using all available rosidl_typesupport_c: rosidl_typesupport_fastrtps_c;rosidl_typesupport_introspection_c
[1.430s] -- Using all available rosidl_typesupport_cpp: rosidl_typesupport_fastrtps_cpp;rosidl_typesupport_introspection_cpp
[1.458s] -- Found python_cmake_module: 0.10.0 (/opt/ros/humble/share/python_cmake_module/cmake)
[1.483s] -- Using PYTHON_EXECUTABLE: /usr/bin/python3
[1.483s] -- Using PYTHON_INCLUDE_DIRS: /usr/include/python3.10
[1.483s] -- Using PYTHON_LIBRARIES: /usr/lib/x86_64-linux-gnu/libpython3.10.so
[1.501s] -- Added test 'copyright' to check source files copyright and LICENSE
[1.513s] -- Added test 'lint_cmake' to check CMake code style
[1.520s] -- Added test 'xmllint' to check XML markup files
[1.526s] -- Configuring done
[1.570s] -- Generating done
[1.575s] -- Build files have been written to: /home/gurupranav/Programming/ros2_tut/igvc/build/micro_ros_msgs
[1.587s] Invoked command in '/home/gurupranav/Programming/ros2_tut/igvc/build/micro_ros_msgs' returned '0': CMAKE_PREFIX_PATH=${CMAKE_PREFIX_PATH}:/opt/ros/humble /usr/bin/cmake /home/gurupranav/Programming/ros2_tut/igvc/src/uros/micro_ros_msgs -DCMAKE_INSTALL_PREFIX=/home/gurupranav/Programming/ros2_tut/igvc/install/micro_ros_msgs
[1.589s] Invoking command in '/home/gurupranav/Programming/ros2_tut/igvc/build/micro_ros_msgs': CMAKE_PREFIX_PATH=${CMAKE_PREFIX_PATH}:/opt/ros/humble /usr/bin/cmake --build /home/gurupranav/Programming/ros2_tut/igvc/build/micro_ros_msgs -- -j16 -l16
[1.637s] [35m[1mConsolidate compiler generated dependencies of target micro_ros_msgs__rosidl_generator_c[0m
[1.648s] [  2%] Built target micro_ros_msgs__cpp
[1.655s] [ 12%] Built target micro_ros_msgs__rosidl_generator_c
[1.662s] [ 12%] Built target ament_cmake_python_copy_micro_ros_msgs
[1.663s] [35m[1mConsolidate compiler generated dependencies of target micro_ros_msgs__rosidl_typesupport_cpp[0m
[1.663s] [35m[1mConsolidate compiler generated dependencies of target micro_ros_msgs__rosidl_typesupport_fastrtps_cpp[0m
[1.663s] [35m[1mConsolidate compiler generated dependencies of target micro_ros_msgs__rosidl_typesupport_introspection_cpp[0m
[1.669s] [35m[1mConsolidate compiler generated dependencies of target micro_ros_msgs__rosidl_typesupport_c[0m
[1.672s] [35m[1mConsolidate compiler generated dependencies of target micro_ros_msgs__rosidl_typesupport_introspection_c[0m
[1.672s] [35m[1mConsolidate compiler generated dependencies of target micro_ros_msgs__rosidl_typesupport_fastrtps_c[0m
[1.686s] [ 23%] Built target micro_ros_msgs__rosidl_typesupport_cpp
[1.686s] [ 34%] Built target micro_ros_msgs__rosidl_typesupport_c
[1.688s] [ 44%] Built target micro_ros_msgs__rosidl_typesupport_fastrtps_cpp
[1.688s] [ 55%] Built target micro_ros_msgs__rosidl_typesupport_introspection_cpp
[1.689s] [ 65%] Built target micro_ros_msgs__rosidl_typesupport_introspection_c
[1.695s] [ 76%] Built target micro_ros_msgs__rosidl_typesupport_fastrtps_c
[1.725s] [ 76%] Built target micro_ros_msgs
[1.753s] [ 78%] Built target micro_ros_msgs__py
[1.765s] [35m[1mConsolidate compiler generated dependencies of target micro_ros_msgs__rosidl_generator_py[0m
[1.786s] [ 87%] Built target micro_ros_msgs__rosidl_generator_py
[1.802s] [35m[1mConsolidate compiler generated dependencies of target micro_ros_msgs__rosidl_typesupport_fastrtps_c__pyext[0m
[1.802s] [35m[1mConsolidate compiler generated dependencies of target micro_ros_msgs__rosidl_typesupport_introspection_c__pyext[0m
[1.803s] [35m[1mConsolidate compiler generated dependencies of target micro_ros_msgs__rosidl_typesupport_c__pyext[0m
[1.821s] [ 93%] Built target micro_ros_msgs__rosidl_typesupport_fastrtps_c__pyext
[1.821s] [ 95%] Built target micro_ros_msgs__rosidl_typesupport_introspection_c__pyext
[1.821s] [100%] Built target micro_ros_msgs__rosidl_typesupport_c__pyext
[2.005s] running egg_info
[2.006s] writing micro_ros_msgs.egg-info/PKG-INFO
[2.006s] writing dependency_links to micro_ros_msgs.egg-info/dependency_links.txt
[2.007s] writing top-level names to micro_ros_msgs.egg-info/top_level.txt
[2.011s] reading manifest file 'micro_ros_msgs.egg-info/SOURCES.txt'
[2.012s] writing manifest file 'micro_ros_msgs.egg-info/SOURCES.txt'
[2.061s] [100%] Built target ament_cmake_python_build_micro_ros_msgs_egg
[2.077s] Invoked command in '/home/gurupranav/Programming/ros2_tut/igvc/build/micro_ros_msgs' returned '0': CMAKE_PREFIX_PATH=${CMAKE_PREFIX_PATH}:/opt/ros/humble /usr/bin/cmake --build /home/gurupranav/Programming/ros2_tut/igvc/build/micro_ros_msgs -- -j16 -l16
[2.224s] Invoking command in '/home/gurupranav/Programming/ros2_tut/igvc/build/micro_ros_msgs': CMAKE_PREFIX_PATH=${CMAKE_PREFIX_PATH}:/opt/ros/humble /usr/bin/cmake --install /home/gurupranav/Programming/ros2_tut/igvc/build/micro_ros_msgs
[2.234s] -- Install configuration: ""
[2.235s] -- Up-to-date: /home/gurupranav/Programming/ros2_tut/igvc/install/micro_ros_msgs/share/ament_index/resource_index/rosidl_interfaces/micro_ros_msgs
[2.235s] -- Up-to-date: /home/gurupranav/Programming/ros2_tut/igvc/install/micro_ros_msgs/include/micro_ros_msgs/micro_ros_msgs
[2.235s] -- Up-to-date: /home/gurupranav/Programming/ros2_tut/igvc/install/micro_ros_msgs/include/micro_ros_msgs/micro_ros_msgs/msg
[2.236s] -- Up-to-date: /home/gurupranav/Programming/ros2_tut/igvc/install/micro_ros_msgs/include/micro_ros_msgs/micro_ros_msgs/msg/graph.h
[2.236s] -- Up-to-date: /home/gurupranav/Programming/ros2_tut/igvc/install/micro_ros_msgs/include/micro_ros_msgs/micro_ros_msgs/msg/rosidl_generator_c__visibility_control.h
[2.236s] -- Up-to-date: /home/gurupranav/Programming/ros2_tut/igvc/install/micro_ros_msgs/include/micro_ros_msgs/micro_ros_msgs/msg/entity.h
[2.236s] -- Up-to-date: /home/gurupranav/Programming/ros2_tut/igvc/install/micro_ros_msgs/include/micro_ros_msgs/micro_ros_msgs/msg/node.h
[2.237s] -- Up-to-date: /home/gurupranav/Programming/ros2_tut/igvc/install/micro_ros_msgs/include/micro_ros_msgs/micro_ros_msgs/msg/detail
[2.237s] -- Up-to-date: /home/gurupranav/Programming/ros2_tut/igvc/install/micro_ros_msgs/include/micro_ros_msgs/micro_ros_msgs/msg/detail/entity__functions.c
[2.237s] -- Up-to-date: /home/gurupranav/Programming/ros2_tut/igvc/install/micro_ros_msgs/include/micro_ros_msgs/micro_ros_msgs/msg/detail/graph__struct.h
[2.237s] -- Up-to-date: /home/gurupranav/Programming/ros2_tut/igvc/install/micro_ros_msgs/include/micro_ros_msgs/micro_ros_msgs/msg/detail/entity__functions.h
[2.238s] -- Up-to-date: /home/gurupranav/Programming/ros2_tut/igvc/install/micro_ros_msgs/include/micro_ros_msgs/micro_ros_msgs/msg/detail/graph__functions.h
[2.238s] -- Up-to-date: /home/gurupranav/Programming/ros2_tut/igvc/install/micro_ros_msgs/include/micro_ros_msgs/micro_ros_msgs/msg/detail/node__type_support.h
[2.239s] -- Up-to-date: /home/gurupranav/Programming/ros2_tut/igvc/install/micro_ros_msgs/include/micro_ros_msgs/micro_ros_msgs/msg/detail/entity__type_support.h
[2.239s] -- Up-to-date: /home/gurupranav/Programming/ros2_tut/igvc/install/micro_ros_msgs/include/micro_ros_msgs/micro_ros_msgs/msg/detail/entity__struct.h
[2.239s] -- Up-to-date: /home/gurupranav/Programming/ros2_tut/igvc/install/micro_ros_msgs/include/micro_ros_msgs/micro_ros_msgs/msg/detail/node__struct.h
[2.240s] -- Up-to-date: /home/gurupranav/Programming/ros2_tut/igvc/install/micro_ros_msgs/include/micro_ros_msgs/micro_ros_msgs/msg/detail/node__functions.h
[2.240s] -- Up-to-date: /home/gurupranav/Programming/ros2_tut/igvc/install/micro_ros_msgs/include/micro_ros_msgs/micro_ros_msgs/msg/detail/graph__type_support.h
[2.240s] -- Up-to-date: /home/gurupranav/Programming/ros2_tut/igvc/install/micro_ros_msgs/include/micro_ros_msgs/micro_ros_msgs/msg/detail/node__functions.c
[2.240s] -- Up-to-date: /home/gurupranav/Programming/ros2_tut/igvc/install/micro_ros_msgs/include/micro_ros_msgs/micro_ros_msgs/msg/detail/graph__functions.c
[2.241s] -- Up-to-date: /home/gurupranav/Programming/ros2_tut/igvc/install/micro_ros_msgs/share/micro_ros_msgs/environment/library_path.sh
[2.241s] -- Installing: /home/gurupranav/Programming/ros2_tut/igvc/install/micro_ros_msgs/share/micro_ros_msgs/environment/library_path.dsv
[2.241s] -- Up-to-date: /home/gurupranav/Programming/ros2_tut/igvc/install/micro_ros_msgs/lib/libmicro_ros_msgs__rosidl_generator_c.so
[2.242s] -- Up-to-date: /home/gurupranav/Programming/ros2_tut/igvc/install/micro_ros_msgs/include/micro_ros_msgs/micro_ros_msgs
[2.242s] -- Up-to-date: /home/gurupranav/Programming/ros2_tut/igvc/install/micro_ros_msgs/include/micro_ros_msgs/micro_ros_msgs/msg
[2.243s] -- Up-to-date: /home/gurupranav/Programming/ros2_tut/igvc/install/micro_ros_msgs/include/micro_ros_msgs/micro_ros_msgs/msg/rosidl_typesupport_fastrtps_c__visibility_control.h
[2.243s] -- Up-to-date: /home/gurupranav/Programming/ros2_tut/igvc/install/micro_ros_msgs/include/micro_ros_msgs/micro_ros_msgs/msg/detail
[2.243s] -- Up-to-date: /home/gurupranav/Programming/ros2_tut/igvc/install/micro_ros_msgs/include/micro_ros_msgs/micro_ros_msgs/msg/detail/node__rosidl_typesupport_fastrtps_c.h
[2.243s] -- Up-to-date: /home/gurupranav/Programming/ros2_tut/igvc/install/micro_ros_msgs/include/micro_ros_msgs/micro_ros_msgs/msg/detail/graph__rosidl_typesupport_fastrtps_c.h
[2.244s] -- Up-to-date: /home/gurupranav/Programming/ros2_tut/igvc/install/micro_ros_msgs/include/micro_ros_msgs/micro_ros_msgs/msg/detail/entity__rosidl_typesupport_fastrtps_c.h
[2.244s] -- Up-to-date: /home/gurupranav/Programming/ros2_tut/igvc/install/micro_ros_msgs/lib/libmicro_ros_msgs__rosidl_typesupport_fastrtps_c.so
[2.244s] -- Up-to-date: /home/gurupranav/Programming/ros2_tut/igvc/install/micro_ros_msgs/include/micro_ros_msgs/micro_ros_msgs
[2.244s] -- Up-to-date: /home/gurupranav/Programming/ros2_tut/igvc/install/micro_ros_msgs/include/micro_ros_msgs/micro_ros_msgs/msg
[2.244s] -- Up-to-date: /home/gurupranav/Programming/ros2_tut/igvc/install/micro_ros_msgs/include/micro_ros_msgs/micro_ros_msgs/msg/rosidl_typesupport_introspection_c__visibility_control.h
[2.245s] -- Up-to-date: /home/gurupranav/Programming/ros2_tut/igvc/install/micro_ros_msgs/include/micro_ros_msgs/micro_ros_msgs/msg/detail
[2.245s] -- Up-to-date: /home/gurupranav/Programming/ros2_tut/igvc/install/micro_ros_msgs/include/micro_ros_msgs/micro_ros_msgs/msg/detail/node__rosidl_typesupport_introspection_c.h
[2.245s] -- Up-to-date: /home/gurupranav/Programming/ros2_tut/igvc/install/micro_ros_msgs/include/micro_ros_msgs/micro_ros_msgs/msg/detail/node__type_support.c
[2.246s] -- Up-to-date: /home/gurupranav/Programming/ros2_tut/igvc/install/micro_ros_msgs/include/micro_ros_msgs/micro_ros_msgs/msg/detail/graph__rosidl_typesupport_introspection_c.h
[2.246s] -- Up-to-date: /home/gurupranav/Programming/ros2_tut/igvc/install/micro_ros_msgs/include/micro_ros_msgs/micro_ros_msgs/msg/detail/graph__type_support.c
[2.247s] -- Up-to-date: /home/gurupranav/Programming/ros2_tut/igvc/install/micro_ros_msgs/include/micro_ros_msgs/micro_ros_msgs/msg/detail/entity__rosidl_typesupport_introspection_c.h
[2.247s] -- Up-to-date: /home/gurupranav/Programming/ros2_tut/igvc/install/micro_ros_msgs/include/micro_ros_msgs/micro_ros_msgs/msg/detail/entity__type_support.c
[2.247s] -- Up-to-date: /home/gurupranav/Programming/ros2_tut/igvc/install/micro_ros_msgs/lib/libmicro_ros_msgs__rosidl_typesupport_introspection_c.so
[2.247s] -- Up-to-date: /home/gurupranav/Programming/ros2_tut/igvc/install/micro_ros_msgs/lib/libmicro_ros_msgs__rosidl_typesupport_c.so
[2.247s] -- Up-to-date: /home/gurupranav/Programming/ros2_tut/igvc/install/micro_ros_msgs/include/micro_ros_msgs/micro_ros_msgs
[2.247s] -- Up-to-date: /home/gurupranav/Programming/ros2_tut/igvc/install/micro_ros_msgs/include/micro_ros_msgs/micro_ros_msgs/msg
[2.248s] -- Up-to-date: /home/gurupranav/Programming/ros2_tut/igvc/install/micro_ros_msgs/include/micro_ros_msgs/micro_ros_msgs/msg/entity.hpp
[2.248s] -- Up-to-date: /home/gurupranav/Programming/ros2_tut/igvc/install/micro_ros_msgs/include/micro_ros_msgs/micro_ros_msgs/msg/node.hpp
[2.248s] -- Up-to-date: /home/gurupranav/Programming/ros2_tut/igvc/install/micro_ros_msgs/include/micro_ros_msgs/micro_ros_msgs/msg/graph.hpp
[2.248s] -- Up-to-date: /home/gurupranav/Programming/ros2_tut/igvc/install/micro_ros_msgs/include/micro_ros_msgs/micro_ros_msgs/msg/detail
[2.248s] -- Up-to-date: /home/gurupranav/Programming/ros2_tut/igvc/install/micro_ros_msgs/include/micro_ros_msgs/micro_ros_msgs/msg/detail/entity__builder.hpp
[2.248s] -- Up-to-date: /home/gurupranav/Programming/ros2_tut/igvc/install/micro_ros_msgs/include/micro_ros_msgs/micro_ros_msgs/msg/detail/graph__struct.hpp
[2.248s] -- Up-to-date: /home/gurupranav/Programming/ros2_tut/igvc/install/micro_ros_msgs/include/micro_ros_msgs/micro_ros_msgs/msg/detail/graph__traits.hpp
[2.248s] -- Up-to-date: /home/gurupranav/Programming/ros2_tut/igvc/install/micro_ros_msgs/include/micro_ros_msgs/micro_ros_msgs/msg/detail/entity__traits.hpp
[2.248s] -- Up-to-date: /home/gurupranav/Programming/ros2_tut/igvc/install/micro_ros_msgs/include/micro_ros_msgs/micro_ros_msgs/msg/detail/node__builder.hpp
[2.248s] -- Up-to-date: /home/gurupranav/Programming/ros2_tut/igvc/install/micro_ros_msgs/include/micro_ros_msgs/micro_ros_msgs/msg/detail/node__traits.hpp
[2.248s] -- Up-to-date: /home/gurupranav/Programming/ros2_tut/igvc/install/micro_ros_msgs/include/micro_ros_msgs/micro_ros_msgs/msg/detail/node__struct.hpp
[2.248s] -- Up-to-date: /home/gurupranav/Programming/ros2_tut/igvc/install/micro_ros_msgs/include/micro_ros_msgs/micro_ros_msgs/msg/detail/entity__struct.hpp
[2.249s] -- Up-to-date: /home/gurupranav/Programming/ros2_tut/igvc/install/micro_ros_msgs/include/micro_ros_msgs/micro_ros_msgs/msg/detail/graph__builder.hpp
[2.249s] -- Up-to-date: /home/gurupranav/Programming/ros2_tut/igvc/install/micro_ros_msgs/include/micro_ros_msgs/micro_ros_msgs
[2.249s] -- Up-to-date: /home/gurupranav/Programming/ros2_tut/igvc/install/micro_ros_msgs/include/micro_ros_msgs/micro_ros_msgs/msg
[2.249s] -- Up-to-date: /home/gurupranav/Programming/ros2_tut/igvc/install/micro_ros_msgs/include/micro_ros_msgs/micro_ros_msgs/msg/rosidl_typesupport_fastrtps_cpp__visibility_control.h
[2.249s] -- Up-to-date: /home/gurupranav/Programming/ros2_tut/igvc/install/micro_ros_msgs/include/micro_ros_msgs/micro_ros_msgs/msg/detail
[2.249s] -- Up-to-date: /home/gurupranav/Programming/ros2_tut/igvc/install/micro_ros_msgs/include/micro_ros_msgs/micro_ros_msgs/msg/detail/dds_fastrtps
[2.249s] -- Up-to-date: /home/gurupranav/Programming/ros2_tut/igvc/install/micro_ros_msgs/include/micro_ros_msgs/micro_ros_msgs/msg/detail/node__rosidl_typesupport_fastrtps_cpp.hpp
[2.249s] -- Up-to-date: /home/gurupranav/Programming/ros2_tut/igvc/install/micro_ros_msgs/include/micro_ros_msgs/micro_ros_msgs/msg/detail/graph__rosidl_typesupport_fastrtps_cpp.hpp
[2.249s] -- Up-to-date: /home/gurupranav/Programming/ros2_tut/igvc/install/micro_ros_msgs/include/micro_ros_msgs/micro_ros_msgs/msg/detail/entity__rosidl_typesupport_fastrtps_cpp.hpp
[2.250s] -- Up-to-date: /home/gurupranav/Programming/ros2_tut/igvc/install/micro_ros_msgs/lib/libmicro_ros_msgs__rosidl_typesupport_fastrtps_cpp.so
[2.250s] -- Up-to-date: /home/gurupranav/Programming/ros2_tut/igvc/install/micro_ros_msgs/include/micro_ros_msgs/micro_ros_msgs
[2.250s] -- Up-to-date: /home/gurupranav/Programming/ros2_tut/igvc/install/micro_ros_msgs/include/micro_ros_msgs/micro_ros_msgs/msg
[2.250s] -- Up-to-date: /home/gurupranav/Programming/ros2_tut/igvc/install/micro_ros_msgs/include/micro_ros_msgs/micro_ros_msgs/msg/detail
[2.250s] -- Up-to-date: /home/gurupranav/Programming/ros2_tut/igvc/install/micro_ros_msgs/include/micro_ros_msgs/micro_ros_msgs/msg/detail/entity__rosidl_typesupport_introspection_cpp.hpp
[2.250s] -- Up-to-date: /home/gurupranav/Programming/ros2_tut/igvc/install/micro_ros_msgs/include/micro_ros_msgs/micro_ros_msgs/msg/detail/graph__rosidl_typesupport_introspection_cpp.hpp
[2.250s] -- Up-to-date: /home/gurupranav/Programming/ros2_tut/igvc/install/micro_ros_msgs/include/micro_ros_msgs/micro_ros_msgs/msg/detail/graph__type_support.cpp
[2.251s] -- Up-to-date: /home/gurupranav/Programming/ros2_tut/igvc/install/micro_ros_msgs/include/micro_ros_msgs/micro_ros_msgs/msg/detail/entity__type_support.cpp
[2.251s] -- Up-to-date: /home/gurupranav/Programming/ros2_tut/igvc/install/micro_ros_msgs/include/micro_ros_msgs/micro_ros_msgs/msg/detail/node__type_support.cpp
[2.251s] -- Up-to-date: /home/gurupranav/Programming/ros2_tut/igvc/install/micro_ros_msgs/include/micro_ros_msgs/micro_ros_msgs/msg/detail/node__rosidl_typesupport_introspection_cpp.hpp
[2.251s] -- Up-to-date: /home/gurupranav/Programming/ros2_tut/igvc/install/micro_ros_msgs/lib/libmicro_ros_msgs__rosidl_typesupport_introspection_cpp.so
[2.251s] -- Up-to-date: /home/gurupranav/Programming/ros2_tut/igvc/install/micro_ros_msgs/lib/libmicro_ros_msgs__rosidl_typesupport_cpp.so
[2.251s] -- Up-to-date: /home/gurupranav/Programming/ros2_tut/igvc/install/micro_ros_msgs/share/micro_ros_msgs/environment/pythonpath.sh
[2.251s] -- Installing: /home/gurupranav/Programming/ros2_tut/igvc/install/micro_ros_msgs/share/micro_ros_msgs/environment/pythonpath.dsv
[2.251s] -- Up-to-date: /home/gurupranav/Programming/ros2_tut/igvc/install/micro_ros_msgs/local/lib/python3.10/dist-packages/micro_ros_msgs-3.0.1-py3.10.egg-info
[2.251s] -- Installing: /home/gurupranav/Programming/ros2_tut/igvc/install/micro_ros_msgs/local/lib/python3.10/dist-packages/micro_ros_msgs-3.0.1-py3.10.egg-info/SOURCES.txt
[2.252s] -- Installing: /home/gurupranav/Programming/ros2_tut/igvc/install/micro_ros_msgs/local/lib/python3.10/dist-packages/micro_ros_msgs-3.0.1-py3.10.egg-info/dependency_links.txt
[2.252s] -- Installing: /home/gurupranav/Programming/ros2_tut/igvc/install/micro_ros_msgs/local/lib/python3.10/dist-packages/micro_ros_msgs-3.0.1-py3.10.egg-info/PKG-INFO
[2.252s] -- Installing: /home/gurupranav/Programming/ros2_tut/igvc/install/micro_ros_msgs/local/lib/python3.10/dist-packages/micro_ros_msgs-3.0.1-py3.10.egg-info/top_level.txt
[2.252s] -- Up-to-date: /home/gurupranav/Programming/ros2_tut/igvc/install/micro_ros_msgs/local/lib/python3.10/dist-packages/micro_ros_msgs
[2.252s] -- Up-to-date: /home/gurupranav/Programming/ros2_tut/igvc/install/micro_ros_msgs/local/lib/python3.10/dist-packages/micro_ros_msgs/_micro_ros_msgs_s.ep.rosidl_typesupport_c.c
[2.252s] -- Up-to-date: /home/gurupranav/Programming/ros2_tut/igvc/install/micro_ros_msgs/local/lib/python3.10/dist-packages/micro_ros_msgs/msg
[2.252s] -- Up-to-date: /home/gurupranav/Programming/ros2_tut/igvc/install/micro_ros_msgs/local/lib/python3.10/dist-packages/micro_ros_msgs/msg/_node_s.c
[2.252s] -- Up-to-date: /home/gurupranav/Programming/ros2_tut/igvc/install/micro_ros_msgs/local/lib/python3.10/dist-packages/micro_ros_msgs/msg/_graph.py
[2.253s] -- Up-to-date: /home/gurupranav/Programming/ros2_tut/igvc/install/micro_ros_msgs/local/lib/python3.10/dist-packages/micro_ros_msgs/msg/_entity.py
[2.253s] -- Up-to-date: /home/gurupranav/Programming/ros2_tut/igvc/install/micro_ros_msgs/local/lib/python3.10/dist-packages/micro_ros_msgs/msg/_entity_s.c
[2.253s] -- Up-to-date: /home/gurupranav/Programming/ros2_tut/igvc/install/micro_ros_msgs/local/lib/python3.10/dist-packages/micro_ros_msgs/msg/_node.py
[2.253s] -- Up-to-date: /home/gurupranav/Programming/ros2_tut/igvc/install/micro_ros_msgs/local/lib/python3.10/dist-packages/micro_ros_msgs/msg/_graph_s.c
[2.253s] -- Up-to-date: /home/gurupranav/Programming/ros2_tut/igvc/install/micro_ros_msgs/local/lib/python3.10/dist-packages/micro_ros_msgs/msg/__init__.py
[2.253s] -- Up-to-date: /home/gurupranav/Programming/ros2_tut/igvc/install/micro_ros_msgs/local/lib/python3.10/dist-packages/micro_ros_msgs/micro_ros_msgs_s__rosidl_typesupport_introspection_c.cpython-310-x86_64-linux-gnu.so
[2.253s] -- Up-to-date: /home/gurupranav/Programming/ros2_tut/igvc/install/micro_ros_msgs/local/lib/python3.10/dist-packages/micro_ros_msgs/micro_ros_msgs_s__rosidl_typesupport_fastrtps_c.cpython-310-x86_64-linux-gnu.so
[2.253s] -- Up-to-date: /home/gurupranav/Programming/ros2_tut/igvc/install/micro_ros_msgs/local/lib/python3.10/dist-packages/micro_ros_msgs/_micro_ros_msgs_s.ep.rosidl_typesupport_fastrtps_c.c
[2.253s] -- Up-to-date: /home/gurupranav/Programming/ros2_tut/igvc/install/micro_ros_msgs/local/lib/python3.10/dist-packages/micro_ros_msgs/micro_ros_msgs_s__rosidl_typesupport_c.cpython-310-x86_64-linux-gnu.so
[2.253s] -- Up-to-date: /home/gurupranav/Programming/ros2_tut/igvc/install/micro_ros_msgs/local/lib/python3.10/dist-packages/micro_ros_msgs/_micro_ros_msgs_s.ep.rosidl_typesupport_introspection_c.c
[2.253s] -- Installing: /home/gurupranav/Programming/ros2_tut/igvc/install/micro_ros_msgs/local/lib/python3.10/dist-packages/micro_ros_msgs/__init__.py
[2.254s] -- Up-to-date: /home/gurupranav/Programming/ros2_tut/igvc/install/micro_ros_msgs/local/lib/python3.10/dist-packages/micro_ros_msgs/libmicro_ros_msgs__rosidl_generator_py.so
[2.286s] Listing '/home/gurupranav/Programming/ros2_tut/igvc/install/micro_ros_msgs/local/lib/python3.10/dist-packages/micro_ros_msgs'...
[2.286s] Compiling '/home/gurupranav/Programming/ros2_tut/igvc/install/micro_ros_msgs/local/lib/python3.10/dist-packages/micro_ros_msgs/__init__.py'...
[2.286s] Listing '/home/gurupranav/Programming/ros2_tut/igvc/install/micro_ros_msgs/local/lib/python3.10/dist-packages/micro_ros_msgs/msg'...
[2.293s] -- Up-to-date: /home/gurupranav/Programming/ros2_tut/igvc/install/micro_ros_msgs/local/lib/python3.10/dist-packages/micro_ros_msgs/micro_ros_msgs_s__rosidl_typesupport_fastrtps_c.cpython-310-x86_64-linux-gnu.so
[2.293s] -- Up-to-date: /home/gurupranav/Programming/ros2_tut/igvc/install/micro_ros_msgs/local/lib/python3.10/dist-packages/micro_ros_msgs/micro_ros_msgs_s__rosidl_typesupport_introspection_c.cpython-310-x86_64-linux-gnu.so
[2.294s] -- Up-to-date: /home/gurupranav/Programming/ros2_tut/igvc/install/micro_ros_msgs/local/lib/python3.10/dist-packages/micro_ros_msgs/micro_ros_msgs_s__rosidl_typesupport_c.cpython-310-x86_64-linux-gnu.so
[2.294s] -- Up-to-date: /home/gurupranav/Programming/ros2_tut/igvc/install/micro_ros_msgs/lib/libmicro_ros_msgs__rosidl_generator_py.so
[2.294s] -- Up-to-date: /home/gurupranav/Programming/ros2_tut/igvc/install/micro_ros_msgs/share/micro_ros_msgs/msg/Graph.idl
[2.295s] -- Up-to-date: /home/gurupranav/Programming/ros2_tut/igvc/install/micro_ros_msgs/share/micro_ros_msgs/msg/Node.idl
[2.295s] -- Up-to-date: /home/gurupranav/Programming/ros2_tut/igvc/install/micro_ros_msgs/share/micro_ros_msgs/msg/Entity.idl
[2.296s] -- Up-to-date: /home/gurupranav/Programming/ros2_tut/igvc/install/micro_ros_msgs/share/micro_ros_msgs/msg/Graph.msg
[2.296s] -- Up-to-date: /home/gurupranav/Programming/ros2_tut/igvc/install/micro_ros_msgs/share/micro_ros_msgs/msg/Node.msg
[2.296s] -- Up-to-date: /home/gurupranav/Programming/ros2_tut/igvc/install/micro_ros_msgs/share/micro_ros_msgs/msg/Entity.msg
[2.297s] -- Up-to-date: /home/gurupranav/Programming/ros2_tut/igvc/install/micro_ros_msgs/share/ament_index/resource_index/package_run_dependencies/micro_ros_msgs
[2.297s] -- Installing: /home/gurupranav/Programming/ros2_tut/igvc/install/micro_ros_msgs/share/ament_index/resource_index/parent_prefix_path/micro_ros_msgs
[2.298s] -- Up-to-date: /home/gurupranav/Programming/ros2_tut/igvc/install/micro_ros_msgs/share/micro_ros_msgs/environment/ament_prefix_path.sh
[2.298s] -- Installing: /home/gurupranav/Programming/ros2_tut/igvc/install/micro_ros_msgs/share/micro_ros_msgs/environment/ament_prefix_path.dsv
[2.298s] -- Up-to-date: /home/gurupranav/Programming/ros2_tut/igvc/install/micro_ros_msgs/share/micro_ros_msgs/environment/path.sh
[2.299s] -- Installing: /home/gurupranav/Programming/ros2_tut/igvc/install/micro_ros_msgs/share/micro_ros_msgs/environment/path.dsv
[2.299s] -- Up-to-date: /home/gurupranav/Programming/ros2_tut/igvc/install/micro_ros_msgs/share/micro_ros_msgs/local_setup.bash
[2.299s] -- Up-to-date: /home/gurupranav/Programming/ros2_tut/igvc/install/micro_ros_msgs/share/micro_ros_msgs/local_setup.sh
[2.300s] -- Up-to-date: /home/gurupranav/Programming/ros2_tut/igvc/install/micro_ros_msgs/share/micro_ros_msgs/local_setup.zsh
[2.300s] -- Installing: /home/gurupranav/Programming/ros2_tut/igvc/install/micro_ros_msgs/share/micro_ros_msgs/local_setup.dsv
[2.300s] -- Installing: /home/gurupranav/Programming/ros2_tut/igvc/install/micro_ros_msgs/share/micro_ros_msgs/package.dsv
[2.300s] -- Up-to-date: /home/gurupranav/Programming/ros2_tut/igvc/install/micro_ros_msgs/share/ament_index/resource_index/packages/micro_ros_msgs
[2.301s] -- Up-to-date: /home/gurupranav/Programming/ros2_tut/igvc/install/micro_ros_msgs/share/micro_ros_msgs/cmake/export_micro_ros_msgs__rosidl_generator_cExport.cmake
[2.301s] -- Up-to-date: /home/gurupranav/Programming/ros2_tut/igvc/install/micro_ros_msgs/share/micro_ros_msgs/cmake/export_micro_ros_msgs__rosidl_generator_cExport-noconfig.cmake
[2.301s] -- Up-to-date: /home/gurupranav/Programming/ros2_tut/igvc/install/micro_ros_msgs/share/micro_ros_msgs/cmake/export_micro_ros_msgs__rosidl_typesupport_fastrtps_cExport.cmake
[2.301s] -- Up-to-date: /home/gurupranav/Programming/ros2_tut/igvc/install/micro_ros_msgs/share/micro_ros_msgs/cmake/export_micro_ros_msgs__rosidl_typesupport_fastrtps_cExport-noconfig.cmake
[2.301s] -- Up-to-date: /home/gurupranav/Programming/ros2_tut/igvc/install/micro_ros_msgs/share/micro_ros_msgs/cmake/micro_ros_msgs__rosidl_typesupport_introspection_cExport.cmake
[2.301s] -- Up-to-date: /home/gurupranav/Programming/ros2_tut/igvc/install/micro_ros_msgs/share/micro_ros_msgs/cmake/micro_ros_msgs__rosidl_typesupport_introspection_cExport-noconfig.cmake
[2.302s] -- Up-to-date: /home/gurupranav/Programming/ros2_tut/igvc/install/micro_ros_msgs/share/micro_ros_msgs/cmake/micro_ros_msgs__rosidl_typesupport_cExport.cmake
[2.302s] -- Up-to-date: /home/gurupranav/Programming/ros2_tut/igvc/install/micro_ros_msgs/share/micro_ros_msgs/cmake/micro_ros_msgs__rosidl_typesupport_cExport-noconfig.cmake
[2.302s] -- Up-to-date: /home/gurupranav/Programming/ros2_tut/igvc/install/micro_ros_msgs/share/micro_ros_msgs/cmake/export_micro_ros_msgs__rosidl_generator_cppExport.cmake
[2.302s] -- Up-to-date: /home/gurupranav/Programming/ros2_tut/igvc/install/micro_ros_msgs/share/micro_ros_msgs/cmake/export_micro_ros_msgs__rosidl_typesupport_fastrtps_cppExport.cmake
[2.302s] -- Up-to-date: /home/gurupranav/Programming/ros2_tut/igvc/install/micro_ros_msgs/share/micro_ros_msgs/cmake/export_micro_ros_msgs__rosidl_typesupport_fastrtps_cppExport-noconfig.cmake
[2.302s] -- Up-to-date: /home/gurupranav/Programming/ros2_tut/igvc/install/micro_ros_msgs/share/micro_ros_msgs/cmake/micro_ros_msgs__rosidl_typesupport_introspection_cppExport.cmake
[2.302s] -- Up-to-date: /home/gurupranav/Programming/ros2_tut/igvc/install/micro_ros_msgs/share/micro_ros_msgs/cmake/micro_ros_msgs__rosidl_typesupport_introspection_cppExport-noconfig.cmake
[2.302s] -- Up-to-date: /home/gurupranav/Programming/ros2_tut/igvc/install/micro_ros_msgs/share/micro_ros_msgs/cmake/micro_ros_msgs__rosidl_typesupport_cppExport.cmake
[2.302s] -- Up-to-date: /home/gurupranav/Programming/ros2_tut/igvc/install/micro_ros_msgs/share/micro_ros_msgs/cmake/micro_ros_msgs__rosidl_typesupport_cppExport-noconfig.cmake
[2.303s] -- Up-to-date: /home/gurupranav/Programming/ros2_tut/igvc/install/micro_ros_msgs/share/micro_ros_msgs/cmake/export_micro_ros_msgs__rosidl_generator_pyExport.cmake
[2.303s] -- Up-to-date: /home/gurupranav/Programming/ros2_tut/igvc/install/micro_ros_msgs/share/micro_ros_msgs/cmake/export_micro_ros_msgs__rosidl_generator_pyExport-noconfig.cmake
[2.303s] -- Up-to-date: /home/gurupranav/Programming/ros2_tut/igvc/install/micro_ros_msgs/share/micro_ros_msgs/cmake/rosidl_cmake-extras.cmake
[2.304s] -- Up-to-date: /home/gurupranav/Programming/ros2_tut/igvc/install/micro_ros_msgs/share/micro_ros_msgs/cmake/ament_cmake_export_include_directories-extras.cmake
[2.304s] -- Up-to-date: /home/gurupranav/Programming/ros2_tut/igvc/install/micro_ros_msgs/share/micro_ros_msgs/cmake/ament_cmake_export_libraries-extras.cmake
[2.305s] -- Up-to-date: /home/gurupranav/Programming/ros2_tut/igvc/install/micro_ros_msgs/share/micro_ros_msgs/cmake/ament_cmake_export_targets-extras.cmake
[2.305s] -- Up-to-date: /home/gurupranav/Programming/ros2_tut/igvc/install/micro_ros_msgs/share/micro_ros_msgs/cmake/rosidl_cmake_export_typesupport_targets-extras.cmake
[2.305s] -- Up-to-date: /home/gurupranav/Programming/ros2_tut/igvc/install/micro_ros_msgs/share/micro_ros_msgs/cmake/ament_cmake_export_dependencies-extras.cmake
[2.306s] -- Up-to-date: /home/gurupranav/Programming/ros2_tut/igvc/install/micro_ros_msgs/share/micro_ros_msgs/cmake/rosidl_cmake_export_typesupport_libraries-extras.cmake
[2.306s] -- Up-to-date: /home/gurupranav/Programming/ros2_tut/igvc/install/micro_ros_msgs/share/micro_ros_msgs/cmake/micro_ros_msgsConfig.cmake
[2.307s] -- Up-to-date: /home/gurupranav/Programming/ros2_tut/igvc/install/micro_ros_msgs/share/micro_ros_msgs/cmake/micro_ros_msgsConfig-version.cmake
[2.308s] -- Up-to-date: /home/gurupranav/Programming/ros2_tut/igvc/install/micro_ros_msgs/share/micro_ros_msgs/package.xml
[2.309s] Invoked command in '/home/gurupranav/Programming/ros2_tut/igvc/build/micro_ros_msgs' returned '0': CMAKE_PREFIX_PATH=${CMAKE_PREFIX_PATH}:/opt/ros/humble /usr/bin/cmake --install /home/gurupranav/Programming/ros2_tut/igvc/build/micro_ros_msgs
