[0.394s] DEBUG:colcon:Command line arguments: ['/usr/bin/colcon', 'list', '-p', '--base-paths', '/home/gurupranav/Programming/ros2_tut/igvc']
[0.394s] DEBUG:colcon:Parsed command line arguments: Namespace(log_base=None, log_level=None, verb_name='list', build_base='build', ignore_user_meta=False, metas=['./colcon.meta'], base_paths=['/home/gurupranav/Programming/ros2_tut/igvc'], packages_ignore=None, packages_ignore_regex=None, paths=None, packages_up_to=None, packages_up_to_regex=None, packages_above=None, packages_above_and_dependencies=None, packages_above_depth=None, packages_select_by_dep=None, packages_skip_by_dep=None, packages_skip_up_to=None, packages_select_build_failed=False, packages_skip_build_finished=False, packages_select_test_failures=False, packages_skip_test_passed=False, packages_select=None, packages_skip=None, packages_select_regex=None, packages_skip_regex=None, packages_start=None, packages_end=None, allow_overriding=[], topological_order=False, names_only=False, paths_only=True, topological_graph=False, topological_graph_dot=False, topological_graph_density=False, topological_graph_legend=False, topological_graph_dot_cluster=False, topological_graph_dot_include_skipped=False, verb_parser=<colcon_defaults.argument_parser.defaults.DefaultArgumentsDecorator object at 0x7fe0bd475d80>, verb_extension=<colcon_package_information.verb.list.ListVerb object at 0x7fe0bd5fdf30>, main=<bound method ListVerb.main of <colcon_package_information.verb.list.ListVerb object at 0x7fe0bd5fdf30>>)
[0.743s] Level 1:colcon.colcon_core.package_discovery:discover_packages(colcon_meta) check parameters
[0.744s] Level 1:colcon.colcon_core.package_discovery:discover_packages(recursive) check parameters
[0.744s] Level 1:colcon.colcon_core.package_discovery:discover_packages(ignore) check parameters
[0.744s] Level 1:colcon.colcon_core.package_discovery:discover_packages(path) check parameters
[0.744s] Level 1:colcon.colcon_core.package_discovery:discover_packages(recursive) discover
[0.744s] INFO:colcon.colcon_core.package_discovery:Crawling recursively for packages in '/home/gurupranav/Programming/ros2_tut/igvc'
[0.744s] Level 1:colcon.colcon_core.package_identification:_identify(/home/gurupranav/Programming/ros2_tut/igvc) by extensions ['ignore', 'ignore_ament_install']
[0.745s] Level 1:colcon.colcon_core.package_identification:_identify(/home/gurupranav/Programming/ros2_tut/igvc) by extension 'ignore'
[0.745s] Level 1:colcon.colcon_core.package_identification:_identify(/home/gurupranav/Programming/ros2_tut/igvc) by extension 'ignore_ament_install'
[0.745s] Level 1:colcon.colcon_core.package_identification:_identify(/home/gurupranav/Programming/ros2_tut/igvc) by extensions ['colcon_pkg']
[0.745s] Level 1:colcon.colcon_core.package_identification:_identify(/home/gurupranav/Programming/ros2_tut/igvc) by extension 'colcon_pkg'
[0.746s] Level 1:colcon.colcon_core.package_identification:_identify(/home/gurupranav/Programming/ros2_tut/igvc) by extensions ['colcon_meta']
[0.746s] Level 1:colcon.colcon_core.package_identification:_identify(/home/gurupranav/Programming/ros2_tut/igvc) by extension 'colcon_meta'
[0.746s] Level 1:colcon.colcon_core.package_identification:_identify(/home/gurupranav/Programming/ros2_tut/igvc) by extensions ['ros']
[0.746s] Level 1:colcon.colcon_core.package_identification:_identify(/home/gurupranav/Programming/ros2_tut/igvc) by extension 'ros'
[0.771s] Level 1:colcon.colcon_core.package_identification:_identify(/home/gurupranav/Programming/ros2_tut/igvc) by extensions ['cmake', 'python']
[0.771s] Level 1:colcon.colcon_core.package_identification:_identify(/home/gurupranav/Programming/ros2_tut/igvc) by extension 'cmake'
[0.771s] Level 1:colcon.colcon_core.package_identification:_identify(/home/gurupranav/Programming/ros2_tut/igvc) by extension 'python'
[0.771s] Level 1:colcon.colcon_core.package_identification:_identify(/home/gurupranav/Programming/ros2_tut/igvc) by extensions ['python_setup_py']
[0.772s] Level 1:colcon.colcon_core.package_identification:_identify(/home/gurupranav/Programming/ros2_tut/igvc) by extension 'python_setup_py'
[0.772s] Level 1:colcon.colcon_core.package_identification:_identify(/home/gurupranav/Programming/ros2_tut/igvc/build) by extensions ['ignore', 'ignore_ament_install']
[0.773s] Level 1:colcon.colcon_core.package_identification:_identify(/home/gurupranav/Programming/ros2_tut/igvc/build) by extension 'ignore'
[0.774s] Level 1:colcon.colcon_core.package_identification:_identify(/home/gurupranav/Programming/ros2_tut/igvc/build) ignored
[0.774s] Level 1:colcon.colcon_core.package_identification:_identify(/home/gurupranav/Programming/ros2_tut/igvc/install) by extensions ['ignore', 'ignore_ament_install']
[0.774s] Level 1:colcon.colcon_core.package_identification:_identify(/home/gurupranav/Programming/ros2_tut/igvc/install) by extension 'ignore'
[0.774s] Level 1:colcon.colcon_core.package_identification:_identify(/home/gurupranav/Programming/ros2_tut/igvc/install) ignored
[0.775s] Level 1:colcon.colcon_core.package_identification:_identify(/home/gurupranav/Programming/ros2_tut/igvc/log) by extensions ['ignore', 'ignore_ament_install']
[0.775s] Level 1:colcon.colcon_core.package_identification:_identify(/home/gurupranav/Programming/ros2_tut/igvc/log) by extension 'ignore'
[0.775s] Level 1:colcon.colcon_core.package_identification:_identify(/home/gurupranav/Programming/ros2_tut/igvc/log) ignored
[0.776s] Level 1:colcon.colcon_core.package_identification:_identify(/home/gurupranav/Programming/ros2_tut/igvc/src) by extensions ['ignore', 'ignore_ament_install']
[0.776s] Level 1:colcon.colcon_core.package_identification:_identify(/home/gurupranav/Programming/ros2_tut/igvc/src) by extension 'ignore'
[0.776s] Level 1:colcon.colcon_core.package_identification:_identify(/home/gurupranav/Programming/ros2_tut/igvc/src) by extension 'ignore_ament_install'
[0.776s] Level 1:colcon.colcon_core.package_identification:_identify(/home/gurupranav/Programming/ros2_tut/igvc/src) by extensions ['colcon_pkg']
[0.776s] Level 1:colcon.colcon_core.package_identification:_identify(/home/gurupranav/Programming/ros2_tut/igvc/src) by extension 'colcon_pkg'
[0.776s] Level 1:colcon.colcon_core.package_identification:_identify(/home/gurupranav/Programming/ros2_tut/igvc/src) by extensions ['colcon_meta']
[0.776s] Level 1:colcon.colcon_core.package_identification:_identify(/home/gurupranav/Programming/ros2_tut/igvc/src) by extension 'colcon_meta'
[0.777s] Level 1:colcon.colcon_core.package_identification:_identify(/home/gurupranav/Programming/ros2_tut/igvc/src) by extensions ['ros']
[0.777s] Level 1:colcon.colcon_core.package_identification:_identify(/home/gurupranav/Programming/ros2_tut/igvc/src) by extension 'ros'
[0.777s] Level 1:colcon.colcon_core.package_identification:_identify(/home/gurupranav/Programming/ros2_tut/igvc/src) by extensions ['cmake', 'python']
[0.777s] Level 1:colcon.colcon_core.package_identification:_identify(/home/gurupranav/Programming/ros2_tut/igvc/src) by extension 'cmake'
[0.777s] Level 1:colcon.colcon_core.package_identification:_identify(/home/gurupranav/Programming/ros2_tut/igvc/src) by extension 'python'
[0.777s] Level 1:colcon.colcon_core.package_identification:_identify(/home/gurupranav/Programming/ros2_tut/igvc/src) by extensions ['python_setup_py']
[0.777s] Level 1:colcon.colcon_core.package_identification:_identify(/home/gurupranav/Programming/ros2_tut/igvc/src) by extension 'python_setup_py'
[0.778s] Level 1:colcon.colcon_core.package_identification:_identify(/home/gurupranav/Programming/ros2_tut/igvc/src/ros2-ublox-zedf9p) by extensions ['ignore', 'ignore_ament_install']
[0.778s] Level 1:colcon.colcon_core.package_identification:_identify(/home/gurupranav/Programming/ros2_tut/igvc/src/ros2-ublox-zedf9p) by extension 'ignore'
[0.778s] Level 1:colcon.colcon_core.package_identification:_identify(/home/gurupranav/Programming/ros2_tut/igvc/src/ros2-ublox-zedf9p) by extension 'ignore_ament_install'
[0.778s] Level 1:colcon.colcon_core.package_identification:_identify(/home/gurupranav/Programming/ros2_tut/igvc/src/ros2-ublox-zedf9p) by extensions ['colcon_pkg']
[0.778s] Level 1:colcon.colcon_core.package_identification:_identify(/home/gurupranav/Programming/ros2_tut/igvc/src/ros2-ublox-zedf9p) by extension 'colcon_pkg'
[0.779s] Level 1:colcon.colcon_core.package_identification:_identify(/home/gurupranav/Programming/ros2_tut/igvc/src/ros2-ublox-zedf9p) by extensions ['colcon_meta']
[0.779s] Level 1:colcon.colcon_core.package_identification:_identify(/home/gurupranav/Programming/ros2_tut/igvc/src/ros2-ublox-zedf9p) by extension 'colcon_meta'
[0.779s] Level 1:colcon.colcon_core.package_identification:_identify(/home/gurupranav/Programming/ros2_tut/igvc/src/ros2-ublox-zedf9p) by extensions ['ros']
[0.779s] Level 1:colcon.colcon_core.package_identification:_identify(/home/gurupranav/Programming/ros2_tut/igvc/src/ros2-ublox-zedf9p) by extension 'ros'
[0.779s] Level 1:colcon.colcon_core.package_identification:_identify(/home/gurupranav/Programming/ros2_tut/igvc/src/ros2-ublox-zedf9p) by extensions ['cmake', 'python']
[0.779s] Level 1:colcon.colcon_core.package_identification:_identify(/home/gurupranav/Programming/ros2_tut/igvc/src/ros2-ublox-zedf9p) by extension 'cmake'
[0.780s] Level 1:colcon.colcon_core.package_identification:_identify(/home/gurupranav/Programming/ros2_tut/igvc/src/ros2-ublox-zedf9p) by extension 'python'
[0.780s] Level 1:colcon.colcon_core.package_identification:_identify(/home/gurupranav/Programming/ros2_tut/igvc/src/ros2-ublox-zedf9p) by extensions ['python_setup_py']
[0.780s] Level 1:colcon.colcon_core.package_identification:_identify(/home/gurupranav/Programming/ros2_tut/igvc/src/ros2-ublox-zedf9p) by extension 'python_setup_py'
[0.780s] Level 1:colcon.colcon_core.package_identification:_identify(/home/gurupranav/Programming/ros2_tut/igvc/src/ros2-ublox-zedf9p/pics) by extensions ['ignore', 'ignore_ament_install']
[0.780s] Level 1:colcon.colcon_core.package_identification:_identify(/home/gurupranav/Programming/ros2_tut/igvc/src/ros2-ublox-zedf9p/pics) by extension 'ignore'
[0.781s] Level 1:colcon.colcon_core.package_identification:_identify(/home/gurupranav/Programming/ros2_tut/igvc/src/ros2-ublox-zedf9p/pics) by extension 'ignore_ament_install'
[0.781s] Level 1:colcon.colcon_core.package_identification:_identify(/home/gurupranav/Programming/ros2_tut/igvc/src/ros2-ublox-zedf9p/pics) by extensions ['colcon_pkg']
[0.781s] Level 1:colcon.colcon_core.package_identification:_identify(/home/gurupranav/Programming/ros2_tut/igvc/src/ros2-ublox-zedf9p/pics) by extension 'colcon_pkg'
[0.781s] Level 1:colcon.colcon_core.package_identification:_identify(/home/gurupranav/Programming/ros2_tut/igvc/src/ros2-ublox-zedf9p/pics) by extensions ['colcon_meta']
[0.781s] Level 1:colcon.colcon_core.package_identification:_identify(/home/gurupranav/Programming/ros2_tut/igvc/src/ros2-ublox-zedf9p/pics) by extension 'colcon_meta'
[0.781s] Level 1:colcon.colcon_core.package_identification:_identify(/home/gurupranav/Programming/ros2_tut/igvc/src/ros2-ublox-zedf9p/pics) by extensions ['ros']
[0.782s] Level 1:colcon.colcon_core.package_identification:_identify(/home/gurupranav/Programming/ros2_tut/igvc/src/ros2-ublox-zedf9p/pics) by extension 'ros'
[0.782s] Level 1:colcon.colcon_core.package_identification:_identify(/home/gurupranav/Programming/ros2_tut/igvc/src/ros2-ublox-zedf9p/pics) by extensions ['cmake', 'python']
[0.782s] Level 1:colcon.colcon_core.package_identification:_identify(/home/gurupranav/Programming/ros2_tut/igvc/src/ros2-ublox-zedf9p/pics) by extension 'cmake'
[0.782s] Level 1:colcon.colcon_core.package_identification:_identify(/home/gurupranav/Programming/ros2_tut/igvc/src/ros2-ublox-zedf9p/pics) by extension 'python'
[0.782s] Level 1:colcon.colcon_core.package_identification:_identify(/home/gurupranav/Programming/ros2_tut/igvc/src/ros2-ublox-zedf9p/pics) by extensions ['python_setup_py']
[0.782s] Level 1:colcon.colcon_core.package_identification:_identify(/home/gurupranav/Programming/ros2_tut/igvc/src/ros2-ublox-zedf9p/pics) by extension 'python_setup_py'
[0.783s] Level 1:colcon.colcon_core.package_identification:_identify(/home/gurupranav/Programming/ros2_tut/igvc/src/ros2-ublox-zedf9p/ublox) by extensions ['ignore', 'ignore_ament_install']
[0.783s] Level 1:colcon.colcon_core.package_identification:_identify(/home/gurupranav/Programming/ros2_tut/igvc/src/ros2-ublox-zedf9p/ublox) by extension 'ignore'
[0.783s] Level 1:colcon.colcon_core.package_identification:_identify(/home/gurupranav/Programming/ros2_tut/igvc/src/ros2-ublox-zedf9p/ublox) by extension 'ignore_ament_install'
[0.783s] Level 1:colcon.colcon_core.package_identification:_identify(/home/gurupranav/Programming/ros2_tut/igvc/src/ros2-ublox-zedf9p/ublox) by extensions ['colcon_pkg']
[0.783s] Level 1:colcon.colcon_core.package_identification:_identify(/home/gurupranav/Programming/ros2_tut/igvc/src/ros2-ublox-zedf9p/ublox) by extension 'colcon_pkg'
[0.783s] Level 1:colcon.colcon_core.package_identification:_identify(/home/gurupranav/Programming/ros2_tut/igvc/src/ros2-ublox-zedf9p/ublox) by extensions ['colcon_meta']
[0.784s] Level 1:colcon.colcon_core.package_identification:_identify(/home/gurupranav/Programming/ros2_tut/igvc/src/ros2-ublox-zedf9p/ublox) by extension 'colcon_meta'
[0.784s] Level 1:colcon.colcon_core.package_identification:_identify(/home/gurupranav/Programming/ros2_tut/igvc/src/ros2-ublox-zedf9p/ublox) by extensions ['ros']
[0.784s] Level 1:colcon.colcon_core.package_identification:_identify(/home/gurupranav/Programming/ros2_tut/igvc/src/ros2-ublox-zedf9p/ublox) by extension 'ros'
[0.788s] DEBUG:colcon.colcon_core.package_identification:Package '/home/gurupranav/Programming/ros2_tut/igvc/src/ros2-ublox-zedf9p/ublox' with type 'ros.ament_cmake' and name 'ublox'
[0.788s] Level 1:colcon.colcon_core.package_identification:_identify(/home/gurupranav/Programming/ros2_tut/igvc/src/ros2-ublox-zedf9p/ublox_gps) by extensions ['ignore', 'ignore_ament_install']
[0.788s] Level 1:colcon.colcon_core.package_identification:_identify(/home/gurupranav/Programming/ros2_tut/igvc/src/ros2-ublox-zedf9p/ublox_gps) by extension 'ignore'
[0.789s] Level 1:colcon.colcon_core.package_identification:_identify(/home/gurupranav/Programming/ros2_tut/igvc/src/ros2-ublox-zedf9p/ublox_gps) by extension 'ignore_ament_install'
[0.789s] Level 1:colcon.colcon_core.package_identification:_identify(/home/gurupranav/Programming/ros2_tut/igvc/src/ros2-ublox-zedf9p/ublox_gps) by extensions ['colcon_pkg']
[0.789s] Level 1:colcon.colcon_core.package_identification:_identify(/home/gurupranav/Programming/ros2_tut/igvc/src/ros2-ublox-zedf9p/ublox_gps) by extension 'colcon_pkg'
[0.789s] Level 1:colcon.colcon_core.package_identification:_identify(/home/gurupranav/Programming/ros2_tut/igvc/src/ros2-ublox-zedf9p/ublox_gps) by extensions ['colcon_meta']
[0.789s] Level 1:colcon.colcon_core.package_identification:_identify(/home/gurupranav/Programming/ros2_tut/igvc/src/ros2-ublox-zedf9p/ublox_gps) by extension 'colcon_meta'
[0.789s] Level 1:colcon.colcon_core.package_identification:_identify(/home/gurupranav/Programming/ros2_tut/igvc/src/ros2-ublox-zedf9p/ublox_gps) by extensions ['ros']
[0.789s] Level 1:colcon.colcon_core.package_identification:_identify(/home/gurupranav/Programming/ros2_tut/igvc/src/ros2-ublox-zedf9p/ublox_gps) by extension 'ros'
[0.793s] DEBUG:colcon.colcon_core.package_identification:Package '/home/gurupranav/Programming/ros2_tut/igvc/src/ros2-ublox-zedf9p/ublox_gps' with type 'ros.ament_cmake' and name 'ublox_gps'
[0.793s] Level 1:colcon.colcon_core.package_identification:_identify(/home/gurupranav/Programming/ros2_tut/igvc/src/ros2-ublox-zedf9p/ublox_msgs) by extensions ['ignore', 'ignore_ament_install']
[0.793s] Level 1:colcon.colcon_core.package_identification:_identify(/home/gurupranav/Programming/ros2_tut/igvc/src/ros2-ublox-zedf9p/ublox_msgs) by extension 'ignore'
[0.794s] Level 1:colcon.colcon_core.package_identification:_identify(/home/gurupranav/Programming/ros2_tut/igvc/src/ros2-ublox-zedf9p/ublox_msgs) by extension 'ignore_ament_install'
[0.794s] Level 1:colcon.colcon_core.package_identification:_identify(/home/gurupranav/Programming/ros2_tut/igvc/src/ros2-ublox-zedf9p/ublox_msgs) by extensions ['colcon_pkg']
[0.794s] Level 1:colcon.colcon_core.package_identification:_identify(/home/gurupranav/Programming/ros2_tut/igvc/src/ros2-ublox-zedf9p/ublox_msgs) by extension 'colcon_pkg'
[0.794s] Level 1:colcon.colcon_core.package_identification:_identify(/home/gurupranav/Programming/ros2_tut/igvc/src/ros2-ublox-zedf9p/ublox_msgs) by extensions ['colcon_meta']
[0.794s] Level 1:colcon.colcon_core.package_identification:_identify(/home/gurupranav/Programming/ros2_tut/igvc/src/ros2-ublox-zedf9p/ublox_msgs) by extension 'colcon_meta'
[0.795s] Level 1:colcon.colcon_core.package_identification:_identify(/home/gurupranav/Programming/ros2_tut/igvc/src/ros2-ublox-zedf9p/ublox_msgs) by extensions ['ros']
[0.795s] Level 1:colcon.colcon_core.package_identification:_identify(/home/gurupranav/Programming/ros2_tut/igvc/src/ros2-ublox-zedf9p/ublox_msgs) by extension 'ros'
[0.796s] DEBUG:colcon.colcon_core.package_identification:Package '/home/gurupranav/Programming/ros2_tut/igvc/src/ros2-ublox-zedf9p/ublox_msgs' with type 'ros.ament_cmake' and name 'ublox_msgs'
[0.796s] Level 1:colcon.colcon_core.package_identification:_identify(/home/gurupranav/Programming/ros2_tut/igvc/src/ros2-ublox-zedf9p/ublox_serialization) by extensions ['ignore', 'ignore_ament_install']
[0.796s] Level 1:colcon.colcon_core.package_identification:_identify(/home/gurupranav/Programming/ros2_tut/igvc/src/ros2-ublox-zedf9p/ublox_serialization) by extension 'ignore'
[0.797s] Level 1:colcon.colcon_core.package_identification:_identify(/home/gurupranav/Programming/ros2_tut/igvc/src/ros2-ublox-zedf9p/ublox_serialization) by extension 'ignore_ament_install'
[0.797s] Level 1:colcon.colcon_core.package_identification:_identify(/home/gurupranav/Programming/ros2_tut/igvc/src/ros2-ublox-zedf9p/ublox_serialization) by extensions ['colcon_pkg']
[0.797s] Level 1:colcon.colcon_core.package_identification:_identify(/home/gurupranav/Programming/ros2_tut/igvc/src/ros2-ublox-zedf9p/ublox_serialization) by extension 'colcon_pkg'
[0.797s] Level 1:colcon.colcon_core.package_identification:_identify(/home/gurupranav/Programming/ros2_tut/igvc/src/ros2-ublox-zedf9p/ublox_serialization) by extensions ['colcon_meta']
[0.797s] Level 1:colcon.colcon_core.package_identification:_identify(/home/gurupranav/Programming/ros2_tut/igvc/src/ros2-ublox-zedf9p/ublox_serialization) by extension 'colcon_meta'
[0.797s] Level 1:colcon.colcon_core.package_identification:_identify(/home/gurupranav/Programming/ros2_tut/igvc/src/ros2-ublox-zedf9p/ublox_serialization) by extensions ['ros']
[0.797s] Level 1:colcon.colcon_core.package_identification:_identify(/home/gurupranav/Programming/ros2_tut/igvc/src/ros2-ublox-zedf9p/ublox_serialization) by extension 'ros'
[0.798s] DEBUG:colcon.colcon_core.package_identification:Package '/home/gurupranav/Programming/ros2_tut/igvc/src/ros2-ublox-zedf9p/ublox_serialization' with type 'ros.ament_cmake' and name 'ublox_serialization'
[0.799s] Level 1:colcon.colcon_core.package_identification:_identify(/home/gurupranav/Programming/ros2_tut/igvc/src/rplidar_ros) by extensions ['ignore', 'ignore_ament_install']
[0.799s] Level 1:colcon.colcon_core.package_identification:_identify(/home/gurupranav/Programming/ros2_tut/igvc/src/rplidar_ros) by extension 'ignore'
[0.799s] Level 1:colcon.colcon_core.package_identification:_identify(/home/gurupranav/Programming/ros2_tut/igvc/src/rplidar_ros) by extension 'ignore_ament_install'
[0.799s] Level 1:colcon.colcon_core.package_identification:_identify(/home/gurupranav/Programming/ros2_tut/igvc/src/rplidar_ros) by extensions ['colcon_pkg']
[0.799s] Level 1:colcon.colcon_core.package_identification:_identify(/home/gurupranav/Programming/ros2_tut/igvc/src/rplidar_ros) by extension 'colcon_pkg'
[0.800s] Level 1:colcon.colcon_core.package_identification:_identify(/home/gurupranav/Programming/ros2_tut/igvc/src/rplidar_ros) by extensions ['colcon_meta']
[0.800s] Level 1:colcon.colcon_core.package_identification:_identify(/home/gurupranav/Programming/ros2_tut/igvc/src/rplidar_ros) by extension 'colcon_meta'
[0.800s] Level 1:colcon.colcon_core.package_identification:_identify(/home/gurupranav/Programming/ros2_tut/igvc/src/rplidar_ros) by extensions ['ros']
[0.800s] Level 1:colcon.colcon_core.package_identification:_identify(/home/gurupranav/Programming/ros2_tut/igvc/src/rplidar_ros) by extension 'ros'
[0.802s] DEBUG:colcon.colcon_core.package_identification:Package '/home/gurupranav/Programming/ros2_tut/igvc/src/rplidar_ros' with type 'ros.ament_cmake' and name 'rplidar_ros'
[0.802s] Level 1:colcon.colcon_core.package_discovery:discover_packages(recursive) using defaults
