[0.024s] Invoking command in '/home/gurupranav/Programming/ros2_tut/rplidar_ros/build/rplidar_ros': CMAKE_PREFIX_PATH=${CMAKE_PREFIX_PATH}:/opt/ros/humble /usr/bin/cmake --build /home/gurupranav/Programming/ros2_tut/rplidar_ros/build/rplidar_ros -- -j16 -l16
[0.107s] [  3%] Built target rplidar_client
[0.109s] [  3%] Built target ament_cmake_python_copy_rplidar_ros
[0.114s] [ 35%] Built target rplidar_node
[0.116s] [ 67%] Built target lidar_map_node
[0.117s] [100%] Built target rplidar_composition
[0.453s] running egg_info
[0.454s] writing rplidar_ros.egg-info/PKG-INFO
[0.455s] writing dependency_links to rplidar_ros.egg-info/dependency_links.txt
[0.456s] writing top-level names to rplidar_ros.egg-info/top_level.txt
[0.458s] reading manifest file 'rplidar_ros.egg-info/SOURCES.txt'
[0.459s] writing manifest file 'rplidar_ros.egg-info/SOURCES.txt'
[0.496s] [100%] Built target ament_cmake_python_build_rplidar_ros_egg
[0.514s] Invoked command in '/home/gurupranav/Programming/ros2_tut/rplidar_ros/build/rplidar_ros' returned '0': CMAKE_PREFIX_PATH=${CMAKE_PREFIX_PATH}:/opt/ros/humble /usr/bin/cmake --build /home/gurupranav/Programming/ros2_tut/rplidar_ros/build/rplidar_ros -- -j16 -l16
[0.633s] Invoking command in '/home/gurupranav/Programming/ros2_tut/rplidar_ros/build/rplidar_ros': CMAKE_PREFIX_PATH=${CMAKE_PREFIX_PATH}:/opt/ros/humble /usr/bin/cmake --install /home/gurupranav/Programming/ros2_tut/rplidar_ros/build/rplidar_ros
[0.642s] -- Install configuration: ""
[0.642s] -- Up-to-date: /home/gurupranav/Programming/ros2_tut/rplidar_ros/install/rplidar_ros/share/rplidar_ros/environment/pythonpath.sh
[0.642s] -- Up-to-date: /home/gurupranav/Programming/ros2_tut/rplidar_ros/install/rplidar_ros/share/rplidar_ros/environment/pythonpath.dsv
[0.642s] -- Up-to-date: /home/gurupranav/Programming/ros2_tut/rplidar_ros/install/rplidar_ros/local/lib/python3.10/dist-packages/rplidar_ros-2.1.4-py3.10.egg-info
[0.643s] -- Installing: /home/gurupranav/Programming/ros2_tut/rplidar_ros/install/rplidar_ros/local/lib/python3.10/dist-packages/rplidar_ros-2.1.4-py3.10.egg-info/SOURCES.txt
[0.644s] -- Installing: /home/gurupranav/Programming/ros2_tut/rplidar_ros/install/rplidar_ros/local/lib/python3.10/dist-packages/rplidar_ros-2.1.4-py3.10.egg-info/dependency_links.txt
[0.644s] -- Installing: /home/gurupranav/Programming/ros2_tut/rplidar_ros/install/rplidar_ros/local/lib/python3.10/dist-packages/rplidar_ros-2.1.4-py3.10.egg-info/PKG-INFO
[0.644s] -- Installing: /home/gurupranav/Programming/ros2_tut/rplidar_ros/install/rplidar_ros/local/lib/python3.10/dist-packages/rplidar_ros-2.1.4-py3.10.egg-info/top_level.txt
[0.645s] -- Up-to-date: /home/gurupranav/Programming/ros2_tut/rplidar_ros/install/rplidar_ros/local/lib/python3.10/dist-packages/rplidar_ros
[0.645s] -- Up-to-date: /home/gurupranav/Programming/ros2_tut/rplidar_ros/install/rplidar_ros/local/lib/python3.10/dist-packages/rplidar_ros/cv_to_map.py
[0.645s] -- Installing: /home/gurupranav/Programming/ros2_tut/rplidar_ros/install/rplidar_ros/local/lib/python3.10/dist-packages/rplidar_ros/cv_to_map2.py
[0.645s] -- Up-to-date: /home/gurupranav/Programming/ros2_tut/rplidar_ros/install/rplidar_ros/local/lib/python3.10/dist-packages/rplidar_ros/rplidar_client.cpp
[0.646s] -- Up-to-date: /home/gurupranav/Programming/ros2_tut/rplidar_ros/install/rplidar_ros/local/lib/python3.10/dist-packages/rplidar_ros/igvc_slam_node.py
[0.646s] -- Up-to-date: /home/gurupranav/Programming/ros2_tut/rplidar_ros/install/rplidar_ros/local/lib/python3.10/dist-packages/rplidar_ros/rplidar_node.cpp
[0.646s] -- Up-to-date: /home/gurupranav/Programming/ros2_tut/rplidar_ros/install/rplidar_ros/local/lib/python3.10/dist-packages/rplidar_ros/__init__.py
[0.646s] -- Up-to-date: /home/gurupranav/Programming/ros2_tut/rplidar_ros/install/rplidar_ros/local/lib/python3.10/dist-packages/rplidar_ros/lidar_map_node.cpp
[0.698s] Listing '/home/gurupranav/Programming/ros2_tut/rplidar_ros/install/rplidar_ros/local/lib/python3.10/dist-packages/rplidar_ros'...
[0.698s] Compiling '/home/gurupranav/Programming/ros2_tut/rplidar_ros/install/rplidar_ros/local/lib/python3.10/dist-packages/rplidar_ros/cv_to_map2.py'...
[0.705s] -- Up-to-date: /home/gurupranav/Programming/ros2_tut/rplidar_ros/install/rplidar_ros/share/rplidar_ros/launch
[0.706s] -- Up-to-date: /home/gurupranav/Programming/ros2_tut/rplidar_ros/install/rplidar_ros/share/rplidar_ros/launch/rplidar_s3_launch.py
[0.706s] -- Up-to-date: /home/gurupranav/Programming/ros2_tut/rplidar_ros/install/rplidar_ros/share/rplidar_ros/launch/view_rplidar_s2_launch.py
[0.706s] -- Up-to-date: /home/gurupranav/Programming/ros2_tut/rplidar_ros/install/rplidar_ros/share/rplidar_ros/launch/rplidar_a2m8_launch.py
[0.707s] -- Up-to-date: /home/gurupranav/Programming/ros2_tut/rplidar_ros/install/rplidar_ros/share/rplidar_ros/launch/rplidar_s2_launch.py
[0.708s] -- Up-to-date: /home/gurupranav/Programming/ros2_tut/rplidar_ros/install/rplidar_ros/share/rplidar_ros/launch/view_rplidar_a2m7_launch.py
[0.708s] -- Up-to-date: /home/gurupranav/Programming/ros2_tut/rplidar_ros/install/rplidar_ros/share/rplidar_ros/launch/view_rplidar_c1_launch.py
[0.708s] -- Up-to-date: /home/gurupranav/Programming/ros2_tut/rplidar_ros/install/rplidar_ros/share/rplidar_ros/launch/view_rplidar_a2m12_launch.py
[0.708s] -- Up-to-date: /home/gurupranav/Programming/ros2_tut/rplidar_ros/install/rplidar_ros/share/rplidar_ros/launch/view_rplidar_s1_tcp_launch.py
[0.708s] -- Up-to-date: /home/gurupranav/Programming/ros2_tut/rplidar_ros/install/rplidar_ros/share/rplidar_ros/launch/rplidar_s1_tcp_launch.py
[0.709s] -- Up-to-date: /home/gurupranav/Programming/ros2_tut/rplidar_ros/install/rplidar_ros/share/rplidar_ros/launch/rplidar_c1_launch.py
[0.709s] -- Up-to-date: /home/gurupranav/Programming/ros2_tut/rplidar_ros/install/rplidar_ros/share/rplidar_ros/launch/view_rplidar_s3_launch.py
[0.709s] -- Up-to-date: /home/gurupranav/Programming/ros2_tut/rplidar_ros/install/rplidar_ros/share/rplidar_ros/launch/view_rplidar_t1_launch.py
[0.709s] -- Up-to-date: /home/gurupranav/Programming/ros2_tut/rplidar_ros/install/rplidar_ros/share/rplidar_ros/launch/rplidar_a2m7_launch.py
[0.710s] -- Up-to-date: /home/gurupranav/Programming/ros2_tut/rplidar_ros/install/rplidar_ros/share/rplidar_ros/launch/view_rplidar_a2m8_launch.py
[0.711s] -- Up-to-date: /home/gurupranav/Programming/ros2_tut/rplidar_ros/install/rplidar_ros/share/rplidar_ros/launch/rplidar_t1_launch.py
[0.711s] -- Up-to-date: /home/gurupranav/Programming/ros2_tut/rplidar_ros/install/rplidar_ros/share/rplidar_ros/launch/view_rplidar_s2e_launch.py
[0.711s] -- Up-to-date: /home/gurupranav/Programming/ros2_tut/rplidar_ros/install/rplidar_ros/share/rplidar_ros/launch/view_rplidar_a1_launch.py
[0.712s] -- Up-to-date: /home/gurupranav/Programming/ros2_tut/rplidar_ros/install/rplidar_ros/share/rplidar_ros/launch/rplidar_s2e_launch.py
[0.712s] -- Up-to-date: /home/gurupranav/Programming/ros2_tut/rplidar_ros/install/rplidar_ros/share/rplidar_ros/launch/rplidar_a2m12_launch.py
[0.712s] -- Up-to-date: /home/gurupranav/Programming/ros2_tut/rplidar_ros/install/rplidar_ros/share/rplidar_ros/launch/rplidar_s1_launch.py
[0.713s] -- Up-to-date: /home/gurupranav/Programming/ros2_tut/rplidar_ros/install/rplidar_ros/share/rplidar_ros/launch/rplidar_a3_launch.py
[0.713s] -- Up-to-date: /home/gurupranav/Programming/ros2_tut/rplidar_ros/install/rplidar_ros/share/rplidar_ros/launch/rplidar_a1_launch.py
[0.713s] -- Up-to-date: /home/gurupranav/Programming/ros2_tut/rplidar_ros/install/rplidar_ros/share/rplidar_ros/launch/view_rplidar_a3_launch.py
[0.713s] -- Up-to-date: /home/gurupranav/Programming/ros2_tut/rplidar_ros/install/rplidar_ros/share/rplidar_ros/launch/view_rplidar_s1_launch.py
[0.713s] -- Up-to-date: /home/gurupranav/Programming/ros2_tut/rplidar_ros/install/rplidar_ros/share/rplidar_ros/rviz
[0.714s] -- Up-to-date: /home/gurupranav/Programming/ros2_tut/rplidar_ros/install/rplidar_ros/share/rplidar_ros/rviz/rplidar_ros.rviz
[0.714s] -- Up-to-date: /home/gurupranav/Programming/ros2_tut/rplidar_ros/install/rplidar_ros/lib/rplidar_ros/igvc_slam_node.py
[0.714s] -- Installing: /home/gurupranav/Programming/ros2_tut/rplidar_ros/install/rplidar_ros/lib/rplidar_ros/cv_to_map2.py
[0.714s] -- Up-to-date: /home/gurupranav/Programming/ros2_tut/rplidar_ros/install/rplidar_ros/lib/rplidar_ros/rplidar_node
[0.714s] -- Up-to-date: /home/gurupranav/Programming/ros2_tut/rplidar_ros/install/rplidar_ros/lib/rplidar_ros/rplidar_composition
[0.714s] -- Up-to-date: /home/gurupranav/Programming/ros2_tut/rplidar_ros/install/rplidar_ros/lib/rplidar_ros/rplidar_client
[0.714s] -- Up-to-date: /home/gurupranav/Programming/ros2_tut/rplidar_ros/install/rplidar_ros/lib/rplidar_ros/lidar_map_node
[0.715s] -- Up-to-date: /home/gurupranav/Programming/ros2_tut/rplidar_ros/install/rplidar_ros/share/ament_index/resource_index/package_run_dependencies/rplidar_ros
[0.715s] -- Up-to-date: /home/gurupranav/Programming/ros2_tut/rplidar_ros/install/rplidar_ros/share/ament_index/resource_index/parent_prefix_path/rplidar_ros
[0.715s] -- Up-to-date: /home/gurupranav/Programming/ros2_tut/rplidar_ros/install/rplidar_ros/share/rplidar_ros/environment/ament_prefix_path.sh
[0.716s] -- Up-to-date: /home/gurupranav/Programming/ros2_tut/rplidar_ros/install/rplidar_ros/share/rplidar_ros/environment/ament_prefix_path.dsv
[0.716s] -- Up-to-date: /home/gurupranav/Programming/ros2_tut/rplidar_ros/install/rplidar_ros/share/rplidar_ros/environment/path.sh
[0.717s] -- Up-to-date: /home/gurupranav/Programming/ros2_tut/rplidar_ros/install/rplidar_ros/share/rplidar_ros/environment/path.dsv
[0.717s] -- Up-to-date: /home/gurupranav/Programming/ros2_tut/rplidar_ros/install/rplidar_ros/share/rplidar_ros/local_setup.bash
[0.718s] -- Up-to-date: /home/gurupranav/Programming/ros2_tut/rplidar_ros/install/rplidar_ros/share/rplidar_ros/local_setup.sh
[0.719s] -- Up-to-date: /home/gurupranav/Programming/ros2_tut/rplidar_ros/install/rplidar_ros/share/rplidar_ros/local_setup.zsh
[0.719s] -- Up-to-date: /home/gurupranav/Programming/ros2_tut/rplidar_ros/install/rplidar_ros/share/rplidar_ros/local_setup.dsv
[0.720s] -- Installing: /home/gurupranav/Programming/ros2_tut/rplidar_ros/install/rplidar_ros/share/rplidar_ros/package.dsv
[0.720s] -- Up-to-date: /home/gurupranav/Programming/ros2_tut/rplidar_ros/install/rplidar_ros/share/ament_index/resource_index/packages/rplidar_ros
[0.721s] -- Up-to-date: /home/gurupranav/Programming/ros2_tut/rplidar_ros/install/rplidar_ros/share/rplidar_ros/cmake/ament_cmake_export_dependencies-extras.cmake
[0.722s] -- Up-to-date: /home/gurupranav/Programming/ros2_tut/rplidar_ros/install/rplidar_ros/share/rplidar_ros/cmake/ament_cmake_export_include_directories-extras.cmake
[0.722s] -- Up-to-date: /home/gurupranav/Programming/ros2_tut/rplidar_ros/install/rplidar_ros/share/rplidar_ros/cmake/rplidar_rosConfig.cmake
[0.723s] -- Up-to-date: /home/gurupranav/Programming/ros2_tut/rplidar_ros/install/rplidar_ros/share/rplidar_ros/cmake/rplidar_rosConfig-version.cmake
[0.723s] -- Up-to-date: /home/gurupranav/Programming/ros2_tut/rplidar_ros/install/rplidar_ros/share/rplidar_ros/package.xml
[0.724s] Invoked command in '/home/gurupranav/Programming/ros2_tut/rplidar_ros/build/rplidar_ros' returned '0': CMAKE_PREFIX_PATH=${CMAKE_PREFIX_PATH}:/opt/ros/humble /usr/bin/cmake --install /home/gurupranav/Programming/ros2_tut/rplidar_ros/build/rplidar_ros
