[0.039s] Invoking command in '/home/gurupranav/Programming/ros2_tut/igvc/build/global_launcher': CMAKE_PREFIX_PATH=${CMAKE_PREFIX_PATH}:/opt/ros/humble /usr/bin/cmake --build /home/gurupranav/Programming/ros2_tut/igvc/build/global_launcher -- -j16 -l16
[0.092s] Invoked command in '/home/gurupranav/Programming/ros2_tut/igvc/build/global_launcher' returned '0': CMAKE_PREFIX_PATH=${CMAKE_PREFIX_PATH}:/opt/ros/humble /usr/bin/cmake --build /home/gurupranav/Programming/ros2_tut/igvc/build/global_launcher -- -j16 -l16
[0.140s] Invoking command in '/home/gurupranav/Programming/ros2_tut/igvc/build/global_launcher': CMAKE_PREFIX_PATH=${CMAKE_PREFIX_PATH}:/opt/ros/humble /usr/bin/cmake --install /home/gurupranav/Programming/ros2_tut/igvc/build/global_launcher
[0.151s] -- Install configuration: ""
[0.152s] -- Up-to-date: /home/gurupranav/Programming/ros2_tut/igvc/install/global_launcher/share/global_launcher/launch
[0.152s] -- Installing: /home/gurupranav/Programming/ros2_tut/igvc/install/global_launcher/share/global_launcher/launch/global_launch.py
[0.152s] -- Up-to-date: /home/gurupranav/Programming/ros2_tut/igvc/install/global_launcher/share/ament_index/resource_index/package_run_dependencies/global_launcher
[0.157s] -- Up-to-date: /home/gurupranav/Programming/ros2_tut/igvc/install/global_launcher/share/ament_index/resource_index/parent_prefix_path/global_launcher
[0.158s] -- Up-to-date: /home/gurupranav/Programming/ros2_tut/igvc/install/global_launcher/share/global_launcher/environment/ament_prefix_path.sh
[0.158s] -- Up-to-date: /home/gurupranav/Programming/ros2_tut/igvc/install/global_launcher/share/global_launcher/environment/ament_prefix_path.dsv
[0.159s] -- Up-to-date: /home/gurupranav/Programming/ros2_tut/igvc/install/global_launcher/share/global_launcher/environment/path.sh
[0.159s] -- Up-to-date: /home/gurupranav/Programming/ros2_tut/igvc/install/global_launcher/share/global_launcher/environment/path.dsv
[0.159s] -- Up-to-date: /home/gurupranav/Programming/ros2_tut/igvc/install/global_launcher/share/global_launcher/local_setup.bash
[0.160s] -- Up-to-date: /home/gurupranav/Programming/ros2_tut/igvc/install/global_launcher/share/global_launcher/local_setup.sh
[0.160s] -- Up-to-date: /home/gurupranav/Programming/ros2_tut/igvc/install/global_launcher/share/global_launcher/local_setup.zsh
[0.160s] -- Up-to-date: /home/gurupranav/Programming/ros2_tut/igvc/install/global_launcher/share/global_launcher/local_setup.dsv
[0.162s] -- Installing: /home/gurupranav/Programming/ros2_tut/igvc/install/global_launcher/share/global_launcher/package.dsv
[0.163s] -- Up-to-date: /home/gurupranav/Programming/ros2_tut/igvc/install/global_launcher/share/ament_index/resource_index/packages/global_launcher
[0.164s] -- Up-to-date: /home/gurupranav/Programming/ros2_tut/igvc/install/global_launcher/share/global_launcher/cmake/global_launcherConfig.cmake
[0.165s] -- Up-to-date: /home/gurupranav/Programming/ros2_tut/igvc/install/global_launcher/share/global_launcher/cmake/global_launcherConfig-version.cmake
[0.166s] -- Up-to-date: /home/gurupranav/Programming/ros2_tut/igvc/install/global_launcher/share/global_launcher/package.xml
[0.246s] Invoked command in '/home/gurupranav/Programming/ros2_tut/igvc/build/global_launcher' returned '0': CMAKE_PREFIX_PATH=${CMAKE_PREFIX_PATH}:/opt/ros/humble /usr/bin/cmake --install /home/gurupranav/Programming/ros2_tut/igvc/build/global_launcher
