[0.346s] DEBUG:colcon:Command line arguments: ['/usr/bin/colcon', 'build']
[0.346s] DEBUG:colcon:Parsed command line arguments: Namespace(log_base=None, log_level=None, verb_name='build', build_base='build', install_base='install', merge_install=False, symlink_install=False, test_result_base=None, continue_on_error=False, executor='parallel', parallel_workers=16, event_handlers=None, ignore_user_meta=False, metas=['./colcon.meta'], base_paths=['.'], packages_ignore=None, packages_ignore_regex=None, paths=None, packages_up_to=None, packages_up_to_regex=None, packages_above=None, packages_above_and_dependencies=None, packages_above_depth=None, packages_select_by_dep=None, packages_skip_by_dep=None, packages_skip_up_to=None, packages_select_build_failed=False, packages_skip_build_finished=False, packages_select_test_failures=False, packages_skip_test_passed=False, packages_select=None, packages_skip=None, packages_select_regex=None, packages_skip_regex=None, packages_start=None, packages_end=None, allow_overriding=[], cmake_args=None, cmake_target=None, cmake_target_skip_unavailable=False, cmake_clean_cache=False, cmake_clean_first=False, cmake_force_configure=False, ament_cmake_args=None, catkin_cmake_args=None, catkin_skip_building_tests=False, verb_parser=<colcon_defaults.argument_parser.defaults.DefaultArgumentsDecorator object at 0x7f49856e1390>, verb_extension=<colcon_core.verb.build.BuildVerb object at 0x7f49858d2c50>, main=<bound method BuildVerb.main of <colcon_core.verb.build.BuildVerb object at 0x7f49858d2c50>>)
[0.580s] Level 1:colcon.colcon_core.package_discovery:discover_packages(colcon_meta) check parameters
[0.580s] Level 1:colcon.colcon_core.package_discovery:discover_packages(recursive) check parameters
[0.580s] Level 1:colcon.colcon_core.package_discovery:discover_packages(ignore) check parameters
[0.580s] Level 1:colcon.colcon_core.package_discovery:discover_packages(path) check parameters
[0.580s] Level 1:colcon.colcon_core.package_discovery:discover_packages(colcon_meta) discover
[0.580s] Level 1:colcon.colcon_core.package_discovery:discover_packages(recursive) discover
[0.580s] INFO:colcon.colcon_core.package_discovery:Crawling recursively for packages in '/home/gurupranav/Programming/ros2_tut/rplidar_ros'
[0.581s] Level 1:colcon.colcon_core.package_identification:_identify(.) by extensions ['ignore', 'ignore_ament_install']
[0.581s] Level 1:colcon.colcon_core.package_identification:_identify(.) by extension 'ignore'
[0.581s] Level 1:colcon.colcon_core.package_identification:_identify(.) by extension 'ignore_ament_install'
[0.581s] Level 1:colcon.colcon_core.package_identification:_identify(.) by extensions ['colcon_pkg']
[0.581s] Level 1:colcon.colcon_core.package_identification:_identify(.) by extension 'colcon_pkg'
[0.581s] Level 1:colcon.colcon_core.package_identification:_identify(.) by extensions ['colcon_meta']
[0.581s] Level 1:colcon.colcon_core.package_identification:_identify(.) by extension 'colcon_meta'
[0.581s] Level 1:colcon.colcon_core.package_identification:_identify(.) by extensions ['ros']
[0.581s] Level 1:colcon.colcon_core.package_identification:_identify(.) by extension 'ros'
[0.604s] DEBUG:colcon.colcon_core.package_identification:Package '.' with type 'ros.ament_cmake' and name 'rplidar_ros'
[0.604s] Level 1:colcon.colcon_core.package_discovery:discover_packages(recursive) using defaults
[0.605s] Level 1:colcon.colcon_core.package_discovery:discover_packages(ignore) discover
[0.605s] Level 1:colcon.colcon_core.package_discovery:discover_packages(ignore) using defaults
[0.605s] Level 1:colcon.colcon_core.package_discovery:discover_packages(path) discover
[0.605s] Level 1:colcon.colcon_core.package_discovery:discover_packages(path) using defaults
[0.633s] Level 1:colcon.colcon_core.package_discovery:discover_packages(prefix_path) check parameters
[0.633s] Level 1:colcon.colcon_core.package_discovery:discover_packages(prefix_path) discover
[0.639s] DEBUG:colcon.colcon_installed_package_information.package_discovery:Found 1 installed packages in /home/gurupranav/Programming/ros2_tut/rplidar_ros/install
[0.641s] DEBUG:colcon.colcon_installed_package_information.package_discovery:Found 296 installed packages in /opt/ros/humble
[0.657s] Level 1:colcon.colcon_core.package_discovery:discover_packages(prefix_path) using defaults
[0.715s] Level 5:colcon.colcon_core.verb:set package 'rplidar_ros' build argument 'cmake_args' from command line to 'None'
[0.715s] Level 5:colcon.colcon_core.verb:set package 'rplidar_ros' build argument 'cmake_target' from command line to 'None'
[0.715s] Level 5:colcon.colcon_core.verb:set package 'rplidar_ros' build argument 'cmake_target_skip_unavailable' from command line to 'False'
[0.715s] Level 5:colcon.colcon_core.verb:set package 'rplidar_ros' build argument 'cmake_clean_cache' from command line to 'False'
[0.715s] Level 5:colcon.colcon_core.verb:set package 'rplidar_ros' build argument 'cmake_clean_first' from command line to 'False'
[0.715s] Level 5:colcon.colcon_core.verb:set package 'rplidar_ros' build argument 'cmake_force_configure' from command line to 'False'
[0.715s] Level 5:colcon.colcon_core.verb:set package 'rplidar_ros' build argument 'ament_cmake_args' from command line to 'None'
[0.715s] Level 5:colcon.colcon_core.verb:set package 'rplidar_ros' build argument 'catkin_cmake_args' from command line to 'None'
[0.715s] Level 5:colcon.colcon_core.verb:set package 'rplidar_ros' build argument 'catkin_skip_building_tests' from command line to 'False'
[0.715s] DEBUG:colcon.colcon_core.verb:Building package 'rplidar_ros' with the following arguments: {'ament_cmake_args': None, 'build_base': '/home/gurupranav/Programming/ros2_tut/rplidar_ros/build/rplidar_ros', 'catkin_cmake_args': None, 'catkin_skip_building_tests': False, 'cmake_args': None, 'cmake_clean_cache': False, 'cmake_clean_first': False, 'cmake_force_configure': False, 'cmake_target': None, 'cmake_target_skip_unavailable': False, 'install_base': '/home/gurupranav/Programming/ros2_tut/rplidar_ros/install/rplidar_ros', 'merge_install': False, 'path': '/home/gurupranav/Programming/ros2_tut/rplidar_ros', 'symlink_install': False, 'test_result_base': None}
[0.715s] INFO:colcon.colcon_core.executor:Executing jobs using 'parallel' executor
[0.717s] DEBUG:colcon.colcon_parallel_executor.executor.parallel:run_until_complete
[0.718s] INFO:colcon.colcon_ros.task.ament_cmake.build:Building ROS package in '/home/gurupranav/Programming/ros2_tut/rplidar_ros' with build type 'ament_cmake'
[0.718s] INFO:colcon.colcon_cmake.task.cmake.build:Building CMake package in '/home/gurupranav/Programming/ros2_tut/rplidar_ros'
[0.729s] INFO:colcon.colcon_core.plugin_system:Skipping extension 'colcon_core.shell.bat': Not used on non-Windows systems
[0.729s] INFO:colcon.colcon_core.shell:Skip shell extension 'powershell' for command environment: Not usable outside of PowerShell
[0.730s] DEBUG:colcon.colcon_core.shell:Skip shell extension 'dsv' for command environment
[0.748s] DEBUG:colcon.colcon_core.event_handler.log_command:Invoking command in '/home/gurupranav/Programming/ros2_tut/rplidar_ros/build/rplidar_ros': CMAKE_PREFIX_PATH=${CMAKE_PREFIX_PATH}:/opt/ros/humble /usr/bin/cmake --build /home/gurupranav/Programming/ros2_tut/rplidar_ros/build/rplidar_ros -- -j16 -l16
[1.455s] DEBUG:colcon.colcon_core.event_handler.log_command:Invoked command in '/home/gurupranav/Programming/ros2_tut/rplidar_ros/build/rplidar_ros' returned '0': CMAKE_PREFIX_PATH=${CMAKE_PREFIX_PATH}:/opt/ros/humble /usr/bin/cmake --build /home/gurupranav/Programming/ros2_tut/rplidar_ros/build/rplidar_ros -- -j16 -l16
[1.573s] DEBUG:colcon.colcon_core.event_handler.log_command:Invoking command in '/home/gurupranav/Programming/ros2_tut/rplidar_ros/build/rplidar_ros': CMAKE_PREFIX_PATH=${CMAKE_PREFIX_PATH}:/opt/ros/humble /usr/bin/cmake --install /home/gurupranav/Programming/ros2_tut/rplidar_ros/build/rplidar_ros
[1.684s] Level 1:colcon.colcon_core.environment:create_environment_scripts_only(rplidar_ros)
[1.685s] DEBUG:colcon.colcon_core.event_handler.log_command:Invoked command in '/home/gurupranav/Programming/ros2_tut/rplidar_ros/build/rplidar_ros' returned '0': CMAKE_PREFIX_PATH=${CMAKE_PREFIX_PATH}:/opt/ros/humble /usr/bin/cmake --install /home/gurupranav/Programming/ros2_tut/rplidar_ros/build/rplidar_ros
[1.698s] Level 1:colcon.colcon_core.environment:checking '/home/gurupranav/Programming/ros2_tut/rplidar_ros/install/rplidar_ros' for CMake module files
[1.699s] Level 1:colcon.colcon_core.environment:checking '/home/gurupranav/Programming/ros2_tut/rplidar_ros/install/rplidar_ros' for CMake config files
[1.699s] Level 1:colcon.colcon_core.shell:create_environment_hook('rplidar_ros', 'cmake_prefix_path')
[1.699s] INFO:colcon.colcon_core.shell:Creating environment hook '/home/gurupranav/Programming/ros2_tut/rplidar_ros/install/rplidar_ros/share/rplidar_ros/hook/cmake_prefix_path.ps1'
[1.701s] INFO:colcon.colcon_core.shell:Creating environment descriptor '/home/gurupranav/Programming/ros2_tut/rplidar_ros/install/rplidar_ros/share/rplidar_ros/hook/cmake_prefix_path.dsv'
[1.703s] INFO:colcon.colcon_core.shell:Creating environment hook '/home/gurupranav/Programming/ros2_tut/rplidar_ros/install/rplidar_ros/share/rplidar_ros/hook/cmake_prefix_path.sh'
[1.704s] Level 1:colcon.colcon_core.environment:checking '/home/gurupranav/Programming/ros2_tut/rplidar_ros/install/rplidar_ros/lib'
[1.704s] Level 1:colcon.colcon_core.environment:checking '/home/gurupranav/Programming/ros2_tut/rplidar_ros/install/rplidar_ros/bin'
[1.705s] Level 1:colcon.colcon_core.environment:checking '/home/gurupranav/Programming/ros2_tut/rplidar_ros/install/rplidar_ros/lib/pkgconfig/rplidar_ros.pc'
[1.705s] Level 1:colcon.colcon_core.environment:checking '/home/gurupranav/Programming/ros2_tut/rplidar_ros/install/rplidar_ros/lib/python3.10/site-packages'
[1.705s] Level 1:colcon.colcon_core.environment:checking '/home/gurupranav/Programming/ros2_tut/rplidar_ros/install/rplidar_ros/bin'
[1.706s] INFO:colcon.colcon_core.shell:Creating package script '/home/gurupranav/Programming/ros2_tut/rplidar_ros/install/rplidar_ros/share/rplidar_ros/package.ps1'
[1.708s] INFO:colcon.colcon_core.shell:Creating package descriptor '/home/gurupranav/Programming/ros2_tut/rplidar_ros/install/rplidar_ros/share/rplidar_ros/package.dsv'
[1.709s] INFO:colcon.colcon_core.shell:Creating package script '/home/gurupranav/Programming/ros2_tut/rplidar_ros/install/rplidar_ros/share/rplidar_ros/package.sh'
[1.710s] INFO:colcon.colcon_core.shell:Creating package script '/home/gurupranav/Programming/ros2_tut/rplidar_ros/install/rplidar_ros/share/rplidar_ros/package.bash'
[1.713s] INFO:colcon.colcon_core.shell:Creating package script '/home/gurupranav/Programming/ros2_tut/rplidar_ros/install/rplidar_ros/share/rplidar_ros/package.zsh'
[1.715s] Level 1:colcon.colcon_core.environment:create_file_with_runtime_dependencies(/home/gurupranav/Programming/ros2_tut/rplidar_ros/install/rplidar_ros/share/colcon-core/packages/rplidar_ros)
[1.815s] Level 1:colcon.colcon_core.environment:create_environment_scripts_only(rplidar_ros)
[1.816s] Level 1:colcon.colcon_core.environment:checking '/home/gurupranav/Programming/ros2_tut/rplidar_ros/install/rplidar_ros' for CMake module files
[1.816s] Level 1:colcon.colcon_core.environment:checking '/home/gurupranav/Programming/ros2_tut/rplidar_ros/install/rplidar_ros' for CMake config files
[1.817s] Level 1:colcon.colcon_core.shell:create_environment_hook('rplidar_ros', 'cmake_prefix_path')
[1.817s] INFO:colcon.colcon_core.shell:Creating environment hook '/home/gurupranav/Programming/ros2_tut/rplidar_ros/install/rplidar_ros/share/rplidar_ros/hook/cmake_prefix_path.ps1'
[1.818s] INFO:colcon.colcon_core.shell:Creating environment descriptor '/home/gurupranav/Programming/ros2_tut/rplidar_ros/install/rplidar_ros/share/rplidar_ros/hook/cmake_prefix_path.dsv'
[1.819s] INFO:colcon.colcon_core.shell:Creating environment hook '/home/gurupranav/Programming/ros2_tut/rplidar_ros/install/rplidar_ros/share/rplidar_ros/hook/cmake_prefix_path.sh'
[1.820s] Level 1:colcon.colcon_core.environment:checking '/home/gurupranav/Programming/ros2_tut/rplidar_ros/install/rplidar_ros/lib'
[1.820s] Level 1:colcon.colcon_core.environment:checking '/home/gurupranav/Programming/ros2_tut/rplidar_ros/install/rplidar_ros/bin'
[1.820s] Level 1:colcon.colcon_core.environment:checking '/home/gurupranav/Programming/ros2_tut/rplidar_ros/install/rplidar_ros/lib/pkgconfig/rplidar_ros.pc'
[1.821s] Level 1:colcon.colcon_core.environment:checking '/home/gurupranav/Programming/ros2_tut/rplidar_ros/install/rplidar_ros/lib/python3.10/site-packages'
[1.821s] Level 1:colcon.colcon_core.environment:checking '/home/gurupranav/Programming/ros2_tut/rplidar_ros/install/rplidar_ros/bin'
[1.822s] INFO:colcon.colcon_core.shell:Creating package script '/home/gurupranav/Programming/ros2_tut/rplidar_ros/install/rplidar_ros/share/rplidar_ros/package.ps1'
[1.823s] INFO:colcon.colcon_core.shell:Creating package descriptor '/home/gurupranav/Programming/ros2_tut/rplidar_ros/install/rplidar_ros/share/rplidar_ros/package.dsv'
[1.824s] INFO:colcon.colcon_core.shell:Creating package script '/home/gurupranav/Programming/ros2_tut/rplidar_ros/install/rplidar_ros/share/rplidar_ros/package.sh'
[1.825s] INFO:colcon.colcon_core.shell:Creating package script '/home/gurupranav/Programming/ros2_tut/rplidar_ros/install/rplidar_ros/share/rplidar_ros/package.bash'
[1.826s] INFO:colcon.colcon_core.shell:Creating package script '/home/gurupranav/Programming/ros2_tut/rplidar_ros/install/rplidar_ros/share/rplidar_ros/package.zsh'
[1.827s] Level 1:colcon.colcon_core.environment:create_file_with_runtime_dependencies(/home/gurupranav/Programming/ros2_tut/rplidar_ros/install/rplidar_ros/share/colcon-core/packages/rplidar_ros)
[1.827s] DEBUG:colcon.colcon_parallel_executor.executor.parallel:closing loop
[1.828s] DEBUG:colcon.colcon_parallel_executor.executor.parallel:loop closed
[1.829s] DEBUG:colcon.colcon_parallel_executor.executor.parallel:run_until_complete finished with '0'
[1.829s] DEBUG:colcon.colcon_core.event_reactor:joining thread
[1.973s] INFO:colcon.colcon_core.plugin_system:Skipping extension 'colcon_notification.desktop_notification.notify_send': Could not find 'notify-send'
[1.974s] INFO:colcon.colcon_core.plugin_system:Skipping extension 'colcon_notification.desktop_notification.terminal_notifier': Not used on non-Darwin systems
[1.974s] INFO:colcon.colcon_core.plugin_system:Skipping extension 'colcon_notification.desktop_notification.win32': Not used on non-Windows systems
[1.974s] INFO:colcon.colcon_notification.desktop_notification:Sending desktop notification using 'notify2'
[1.975s] DEBUG:colcon.colcon_notification.desktop_notification.notify2:Failed to initialize notify2: org.freedesktop.DBus.Error.FileNotFound: Failed to connect to socket /run/user/1000/bus: No such file or directory
[1.975s] DEBUG:colcon.colcon_core.event_reactor:joined thread
[1.975s] INFO:colcon.colcon_core.shell:Creating prefix script '/home/gurupranav/Programming/ros2_tut/rplidar_ros/install/local_setup.ps1'
[1.977s] INFO:colcon.colcon_core.shell:Creating prefix util module '/home/gurupranav/Programming/ros2_tut/rplidar_ros/install/_local_setup_util_ps1.py'
[1.981s] INFO:colcon.colcon_core.shell:Creating prefix chain script '/home/gurupranav/Programming/ros2_tut/rplidar_ros/install/setup.ps1'
[1.983s] INFO:colcon.colcon_core.shell:Creating prefix script '/home/gurupranav/Programming/ros2_tut/rplidar_ros/install/local_setup.sh'
[1.984s] INFO:colcon.colcon_core.shell:Creating prefix util module '/home/gurupranav/Programming/ros2_tut/rplidar_ros/install/_local_setup_util_sh.py'
[1.985s] INFO:colcon.colcon_core.shell:Creating prefix chain script '/home/gurupranav/Programming/ros2_tut/rplidar_ros/install/setup.sh'
[1.987s] INFO:colcon.colcon_core.shell:Creating prefix script '/home/gurupranav/Programming/ros2_tut/rplidar_ros/install/local_setup.bash'
[1.989s] INFO:colcon.colcon_core.shell:Creating prefix chain script '/home/gurupranav/Programming/ros2_tut/rplidar_ros/install/setup.bash'
[1.991s] INFO:colcon.colcon_core.shell:Creating prefix script '/home/gurupranav/Programming/ros2_tut/rplidar_ros/install/local_setup.zsh'
[1.993s] INFO:colcon.colcon_core.shell:Creating prefix chain script '/home/gurupranav/Programming/ros2_tut/rplidar_ros/install/setup.zsh'
