[0.021s] Invoking command in '/home/gurupranav/Programming/ros2_tut/rplidar_ros/build/rplidar_ros': CMAKE_PREFIX_PATH=${CMAKE_PREFIX_PATH}:/opt/ros/humble /usr/bin/cmake --build /home/gurupranav/Programming/ros2_tut/rplidar_ros/build/rplidar_ros -- -j16 -l16
[0.068s] -- Found ament_cmake: 1.3.10 (/opt/ros/humble/share/ament_cmake/cmake)
[0.320s] -- Found rclcpp: 16.0.10 (/opt/ros/humble/share/rclcpp/cmake)
[0.726s] -- Found rosidl_generator_c: 3.1.5 (/opt/ros/humble/share/rosidl_generator_c/cmake)
[0.734s] -- Found rosidl_adapter: 3.1.5 (/opt/ros/humble/share/rosidl_adapter/cmake)
[0.752s] -- Found rosidl_generator_cpp: 3.1.5 (/opt/ros/humble/share/rosidl_generator_cpp/cmake)
[0.780s] -- Using all available rosidl_typesupport_c: rosidl_typesupport_fastrtps_c;rosidl_typesupport_introspection_c
[0.811s] -- Using all available rosidl_typesupport_cpp: rosidl_typesupport_fastrtps_cpp;rosidl_typesupport_introspection_cpp
[0.892s] -- Found rmw_implementation_cmake: 6.1.2 (/opt/ros/humble/share/rmw_implementation_cmake/cmake)
[0.897s] -- Found rmw_fastrtps_cpp: 6.2.7 (/opt/ros/humble/share/rmw_fastrtps_cpp/cmake)
[12.005s] -- Using RMW implementation 'rmw_fastrtps_cpp' as default
[12.157s] -- Found sensor_msgs: 4.2.4 (/opt/ros/humble/share/sensor_msgs/cmake)
[12.213s] -- Found std_srvs: 4.2.4 (/opt/ros/humble/share/std_srvs/cmake)
[12.236s] -- Found nav_msgs: 4.2.4 (/opt/ros/humble/share/nav_msgs/cmake)
[12.268s] -- Found rclpy: 3.3.14 (/opt/ros/humble/share/rclpy/cmake)
[12.269s] -- Found cv_bridge: 3.2.1 (/opt/ros/humble/share/cv_bridge/cmake)
[13.074s] -- Configuring done
[13.080s] [31mCMake Error at CMakeLists.txt:68 (add_executable):
[13.080s]   Cannot find source file:
[13.080s] 
[13.080s]     src/rplidar_node.cpp
[13.080s] 
[13.080s]   Tried extensions .c .C .c++ .cc .cpp .cxx .cu .mpp .m .M .mm .ixx .cppm .h
[13.080s]   .hh .h++ .hm .hpp .hxx .in .txx .f .F .for .f77 .f90 .f95 .f03 .hip .ispc
[13.081s] 
[13.081s] [0m
[13.081s] [31mCMake Error at CMakeLists.txt:84 (add_executable):
[13.081s]   Cannot find source file:
[13.082s] 
[13.082s]     src/rplidar_client.cpp
[13.082s] 
[13.082s]   Tried extensions .c .C .c++ .cc .cpp .cxx .cu .mpp .m .M .mm .ixx .cppm .h
[13.082s]   .hh .h++ .hm .hpp .hxx .in .txx .f .F .for .f77 .f90 .f95 .f03 .hip .ispc
[13.082s] 
[13.082s] [0m
[13.083s] [31mCMake Error at CMakeLists.txt:92 (add_executable):
[13.083s]   Cannot find source file:
[13.083s] 
[13.084s]     src/lidar_map_node.cpp
[13.084s] 
[13.084s]   Tried extensions .c .C .c++ .cc .cpp .cxx .cu .mpp .m .M .mm .ixx .cppm .h
[13.084s]   .hh .h++ .hm .hpp .hxx .in .txx .f .F .for .f77 .f90 .f95 .f03 .hip .ispc
[13.085s] 
[13.085s] [0m
[13.085s] [31mCMake Error at CMakeLists.txt:68 (add_executable):
[13.085s]   No SOURCES given to target: rplidar_node
[13.085s] 
[13.085s] [0m
[13.085s] [31mCMake Error at CMakeLists.txt:76 (add_executable):
[13.086s]   No SOURCES given to target: rplidar_composition
[13.086s] 
[13.086s] [0m
[13.086s] [31mCMake Error at CMakeLists.txt:84 (add_executable):
[13.086s]   No SOURCES given to target: rplidar_client
[13.086s] 
[13.086s] [0m
[13.086s] [31mCMake Error at CMakeLists.txt:92 (add_executable):
[13.086s]   No SOURCES given to target: lidar_map_node
[13.087s] 
[13.087s] [0m
[13.087s] [0mCMake Generate step failed.  Build files cannot be regenerated correctly.[0m
[13.094s] gmake: *** [Makefile:922: cmake_check_build_system] Error 1
[13.100s] Invoked command in '/home/gurupranav/Programming/ros2_tut/rplidar_ros/build/rplidar_ros' returned '2': CMAKE_PREFIX_PATH=${CMAKE_PREFIX_PATH}:/opt/ros/humble /usr/bin/cmake --build /home/gurupranav/Programming/ros2_tut/rplidar_ros/build/rplidar_ros -- -j16 -l16
