[0.253s] Invoking command in '/home/gurupranav/Programming/ros2_tut/igvc/build/ublox_gps': CMAKE_PREFIX_PATH=/home/gurupranav/Programming/ros2_tut/igvc/install/ublox_msgs:/home/gurupranav/Programming/ros2_tut/igvc/install/ublox_serialization:/home/gurupranav/Programming/ros2_tut/igvc/install/ublox:/home/gurupranav/Programming/ros2_tut/igvc/install/ublox_gps:/home/gurupranav/Programming/ros2_tut/igvc/install/rplidar_ros:/opt/ros/humble LD_LIBRARY_PATH=/home/gurupranav/Programming/ros2_tut/igvc/install/ublox_msgs/lib:/home/gurupranav/Programming/ros2_tut/igvc/install/ublox_gps/lib:/opt/ros/humble/opt/rviz_ogre_vendor/lib:/opt/ros/humble/lib/x86_64-linux-gnu:/opt/ros/humble/lib /usr/bin/cmake --build /home/gurupranav/Programming/ros2_tut/igvc/build/ublox_gps -- -j16 -l16
[0.329s] [ 13%] Built target ublox_logger_node
[0.370s] [ 90%] Built target ublox_gps
[0.411s] [100%] Built target ublox_gps_node
[0.427s] Invoked command in '/home/gurupranav/Programming/ros2_tut/igvc/build/ublox_gps' returned '0': CMAKE_PREFIX_PATH=/home/gurupranav/Programming/ros2_tut/igvc/install/ublox_msgs:/home/gurupranav/Programming/ros2_tut/igvc/install/ublox_serialization:/home/gurupranav/Programming/ros2_tut/igvc/install/ublox:/home/gurupranav/Programming/ros2_tut/igvc/install/ublox_gps:/home/gurupranav/Programming/ros2_tut/igvc/install/rplidar_ros:/opt/ros/humble LD_LIBRARY_PATH=/home/gurupranav/Programming/ros2_tut/igvc/install/ublox_msgs/lib:/home/gurupranav/Programming/ros2_tut/igvc/install/ublox_gps/lib:/opt/ros/humble/opt/rviz_ogre_vendor/lib:/opt/ros/humble/lib/x86_64-linux-gnu:/opt/ros/humble/lib /usr/bin/cmake --build /home/gurupranav/Programming/ros2_tut/igvc/build/ublox_gps -- -j16 -l16
[0.523s] Invoking command in '/home/gurupranav/Programming/ros2_tut/igvc/build/ublox_gps': CMAKE_PREFIX_PATH=/home/gurupranav/Programming/ros2_tut/igvc/install/ublox_msgs:/home/gurupranav/Programming/ros2_tut/igvc/install/ublox_serialization:/home/gurupranav/Programming/ros2_tut/igvc/install/ublox:/home/gurupranav/Programming/ros2_tut/igvc/install/ublox_gps:/home/gurupranav/Programming/ros2_tut/igvc/install/rplidar_ros:/opt/ros/humble LD_LIBRARY_PATH=/home/gurupranav/Programming/ros2_tut/igvc/install/ublox_msgs/lib:/home/gurupranav/Programming/ros2_tut/igvc/install/ublox_gps/lib:/opt/ros/humble/opt/rviz_ogre_vendor/lib:/opt/ros/humble/lib/x86_64-linux-gnu:/opt/ros/humble/lib /usr/bin/cmake --install /home/gurupranav/Programming/ros2_tut/igvc/build/ublox_gps
[0.531s] -- Install configuration: ""
[0.531s] -- Up-to-date: /home/gurupranav/Programming/ros2_tut/igvc/install/ublox_gps/lib/libublox_gps.so
[0.532s] -- Up-to-date: /home/gurupranav/Programming/ros2_tut/igvc/install/ublox_gps/lib/ublox_gps/ublox_gps_node
[0.533s] -- Up-to-date: /home/gurupranav/Programming/ros2_tut/igvc/install/ublox_gps/lib/ublox_gps/ublox_logger
[0.534s] -- Up-to-date: /home/gurupranav/Programming/ros2_tut/igvc/install/ublox_gps/include
[0.534s] -- Up-to-date: /home/gurupranav/Programming/ros2_tut/igvc/install/ublox_gps/include/ublox_gps
[0.535s] -- Up-to-date: /home/gurupranav/Programming/ros2_tut/igvc/install/ublox_gps/include/ublox_gps/mkgmtime.h
[0.535s] -- Up-to-date: /home/gurupranav/Programming/ros2_tut/igvc/install/ublox_gps/include/ublox_gps/async_worker.hpp
[0.535s] -- Up-to-date: /home/gurupranav/Programming/ros2_tut/igvc/install/ublox_gps/include/ublox_gps/fts_product.hpp
[0.536s] -- Up-to-date: /home/gurupranav/Programming/ros2_tut/igvc/install/ublox_gps/include/ublox_gps/tim_product.hpp
[0.536s] -- Up-to-date: /home/gurupranav/Programming/ros2_tut/igvc/install/ublox_gps/include/ublox_gps/gnss.hpp
[0.536s] -- Up-to-date: /home/gurupranav/Programming/ros2_tut/igvc/install/ublox_gps/include/ublox_gps/hpg_ref_product.hpp
[0.537s] -- Up-to-date: /home/gurupranav/Programming/ros2_tut/igvc/install/ublox_gps/include/ublox_gps/node.hpp
[0.537s] -- Up-to-date: /home/gurupranav/Programming/ros2_tut/igvc/install/ublox_gps/include/ublox_gps/component_interface.hpp
[0.537s] -- Up-to-date: /home/gurupranav/Programming/ros2_tut/igvc/install/ublox_gps/include/ublox_gps/raw_data_product.hpp
[0.538s] -- Up-to-date: /home/gurupranav/Programming/ros2_tut/igvc/install/ublox_gps/include/ublox_gps/rtcm.hpp
[0.538s] -- Up-to-date: /home/gurupranav/Programming/ros2_tut/igvc/install/ublox_gps/include/ublox_gps/ublox_firmware6.hpp
[0.538s] -- Up-to-date: /home/gurupranav/Programming/ros2_tut/igvc/install/ublox_gps/include/ublox_gps/raw_data_pa.hpp
[0.538s] -- Up-to-date: /home/gurupranav/Programming/ros2_tut/igvc/install/ublox_gps/include/ublox_gps/ublox_firmware7plus.hpp
[0.538s] -- Up-to-date: /home/gurupranav/Programming/ros2_tut/igvc/install/ublox_gps/include/ublox_gps/ublox_topic_diagnostic.hpp
[0.539s] -- Up-to-date: /home/gurupranav/Programming/ros2_tut/igvc/install/ublox_gps/include/ublox_gps/gps.hpp
[0.539s] -- Up-to-date: /home/gurupranav/Programming/ros2_tut/igvc/install/ublox_gps/include/ublox_gps/ublox_firmware8.hpp
[0.539s] -- Up-to-date: /home/gurupranav/Programming/ros2_tut/igvc/install/ublox_gps/include/ublox_gps/utils.hpp
[0.539s] -- Up-to-date: /home/gurupranav/Programming/ros2_tut/igvc/install/ublox_gps/include/ublox_gps/ublox_firmware7.hpp
[0.539s] -- Up-to-date: /home/gurupranav/Programming/ros2_tut/igvc/install/ublox_gps/include/ublox_gps/hpg_rov_product.hpp
[0.539s] -- Up-to-date: /home/gurupranav/Programming/ros2_tut/igvc/install/ublox_gps/include/ublox_gps/ublox_firmware9.hpp
[0.539s] -- Up-to-date: /home/gurupranav/Programming/ros2_tut/igvc/install/ublox_gps/include/ublox_gps/fix_diagnostic.hpp
[0.539s] -- Up-to-date: /home/gurupranav/Programming/ros2_tut/igvc/install/ublox_gps/include/ublox_gps/worker.hpp
[0.539s] -- Up-to-date: /home/gurupranav/Programming/ros2_tut/igvc/install/ublox_gps/include/ublox_gps/callback.hpp
[0.539s] -- Up-to-date: /home/gurupranav/Programming/ros2_tut/igvc/install/ublox_gps/include/ublox_gps/hp_pos_rec_product.hpp
[0.539s] -- Up-to-date: /home/gurupranav/Programming/ros2_tut/igvc/install/ublox_gps/include/ublox_gps/adr_udr_product.hpp
[0.540s] -- Up-to-date: /home/gurupranav/Programming/ros2_tut/igvc/install/ublox_gps/include/ublox_gps/ublox_firmware.hpp
[0.540s] -- Up-to-date: /home/gurupranav/Programming/ros2_tut/igvc/install/ublox_gps/share/ublox_gps/launch
[0.540s] -- Up-to-date: /home/gurupranav/Programming/ros2_tut/igvc/install/ublox_gps/share/ublox_gps/launch/ublox_gps_node_zedf9p-launch.py
[0.540s] -- Up-to-date: /home/gurupranav/Programming/ros2_tut/igvc/install/ublox_gps/share/ublox_gps/launch/ublox_gps_node-composed-launch.py
[0.540s] -- Up-to-date: /home/gurupranav/Programming/ros2_tut/igvc/install/ublox_gps/share/ublox_gps/config
[0.540s] -- Up-to-date: /home/gurupranav/Programming/ros2_tut/igvc/install/ublox_gps/share/ublox_gps/config/zed_f9p.yaml
[0.540s] -- Up-to-date: /home/gurupranav/Programming/ros2_tut/igvc/install/ublox_gps/share/ament_index/resource_index/package_run_dependencies/ublox_gps
[0.540s] -- Up-to-date: /home/gurupranav/Programming/ros2_tut/igvc/install/ublox_gps/share/ament_index/resource_index/parent_prefix_path/ublox_gps
[0.540s] -- Up-to-date: /home/gurupranav/Programming/ros2_tut/igvc/install/ublox_gps/share/ublox_gps/environment/ament_prefix_path.sh
[0.540s] -- Up-to-date: /home/gurupranav/Programming/ros2_tut/igvc/install/ublox_gps/share/ublox_gps/environment/ament_prefix_path.dsv
[0.541s] -- Up-to-date: /home/gurupranav/Programming/ros2_tut/igvc/install/ublox_gps/share/ublox_gps/environment/path.sh
[0.542s] -- Up-to-date: /home/gurupranav/Programming/ros2_tut/igvc/install/ublox_gps/share/ublox_gps/environment/path.dsv
[0.542s] -- Up-to-date: /home/gurupranav/Programming/ros2_tut/igvc/install/ublox_gps/share/ublox_gps/local_setup.bash
[0.542s] -- Up-to-date: /home/gurupranav/Programming/ros2_tut/igvc/install/ublox_gps/share/ublox_gps/local_setup.sh
[0.542s] -- Up-to-date: /home/gurupranav/Programming/ros2_tut/igvc/install/ublox_gps/share/ublox_gps/local_setup.zsh
[0.543s] -- Up-to-date: /home/gurupranav/Programming/ros2_tut/igvc/install/ublox_gps/share/ublox_gps/local_setup.dsv
[0.543s] -- Installing: /home/gurupranav/Programming/ros2_tut/igvc/install/ublox_gps/share/ublox_gps/package.dsv
[0.544s] -- Up-to-date: /home/gurupranav/Programming/ros2_tut/igvc/install/ublox_gps/share/ament_index/resource_index/packages/ublox_gps
[0.545s] -- Up-to-date: /home/gurupranav/Programming/ros2_tut/igvc/install/ublox_gps/share/ament_index/resource_index/rclcpp_components/ublox_gps
[0.545s] -- Up-to-date: /home/gurupranav/Programming/ros2_tut/igvc/install/ublox_gps/share/ublox_gps/cmake/ublox_gpsConfig.cmake
[0.545s] -- Up-to-date: /home/gurupranav/Programming/ros2_tut/igvc/install/ublox_gps/share/ublox_gps/cmake/ublox_gpsConfig-version.cmake
[0.545s] -- Up-to-date: /home/gurupranav/Programming/ros2_tut/igvc/install/ublox_gps/share/ublox_gps/package.xml
[0.546s] Invoked command in '/home/gurupranav/Programming/ros2_tut/igvc/build/ublox_gps' returned '0': CMAKE_PREFIX_PATH=/home/gurupranav/Programming/ros2_tut/igvc/install/ublox_msgs:/home/gurupranav/Programming/ros2_tut/igvc/install/ublox_serialization:/home/gurupranav/Programming/ros2_tut/igvc/install/ublox:/home/gurupranav/Programming/ros2_tut/igvc/install/ublox_gps:/home/gurupranav/Programming/ros2_tut/igvc/install/rplidar_ros:/opt/ros/humble LD_LIBRARY_PATH=/home/gurupranav/Programming/ros2_tut/igvc/install/ublox_msgs/lib:/home/gurupranav/Programming/ros2_tut/igvc/install/ublox_gps/lib:/opt/ros/humble/opt/rviz_ogre_vendor/lib:/opt/ros/humble/lib/x86_64-linux-gnu:/opt/ros/humble/lib /usr/bin/cmake --install /home/gurupranav/Programming/ros2_tut/igvc/build/ublox_gps
