[0.020s] Invoking command in '/home/gurupranav/Programming/ros2_tut/rplidar_ros/build/rplidar_ros': CMAKE_PREFIX_PATH=${CMAKE_PREFIX_PATH}:/opt/ros/humble /usr/bin/cmake --build /home/gurupranav/Programming/ros2_tut/rplidar_ros/build/rplidar_ros -- -j16 -l16
[0.112s] [  0%] Built target ament_cmake_python_copy_rplidar_ros
[0.122s] [  3%] Built target rplidar_client
[0.131s] [ 66%] Built target rplidar_composition
[0.131s] [ 67%] Built target lidar_map_node
[0.134s] [100%] Built target rplidar_node
[0.515s] running egg_info
[0.516s] writing rplidar_ros.egg-info/PKG-INFO
[0.518s] writing dependency_links to rplidar_ros.egg-info/dependency_links.txt
[0.518s] writing top-level names to rplidar_ros.egg-info/top_level.txt
[0.521s] reading manifest file 'rplidar_ros.egg-info/SOURCES.txt'
[0.522s] writing manifest file 'rplidar_ros.egg-info/SOURCES.txt'
[0.562s] [100%] Built target ament_cmake_python_build_rplidar_ros_egg
[0.578s] Invoked command in '/home/gurupranav/Programming/ros2_tut/rplidar_ros/build/rplidar_ros' returned '0': CMAKE_PREFIX_PATH=${CMAKE_PREFIX_PATH}:/opt/ros/humble /usr/bin/cmake --build /home/gurupranav/Programming/ros2_tut/rplidar_ros/build/rplidar_ros -- -j16 -l16
[0.693s] Invoking command in '/home/gurupranav/Programming/ros2_tut/rplidar_ros/build/rplidar_ros': CMAKE_PREFIX_PATH=${CMAKE_PREFIX_PATH}:/opt/ros/humble /usr/bin/cmake --install /home/gurupranav/Programming/ros2_tut/rplidar_ros/build/rplidar_ros
[0.703s] -- Install configuration: ""
[0.703s] -- Up-to-date: /home/gurupranav/Programming/ros2_tut/rplidar_ros/install/rplidar_ros/share/rplidar_ros/environment/pythonpath.sh
[0.703s] -- Up-to-date: /home/gurupranav/Programming/ros2_tut/rplidar_ros/install/rplidar_ros/share/rplidar_ros/environment/pythonpath.dsv
[0.703s] -- Up-to-date: /home/gurupranav/Programming/ros2_tut/rplidar_ros/install/rplidar_ros/local/lib/python3.10/dist-packages/rplidar_ros-2.1.4-py3.10.egg-info
[0.704s] -- Installing: /home/gurupranav/Programming/ros2_tut/rplidar_ros/install/rplidar_ros/local/lib/python3.10/dist-packages/rplidar_ros-2.1.4-py3.10.egg-info/SOURCES.txt
[0.704s] -- Installing: /home/gurupranav/Programming/ros2_tut/rplidar_ros/install/rplidar_ros/local/lib/python3.10/dist-packages/rplidar_ros-2.1.4-py3.10.egg-info/dependency_links.txt
[0.704s] -- Installing: /home/gurupranav/Programming/ros2_tut/rplidar_ros/install/rplidar_ros/local/lib/python3.10/dist-packages/rplidar_ros-2.1.4-py3.10.egg-info/PKG-INFO
[0.704s] -- Installing: /home/gurupranav/Programming/ros2_tut/rplidar_ros/install/rplidar_ros/local/lib/python3.10/dist-packages/rplidar_ros-2.1.4-py3.10.egg-info/top_level.txt
[0.705s] -- Up-to-date: /home/gurupranav/Programming/ros2_tut/rplidar_ros/install/rplidar_ros/local/lib/python3.10/dist-packages/rplidar_ros
[0.705s] -- Installing: /home/gurupranav/Programming/ros2_tut/rplidar_ros/install/rplidar_ros/local/lib/python3.10/dist-packages/rplidar_ros/cv_to_map.py
[0.706s] -- Up-to-date: /home/gurupranav/Programming/ros2_tut/rplidar_ros/install/rplidar_ros/local/lib/python3.10/dist-packages/rplidar_ros/cv_to_map2.py
[0.706s] -- Up-to-date: /home/gurupranav/Programming/ros2_tut/rplidar_ros/install/rplidar_ros/local/lib/python3.10/dist-packages/rplidar_ros/rplidar_client.cpp
[0.706s] -- Up-to-date: /home/gurupranav/Programming/ros2_tut/rplidar_ros/install/rplidar_ros/local/lib/python3.10/dist-packages/rplidar_ros/igvc_slam_node.py
[0.707s] -- Up-to-date: /home/gurupranav/Programming/ros2_tut/rplidar_ros/install/rplidar_ros/local/lib/python3.10/dist-packages/rplidar_ros/rplidar_node.cpp
[0.707s] -- Up-to-date: /home/gurupranav/Programming/ros2_tut/rplidar_ros/install/rplidar_ros/local/lib/python3.10/dist-packages/rplidar_ros/__init__.py
[0.707s] -- Up-to-date: /home/gurupranav/Programming/ros2_tut/rplidar_ros/install/rplidar_ros/local/lib/python3.10/dist-packages/rplidar_ros/lidar_map_node.cpp
[0.750s] Listing '/home/gurupranav/Programming/ros2_tut/rplidar_ros/install/rplidar_ros/local/lib/python3.10/dist-packages/rplidar_ros'...
[0.750s] Compiling '/home/gurupranav/Programming/ros2_tut/rplidar_ros/install/rplidar_ros/local/lib/python3.10/dist-packages/rplidar_ros/cv_to_map.py'...
[0.756s] -- Up-to-date: /home/gurupranav/Programming/ros2_tut/rplidar_ros/install/rplidar_ros/share/rplidar_ros/launch
[0.757s] -- Up-to-date: /home/gurupranav/Programming/ros2_tut/rplidar_ros/install/rplidar_ros/share/rplidar_ros/launch/rplidar_s3_launch.py
[0.757s] -- Up-to-date: /home/gurupranav/Programming/ros2_tut/rplidar_ros/install/rplidar_ros/share/rplidar_ros/launch/view_rplidar_s2_launch.py
[0.758s] -- Up-to-date: /home/gurupranav/Programming/ros2_tut/rplidar_ros/install/rplidar_ros/share/rplidar_ros/launch/rplidar_a2m8_launch.py
[0.758s] -- Up-to-date: /home/gurupranav/Programming/ros2_tut/rplidar_ros/install/rplidar_ros/share/rplidar_ros/launch/rplidar_s2_launch.py
[0.759s] -- Up-to-date: /home/gurupranav/Programming/ros2_tut/rplidar_ros/install/rplidar_ros/share/rplidar_ros/launch/view_rplidar_a2m7_launch.py
[0.759s] -- Up-to-date: /home/gurupranav/Programming/ros2_tut/rplidar_ros/install/rplidar_ros/share/rplidar_ros/launch/view_rplidar_c1_launch.py
[0.759s] -- Up-to-date: /home/gurupranav/Programming/ros2_tut/rplidar_ros/install/rplidar_ros/share/rplidar_ros/launch/view_rplidar_a2m12_launch.py
[0.760s] -- Up-to-date: /home/gurupranav/Programming/ros2_tut/rplidar_ros/install/rplidar_ros/share/rplidar_ros/launch/view_rplidar_s1_tcp_launch.py
[0.760s] -- Up-to-date: /home/gurupranav/Programming/ros2_tut/rplidar_ros/install/rplidar_ros/share/rplidar_ros/launch/rplidar_s1_tcp_launch.py
[0.760s] -- Up-to-date: /home/gurupranav/Programming/ros2_tut/rplidar_ros/install/rplidar_ros/share/rplidar_ros/launch/rplidar_c1_launch.py
[0.760s] -- Up-to-date: /home/gurupranav/Programming/ros2_tut/rplidar_ros/install/rplidar_ros/share/rplidar_ros/launch/view_rplidar_s3_launch.py
[0.761s] -- Up-to-date: /home/gurupranav/Programming/ros2_tut/rplidar_ros/install/rplidar_ros/share/rplidar_ros/launch/view_rplidar_t1_launch.py
[0.761s] -- Up-to-date: /home/gurupranav/Programming/ros2_tut/rplidar_ros/install/rplidar_ros/share/rplidar_ros/launch/rplidar_a2m7_launch.py
[0.762s] -- Up-to-date: /home/gurupranav/Programming/ros2_tut/rplidar_ros/install/rplidar_ros/share/rplidar_ros/launch/view_rplidar_a2m8_launch.py
[0.762s] -- Up-to-date: /home/gurupranav/Programming/ros2_tut/rplidar_ros/install/rplidar_ros/share/rplidar_ros/launch/rplidar_t1_launch.py
[0.762s] -- Up-to-date: /home/gurupranav/Programming/ros2_tut/rplidar_ros/install/rplidar_ros/share/rplidar_ros/launch/view_rplidar_s2e_launch.py
[0.763s] -- Up-to-date: /home/gurupranav/Programming/ros2_tut/rplidar_ros/install/rplidar_ros/share/rplidar_ros/launch/view_rplidar_a1_launch.py
[0.763s] -- Up-to-date: /home/gurupranav/Programming/ros2_tut/rplidar_ros/install/rplidar_ros/share/rplidar_ros/launch/rplidar_s2e_launch.py
[0.764s] -- Up-to-date: /home/gurupranav/Programming/ros2_tut/rplidar_ros/install/rplidar_ros/share/rplidar_ros/launch/rplidar_a2m12_launch.py
[0.764s] -- Up-to-date: /home/gurupranav/Programming/ros2_tut/rplidar_ros/install/rplidar_ros/share/rplidar_ros/launch/rplidar_s1_launch.py
[0.765s] -- Up-to-date: /home/gurupranav/Programming/ros2_tut/rplidar_ros/install/rplidar_ros/share/rplidar_ros/launch/rplidar_a3_launch.py
[0.765s] -- Up-to-date: /home/gurupranav/Programming/ros2_tut/rplidar_ros/install/rplidar_ros/share/rplidar_ros/launch/rplidar_a1_launch.py
[0.765s] -- Up-to-date: /home/gurupranav/Programming/ros2_tut/rplidar_ros/install/rplidar_ros/share/rplidar_ros/launch/view_rplidar_a3_launch.py
[0.766s] -- Up-to-date: /home/gurupranav/Programming/ros2_tut/rplidar_ros/install/rplidar_ros/share/rplidar_ros/launch/view_rplidar_s1_launch.py
[0.766s] -- Up-to-date: /home/gurupranav/Programming/ros2_tut/rplidar_ros/install/rplidar_ros/share/rplidar_ros/rviz
[0.767s] -- Up-to-date: /home/gurupranav/Programming/ros2_tut/rplidar_ros/install/rplidar_ros/share/rplidar_ros/rviz/rplidar_ros.rviz
[0.767s] -- Up-to-date: /home/gurupranav/Programming/ros2_tut/rplidar_ros/install/rplidar_ros/lib/rplidar_ros/igvc_slam_node.py
[0.767s] -- Up-to-date: /home/gurupranav/Programming/ros2_tut/rplidar_ros/install/rplidar_ros/lib/rplidar_ros/cv_to_map2.py
[0.768s] -- Up-to-date: /home/gurupranav/Programming/ros2_tut/rplidar_ros/install/rplidar_ros/lib/rplidar_ros/rplidar_node
[0.769s] -- Up-to-date: /home/gurupranav/Programming/ros2_tut/rplidar_ros/install/rplidar_ros/lib/rplidar_ros/rplidar_composition
[0.769s] -- Up-to-date: /home/gurupranav/Programming/ros2_tut/rplidar_ros/install/rplidar_ros/lib/rplidar_ros/rplidar_client
[0.770s] -- Up-to-date: /home/gurupranav/Programming/ros2_tut/rplidar_ros/install/rplidar_ros/lib/rplidar_ros/lidar_map_node
[0.771s] -- Up-to-date: /home/gurupranav/Programming/ros2_tut/rplidar_ros/install/rplidar_ros/share/ament_index/resource_index/package_run_dependencies/rplidar_ros
[0.771s] -- Up-to-date: /home/gurupranav/Programming/ros2_tut/rplidar_ros/install/rplidar_ros/share/ament_index/resource_index/parent_prefix_path/rplidar_ros
[0.771s] -- Up-to-date: /home/gurupranav/Programming/ros2_tut/rplidar_ros/install/rplidar_ros/share/rplidar_ros/environment/ament_prefix_path.sh
[0.772s] -- Up-to-date: /home/gurupranav/Programming/ros2_tut/rplidar_ros/install/rplidar_ros/share/rplidar_ros/environment/ament_prefix_path.dsv
[0.773s] -- Up-to-date: /home/gurupranav/Programming/ros2_tut/rplidar_ros/install/rplidar_ros/share/rplidar_ros/environment/path.sh
[0.774s] -- Up-to-date: /home/gurupranav/Programming/ros2_tut/rplidar_ros/install/rplidar_ros/share/rplidar_ros/environment/path.dsv
[0.775s] -- Up-to-date: /home/gurupranav/Programming/ros2_tut/rplidar_ros/install/rplidar_ros/share/rplidar_ros/local_setup.bash
[0.775s] -- Up-to-date: /home/gurupranav/Programming/ros2_tut/rplidar_ros/install/rplidar_ros/share/rplidar_ros/local_setup.sh
[0.776s] -- Up-to-date: /home/gurupranav/Programming/ros2_tut/rplidar_ros/install/rplidar_ros/share/rplidar_ros/local_setup.zsh
[0.777s] -- Up-to-date: /home/gurupranav/Programming/ros2_tut/rplidar_ros/install/rplidar_ros/share/rplidar_ros/local_setup.dsv
[0.778s] -- Installing: /home/gurupranav/Programming/ros2_tut/rplidar_ros/install/rplidar_ros/share/rplidar_ros/package.dsv
[0.779s] -- Up-to-date: /home/gurupranav/Programming/ros2_tut/rplidar_ros/install/rplidar_ros/share/ament_index/resource_index/packages/rplidar_ros
[0.779s] -- Up-to-date: /home/gurupranav/Programming/ros2_tut/rplidar_ros/install/rplidar_ros/share/rplidar_ros/cmake/ament_cmake_export_dependencies-extras.cmake
[0.780s] -- Up-to-date: /home/gurupranav/Programming/ros2_tut/rplidar_ros/install/rplidar_ros/share/rplidar_ros/cmake/ament_cmake_export_include_directories-extras.cmake
[0.780s] -- Up-to-date: /home/gurupranav/Programming/ros2_tut/rplidar_ros/install/rplidar_ros/share/rplidar_ros/cmake/rplidar_rosConfig.cmake
[0.781s] -- Up-to-date: /home/gurupranav/Programming/ros2_tut/rplidar_ros/install/rplidar_ros/share/rplidar_ros/cmake/rplidar_rosConfig-version.cmake
[0.781s] -- Up-to-date: /home/gurupranav/Programming/ros2_tut/rplidar_ros/install/rplidar_ros/share/rplidar_ros/package.xml
[0.781s] Invoked command in '/home/gurupranav/Programming/ros2_tut/rplidar_ros/build/rplidar_ros' returned '0': CMAKE_PREFIX_PATH=${CMAKE_PREFIX_PATH}:/opt/ros/humble /usr/bin/cmake --install /home/gurupranav/Programming/ros2_tut/rplidar_ros/build/rplidar_ros
